[0.339s] DEBUG:colcon:Command line arguments: ['/usr/bin/colcon', 'build', '--packages-select', 'ugv_control', '--cmake-clean-cache']
[0.339s] DEBUG:colcon:Parsed command line arguments: Namespace(allow_overriding=[], ament_cmake_args=None, base_paths=['.'], build_base='build', catkin_cmake_args=None, catkin_skip_building_tests=False, cmake_args=None, cmake_clean_cache=True, cmake_clean_first=False, cmake_force_configure=False, cmake_target=None, cmake_target_skip_unavailable=False, continue_on_error=False, event_handlers=None, executor='parallel', ignore_user_meta=False, install_base='install', log_base=None, log_level=None, main=<bound method BuildVerb.main of <colcon_core.verb.build.BuildVerb object at 0x7fe8343c04f0>>, merge_install=False, metas=['./colcon.meta'], mixin=None, mixin_files=None, mixin_verb=('build',), packages_above=None, packages_above_and_dependencies=None, packages_above_depth=None, packages_end=None, packages_ignore=None, packages_ignore_regex=None, packages_select=['ugv_control'], packages_select_build_failed=False, packages_select_by_dep=None, packages_select_regex=None, packages_select_test_failures=False, packages_skip=None, packages_skip_build_finished=False, packages_skip_by_dep=None, packages_skip_regex=None, packages_skip_test_passed=False, packages_skip_up_to=None, packages_start=None, packages_up_to=None, packages_up_to_regex=None, parallel_workers=8, paths=None, symlink_install=False, test_result_base=None, verb_extension=<colcon_core.verb.build.BuildVerb object at 0x7fe8343c04f0>, verb_name='build', verb_parser=<colcon_mixin.mixin.mixin_argument.MixinArgumentDecorator object at 0x7fe8343c0ac0>)
[0.536s] Level 1:colcon.colcon_core.package_discovery:discover_packages(colcon_meta) check parameters
[0.536s] Level 1:colcon.colcon_core.package_discovery:discover_packages(recursive) check parameters
[0.536s] Level 1:colcon.colcon_core.package_discovery:discover_packages(ignore) check parameters
[0.536s] Level 1:colcon.colcon_core.package_discovery:discover_packages(path) check parameters
[0.536s] Level 1:colcon.colcon_core.package_discovery:discover_packages(colcon_meta) discover
[0.536s] Level 1:colcon.colcon_core.package_discovery:discover_packages(recursive) discover
[0.537s] INFO:colcon.colcon_core.package_discovery:Crawling recursively for packages in '/home/momo/ugv_ws'
[0.537s] Level 1:colcon.colcon_core.package_identification:_identify(.) by extensions ['ignore', 'ignore_ament_install']
[0.537s] Level 1:colcon.colcon_core.package_identification:_identify(.) by extension 'ignore'
[0.537s] Level 1:colcon.colcon_core.package_identification:_identify(.) by extension 'ignore_ament_install'
[0.537s] Level 1:colcon.colcon_core.package_identification:_identify(.) by extensions ['colcon_pkg']
[0.537s] Level 1:colcon.colcon_core.package_identification:_identify(.) by extension 'colcon_pkg'
[0.537s] Level 1:colcon.colcon_core.package_identification:_identify(.) by extensions ['colcon_meta']
[0.537s] Level 1:colcon.colcon_core.package_identification:_identify(.) by extension 'colcon_meta'
[0.537s] Level 1:colcon.colcon_core.package_identification:_identify(.) by extensions ['ros']
[0.537s] Level 1:colcon.colcon_core.package_identification:_identify(.) by extension 'ros'
[0.552s] Level 1:colcon.colcon_core.package_identification:_identify(.) by extensions ['cmake', 'python']
[0.552s] Level 1:colcon.colcon_core.package_identification:_identify(.) by extension 'cmake'
[0.552s] Level 1:colcon.colcon_core.package_identification:_identify(.) by extension 'python'
[0.552s] Level 1:colcon.colcon_core.package_identification:_identify(.) by extensions ['python_setup_py']
[0.552s] Level 1:colcon.colcon_core.package_identification:_identify(.) by extension 'python_setup_py'
[0.552s] Level 1:colcon.colcon_core.package_identification:_identify(build) by extensions ['ignore', 'ignore_ament_install']
[0.552s] Level 1:colcon.colcon_core.package_identification:_identify(build) by extension 'ignore'
[0.553s] Level 1:colcon.colcon_core.package_identification:_identify(build) ignored
[0.553s] Level 1:colcon.colcon_core.package_identification:_identify(install) by extensions ['ignore', 'ignore_ament_install']
[0.553s] Level 1:colcon.colcon_core.package_identification:_identify(install) by extension 'ignore'
[0.553s] Level 1:colcon.colcon_core.package_identification:_identify(install) ignored
[0.553s] Level 1:colcon.colcon_core.package_identification:_identify(log) by extensions ['ignore', 'ignore_ament_install']
[0.553s] Level 1:colcon.colcon_core.package_identification:_identify(log) by extension 'ignore'
[0.553s] Level 1:colcon.colcon_core.package_identification:_identify(log) ignored
[0.553s] Level 1:colcon.colcon_core.package_identification:_identify(src) by extensions ['ignore', 'ignore_ament_install']
[0.553s] Level 1:colcon.colcon_core.package_identification:_identify(src) by extension 'ignore'
[0.553s] Level 1:colcon.colcon_core.package_identification:_identify(src) by extension 'ignore_ament_install'
[0.553s] Level 1:colcon.colcon_core.package_identification:_identify(src) by extensions ['colcon_pkg']
[0.553s] Level 1:colcon.colcon_core.package_identification:_identify(src) by extension 'colcon_pkg'
[0.553s] Level 1:colcon.colcon_core.package_identification:_identify(src) by extensions ['colcon_meta']
[0.553s] Level 1:colcon.colcon_core.package_identification:_identify(src) by extension 'colcon_meta'
[0.554s] Level 1:colcon.colcon_core.package_identification:_identify(src) by extensions ['ros']
[0.554s] Level 1:colcon.colcon_core.package_identification:_identify(src) by extension 'ros'
[0.554s] Level 1:colcon.colcon_core.package_identification:_identify(src) by extensions ['cmake', 'python']
[0.554s] Level 1:colcon.colcon_core.package_identification:_identify(src) by extension 'cmake'
[0.554s] Level 1:colcon.colcon_core.package_identification:_identify(src) by extension 'python'
[0.554s] Level 1:colcon.colcon_core.package_identification:_identify(src) by extensions ['python_setup_py']
[0.554s] Level 1:colcon.colcon_core.package_identification:_identify(src) by extension 'python_setup_py'
[0.554s] Level 1:colcon.colcon_core.package_identification:_identify(src/ugv_control) by extensions ['ignore', 'ignore_ament_install']
[0.554s] Level 1:colcon.colcon_core.package_identification:_identify(src/ugv_control) by extension 'ignore'
[0.554s] Level 1:colcon.colcon_core.package_identification:_identify(src/ugv_control) by extension 'ignore_ament_install'
[0.554s] Level 1:colcon.colcon_core.package_identification:_identify(src/ugv_control) by extensions ['colcon_pkg']
[0.554s] Level 1:colcon.colcon_core.package_identification:_identify(src/ugv_control) by extension 'colcon_pkg'
[0.554s] Level 1:colcon.colcon_core.package_identification:_identify(src/ugv_control) by extensions ['colcon_meta']
[0.554s] Level 1:colcon.colcon_core.package_identification:_identify(src/ugv_control) by extension 'colcon_meta'
[0.554s] Level 1:colcon.colcon_core.package_identification:_identify(src/ugv_control) by extensions ['ros']
[0.554s] Level 1:colcon.colcon_core.package_identification:_identify(src/ugv_control) by extension 'ros'
[0.558s] DEBUG:colcon.colcon_core.package_identification:Package 'src/ugv_control' with type 'ros.ament_cmake' and name 'ugv_control'
[0.558s] Level 1:colcon.colcon_core.package_discovery:discover_packages(recursive) using defaults
[0.558s] Level 1:colcon.colcon_core.package_discovery:discover_packages(ignore) discover
[0.558s] Level 1:colcon.colcon_core.package_discovery:discover_packages(ignore) using defaults
[0.558s] Level 1:colcon.colcon_core.package_discovery:discover_packages(path) discover
[0.558s] Level 1:colcon.colcon_core.package_discovery:discover_packages(path) using defaults
[0.581s] Level 1:colcon.colcon_core.package_discovery:discover_packages(prefix_path) check parameters
[0.581s] Level 1:colcon.colcon_core.package_discovery:discover_packages(prefix_path) discover
[0.582s] WARNING:colcon.colcon_core.prefix_path.colcon:The path '/home/momo/ros2_ws/install' in the environment variable COLCON_PREFIX_PATH doesn't exist
[0.584s] DEBUG:colcon.colcon_installed_package_information.package_discovery:Found 1 installed packages in /home/momo/ugv_ws/install
[0.584s] DEBUG:colcon.colcon_installed_package_information.package_discovery:Found 1 installed packages in /home/momo/uav_ws/install
[0.585s] DEBUG:colcon.colcon_installed_package_information.package_discovery:Found 1 installed packages in /home/momo/uav_interface_ws/install
[0.586s] DEBUG:colcon.colcon_installed_package_information.package_discovery:Found 1 installed packages in /home/momo/flight/install
[0.588s] DEBUG:colcon.colcon_installed_package_information.package_discovery:Found 327 installed packages in /opt/ros/foxy
[0.591s] Level 1:colcon.colcon_core.package_discovery:discover_packages(prefix_path) using defaults
[0.729s] Level 5:colcon.colcon_core.verb:set package 'ugv_control' build argument 'cmake_args' from command line to 'None'
[0.729s] Level 5:colcon.colcon_core.verb:set package 'ugv_control' build argument 'cmake_target' from command line to 'None'
[0.729s] Level 5:colcon.colcon_core.verb:set package 'ugv_control' build argument 'cmake_target_skip_unavailable' from command line to 'False'
[0.729s] Level 5:colcon.colcon_core.verb:set package 'ugv_control' build argument 'cmake_clean_cache' from command line to 'True'
[0.729s] Level 5:colcon.colcon_core.verb:set package 'ugv_control' build argument 'cmake_clean_first' from command line to 'False'
[0.729s] Level 5:colcon.colcon_core.verb:set package 'ugv_control' build argument 'cmake_force_configure' from command line to 'False'
[0.729s] Level 5:colcon.colcon_core.verb:set package 'ugv_control' build argument 'ament_cmake_args' from command line to 'None'
[0.729s] Level 5:colcon.colcon_core.verb:set package 'ugv_control' build argument 'catkin_cmake_args' from command line to 'None'
[0.729s] Level 5:colcon.colcon_core.verb:set package 'ugv_control' build argument 'catkin_skip_building_tests' from command line to 'False'
[0.729s] DEBUG:colcon.colcon_core.verb:Building package 'ugv_control' with the following arguments: {'ament_cmake_args': None, 'build_base': '/home/momo/ugv_ws/build/ugv_control', 'catkin_cmake_args': None, 'catkin_skip_building_tests': False, 'cmake_args': None, 'cmake_clean_cache': True, 'cmake_clean_first': False, 'cmake_force_configure': False, 'cmake_target': None, 'cmake_target_skip_unavailable': False, 'install_base': '/home/momo/ugv_ws/install/ugv_control', 'merge_install': False, 'path': '/home/momo/ugv_ws/src/ugv_control', 'symlink_install': False, 'test_result_base': None}
[0.729s] INFO:colcon.colcon_core.executor:Executing jobs using 'parallel' executor
[0.730s] DEBUG:colcon.colcon_parallel_executor.executor.parallel:run_until_complete
[0.731s] INFO:colcon.colcon_ros.task.ament_cmake.build:Building ROS package in '/home/momo/ugv_ws/src/ugv_control' with build type 'ament_cmake'
[0.731s] INFO:colcon.colcon_cmake.task.cmake.build:Building CMake package in '/home/momo/ugv_ws/src/ugv_control'
[0.734s] INFO:colcon.colcon_core.plugin_system:Skipping extension 'colcon_core.shell.bat': Not used on non-Windows systems
[0.734s] INFO:colcon.colcon_core.shell:Skip shell extension 'powershell' for command environment: Not usable outside of PowerShell
[0.734s] DEBUG:colcon.colcon_core.shell:Skip shell extension 'dsv' for command environment
[0.760s] DEBUG:colcon.colcon_core.event_handler.log_command:Invoking command in '/home/momo/ugv_ws/build/ugv_control': CMAKE_PREFIX_PATH=/home/momo/ugv_ws/install/ugv_control:/home/momo/uav_ws/install/uav_control:/opt/ros/foxy:/home/momo/uav_interface_ws/install/uav_control_interfaces:/home/momo/uav_interface_ws/install:/home/momo/uav_interface_ws/install /usr/bin/cmake /home/momo/ugv_ws/src/ugv_control -DCMAKE_INSTALL_PREFIX=/home/momo/ugv_ws/install/ugv_control
[4.526s] DEBUG:colcon.colcon_core.event_handler.log_command:Invoked command in '/home/momo/ugv_ws/build/ugv_control' returned '0': CMAKE_PREFIX_PATH=/home/momo/ugv_ws/install/ugv_control:/home/momo/uav_ws/install/uav_control:/opt/ros/foxy:/home/momo/uav_interface_ws/install/uav_control_interfaces:/home/momo/uav_interface_ws/install:/home/momo/uav_interface_ws/install /usr/bin/cmake /home/momo/ugv_ws/src/ugv_control -DCMAKE_INSTALL_PREFIX=/home/momo/ugv_ws/install/ugv_control
[4.539s] DEBUG:colcon.colcon_core.event_handler.log_command:Invoking command in '/home/momo/ugv_ws/build/ugv_control': CMAKE_PREFIX_PATH=/home/momo/ugv_ws/install/ugv_control:/home/momo/uav_ws/install/uav_control:/opt/ros/foxy:/home/momo/uav_interface_ws/install/uav_control_interfaces:/home/momo/uav_interface_ws/install:/home/momo/uav_interface_ws/install /usr/bin/cmake --build /home/momo/ugv_ws/build/ugv_control -- -j8 -l8
[7.959s] DEBUG:colcon.colcon_core.event_handler.log_command:Invoked command in '/home/momo/ugv_ws/build/ugv_control' returned '2': CMAKE_PREFIX_PATH=/home/momo/ugv_ws/install/ugv_control:/home/momo/uav_ws/install/uav_control:/opt/ros/foxy:/home/momo/uav_interface_ws/install/uav_control_interfaces:/home/momo/uav_interface_ws/install:/home/momo/uav_interface_ws/install /usr/bin/cmake --build /home/momo/ugv_ws/build/ugv_control -- -j8 -l8
[8.021s] Level 1:colcon.colcon_core.environment:create_environment_scripts_only(ugv_control)
[8.032s] Level 1:colcon.colcon_core.environment:checking '/home/momo/ugv_ws/install/ugv_control' for CMake module files
[8.035s] Level 1:colcon.colcon_core.environment:checking '/home/momo/ugv_ws/install/ugv_control' for CMake config files
[8.036s] Level 1:colcon.colcon_core.shell:create_environment_hook('ugv_control', 'cmake_prefix_path')
[8.038s] INFO:colcon.colcon_core.shell:Creating environment hook '/home/momo/ugv_ws/install/ugv_control/share/ugv_control/hook/cmake_prefix_path.ps1'
[8.041s] INFO:colcon.colcon_core.shell:Creating environment descriptor '/home/momo/ugv_ws/install/ugv_control/share/ugv_control/hook/cmake_prefix_path.dsv'
[8.042s] INFO:colcon.colcon_core.shell:Creating environment hook '/home/momo/ugv_ws/install/ugv_control/share/ugv_control/hook/cmake_prefix_path.sh'
[8.046s] Level 1:colcon.colcon_core.environment:checking '/home/momo/ugv_ws/install/ugv_control/lib'
[8.046s] Level 1:colcon.colcon_core.environment:checking '/home/momo/ugv_ws/install/ugv_control/bin'
[8.046s] Level 1:colcon.colcon_core.environment:checking '/home/momo/ugv_ws/install/ugv_control/lib/pkgconfig/ugv_control.pc'
[8.047s] Level 1:colcon.colcon_core.environment:checking '/home/momo/ugv_ws/install/ugv_control/lib/python3.8/site-packages'
[8.048s] Level 1:colcon.colcon_core.environment:checking '/home/momo/ugv_ws/install/ugv_control/bin'
[8.049s] INFO:colcon.colcon_core.shell:Creating package script '/home/momo/ugv_ws/install/ugv_control/share/ugv_control/package.ps1'
[8.051s] INFO:colcon.colcon_core.shell:Creating package descriptor '/home/momo/ugv_ws/install/ugv_control/share/ugv_control/package.dsv'
[8.053s] INFO:colcon.colcon_core.shell:Creating package script '/home/momo/ugv_ws/install/ugv_control/share/ugv_control/package.sh'
[8.055s] INFO:colcon.colcon_core.shell:Creating package script '/home/momo/ugv_ws/install/ugv_control/share/ugv_control/package.bash'
[8.056s] INFO:colcon.colcon_core.shell:Creating package script '/home/momo/ugv_ws/install/ugv_control/share/ugv_control/package.zsh'
[8.058s] Level 1:colcon.colcon_core.environment:create_file_with_runtime_dependencies(/home/momo/ugv_ws/install/ugv_control/share/colcon-core/packages/ugv_control)
[8.069s] DEBUG:colcon.colcon_parallel_executor.executor.parallel:closing loop
[8.069s] DEBUG:colcon.colcon_parallel_executor.executor.parallel:loop closed
[8.070s] DEBUG:colcon.colcon_parallel_executor.executor.parallel:run_until_complete finished with '2'
[8.070s] DEBUG:colcon.colcon_core.event_reactor:joining thread
[8.092s] INFO:colcon.colcon_core.plugin_system:Skipping extension 'colcon_notification.desktop_notification.terminal_notifier': Not used on non-Darwin systems
[8.092s] INFO:colcon.colcon_core.plugin_system:Skipping extension 'colcon_notification.desktop_notification.win32': Not used on non-Windows systems
[8.092s] INFO:colcon.colcon_notification.desktop_notification:Sending desktop notification using 'notify2'
[8.134s] DEBUG:colcon.colcon_core.event_reactor:joined thread
[8.135s] INFO:colcon.colcon_core.shell:Creating prefix script '/home/momo/ugv_ws/install/local_setup.ps1'
[8.156s] INFO:colcon.colcon_core.shell:Creating prefix util module '/home/momo/ugv_ws/install/_local_setup_util_ps1.py'
[8.161s] INFO:colcon.colcon_core.shell:Creating prefix chain script '/home/momo/ugv_ws/install/setup.ps1'
[8.164s] INFO:colcon.colcon_core.shell:Creating prefix script '/home/momo/ugv_ws/install/local_setup.sh'
[8.166s] INFO:colcon.colcon_core.shell:Creating prefix util module '/home/momo/ugv_ws/install/_local_setup_util_sh.py'
[8.166s] INFO:colcon.colcon_core.shell:Creating prefix chain script '/home/momo/ugv_ws/install/setup.sh'
[8.169s] INFO:colcon.colcon_core.shell:Creating prefix script '/home/momo/ugv_ws/install/local_setup.bash'
[8.169s] INFO:colcon.colcon_core.shell:Creating prefix chain script '/home/momo/ugv_ws/install/setup.bash'
[8.171s] INFO:colcon.colcon_core.shell:Creating prefix script '/home/momo/ugv_ws/install/local_setup.zsh'
[8.172s] INFO:colcon.colcon_core.shell:Creating prefix chain script '/home/momo/ugv_ws/install/setup.zsh'
