[0.044s] Invoking command in '/home/momo/uav_ws/build/uav_control': CMAKE_PREFIX_PATH=/opt/ros/foxy:${CMAKE_PREFIX_PATH} /usr/bin/cmake /home/momo/uav_ws/src/uav_control -DCMAKE_INSTALL_PREFIX=/home/momo/uav_ws/install/uav_control
[0.227s] -- The C compiler identification is GNU 9.4.0
[0.385s] -- The CXX compiler identification is GNU 9.4.0
[0.403s] -- Check for working C compiler: /usr/bin/cc
[0.607s] -- Check for working C compiler: /usr/bin/cc -- works
[0.611s] -- Detecting C compiler ABI info
[0.831s] -- Detecting C compiler ABI info - done
[0.875s] -- Detecting C compile features
[0.876s] -- Detecting C compile features - done
[0.879s] -- Check for working CXX compiler: /usr/bin/c++
[1.113s] -- Check for working CXX compiler: /usr/bin/c++ -- works
[1.114s] -- Detecting CXX compiler ABI info
[1.334s] -- Detecting CXX compiler ABI info - done
[1.377s] -- Detecting CXX compile features
[1.378s] -- Detecting CXX compile features - done
[1.381s] -- Found ament_cmake: 0.9.12 (/opt/ros/foxy/share/ament_cmake/cmake)
[1.455s] -- Found PythonInterp: /usr/bin/python3 (found suitable version "3.8.10", minimum required is "3") 
[1.455s] -- Using PYTHON_EXECUTABLE: /usr/bin/python3
[1.793s] -- Found uav_control_interfaces: 0.1.0 (/home/momo/uav_interface_ws/install/uav_control_interfaces/share/uav_control_interfaces/cmake)
[1.866s] -- Using all available rosidl_typesupport_c: rosidl_typesupport_fastrtps_c;rosidl_typesupport_introspection_c
[1.876s] -- Found rosidl_adapter: 1.3.1 (/opt/ros/foxy/share/rosidl_adapter/cmake)
[2.106s] -- Found OpenSSL: /usr/lib/x86_64-linux-gnu/libcrypto.so (found version "1.1.1f")  
[2.156s] -- Found FastRTPS: /opt/ros/foxy/include  
[2.273s] -- Using all available rosidl_typesupport_cpp: rosidl_typesupport_fastrtps_cpp;rosidl_typesupport_introspection_cpp
[2.541s] -- Found rclcpp: 2.4.3 (/opt/ros/foxy/share/rclcpp/cmake)
[2.607s] -- Found rmw_implementation_cmake: 1.0.4 (/opt/ros/foxy/share/rmw_implementation_cmake/cmake)
[2.609s] -- Using RMW implementation 'rmw_fastrtps_cpp' as default
[2.610s] -- Looking for pthread.h
[2.813s] -- Looking for pthread.h - found
[2.814s] -- Performing Test CMAKE_HAVE_LIBC_PTHREAD
[3.049s] -- Performing Test CMAKE_HAVE_LIBC_PTHREAD - Failed
[3.050s] -- Looking for pthread_create in pthreads
[3.208s] -- Looking for pthread_create in pthreads - not found
[3.209s] -- Looking for pthread_create in pthread
[3.423s] -- Looking for pthread_create in pthread - found
[3.428s] -- Found Threads: TRUE  
[3.717s] -- Found rclcpp_action: 2.4.3 (/opt/ros/foxy/share/rclcpp_action/cmake)
[3.772s] -- Found rclcpp_components: 2.4.3 (/opt/ros/foxy/share/rclcpp_components/cmake)
[3.888s] -- Found ament_lint_auto: 0.9.8 (/opt/ros/foxy/share/ament_lint_auto/cmake)
[4.048s] -- Added test 'copyright' to check source files copyright and LICENSE
[4.049s] -- Added test 'cppcheck' to perform static code analysis on C / C++ code
[4.049s] -- Configured cppcheck include dirs: 
[4.049s] -- Configured cppcheck exclude dirs and/or files: 
[4.051s] -- Added test 'cpplint' to check C / C++ code against the Google style
[4.051s] -- Configured cpplint exclude dirs and/or files: 
[4.054s] -- Added test 'lint_cmake' to check CMake code style
[4.056s] -- Added test 'uncrustify' to check C / C++ code style
[4.056s] -- Configured uncrustify additional arguments: 
[4.058s] -- Added test 'xmllint' to check XML markup files
[4.068s] -- Configuring done
[4.088s] -- Generating done
[4.091s] -- Build files have been written to: /home/momo/uav_ws/build/uav_control
[4.108s] Invoked command in '/home/momo/uav_ws/build/uav_control' returned '0': CMAKE_PREFIX_PATH=/opt/ros/foxy:${CMAKE_PREFIX_PATH} /usr/bin/cmake /home/momo/uav_ws/src/uav_control -DCMAKE_INSTALL_PREFIX=/home/momo/uav_ws/install/uav_control
[4.111s] Invoking command in '/home/momo/uav_ws/build/uav_control': CMAKE_PREFIX_PATH=/opt/ros/foxy:${CMAKE_PREFIX_PATH} /usr/bin/cmake --build /home/momo/uav_ws/build/uav_control -- -j8 -l8
[4.228s] [35m[1mScanning dependencies of target flight_action_server[0m
[4.284s] [ 50%] [32mBuilding CXX object CMakeFiles/flight_action_server.dir/src/flight_action_server.cpp.o[0m
[5.973s] [01m[K/home/momo/uav_ws/src/uav_control/src/flight_action_server.cpp:[m[K In member function ‘[01m[Kvoid FlightActionServer::execute(std::shared_ptr<rclcpp_action::ServerGoalHandle<uav_control_interfaces::action::Flight> >)[m[K’:
[5.973s] [01m[K/home/momo/uav_ws/src/uav_control/src/flight_action_server.cpp:67:25:[m[K [01;31m[Kerror: [m[K‘[01m[Kusing element_type = struct uav_control_interfaces::action::Flight_Result_<std::allocator<void> >[m[K’ {aka ‘[01m[Kstruct uav_control_interfaces::action::Flight_Result_<std::allocator<void> >[m[K’} has no member named ‘[01m[Kstatus[m[K’
[5.974s]    67 |                 result->[01;31m[Kstatus[m[K = "Cancelled";
[5.974s]       |                         [01;31m[K^~~~~~[m[K
[5.975s] [01m[K/home/momo/uav_ws/src/uav_control/src/flight_action_server.cpp:74:23:[m[K [01;31m[Kerror: [m[K‘[01m[Kusing element_type = struct uav_control_interfaces::action::Flight_Feedback_<std::allocator<void> >[m[K’ {aka ‘[01m[Kstruct uav_control_interfaces::action::Flight_Feedback_<std::allocator<void> >[m[K’} has no member named ‘[01m[Kcurrent_altitude[m[K’
[5.975s]    74 |             feedback->[01;31m[Kcurrent_altitude[m[K = current_altitude;
[5.975s]       |                       [01;31m[K^~~~~~~~~~~~~~~~[m[K
[5.976s] [01m[K/home/momo/uav_ws/src/uav_control/src/flight_action_server.cpp:81:17:[m[K [01;31m[Kerror: [m[K‘[01m[Kusing element_type = struct uav_control_interfaces::action::Flight_Result_<std::allocator<void> >[m[K’ {aka ‘[01m[Kstruct uav_control_interfaces::action::Flight_Result_<std::allocator<void> >[m[K’} has no member named ‘[01m[Kstatus[m[K’
[5.976s]    81 |         result->[01;31m[Kstatus[m[K = "Reached";
[5.976s]       |                 [01;31m[K^~~~~~[m[K
[7.068s] make[2]: *** [CMakeFiles/flight_action_server.dir/build.make:63: CMakeFiles/flight_action_server.dir/src/flight_action_server.cpp.o] Error 1
[7.068s] make[1]: *** [CMakeFiles/Makefile2:78: CMakeFiles/flight_action_server.dir/all] Error 2
[7.069s] make: *** [Makefile:141: all] Error 2
[7.073s] Invoked command in '/home/momo/uav_ws/build/uav_control' returned '2': CMAKE_PREFIX_PATH=/opt/ros/foxy:${CMAKE_PREFIX_PATH} /usr/bin/cmake --build /home/momo/uav_ws/build/uav_control -- -j8 -l8
