[0.034s] Invoking command in '/home/momo/uav_interface_ws/build/uav_control_interfaces': /usr/bin/cmake /home/momo/uav_interface_ws/src/uav_control_interfaces -DCATKIN_INSTALL_INTO_PREFIX_ROOT=0 -DCMAKE_INSTALL_PREFIX=/home/momo/uav_interface_ws/install/uav_control_interfaces
[0.195s] -- The C compiler identification is GNU 9.4.0
[0.354s] -- The CXX compiler identification is GNU 9.4.0
[0.371s] -- Check for working C compiler: /usr/bin/cc
[0.564s] -- Check for working C compiler: /usr/bin/cc -- works
[0.566s] -- Detecting C compiler ABI info
[0.685s] -- Detecting C compiler ABI info - done
[0.713s] -- Detecting C compile features
[0.713s] -- Detecting C compile features - done
[0.716s] -- Check for working CXX compiler: /usr/bin/c++
[0.905s] -- Check for working CXX compiler: /usr/bin/c++ -- works
[0.907s] -- Detecting CXX compiler ABI info
[1.025s] -- Detecting CXX compiler ABI info - done
[1.063s] -- Detecting CXX compile features
[1.065s] -- Detecting CXX compile features - done
[1.070s] -- Found ament_cmake: 0.9.12 (/opt/ros/foxy/share/ament_cmake/cmake)
[1.102s] -- Found PythonInterp: /usr/bin/python3 (found suitable version "3.8.10", minimum required is "3") 
[1.102s] -- Using PYTHON_EXECUTABLE: /usr/bin/python3
[1.387s] -- Found rosidl_default_generators: 1.0.1 (/opt/ros/foxy/share/rosidl_default_generators/cmake)
[1.400s] -- Using all available rosidl_typesupport_c: rosidl_typesupport_fastrtps_c;rosidl_typesupport_introspection_c
[1.413s] -- Found rosidl_adapter: 1.3.1 (/opt/ros/foxy/share/rosidl_adapter/cmake)
[1.670s] -- Found OpenSSL: /usr/lib/x86_64-linux-gnu/libcrypto.so (found version "1.1.1f")  
[1.717s] -- Found FastRTPS: /opt/ros/foxy/include  
[1.868s] -- Using all available rosidl_typesupport_cpp: rosidl_typesupport_fastrtps_cpp;rosidl_typesupport_introspection_cpp
[1.940s] -- Found PythonInterp: /usr/bin/python3 (found version "3.8.10") 
[2.306s] -- Found ament_cmake_ros: 0.9.2 (/opt/ros/foxy/share/ament_cmake_ros/cmake)
[2.503s] -- Using all available rosidl_typesupport_c: rosidl_typesupport_fastrtps_c;rosidl_typesupport_introspection_c
[2.540s] -- Using all available rosidl_typesupport_cpp: rosidl_typesupport_fastrtps_cpp;rosidl_typesupport_introspection_cpp
[2.600s] -- Found PythonInterp: /usr/bin/python3 (found suitable version "3.8.10", minimum required is "3.5") 
[2.603s] -- Found python_cmake_module: 0.8.1 (/opt/ros/foxy/share/python_cmake_module/cmake)
[2.662s] -- Found PythonLibs: /usr/lib/x86_64-linux-gnu/libpython3.8.so (found suitable version "3.8.10", minimum required is "3.5") 
[2.662s] -- Using PYTHON_EXECUTABLE: /usr/bin/python3
[2.662s] -- Using PYTHON_INCLUDE_DIRS: /usr/include/python3.8
[2.662s] -- Using PYTHON_LIBRARIES: /usr/lib/x86_64-linux-gnu/libpython3.8.so
[2.693s] -- Found PythonExtra: .so  
[2.784s] -- Configuring done
[2.860s] -- Generating done
[2.865s] CMake Warning:
[2.865s]   Manually-specified variables were not used by the project:
[2.866s] 
[2.866s]     CATKIN_INSTALL_INTO_PREFIX_ROOT
[2.867s] 
[2.867s] 
[2.867s] -- Build files have been written to: /home/momo/uav_interface_ws/build/uav_control_interfaces
[2.880s] Invoked command in '/home/momo/uav_interface_ws/build/uav_control_interfaces' returned '0': /usr/bin/cmake /home/momo/uav_interface_ws/src/uav_control_interfaces -DCATKIN_INSTALL_INTO_PREFIX_ROOT=0 -DCMAKE_INSTALL_PREFIX=/home/momo/uav_interface_ws/install/uav_control_interfaces
[2.893s] Invoking command in '/home/momo/uav_interface_ws/build/uav_control_interfaces': /usr/bin/cmake --build /home/momo/uav_interface_ws/build/uav_control_interfaces -- -j8 -l8
[3.007s] [35m[1mScanning dependencies of target uav_control_interfaces__rosidl_generator_c[0m
[3.015s] [35m[1mScanning dependencies of target uav_control_interfaces__cpp[0m
[3.044s] [  3%] Built target uav_control_interfaces__cpp
[3.057s] [ 12%] Built target uav_control_interfaces__rosidl_generator_c
[3.075s] [35m[1mScanning dependencies of target uav_control_interfaces__rosidl_typesupport_introspection_c[0m
[3.080s] [35m[1mScanning dependencies of target uav_control_interfaces__rosidl_typesupport_fastrtps_cpp[0m
[3.080s] [35m[1mScanning dependencies of target uav_control_interfaces__rosidl_typesupport_cpp[0m
[3.082s] [35m[1mScanning dependencies of target uav_control_interfaces__rosidl_typesupport_introspection_cpp[0m
[3.086s] [35m[1mScanning dependencies of target uav_control_interfaces__rosidl_typesupport_c[0m
[3.102s] [ 22%] Built target uav_control_interfaces__rosidl_typesupport_cpp
[3.102s] [ 32%] Built target uav_control_interfaces__rosidl_typesupport_introspection_c
[3.107s] [ 41%] Built target uav_control_interfaces__rosidl_typesupport_c
[3.107s] [ 51%] Built target uav_control_interfaces__rosidl_typesupport_fastrtps_cpp
[3.119s] [ 61%] Built target uav_control_interfaces__rosidl_typesupport_introspection_cpp
[3.124s] [35m[1mScanning dependencies of target uav_control_interfaces__rosidl_typesupport_fastrtps_c[0m
[3.148s] [ 70%] Built target uav_control_interfaces__rosidl_typesupport_fastrtps_c
[3.160s] [35m[1mScanning dependencies of target uav_control_interfaces[0m
[3.173s] [ 70%] Built target uav_control_interfaces
[3.225s] [ 74%] Built target uav_control_interfaces__py
[3.257s] [35m[1mScanning dependencies of target uav_control_interfaces__python[0m
[3.320s] [ 80%] Built target uav_control_interfaces__python
[3.333s] [35m[1mScanning dependencies of target uav_control_interfaces__rosidl_typesupport_introspection_c__pyext[0m
[3.334s] [35m[1mScanning dependencies of target uav_control_interfaces__rosidl_typesupport_c__pyext[0m
[3.334s] [35m[1mScanning dependencies of target uav_control_interfaces__rosidl_typesupport_fastrtps_c__pyext[0m
[3.355s] [ 87%] Built target uav_control_interfaces__rosidl_typesupport_c__pyext
[3.355s] [ 93%] Built target uav_control_interfaces__rosidl_typesupport_introspection_c__pyext
[3.358s] [100%] Built target uav_control_interfaces__rosidl_typesupport_fastrtps_c__pyext
[3.373s] Invoked command in '/home/momo/uav_interface_ws/build/uav_control_interfaces' returned '0': /usr/bin/cmake --build /home/momo/uav_interface_ws/build/uav_control_interfaces -- -j8 -l8
[3.755s] Invoking command in '/home/momo/uav_interface_ws/build/uav_control_interfaces': /usr/bin/cmake --install /home/momo/uav_interface_ws/build/uav_control_interfaces
[3.783s] -- Install configuration: ""
[3.783s] -- Up-to-date: /home/momo/uav_interface_ws/install/uav_control_interfaces/share/ament_index/resource_index/rosidl_interfaces/uav_control_interfaces
[3.784s] -- Up-to-date: /home/momo/uav_interface_ws/install/uav_control_interfaces/include/uav_control_interfaces
[3.784s] -- Up-to-date: /home/momo/uav_interface_ws/install/uav_control_interfaces/include/uav_control_interfaces/action
[3.785s] -- Up-to-date: /home/momo/uav_interface_ws/install/uav_control_interfaces/include/uav_control_interfaces/action/flight.h
[3.785s] -- Up-to-date: /home/momo/uav_interface_ws/install/uav_control_interfaces/include/uav_control_interfaces/action/detail
[3.786s] -- Up-to-date: /home/momo/uav_interface_ws/install/uav_control_interfaces/include/uav_control_interfaces/action/detail/flight__functions.h
[3.786s] -- Up-to-date: /home/momo/uav_interface_ws/install/uav_control_interfaces/include/uav_control_interfaces/action/detail/flight__functions.c
[3.787s] -- Up-to-date: /home/momo/uav_interface_ws/install/uav_control_interfaces/include/uav_control_interfaces/action/detail/flight__type_support.h
[3.787s] -- Up-to-date: /home/momo/uav_interface_ws/install/uav_control_interfaces/include/uav_control_interfaces/action/detail/flight__struct.h
[3.787s] -- Up-to-date: /home/momo/uav_interface_ws/install/uav_control_interfaces/include/uav_control_interfaces/msg
[3.788s] -- Up-to-date: /home/momo/uav_interface_ws/install/uav_control_interfaces/include/uav_control_interfaces/msg/rosidl_generator_c__visibility_control.h
[3.789s] -- Up-to-date: /home/momo/uav_interface_ws/install/uav_control_interfaces/share/uav_control_interfaces/environment/library_path.sh
[3.790s] -- Installing: /home/momo/uav_interface_ws/install/uav_control_interfaces/share/uav_control_interfaces/environment/library_path.dsv
[3.791s] -- Up-to-date: /home/momo/uav_interface_ws/install/uav_control_interfaces/lib/libuav_control_interfaces__rosidl_generator_c.so
[3.791s] -- Up-to-date: /home/momo/uav_interface_ws/install/uav_control_interfaces/include/uav_control_interfaces
[3.793s] -- Up-to-date: /home/momo/uav_interface_ws/install/uav_control_interfaces/include/uav_control_interfaces/action
[3.793s] -- Up-to-date: /home/momo/uav_interface_ws/install/uav_control_interfaces/include/uav_control_interfaces/action/detail
[3.793s] -- Up-to-date: /home/momo/uav_interface_ws/install/uav_control_interfaces/include/uav_control_interfaces/action/detail/flight__rosidl_typesupport_fastrtps_c.h
[3.794s] -- Up-to-date: /home/momo/uav_interface_ws/install/uav_control_interfaces/include/uav_control_interfaces/msg
[3.794s] -- Up-to-date: /home/momo/uav_interface_ws/install/uav_control_interfaces/include/uav_control_interfaces/msg/rosidl_typesupport_fastrtps_c__visibility_control.h
[3.795s] -- Up-to-date: /home/momo/uav_interface_ws/install/uav_control_interfaces/lib/libuav_control_interfaces__rosidl_typesupport_fastrtps_c.so
[3.795s] -- Up-to-date: /home/momo/uav_interface_ws/install/uav_control_interfaces/include/uav_control_interfaces
[3.795s] -- Up-to-date: /home/momo/uav_interface_ws/install/uav_control_interfaces/include/uav_control_interfaces/action
[3.796s] -- Up-to-date: /home/momo/uav_interface_ws/install/uav_control_interfaces/include/uav_control_interfaces/action/detail
[3.796s] -- Up-to-date: /home/momo/uav_interface_ws/install/uav_control_interfaces/include/uav_control_interfaces/action/detail/dds_fastrtps
[3.797s] -- Up-to-date: /home/momo/uav_interface_ws/install/uav_control_interfaces/include/uav_control_interfaces/action/detail/flight__rosidl_typesupport_fastrtps_cpp.hpp
[3.797s] -- Up-to-date: /home/momo/uav_interface_ws/install/uav_control_interfaces/include/uav_control_interfaces/msg
[3.798s] -- Up-to-date: /home/momo/uav_interface_ws/install/uav_control_interfaces/include/uav_control_interfaces/msg/rosidl_typesupport_fastrtps_cpp__visibility_control.h
[3.798s] -- Up-to-date: /home/momo/uav_interface_ws/install/uav_control_interfaces/lib/libuav_control_interfaces__rosidl_typesupport_fastrtps_cpp.so
[3.798s] -- Up-to-date: /home/momo/uav_interface_ws/install/uav_control_interfaces/include/uav_control_interfaces
[3.799s] -- Up-to-date: /home/momo/uav_interface_ws/install/uav_control_interfaces/include/uav_control_interfaces/action
[3.799s] -- Up-to-date: /home/momo/uav_interface_ws/install/uav_control_interfaces/include/uav_control_interfaces/action/detail
[3.799s] -- Up-to-date: /home/momo/uav_interface_ws/install/uav_control_interfaces/include/uav_control_interfaces/action/detail/flight__type_support.c
[3.800s] -- Up-to-date: /home/momo/uav_interface_ws/install/uav_control_interfaces/include/uav_control_interfaces/action/detail/flight__rosidl_typesupport_introspection_c.h
[3.800s] -- Up-to-date: /home/momo/uav_interface_ws/install/uav_control_interfaces/include/uav_control_interfaces/msg
[3.801s] -- Up-to-date: /home/momo/uav_interface_ws/install/uav_control_interfaces/include/uav_control_interfaces/msg/rosidl_typesupport_introspection_c__visibility_control.h
[3.801s] -- Up-to-date: /home/momo/uav_interface_ws/install/uav_control_interfaces/lib/libuav_control_interfaces__rosidl_typesupport_introspection_c.so
[3.801s] -- Up-to-date: /home/momo/uav_interface_ws/install/uav_control_interfaces/lib/libuav_control_interfaces__rosidl_typesupport_c.so
[3.801s] -- Up-to-date: /home/momo/uav_interface_ws/install/uav_control_interfaces/include/uav_control_interfaces
[3.802s] -- Up-to-date: /home/momo/uav_interface_ws/install/uav_control_interfaces/include/uav_control_interfaces/action
[3.802s] -- Up-to-date: /home/momo/uav_interface_ws/install/uav_control_interfaces/include/uav_control_interfaces/action/flight.hpp
[3.802s] -- Up-to-date: /home/momo/uav_interface_ws/install/uav_control_interfaces/include/uav_control_interfaces/action/detail
[3.803s] -- Up-to-date: /home/momo/uav_interface_ws/install/uav_control_interfaces/include/uav_control_interfaces/action/detail/flight__struct.hpp
[3.803s] -- Up-to-date: /home/momo/uav_interface_ws/install/uav_control_interfaces/include/uav_control_interfaces/action/detail/flight__builder.hpp
[3.803s] -- Up-to-date: /home/momo/uav_interface_ws/install/uav_control_interfaces/include/uav_control_interfaces/action/detail/flight__traits.hpp
[3.803s] -- Up-to-date: /home/momo/uav_interface_ws/install/uav_control_interfaces/include/uav_control_interfaces/action/detail/flight__type_support.hpp
[3.804s] -- Up-to-date: /home/momo/uav_interface_ws/install/uav_control_interfaces/include/uav_control_interfaces/msg
[3.804s] -- Up-to-date: /home/momo/uav_interface_ws/install/uav_control_interfaces/include/uav_control_interfaces/msg/rosidl_generator_cpp__visibility_control.hpp
[3.804s] -- Up-to-date: /home/momo/uav_interface_ws/install/uav_control_interfaces/include/uav_control_interfaces
[3.805s] -- Up-to-date: /home/momo/uav_interface_ws/install/uav_control_interfaces/include/uav_control_interfaces/action
[3.805s] -- Up-to-date: /home/momo/uav_interface_ws/install/uav_control_interfaces/include/uav_control_interfaces/action/detail
[3.805s] -- Up-to-date: /home/momo/uav_interface_ws/install/uav_control_interfaces/include/uav_control_interfaces/action/detail/flight__rosidl_typesupport_introspection_cpp.hpp
[3.805s] -- Up-to-date: /home/momo/uav_interface_ws/install/uav_control_interfaces/include/uav_control_interfaces/action/detail/flight__type_support.cpp
[3.806s] -- Up-to-date: /home/momo/uav_interface_ws/install/uav_control_interfaces/lib/libuav_control_interfaces__rosidl_typesupport_introspection_cpp.so
[3.806s] -- Up-to-date: /home/momo/uav_interface_ws/install/uav_control_interfaces/lib/libuav_control_interfaces__rosidl_typesupport_cpp.so
[3.806s] -- Up-to-date: /home/momo/uav_interface_ws/install/uav_control_interfaces/share/uav_control_interfaces/environment/pythonpath.sh
[3.806s] -- Installing: /home/momo/uav_interface_ws/install/uav_control_interfaces/share/uav_control_interfaces/environment/pythonpath.dsv
[3.807s] -- Installing: /home/momo/uav_interface_ws/install/uav_control_interfaces/lib/python3.8/site-packages/uav_control_interfaces/__init__.py
[3.858s] Compiling '/home/momo/uav_interface_ws/install/uav_control_interfaces/lib/python3.8/site-packages/uav_control_interfaces/__init__.py'...
[3.865s] -- Up-to-date: /home/momo/uav_interface_ws/install/uav_control_interfaces/lib/python3.8/site-packages/uav_control_interfaces/action
[3.865s] -- Up-to-date: /home/momo/uav_interface_ws/install/uav_control_interfaces/lib/python3.8/site-packages/uav_control_interfaces/action/_flight.py
[3.865s] -- Up-to-date: /home/momo/uav_interface_ws/install/uav_control_interfaces/lib/python3.8/site-packages/uav_control_interfaces/action/__init__.py
[3.865s] -- Up-to-date: /home/momo/uav_interface_ws/install/uav_control_interfaces/lib/python3.8/site-packages/uav_control_interfaces/action/_flight_s.c
[3.865s] -- Up-to-date: /home/momo/uav_interface_ws/install/uav_control_interfaces/lib/python3.8/site-packages/uav_control_interfaces/uav_control_interfaces_s__rosidl_typesupport_fastrtps_c.cpython-38-x86_64-linux-gnu.so
[3.866s] -- Up-to-date: /home/momo/uav_interface_ws/install/uav_control_interfaces/lib/python3.8/site-packages/uav_control_interfaces/uav_control_interfaces_s__rosidl_typesupport_introspection_c.cpython-38-x86_64-linux-gnu.so
[3.868s] -- Up-to-date: /home/momo/uav_interface_ws/install/uav_control_interfaces/lib/python3.8/site-packages/uav_control_interfaces/uav_control_interfaces_s__rosidl_typesupport_c.cpython-38-x86_64-linux-gnu.so
[3.869s] -- Up-to-date: /home/momo/uav_interface_ws/install/uav_control_interfaces/lib/libuav_control_interfaces__python.so
[3.869s] -- Up-to-date: /home/momo/uav_interface_ws/install/uav_control_interfaces/share/uav_control_interfaces/action/Flight.idl
[3.869s] -- Up-to-date: /home/momo/uav_interface_ws/install/uav_control_interfaces/share/uav_control_interfaces/action/Flight.action
[3.869s] -- Up-to-date: /home/momo/uav_interface_ws/install/uav_control_interfaces/share/ament_index/resource_index/package_run_dependencies/uav_control_interfaces
[3.870s] -- Up-to-date: /home/momo/uav_interface_ws/install/uav_control_interfaces/share/ament_index/resource_index/parent_prefix_path/uav_control_interfaces
[3.870s] -- Up-to-date: /home/momo/uav_interface_ws/install/uav_control_interfaces/share/uav_control_interfaces/environment/ament_prefix_path.sh
[3.870s] -- Installing: /home/momo/uav_interface_ws/install/uav_control_interfaces/share/uav_control_interfaces/environment/ament_prefix_path.dsv
[3.870s] -- Up-to-date: /home/momo/uav_interface_ws/install/uav_control_interfaces/share/uav_control_interfaces/environment/path.sh
[3.870s] -- Installing: /home/momo/uav_interface_ws/install/uav_control_interfaces/share/uav_control_interfaces/environment/path.dsv
[3.870s] -- Up-to-date: /home/momo/uav_interface_ws/install/uav_control_interfaces/share/uav_control_interfaces/local_setup.bash
[3.871s] -- Up-to-date: /home/momo/uav_interface_ws/install/uav_control_interfaces/share/uav_control_interfaces/local_setup.sh
[3.871s] -- Up-to-date: /home/momo/uav_interface_ws/install/uav_control_interfaces/share/uav_control_interfaces/local_setup.zsh
[3.871s] -- Installing: /home/momo/uav_interface_ws/install/uav_control_interfaces/share/uav_control_interfaces/local_setup.dsv
[3.871s] -- Installing: /home/momo/uav_interface_ws/install/uav_control_interfaces/share/uav_control_interfaces/package.dsv
[3.871s] -- Up-to-date: /home/momo/uav_interface_ws/install/uav_control_interfaces/share/ament_index/resource_index/packages/uav_control_interfaces
[3.872s] -- Up-to-date: /home/momo/uav_interface_ws/install/uav_control_interfaces/share/uav_control_interfaces/cmake/uav_control_interfaces__rosidl_generator_cExport.cmake
[3.872s] -- Installing: /home/momo/uav_interface_ws/install/uav_control_interfaces/share/uav_control_interfaces/cmake/uav_control_interfaces__rosidl_generator_cExport-noconfig.cmake
[3.872s] -- Up-to-date: /home/momo/uav_interface_ws/install/uav_control_interfaces/share/uav_control_interfaces/cmake/uav_control_interfaces__rosidl_typesupport_introspection_cExport.cmake
[3.873s] -- Installing: /home/momo/uav_interface_ws/install/uav_control_interfaces/share/uav_control_interfaces/cmake/uav_control_interfaces__rosidl_typesupport_introspection_cExport-noconfig.cmake
[3.873s] -- Up-to-date: /home/momo/uav_interface_ws/install/uav_control_interfaces/share/uav_control_interfaces/cmake/uav_control_interfaces__rosidl_typesupport_cExport.cmake
[3.873s] -- Installing: /home/momo/uav_interface_ws/install/uav_control_interfaces/share/uav_control_interfaces/cmake/uav_control_interfaces__rosidl_typesupport_cExport-noconfig.cmake
[3.874s] -- Up-to-date: /home/momo/uav_interface_ws/install/uav_control_interfaces/share/uav_control_interfaces/cmake/uav_control_interfaces__rosidl_generator_cppExport.cmake
[3.874s] -- Up-to-date: /home/momo/uav_interface_ws/install/uav_control_interfaces/share/uav_control_interfaces/cmake/uav_control_interfaces__rosidl_typesupport_introspection_cppExport.cmake
[3.874s] -- Installing: /home/momo/uav_interface_ws/install/uav_control_interfaces/share/uav_control_interfaces/cmake/uav_control_interfaces__rosidl_typesupport_introspection_cppExport-noconfig.cmake
[3.875s] -- Up-to-date: /home/momo/uav_interface_ws/install/uav_control_interfaces/share/uav_control_interfaces/cmake/uav_control_interfaces__rosidl_typesupport_cppExport.cmake
[3.875s] -- Installing: /home/momo/uav_interface_ws/install/uav_control_interfaces/share/uav_control_interfaces/cmake/uav_control_interfaces__rosidl_typesupport_cppExport-noconfig.cmake
[3.875s] -- Up-to-date: /home/momo/uav_interface_ws/install/uav_control_interfaces/share/uav_control_interfaces/cmake/rosidl_cmake-extras.cmake
[3.876s] -- Up-to-date: /home/momo/uav_interface_ws/install/uav_control_interfaces/share/uav_control_interfaces/cmake/ament_cmake_export_dependencies-extras.cmake
[3.876s] -- Up-to-date: /home/momo/uav_interface_ws/install/uav_control_interfaces/share/uav_control_interfaces/cmake/ament_cmake_export_libraries-extras.cmake
[3.876s] -- Up-to-date: /home/momo/uav_interface_ws/install/uav_control_interfaces/share/uav_control_interfaces/cmake/ament_cmake_export_targets-extras.cmake
[3.877s] -- Up-to-date: /home/momo/uav_interface_ws/install/uav_control_interfaces/share/uav_control_interfaces/cmake/ament_cmake_export_include_directories-extras.cmake
[3.877s] -- Up-to-date: /home/momo/uav_interface_ws/install/uav_control_interfaces/share/uav_control_interfaces/cmake/rosidl_cmake_export_typesupport_libraries-extras.cmake
[3.877s] -- Up-to-date: /home/momo/uav_interface_ws/install/uav_control_interfaces/share/uav_control_interfaces/cmake/rosidl_cmake_export_typesupport_targets-extras.cmake
[3.877s] -- Up-to-date: /home/momo/uav_interface_ws/install/uav_control_interfaces/share/uav_control_interfaces/cmake/uav_control_interfacesConfig.cmake
[3.877s] -- Up-to-date: /home/momo/uav_interface_ws/install/uav_control_interfaces/share/uav_control_interfaces/cmake/uav_control_interfacesConfig-version.cmake
[3.878s] -- Up-to-date: /home/momo/uav_interface_ws/install/uav_control_interfaces/share/uav_control_interfaces/package.xml
[3.882s] Invoked command in '/home/momo/uav_interface_ws/build/uav_control_interfaces' returned '0': /usr/bin/cmake --install /home/momo/uav_interface_ws/build/uav_control_interfaces
