[0.328s] DEBUG:colcon:Command line arguments: ['/usr/bin/colcon', 'build', '--packages-select', 'uav_control', '--cmake-clean-cache']
[0.329s] DEBUG:colcon:Parsed command line arguments: Namespace(allow_overriding=[], ament_cmake_args=None, base_paths=['.'], build_base='build', catkin_cmake_args=None, catkin_skip_building_tests=False, cmake_args=None, cmake_clean_cache=True, cmake_clean_first=False, cmake_force_configure=False, cmake_target=None, cmake_target_skip_unavailable=False, continue_on_error=False, event_handlers=None, executor='parallel', ignore_user_meta=False, install_base='install', log_base=None, log_level=None, main=<bound method BuildVerb.main of <colcon_core.verb.build.BuildVerb object at 0x7f18f327d520>>, merge_install=False, metas=['./colcon.meta'], mixin=None, mixin_files=None, mixin_verb=('build',), packages_above=None, packages_above_and_dependencies=None, packages_above_depth=None, packages_end=None, packages_ignore=None, packages_ignore_regex=None, packages_select=['uav_control'], packages_select_build_failed=False, packages_select_by_dep=None, packages_select_regex=None, packages_select_test_failures=False, packages_skip=None, packages_skip_build_finished=False, packages_skip_by_dep=None, packages_skip_regex=None, packages_skip_test_passed=False, packages_skip_up_to=None, packages_start=None, packages_up_to=None, packages_up_to_regex=None, parallel_workers=8, paths=None, symlink_install=False, test_result_base=None, verb_extension=<colcon_core.verb.build.BuildVerb object at 0x7f18f327d520>, verb_name='build', verb_parser=<colcon_mixin.mixin.mixin_argument.MixinArgumentDecorator object at 0x7f18f327daf0>)
[0.523s] Level 1:colcon.colcon_core.package_discovery:discover_packages(colcon_meta) check parameters
[0.523s] Level 1:colcon.colcon_core.package_discovery:discover_packages(recursive) check parameters
[0.523s] Level 1:colcon.colcon_core.package_discovery:discover_packages(ignore) check parameters
[0.524s] Level 1:colcon.colcon_core.package_discovery:discover_packages(path) check parameters
[0.524s] Level 1:colcon.colcon_core.package_discovery:discover_packages(colcon_meta) discover
[0.524s] Level 1:colcon.colcon_core.package_discovery:discover_packages(recursive) discover
[0.524s] INFO:colcon.colcon_core.package_discovery:Crawling recursively for packages in '/home/momo/uav_ws'
[0.524s] Level 1:colcon.colcon_core.package_identification:_identify(.) by extensions ['ignore', 'ignore_ament_install']
[0.524s] Level 1:colcon.colcon_core.package_identification:_identify(.) by extension 'ignore'
[0.524s] Level 1:colcon.colcon_core.package_identification:_identify(.) by extension 'ignore_ament_install'
[0.524s] Level 1:colcon.colcon_core.package_identification:_identify(.) by extensions ['colcon_pkg']
[0.524s] Level 1:colcon.colcon_core.package_identification:_identify(.) by extension 'colcon_pkg'
[0.524s] Level 1:colcon.colcon_core.package_identification:_identify(.) by extensions ['colcon_meta']
[0.524s] Level 1:colcon.colcon_core.package_identification:_identify(.) by extension 'colcon_meta'
[0.524s] Level 1:colcon.colcon_core.package_identification:_identify(.) by extensions ['ros']
[0.524s] Level 1:colcon.colcon_core.package_identification:_identify(.) by extension 'ros'
[0.539s] Level 1:colcon.colcon_core.package_identification:_identify(.) by extensions ['cmake', 'python']
[0.539s] Level 1:colcon.colcon_core.package_identification:_identify(.) by extension 'cmake'
[0.539s] Level 1:colcon.colcon_core.package_identification:_identify(.) by extension 'python'
[0.539s] Level 1:colcon.colcon_core.package_identification:_identify(.) by extensions ['python_setup_py']
[0.539s] Level 1:colcon.colcon_core.package_identification:_identify(.) by extension 'python_setup_py'
[0.539s] Level 1:colcon.colcon_core.package_identification:_identify(build) by extensions ['ignore', 'ignore_ament_install']
[0.540s] Level 1:colcon.colcon_core.package_identification:_identify(build) by extension 'ignore'
[0.540s] Level 1:colcon.colcon_core.package_identification:_identify(build) ignored
[0.540s] Level 1:colcon.colcon_core.package_identification:_identify(install) by extensions ['ignore', 'ignore_ament_install']
[0.540s] Level 1:colcon.colcon_core.package_identification:_identify(install) by extension 'ignore'
[0.540s] Level 1:colcon.colcon_core.package_identification:_identify(install) ignored
[0.540s] Level 1:colcon.colcon_core.package_identification:_identify(log) by extensions ['ignore', 'ignore_ament_install']
[0.540s] Level 1:colcon.colcon_core.package_identification:_identify(log) by extension 'ignore'
[0.540s] Level 1:colcon.colcon_core.package_identification:_identify(log) ignored
[0.540s] Level 1:colcon.colcon_core.package_identification:_identify(src) by extensions ['ignore', 'ignore_ament_install']
[0.540s] Level 1:colcon.colcon_core.package_identification:_identify(src) by extension 'ignore'
[0.540s] Level 1:colcon.colcon_core.package_identification:_identify(src) by extension 'ignore_ament_install'
[0.541s] Level 1:colcon.colcon_core.package_identification:_identify(src) by extensions ['colcon_pkg']
[0.541s] Level 1:colcon.colcon_core.package_identification:_identify(src) by extension 'colcon_pkg'
[0.541s] Level 1:colcon.colcon_core.package_identification:_identify(src) by extensions ['colcon_meta']
[0.541s] Level 1:colcon.colcon_core.package_identification:_identify(src) by extension 'colcon_meta'
[0.541s] Level 1:colcon.colcon_core.package_identification:_identify(src) by extensions ['ros']
[0.541s] Level 1:colcon.colcon_core.package_identification:_identify(src) by extension 'ros'
[0.541s] Level 1:colcon.colcon_core.package_identification:_identify(src) by extensions ['cmake', 'python']
[0.541s] Level 1:colcon.colcon_core.package_identification:_identify(src) by extension 'cmake'
[0.541s] Level 1:colcon.colcon_core.package_identification:_identify(src) by extension 'python'
[0.541s] Level 1:colcon.colcon_core.package_identification:_identify(src) by extensions ['python_setup_py']
[0.541s] Level 1:colcon.colcon_core.package_identification:_identify(src) by extension 'python_setup_py'
[0.541s] Level 1:colcon.colcon_core.package_identification:_identify(src/uav_control) by extensions ['ignore', 'ignore_ament_install']
[0.541s] Level 1:colcon.colcon_core.package_identification:_identify(src/uav_control) by extension 'ignore'
[0.541s] Level 1:colcon.colcon_core.package_identification:_identify(src/uav_control) by extension 'ignore_ament_install'
[0.541s] Level 1:colcon.colcon_core.package_identification:_identify(src/uav_control) by extensions ['colcon_pkg']
[0.541s] Level 1:colcon.colcon_core.package_identification:_identify(src/uav_control) by extension 'colcon_pkg'
[0.541s] Level 1:colcon.colcon_core.package_identification:_identify(src/uav_control) by extensions ['colcon_meta']
[0.541s] Level 1:colcon.colcon_core.package_identification:_identify(src/uav_control) by extension 'colcon_meta'
[0.542s] Level 1:colcon.colcon_core.package_identification:_identify(src/uav_control) by extensions ['ros']
[0.542s] Level 1:colcon.colcon_core.package_identification:_identify(src/uav_control) by extension 'ros'
[0.545s] DEBUG:colcon.colcon_core.package_identification:Package 'src/uav_control' with type 'ros.ament_cmake' and name 'uav_control'
[0.545s] Level 1:colcon.colcon_core.package_discovery:discover_packages(recursive) using defaults
[0.545s] Level 1:colcon.colcon_core.package_discovery:discover_packages(ignore) discover
[0.545s] Level 1:colcon.colcon_core.package_discovery:discover_packages(ignore) using defaults
[0.545s] Level 1:colcon.colcon_core.package_discovery:discover_packages(path) discover
[0.545s] Level 1:colcon.colcon_core.package_discovery:discover_packages(path) using defaults
[0.567s] Level 1:colcon.colcon_core.package_discovery:discover_packages(prefix_path) check parameters
[0.568s] Level 1:colcon.colcon_core.package_discovery:discover_packages(prefix_path) discover
[0.569s] WARNING:colcon.colcon_core.prefix_path.colcon:The path '/home/momo/ros2_ws/install' in the environment variable COLCON_PREFIX_PATH doesn't exist
[0.570s] DEBUG:colcon.colcon_installed_package_information.package_discovery:Found 1 installed packages in /home/momo/uav_ws/install
[0.570s] DEBUG:colcon.colcon_installed_package_information.package_discovery:Found 1 installed packages in /home/momo/uav_interface_ws/install
[0.571s] DEBUG:colcon.colcon_installed_package_information.package_discovery:Found 1 installed packages in /home/momo/flight/install
[0.573s] DEBUG:colcon.colcon_installed_package_information.package_discovery:Found 327 installed packages in /opt/ros/foxy
[0.576s] Level 1:colcon.colcon_core.package_discovery:discover_packages(prefix_path) using defaults
[0.724s] Level 5:colcon.colcon_core.verb:set package 'uav_control' build argument 'cmake_args' from command line to 'None'
[0.724s] Level 5:colcon.colcon_core.verb:set package 'uav_control' build argument 'cmake_target' from command line to 'None'
[0.724s] Level 5:colcon.colcon_core.verb:set package 'uav_control' build argument 'cmake_target_skip_unavailable' from command line to 'False'
[0.724s] Level 5:colcon.colcon_core.verb:set package 'uav_control' build argument 'cmake_clean_cache' from command line to 'True'
[0.724s] Level 5:colcon.colcon_core.verb:set package 'uav_control' build argument 'cmake_clean_first' from command line to 'False'
[0.724s] Level 5:colcon.colcon_core.verb:set package 'uav_control' build argument 'cmake_force_configure' from command line to 'False'
[0.724s] Level 5:colcon.colcon_core.verb:set package 'uav_control' build argument 'ament_cmake_args' from command line to 'None'
[0.724s] Level 5:colcon.colcon_core.verb:set package 'uav_control' build argument 'catkin_cmake_args' from command line to 'None'
[0.724s] Level 5:colcon.colcon_core.verb:set package 'uav_control' build argument 'catkin_skip_building_tests' from command line to 'False'
[0.725s] DEBUG:colcon.colcon_core.verb:Building package 'uav_control' with the following arguments: {'ament_cmake_args': None, 'build_base': '/home/momo/uav_ws/build/uav_control', 'catkin_cmake_args': None, 'catkin_skip_building_tests': False, 'cmake_args': None, 'cmake_clean_cache': True, 'cmake_clean_first': False, 'cmake_force_configure': False, 'cmake_target': None, 'cmake_target_skip_unavailable': False, 'install_base': '/home/momo/uav_ws/install/uav_control', 'merge_install': False, 'path': '/home/momo/uav_ws/src/uav_control', 'symlink_install': False, 'test_result_base': None}
[0.725s] INFO:colcon.colcon_core.executor:Executing jobs using 'parallel' executor
[0.727s] DEBUG:colcon.colcon_parallel_executor.executor.parallel:run_until_complete
[0.727s] INFO:colcon.colcon_ros.task.ament_cmake.build:Building ROS package in '/home/momo/uav_ws/src/uav_control' with build type 'ament_cmake'
[0.727s] INFO:colcon.colcon_cmake.task.cmake.build:Building CMake package in '/home/momo/uav_ws/src/uav_control'
[0.732s] INFO:colcon.colcon_core.plugin_system:Skipping extension 'colcon_core.shell.bat': Not used on non-Windows systems
[0.733s] INFO:colcon.colcon_core.shell:Skip shell extension 'powershell' for command environment: Not usable outside of PowerShell
[0.733s] DEBUG:colcon.colcon_core.shell:Skip shell extension 'dsv' for command environment
[0.769s] DEBUG:colcon.colcon_core.event_handler.log_command:Invoking command in '/home/momo/uav_ws/build/uav_control': CMAKE_PREFIX_PATH=/opt/ros/foxy:${CMAKE_PREFIX_PATH} /usr/bin/cmake /home/momo/uav_ws/src/uav_control -DCMAKE_INSTALL_PREFIX=/home/momo/uav_ws/install/uav_control
[4.722s] DEBUG:colcon.colcon_core.event_handler.log_command:Invoked command in '/home/momo/uav_ws/build/uav_control' returned '0': CMAKE_PREFIX_PATH=/opt/ros/foxy:${CMAKE_PREFIX_PATH} /usr/bin/cmake /home/momo/uav_ws/src/uav_control -DCMAKE_INSTALL_PREFIX=/home/momo/uav_ws/install/uav_control
[4.735s] DEBUG:colcon.colcon_core.event_handler.log_command:Invoking command in '/home/momo/uav_ws/build/uav_control': CMAKE_PREFIX_PATH=/opt/ros/foxy:${CMAKE_PREFIX_PATH} /usr/bin/cmake --build /home/momo/uav_ws/build/uav_control -- -j8 -l8
[7.895s] DEBUG:colcon.colcon_core.event_handler.log_command:Invoked command in '/home/momo/uav_ws/build/uav_control' returned '2': CMAKE_PREFIX_PATH=/opt/ros/foxy:${CMAKE_PREFIX_PATH} /usr/bin/cmake --build /home/momo/uav_ws/build/uav_control -- -j8 -l8
[7.952s] Level 1:colcon.colcon_core.environment:create_environment_scripts_only(uav_control)
[7.958s] Level 1:colcon.colcon_core.environment:checking '/home/momo/uav_ws/install/uav_control' for CMake module files
[7.959s] Level 1:colcon.colcon_core.environment:checking '/home/momo/uav_ws/install/uav_control' for CMake config files
[7.960s] Level 1:colcon.colcon_core.environment:checking '/home/momo/uav_ws/install/uav_control/bin'
[7.960s] Level 1:colcon.colcon_core.environment:checking '/home/momo/uav_ws/install/uav_control/lib/pkgconfig/uav_control.pc'
[7.961s] Level 1:colcon.colcon_core.environment:checking '/home/momo/uav_ws/install/uav_control/lib/python3.8/site-packages'
[7.962s] Level 1:colcon.colcon_core.environment:checking '/home/momo/uav_ws/install/uav_control/bin'
[7.962s] INFO:colcon.colcon_core.shell:Creating package script '/home/momo/uav_ws/install/uav_control/share/uav_control/package.ps1'
[7.965s] INFO:colcon.colcon_core.shell:Creating package descriptor '/home/momo/uav_ws/install/uav_control/share/uav_control/package.dsv'
[7.966s] INFO:colcon.colcon_core.shell:Creating package script '/home/momo/uav_ws/install/uav_control/share/uav_control/package.sh'
[7.968s] INFO:colcon.colcon_core.shell:Creating package script '/home/momo/uav_ws/install/uav_control/share/uav_control/package.bash'
[7.973s] INFO:colcon.colcon_core.shell:Creating package script '/home/momo/uav_ws/install/uav_control/share/uav_control/package.zsh'
[7.976s] Level 1:colcon.colcon_core.environment:create_file_with_runtime_dependencies(/home/momo/uav_ws/install/uav_control/share/colcon-core/packages/uav_control)
[7.980s] DEBUG:colcon.colcon_parallel_executor.executor.parallel:closing loop
[7.980s] DEBUG:colcon.colcon_parallel_executor.executor.parallel:loop closed
[7.981s] DEBUG:colcon.colcon_parallel_executor.executor.parallel:run_until_complete finished with '2'
[7.981s] DEBUG:colcon.colcon_core.event_reactor:joining thread
[8.001s] INFO:colcon.colcon_core.plugin_system:Skipping extension 'colcon_notification.desktop_notification.terminal_notifier': Not used on non-Darwin systems
[8.001s] INFO:colcon.colcon_core.plugin_system:Skipping extension 'colcon_notification.desktop_notification.win32': Not used on non-Windows systems
[8.001s] INFO:colcon.colcon_notification.desktop_notification:Sending desktop notification using 'notify2'
[8.040s] DEBUG:colcon.colcon_core.event_reactor:joined thread
[8.041s] INFO:colcon.colcon_core.shell:Creating prefix script '/home/momo/uav_ws/install/local_setup.ps1'
[8.044s] INFO:colcon.colcon_core.shell:Creating prefix util module '/home/momo/uav_ws/install/_local_setup_util_ps1.py'
[8.063s] INFO:colcon.colcon_core.shell:Creating prefix chain script '/home/momo/uav_ws/install/setup.ps1'
[8.069s] INFO:colcon.colcon_core.shell:Creating prefix script '/home/momo/uav_ws/install/local_setup.sh'
[8.070s] INFO:colcon.colcon_core.shell:Creating prefix util module '/home/momo/uav_ws/install/_local_setup_util_sh.py'
[8.070s] INFO:colcon.colcon_core.shell:Creating prefix chain script '/home/momo/uav_ws/install/setup.sh'
[8.072s] INFO:colcon.colcon_core.shell:Creating prefix script '/home/momo/uav_ws/install/local_setup.bash'
[8.072s] INFO:colcon.colcon_core.shell:Creating prefix chain script '/home/momo/uav_ws/install/setup.bash'
[8.074s] INFO:colcon.colcon_core.shell:Creating prefix script '/home/momo/uav_ws/install/local_setup.zsh'
[8.075s] INFO:colcon.colcon_core.shell:Creating prefix chain script '/home/momo/uav_ws/install/setup.zsh'
