[0.326s] DEBUG:colcon:Command line arguments: ['/usr/bin/colcon', 'build', '--packages-select', 'ugv_control', '--cmake-clean-cache']
[0.326s] DEBUG:colcon:Parsed command line arguments: Namespace(allow_overriding=[], ament_cmake_args=None, base_paths=['.'], build_base='build', catkin_cmake_args=None, catkin_skip_building_tests=False, cmake_args=None, cmake_clean_cache=True, cmake_clean_first=False, cmake_force_configure=False, cmake_target=None, cmake_target_skip_unavailable=False, continue_on_error=False, event_handlers=None, executor='parallel', ignore_user_meta=False, install_base='install', log_base=None, log_level=None, main=<bound method BuildVerb.main of <colcon_core.verb.build.BuildVerb object at 0x7fa04b6f74f0>>, merge_install=False, metas=['./colcon.meta'], mixin=None, mixin_files=None, mixin_verb=('build',), packages_above=None, packages_above_and_dependencies=None, packages_above_depth=None, packages_end=None, packages_ignore=None, packages_ignore_regex=None, packages_select=['ugv_control'], packages_select_build_failed=False, packages_select_by_dep=None, packages_select_regex=None, packages_select_test_failures=False, packages_skip=None, packages_skip_build_finished=False, packages_skip_by_dep=None, packages_skip_regex=None, packages_skip_test_passed=False, packages_skip_up_to=None, packages_start=None, packages_up_to=None, packages_up_to_regex=None, parallel_workers=8, paths=None, symlink_install=False, test_result_base=None, verb_extension=<colcon_core.verb.build.BuildVerb object at 0x7fa04b6f74f0>, verb_name='build', verb_parser=<colcon_mixin.mixin.mixin_argument.MixinArgumentDecorator object at 0x7fa04b6f7ac0>)
[0.532s] Level 1:colcon.colcon_core.package_discovery:discover_packages(colcon_meta) check parameters
[0.532s] Level 1:colcon.colcon_core.package_discovery:discover_packages(recursive) check parameters
[0.532s] Level 1:colcon.colcon_core.package_discovery:discover_packages(ignore) check parameters
[0.532s] Level 1:colcon.colcon_core.package_discovery:discover_packages(path) check parameters
[0.532s] Level 1:colcon.colcon_core.package_discovery:discover_packages(colcon_meta) discover
[0.533s] Level 1:colcon.colcon_core.package_discovery:discover_packages(recursive) discover
[0.533s] INFO:colcon.colcon_core.package_discovery:Crawling recursively for packages in '/home/momo/ugv_ws'
[0.533s] Level 1:colcon.colcon_core.package_identification:_identify(.) by extensions ['ignore', 'ignore_ament_install']
[0.534s] Level 1:colcon.colcon_core.package_identification:_identify(.) by extension 'ignore'
[0.534s] Level 1:colcon.colcon_core.package_identification:_identify(.) by extension 'ignore_ament_install'
[0.534s] Level 1:colcon.colcon_core.package_identification:_identify(.) by extensions ['colcon_pkg']
[0.534s] Level 1:colcon.colcon_core.package_identification:_identify(.) by extension 'colcon_pkg'
[0.534s] Level 1:colcon.colcon_core.package_identification:_identify(.) by extensions ['colcon_meta']
[0.535s] Level 1:colcon.colcon_core.package_identification:_identify(.) by extension 'colcon_meta'
[0.535s] Level 1:colcon.colcon_core.package_identification:_identify(.) by extensions ['ros']
[0.535s] Level 1:colcon.colcon_core.package_identification:_identify(.) by extension 'ros'
[0.564s] Level 1:colcon.colcon_core.package_identification:_identify(.) by extensions ['cmake', 'python']
[0.564s] Level 1:colcon.colcon_core.package_identification:_identify(.) by extension 'cmake'
[0.564s] Level 1:colcon.colcon_core.package_identification:_identify(.) by extension 'python'
[0.564s] Level 1:colcon.colcon_core.package_identification:_identify(.) by extensions ['python_setup_py']
[0.564s] Level 1:colcon.colcon_core.package_identification:_identify(.) by extension 'python_setup_py'
[0.564s] Level 1:colcon.colcon_core.package_identification:_identify(build) by extensions ['ignore', 'ignore_ament_install']
[0.564s] Level 1:colcon.colcon_core.package_identification:_identify(build) by extension 'ignore'
[0.564s] Level 1:colcon.colcon_core.package_identification:_identify(build) ignored
[0.564s] Level 1:colcon.colcon_core.package_identification:_identify(install) by extensions ['ignore', 'ignore_ament_install']
[0.564s] Level 1:colcon.colcon_core.package_identification:_identify(install) by extension 'ignore'
[0.564s] Level 1:colcon.colcon_core.package_identification:_identify(install) ignored
[0.565s] Level 1:colcon.colcon_core.package_identification:_identify(log) by extensions ['ignore', 'ignore_ament_install']
[0.565s] Level 1:colcon.colcon_core.package_identification:_identify(log) by extension 'ignore'
[0.565s] Level 1:colcon.colcon_core.package_identification:_identify(log) ignored
[0.565s] Level 1:colcon.colcon_core.package_identification:_identify(src) by extensions ['ignore', 'ignore_ament_install']
[0.565s] Level 1:colcon.colcon_core.package_identification:_identify(src) by extension 'ignore'
[0.565s] Level 1:colcon.colcon_core.package_identification:_identify(src) by extension 'ignore_ament_install'
[0.565s] Level 1:colcon.colcon_core.package_identification:_identify(src) by extensions ['colcon_pkg']
[0.565s] Level 1:colcon.colcon_core.package_identification:_identify(src) by extension 'colcon_pkg'
[0.565s] Level 1:colcon.colcon_core.package_identification:_identify(src) by extensions ['colcon_meta']
[0.565s] Level 1:colcon.colcon_core.package_identification:_identify(src) by extension 'colcon_meta'
[0.565s] Level 1:colcon.colcon_core.package_identification:_identify(src) by extensions ['ros']
[0.565s] Level 1:colcon.colcon_core.package_identification:_identify(src) by extension 'ros'
[0.565s] Level 1:colcon.colcon_core.package_identification:_identify(src) by extensions ['cmake', 'python']
[0.565s] Level 1:colcon.colcon_core.package_identification:_identify(src) by extension 'cmake'
[0.565s] Level 1:colcon.colcon_core.package_identification:_identify(src) by extension 'python'
[0.565s] Level 1:colcon.colcon_core.package_identification:_identify(src) by extensions ['python_setup_py']
[0.565s] Level 1:colcon.colcon_core.package_identification:_identify(src) by extension 'python_setup_py'
[0.566s] Level 1:colcon.colcon_core.package_identification:_identify(src/ugv_control) by extensions ['ignore', 'ignore_ament_install']
[0.566s] Level 1:colcon.colcon_core.package_identification:_identify(src/ugv_control) by extension 'ignore'
[0.566s] Level 1:colcon.colcon_core.package_identification:_identify(src/ugv_control) by extension 'ignore_ament_install'
[0.566s] Level 1:colcon.colcon_core.package_identification:_identify(src/ugv_control) by extensions ['colcon_pkg']
[0.566s] Level 1:colcon.colcon_core.package_identification:_identify(src/ugv_control) by extension 'colcon_pkg'
[0.566s] Level 1:colcon.colcon_core.package_identification:_identify(src/ugv_control) by extensions ['colcon_meta']
[0.566s] Level 1:colcon.colcon_core.package_identification:_identify(src/ugv_control) by extension 'colcon_meta'
[0.566s] Level 1:colcon.colcon_core.package_identification:_identify(src/ugv_control) by extensions ['ros']
[0.566s] Level 1:colcon.colcon_core.package_identification:_identify(src/ugv_control) by extension 'ros'
[0.570s] DEBUG:colcon.colcon_core.package_identification:Package 'src/ugv_control' with type 'ros.ament_cmake' and name 'ugv_control'
[0.570s] Level 1:colcon.colcon_core.package_discovery:discover_packages(recursive) using defaults
[0.570s] Level 1:colcon.colcon_core.package_discovery:discover_packages(ignore) discover
[0.570s] Level 1:colcon.colcon_core.package_discovery:discover_packages(ignore) using defaults
[0.570s] Level 1:colcon.colcon_core.package_discovery:discover_packages(path) discover
[0.570s] Level 1:colcon.colcon_core.package_discovery:discover_packages(path) using defaults
[0.618s] Level 1:colcon.colcon_core.package_discovery:discover_packages(prefix_path) check parameters
[0.618s] Level 1:colcon.colcon_core.package_discovery:discover_packages(prefix_path) discover
[0.620s] WARNING:colcon.colcon_core.prefix_path.colcon:The path '/home/momo/ros2_ws/install' in the environment variable COLCON_PREFIX_PATH doesn't exist
[0.622s] DEBUG:colcon.colcon_installed_package_information.package_discovery:Found 1 installed packages in /home/momo/ugv_ws/install
[0.622s] DEBUG:colcon.colcon_installed_package_information.package_discovery:Found 1 installed packages in /home/momo/uav_ws/install
[0.623s] DEBUG:colcon.colcon_installed_package_information.package_discovery:Found 1 installed packages in /home/momo/uav_interface_ws/install
[0.623s] DEBUG:colcon.colcon_installed_package_information.package_discovery:Found 1 installed packages in /home/momo/flight/install
[0.626s] DEBUG:colcon.colcon_installed_package_information.package_discovery:Found 327 installed packages in /opt/ros/foxy
[0.630s] Level 1:colcon.colcon_core.package_discovery:discover_packages(prefix_path) using defaults
[0.785s] Level 5:colcon.colcon_core.verb:set package 'ugv_control' build argument 'cmake_args' from command line to 'None'
[0.785s] Level 5:colcon.colcon_core.verb:set package 'ugv_control' build argument 'cmake_target' from command line to 'None'
[0.785s] Level 5:colcon.colcon_core.verb:set package 'ugv_control' build argument 'cmake_target_skip_unavailable' from command line to 'False'
[0.785s] Level 5:colcon.colcon_core.verb:set package 'ugv_control' build argument 'cmake_clean_cache' from command line to 'True'
[0.785s] Level 5:colcon.colcon_core.verb:set package 'ugv_control' build argument 'cmake_clean_first' from command line to 'False'
[0.785s] Level 5:colcon.colcon_core.verb:set package 'ugv_control' build argument 'cmake_force_configure' from command line to 'False'
[0.785s] Level 5:colcon.colcon_core.verb:set package 'ugv_control' build argument 'ament_cmake_args' from command line to 'None'
[0.785s] Level 5:colcon.colcon_core.verb:set package 'ugv_control' build argument 'catkin_cmake_args' from command line to 'None'
[0.785s] Level 5:colcon.colcon_core.verb:set package 'ugv_control' build argument 'catkin_skip_building_tests' from command line to 'False'
[0.785s] DEBUG:colcon.colcon_core.verb:Building package 'ugv_control' with the following arguments: {'ament_cmake_args': None, 'build_base': '/home/momo/ugv_ws/build/ugv_control', 'catkin_cmake_args': None, 'catkin_skip_building_tests': False, 'cmake_args': None, 'cmake_clean_cache': True, 'cmake_clean_first': False, 'cmake_force_configure': False, 'cmake_target': None, 'cmake_target_skip_unavailable': False, 'install_base': '/home/momo/ugv_ws/install/ugv_control', 'merge_install': False, 'path': '/home/momo/ugv_ws/src/ugv_control', 'symlink_install': False, 'test_result_base': None}
[0.785s] INFO:colcon.colcon_core.executor:Executing jobs using 'parallel' executor
[0.801s] DEBUG:colcon.colcon_parallel_executor.executor.parallel:run_until_complete
[0.801s] INFO:colcon.colcon_ros.task.ament_cmake.build:Building ROS package in '/home/momo/ugv_ws/src/ugv_control' with build type 'ament_cmake'
[0.801s] INFO:colcon.colcon_cmake.task.cmake.build:Building CMake package in '/home/momo/ugv_ws/src/ugv_control'
[0.804s] INFO:colcon.colcon_core.plugin_system:Skipping extension 'colcon_core.shell.bat': Not used on non-Windows systems
[0.804s] INFO:colcon.colcon_core.shell:Skip shell extension 'powershell' for command environment: Not usable outside of PowerShell
[0.804s] DEBUG:colcon.colcon_core.shell:Skip shell extension 'dsv' for command environment
[0.836s] DEBUG:colcon.colcon_core.event_handler.log_command:Invoking command in '/home/momo/ugv_ws/build/ugv_control': CMAKE_PREFIX_PATH=/home/momo/ugv_ws/install/ugv_control:/home/momo/uav_ws/install/uav_control:/opt/ros/foxy:/home/momo/uav_interface_ws/install/uav_control_interfaces:/home/momo/uav_interface_ws/install:/home/momo/uav_interface_ws/install /usr/bin/cmake /home/momo/ugv_ws/src/ugv_control -DCMAKE_INSTALL_PREFIX=/home/momo/ugv_ws/install/ugv_control
[4.280s] DEBUG:colcon.colcon_core.event_handler.log_command:Invoked command in '/home/momo/ugv_ws/build/ugv_control' returned '0': CMAKE_PREFIX_PATH=/home/momo/ugv_ws/install/ugv_control:/home/momo/uav_ws/install/uav_control:/opt/ros/foxy:/home/momo/uav_interface_ws/install/uav_control_interfaces:/home/momo/uav_interface_ws/install:/home/momo/uav_interface_ws/install /usr/bin/cmake /home/momo/ugv_ws/src/ugv_control -DCMAKE_INSTALL_PREFIX=/home/momo/ugv_ws/install/ugv_control
[4.292s] DEBUG:colcon.colcon_core.event_handler.log_command:Invoking command in '/home/momo/ugv_ws/build/ugv_control': CMAKE_PREFIX_PATH=/home/momo/ugv_ws/install/ugv_control:/home/momo/uav_ws/install/uav_control:/opt/ros/foxy:/home/momo/uav_interface_ws/install/uav_control_interfaces:/home/momo/uav_interface_ws/install:/home/momo/uav_interface_ws/install /usr/bin/cmake --build /home/momo/ugv_ws/build/ugv_control -- -j8 -l8
[8.803s] DEBUG:colcon.colcon_core.event_handler.log_command:Invoked command in '/home/momo/ugv_ws/build/ugv_control' returned '0': CMAKE_PREFIX_PATH=/home/momo/ugv_ws/install/ugv_control:/home/momo/uav_ws/install/uav_control:/opt/ros/foxy:/home/momo/uav_interface_ws/install/uav_control_interfaces:/home/momo/uav_interface_ws/install:/home/momo/uav_interface_ws/install /usr/bin/cmake --build /home/momo/ugv_ws/build/ugv_control -- -j8 -l8
[8.952s] DEBUG:colcon.colcon_core.event_handler.log_command:Invoking command in '/home/momo/ugv_ws/build/ugv_control': CMAKE_PREFIX_PATH=/home/momo/ugv_ws/install/ugv_control:/home/momo/uav_ws/install/uav_control:/opt/ros/foxy:/home/momo/uav_interface_ws/install/uav_control_interfaces:/home/momo/uav_interface_ws/install:/home/momo/uav_interface_ws/install /usr/bin/cmake --install /home/momo/ugv_ws/build/ugv_control
[8.970s] Level 1:colcon.colcon_core.environment:create_environment_scripts_only(ugv_control)
[8.971s] DEBUG:colcon.colcon_core.event_handler.log_command:Invoked command in '/home/momo/ugv_ws/build/ugv_control' returned '0': CMAKE_PREFIX_PATH=/home/momo/ugv_ws/install/ugv_control:/home/momo/uav_ws/install/uav_control:/opt/ros/foxy:/home/momo/uav_interface_ws/install/uav_control_interfaces:/home/momo/uav_interface_ws/install:/home/momo/uav_interface_ws/install /usr/bin/cmake --install /home/momo/ugv_ws/build/ugv_control
[8.982s] Level 1:colcon.colcon_core.environment:checking '/home/momo/ugv_ws/install/ugv_control' for CMake module files
[8.985s] Level 1:colcon.colcon_core.environment:checking '/home/momo/ugv_ws/install/ugv_control' for CMake config files
[8.985s] Level 1:colcon.colcon_core.shell:create_environment_hook('ugv_control', 'cmake_prefix_path')
[8.986s] INFO:colcon.colcon_core.shell:Creating environment hook '/home/momo/ugv_ws/install/ugv_control/share/ugv_control/hook/cmake_prefix_path.ps1'
[8.989s] INFO:colcon.colcon_core.shell:Creating environment descriptor '/home/momo/ugv_ws/install/ugv_control/share/ugv_control/hook/cmake_prefix_path.dsv'
[8.990s] INFO:colcon.colcon_core.shell:Creating environment hook '/home/momo/ugv_ws/install/ugv_control/share/ugv_control/hook/cmake_prefix_path.sh'
[8.993s] Level 1:colcon.colcon_core.environment:checking '/home/momo/ugv_ws/install/ugv_control/lib'
[8.993s] Level 1:colcon.colcon_core.environment:checking '/home/momo/ugv_ws/install/ugv_control/bin'
[8.993s] Level 1:colcon.colcon_core.environment:checking '/home/momo/ugv_ws/install/ugv_control/lib/pkgconfig/ugv_control.pc'
[8.994s] Level 1:colcon.colcon_core.environment:checking '/home/momo/ugv_ws/install/ugv_control/lib/python3.8/site-packages'
[8.995s] Level 1:colcon.colcon_core.environment:checking '/home/momo/ugv_ws/install/ugv_control/bin'
[8.996s] INFO:colcon.colcon_core.shell:Creating package script '/home/momo/ugv_ws/install/ugv_control/share/ugv_control/package.ps1'
[8.997s] INFO:colcon.colcon_core.shell:Creating package descriptor '/home/momo/ugv_ws/install/ugv_control/share/ugv_control/package.dsv'
[8.998s] INFO:colcon.colcon_core.shell:Creating package script '/home/momo/ugv_ws/install/ugv_control/share/ugv_control/package.sh'
[9.000s] INFO:colcon.colcon_core.shell:Creating package script '/home/momo/ugv_ws/install/ugv_control/share/ugv_control/package.bash'
[9.001s] INFO:colcon.colcon_core.shell:Creating package script '/home/momo/ugv_ws/install/ugv_control/share/ugv_control/package.zsh'
[9.003s] Level 1:colcon.colcon_core.environment:create_file_with_runtime_dependencies(/home/momo/ugv_ws/install/ugv_control/share/colcon-core/packages/ugv_control)
[9.065s] Level 1:colcon.colcon_core.environment:create_environment_scripts_only(ugv_control)
[9.065s] Level 1:colcon.colcon_core.environment:checking '/home/momo/ugv_ws/install/ugv_control' for CMake module files
[9.067s] Level 1:colcon.colcon_core.environment:checking '/home/momo/ugv_ws/install/ugv_control' for CMake config files
[9.067s] Level 1:colcon.colcon_core.shell:create_environment_hook('ugv_control', 'cmake_prefix_path')
[9.068s] INFO:colcon.colcon_core.shell:Creating environment hook '/home/momo/ugv_ws/install/ugv_control/share/ugv_control/hook/cmake_prefix_path.ps1'
[9.068s] INFO:colcon.colcon_core.shell:Creating environment descriptor '/home/momo/ugv_ws/install/ugv_control/share/ugv_control/hook/cmake_prefix_path.dsv'
[9.069s] INFO:colcon.colcon_core.shell:Creating environment hook '/home/momo/ugv_ws/install/ugv_control/share/ugv_control/hook/cmake_prefix_path.sh'
[9.070s] Level 1:colcon.colcon_core.environment:checking '/home/momo/ugv_ws/install/ugv_control/lib'
[9.070s] Level 1:colcon.colcon_core.environment:checking '/home/momo/ugv_ws/install/ugv_control/bin'
[9.071s] Level 1:colcon.colcon_core.environment:checking '/home/momo/ugv_ws/install/ugv_control/lib/pkgconfig/ugv_control.pc'
[9.071s] Level 1:colcon.colcon_core.environment:checking '/home/momo/ugv_ws/install/ugv_control/lib/python3.8/site-packages'
[9.072s] Level 1:colcon.colcon_core.environment:checking '/home/momo/ugv_ws/install/ugv_control/bin'
[9.072s] INFO:colcon.colcon_core.shell:Creating package script '/home/momo/ugv_ws/install/ugv_control/share/ugv_control/package.ps1'
[9.073s] INFO:colcon.colcon_core.shell:Creating package descriptor '/home/momo/ugv_ws/install/ugv_control/share/ugv_control/package.dsv'
[9.074s] INFO:colcon.colcon_core.shell:Creating package script '/home/momo/ugv_ws/install/ugv_control/share/ugv_control/package.sh'
[9.075s] INFO:colcon.colcon_core.shell:Creating package script '/home/momo/ugv_ws/install/ugv_control/share/ugv_control/package.bash'
[9.076s] INFO:colcon.colcon_core.shell:Creating package script '/home/momo/ugv_ws/install/ugv_control/share/ugv_control/package.zsh'
[9.076s] Level 1:colcon.colcon_core.environment:create_file_with_runtime_dependencies(/home/momo/ugv_ws/install/ugv_control/share/colcon-core/packages/ugv_control)
[9.077s] DEBUG:colcon.colcon_parallel_executor.executor.parallel:closing loop
[9.077s] DEBUG:colcon.colcon_parallel_executor.executor.parallel:loop closed
[9.078s] DEBUG:colcon.colcon_parallel_executor.executor.parallel:run_until_complete finished with '0'
[9.078s] DEBUG:colcon.colcon_core.event_reactor:joining thread
[9.098s] INFO:colcon.colcon_core.plugin_system:Skipping extension 'colcon_notification.desktop_notification.terminal_notifier': Not used on non-Darwin systems
[9.098s] INFO:colcon.colcon_core.plugin_system:Skipping extension 'colcon_notification.desktop_notification.win32': Not used on non-Windows systems
[9.098s] INFO:colcon.colcon_notification.desktop_notification:Sending desktop notification using 'notify2'
[9.138s] DEBUG:colcon.colcon_core.event_reactor:joined thread
[9.138s] INFO:colcon.colcon_core.shell:Creating prefix script '/home/momo/ugv_ws/install/local_setup.ps1'
[9.140s] INFO:colcon.colcon_core.shell:Creating prefix util module '/home/momo/ugv_ws/install/_local_setup_util_ps1.py'
[9.142s] INFO:colcon.colcon_core.shell:Creating prefix chain script '/home/momo/ugv_ws/install/setup.ps1'
[9.144s] INFO:colcon.colcon_core.shell:Creating prefix script '/home/momo/ugv_ws/install/local_setup.sh'
[9.145s] INFO:colcon.colcon_core.shell:Creating prefix util module '/home/momo/ugv_ws/install/_local_setup_util_sh.py'
[9.145s] INFO:colcon.colcon_core.shell:Creating prefix chain script '/home/momo/ugv_ws/install/setup.sh'
[9.147s] INFO:colcon.colcon_core.shell:Creating prefix script '/home/momo/ugv_ws/install/local_setup.bash'
[9.148s] INFO:colcon.colcon_core.shell:Creating prefix chain script '/home/momo/ugv_ws/install/setup.bash'
[9.159s] INFO:colcon.colcon_core.shell:Creating prefix script '/home/momo/ugv_ws/install/local_setup.zsh'
[9.160s] INFO:colcon.colcon_core.shell:Creating prefix chain script '/home/momo/ugv_ws/install/setup.zsh'
