[0.039s] Invoking command in '/home/momo/uav_ws/build/uav_control': CMAKE_PREFIX_PATH=/opt/ros/foxy:${CMAKE_PREFIX_PATH} /usr/bin/cmake /home/momo/uav_ws/src/uav_control -DCMAKE_INSTALL_PREFIX=/home/momo/uav_ws/install/uav_control
[0.201s] -- The C compiler identification is GNU 9.4.0
[0.340s] -- The CXX compiler identification is GNU 9.4.0
[0.357s] -- Check for working C compiler: /usr/bin/cc
[0.560s] -- Check for working C compiler: /usr/bin/cc -- works
[0.563s] -- Detecting C compiler ABI info
[0.825s] -- Detecting C compiler ABI info - done
[0.870s] -- Detecting C compile features
[0.871s] -- Detecting C compile features - done
[0.874s] -- Check for working CXX compiler: /usr/bin/c++
[1.096s] -- Check for working CXX compiler: /usr/bin/c++ -- works
[1.101s] -- Detecting CXX compiler ABI info
[1.313s] -- Detecting CXX compiler ABI info - done
[1.357s] -- Detecting CXX compile features
[1.358s] -- Detecting CXX compile features - done
[1.360s] -- Found ament_cmake: 0.9.12 (/opt/ros/foxy/share/ament_cmake/cmake)
[1.418s] -- Found PythonInterp: /usr/bin/python3 (found suitable version "3.8.10", minimum required is "3") 
[1.419s] -- Using PYTHON_EXECUTABLE: /usr/bin/python3
[1.745s] -- Found uav_control_interfaces: 0.1.0 (/home/momo/uav_interface_ws/install/uav_control_interfaces/share/uav_control_interfaces/cmake)
[1.810s] -- Using all available rosidl_typesupport_c: rosidl_typesupport_fastrtps_c;rosidl_typesupport_introspection_c
[1.821s] -- Found rosidl_adapter: 1.3.1 (/opt/ros/foxy/share/rosidl_adapter/cmake)
[2.014s] -- Found OpenSSL: /usr/lib/x86_64-linux-gnu/libcrypto.so (found version "1.1.1f")  
[2.060s] -- Found FastRTPS: /opt/ros/foxy/include  
[2.184s] -- Using all available rosidl_typesupport_cpp: rosidl_typesupport_fastrtps_cpp;rosidl_typesupport_introspection_cpp
[2.471s] -- Found rclcpp: 2.4.3 (/opt/ros/foxy/share/rclcpp/cmake)
[2.537s] -- Found rmw_implementation_cmake: 1.0.4 (/opt/ros/foxy/share/rmw_implementation_cmake/cmake)
[2.539s] -- Using RMW implementation 'rmw_fastrtps_cpp' as default
[2.539s] -- Looking for pthread.h
[2.759s] -- Looking for pthread.h - found
[2.760s] -- Performing Test CMAKE_HAVE_LIBC_PTHREAD
[2.986s] -- Performing Test CMAKE_HAVE_LIBC_PTHREAD - Failed
[2.987s] -- Looking for pthread_create in pthreads
[3.132s] -- Looking for pthread_create in pthreads - not found
[3.133s] -- Looking for pthread_create in pthread
[3.340s] -- Looking for pthread_create in pthread - found
[3.342s] -- Found Threads: TRUE  
[3.596s] -- Found rclcpp_action: 2.4.3 (/opt/ros/foxy/share/rclcpp_action/cmake)
[3.649s] -- Found rclcpp_components: 2.4.3 (/opt/ros/foxy/share/rclcpp_components/cmake)
[3.805s] -- Found ament_lint_auto: 0.9.8 (/opt/ros/foxy/share/ament_lint_auto/cmake)
[3.953s] -- Added test 'copyright' to check source files copyright and LICENSE
[3.953s] -- Added test 'cppcheck' to perform static code analysis on C / C++ code
[3.954s] -- Configured cppcheck include dirs: 
[3.954s] -- Configured cppcheck exclude dirs and/or files: 
[3.955s] -- Added test 'cpplint' to check C / C++ code against the Google style
[3.955s] -- Configured cpplint exclude dirs and/or files: 
[3.956s] -- Added test 'lint_cmake' to check CMake code style
[3.957s] -- Added test 'uncrustify' to check C / C++ code style
[3.957s] -- Configured uncrustify additional arguments: 
[3.957s] -- Added test 'xmllint' to check XML markup files
[3.961s] -- Configuring done
[3.975s] -- Generating done
[3.978s] -- Build files have been written to: /home/momo/uav_ws/build/uav_control
[3.993s] Invoked command in '/home/momo/uav_ws/build/uav_control' returned '0': CMAKE_PREFIX_PATH=/opt/ros/foxy:${CMAKE_PREFIX_PATH} /usr/bin/cmake /home/momo/uav_ws/src/uav_control -DCMAKE_INSTALL_PREFIX=/home/momo/uav_ws/install/uav_control
[4.006s] Invoking command in '/home/momo/uav_ws/build/uav_control': CMAKE_PREFIX_PATH=/opt/ros/foxy:${CMAKE_PREFIX_PATH} /usr/bin/cmake --build /home/momo/uav_ws/build/uav_control -- -j8 -l8
[4.136s] [35m[1mScanning dependencies of target flight_action_server[0m
[4.210s] [ 50%] [32mBuilding CXX object CMakeFiles/flight_action_server.dir/src/flight_action_server.cpp.o[0m
[6.014s] [01m[K/home/momo/uav_ws/src/uav_control/src/flight_action_server.cpp:[m[K In member function ‘[01m[Kvoid FlightActionServer::execute(std::shared_ptr<rclcpp_action::ServerGoalHandle<uav_control_interfaces::action::Flight> >)[m[K’:
[6.014s] [01m[K/home/momo/uav_ws/src/uav_control/src/flight_action_server.cpp:69:25:[m[K [01;31m[Kerror: [m[K‘[01m[Kusing element_type = struct uav_control_interfaces::action::Flight_Result_<std::allocator<void> >[m[K’ {aka ‘[01m[Kstruct uav_control_interfaces::action::Flight_Result_<std::allocator<void> >[m[K’} has no member named ‘[01m[Kstatus[m[K’
[6.015s]    69 |                 result->[01;31m[Kstatus[m[K = "Cancelled";
[6.015s]       |                         [01;31m[K^~~~~~[m[K
[6.016s] [01m[K/home/momo/uav_ws/src/uav_control/src/flight_action_server.cpp:77:23:[m[K [01;31m[Kerror: [m[K‘[01m[Kusing element_type = struct uav_control_interfaces::action::Flight_Feedback_<std::allocator<void> >[m[K’ {aka ‘[01m[Kstruct uav_control_interfaces::action::Flight_Feedback_<std::allocator<void> >[m[K’} has no member named ‘[01m[Kcurrent_altitude[m[K’
[6.016s]    77 |             feedback->[01;31m[Kcurrent_altitude[m[K = current_altitude;
[6.016s]       |                       [01;31m[K^~~~~~~~~~~~~~~~[m[K
[6.017s] [01m[K/home/momo/uav_ws/src/uav_control/src/flight_action_server.cpp:85:17:[m[K [01;31m[Kerror: [m[K‘[01m[Kusing element_type = struct uav_control_interfaces::action::Flight_Result_<std::allocator<void> >[m[K’ {aka ‘[01m[Kstruct uav_control_interfaces::action::Flight_Result_<std::allocator<void> >[m[K’} has no member named ‘[01m[Kstatus[m[K’
[6.017s]    85 |         result->[01;31m[Kstatus[m[K = "Reached";
[6.017s]       |                 [01;31m[K^~~~~~[m[K
[7.160s] make[2]: *** [CMakeFiles/flight_action_server.dir/build.make:63: CMakeFiles/flight_action_server.dir/src/flight_action_server.cpp.o] Error 1
[7.161s] make[1]: *** [CMakeFiles/Makefile2:78: CMakeFiles/flight_action_server.dir/all] Error 2
[7.161s] make: *** [Makefile:141: all] Error 2
[7.166s] Invoked command in '/home/momo/uav_ws/build/uav_control' returned '2': CMAKE_PREFIX_PATH=/opt/ros/foxy:${CMAKE_PREFIX_PATH} /usr/bin/cmake --build /home/momo/uav_ws/build/uav_control -- -j8 -l8
