-- Found ament_cmake: 0.9.12 (/opt/ros/foxy/share/ament_cmake/cmake)
-- Using PYTHON_EXECUTABLE: /usr/bin/python3
-- Found uav_control_interfaces: 0.1.0 (/home/momo/uav_interface_ws/install/uav_control_interfaces/share/uav_control_interfaces/cmake)
-- Using all available rosidl_typesupport_c: rosidl_typesupport_fastrtps_c;rosidl_typesupport_introspection_c
-- Found rosidl_adapter: 1.3.1 (/opt/ros/foxy/share/rosidl_adapter/cmake)
-- Using all available rosidl_typesupport_cpp: rosidl_typesupport_fastrtps_cpp;rosidl_typesupport_introspection_cpp
-- Found rclcpp: 2.4.3 (/opt/ros/foxy/share/rclcpp/cmake)
-- Found rmw_implementation_cmake: 1.0.4 (/opt/ros/foxy/share/rmw_implementation_cmake/cmake)
-- Using RMW implementation 'rmw_fastrtps_cpp' as default
-- Found rclcpp_action: 2.4.3 (/opt/ros/foxy/share/rclcpp_action/cmake)
-- Found rclcpp_components: 2.4.3 (/opt/ros/foxy/share/rclcpp_components/cmake)
-- Found ament_lint_auto: 0.9.8 (/opt/ros/foxy/share/ament_lint_auto/cmake)
-- Added test 'copyright' to check source files copyright and LICENSE
-- Added test 'cppcheck' to perform static code analysis on C / C++ code
-- Configured cppcheck include dirs: 
-- Configured cppcheck exclude dirs and/or files: 
-- Added test 'cpplint' to check C / C++ code against the Google style
-- Configured cpplint exclude dirs and/or files: 
-- Added test 'lint_cmake' to check CMake code style
-- Added test 'uncrustify' to check C / C++ code style
-- Configured uncrustify additional arguments: 
-- Added test 'xmllint' to check XML markup files
-- Configuring done
-- Generating done
-- Build files have been written to: /home/momo/uav_ws/build/uav_control
[35m[1mScanning dependencies of target flight_action_server[0m
[ 50%] [32mBuilding CXX object CMakeFiles/flight_action_server.dir/src/flight_action_server.cpp.o[0m
In file included from [01m[K/opt/ros/foxy/include/rclcpp/client.hpp:40[m[K,
                 from [01m[K/opt/ros/foxy/include/rclcpp/callback_group.hpp:23[m[K,
                 from [01m[K/opt/ros/foxy/include/rclcpp/any_executable.hpp:20[m[K,
                 from [01m[K/opt/ros/foxy/include/rclcpp/memory_strategy.hpp:24[m[K,
                 from [01m[K/opt/ros/foxy/include/rclcpp/memory_strategies.hpp:18[m[K,
                 from [01m[K/opt/ros/foxy/include/rclcpp/executor_options.hpp:20[m[K,
                 from [01m[K/opt/ros/foxy/include/rclcpp/executor.hpp:33[m[K,
                 from [01m[K/opt/ros/foxy/include/rclcpp/executors/multi_threaded_executor.hpp:26[m[K,
                 from [01m[K/opt/ros/foxy/include/rclcpp/executors.hpp:21[m[K,
                 from [01m[K/opt/ros/foxy/include/rclcpp/rclcpp.hpp:146[m[K,
                 from [01m[K/home/momo/uav_ws/src/uav_control/src/flight_action_server.cpp:2[m[K:
[01m[K/home/momo/uav_ws/src/uav_control/src/flight_action_server.cpp:[m[K In member function ‘[01m[Krclcpp_action::GoalResponse FlightActionServer::handle_goal(const GoalUUID&, std::shared_ptr<const uav_control_interfaces::action::Flight_Goal_<std::allocator<void> > >)[m[K’:
[01m[K/home/momo/uav_ws/src/uav_control/src/flight_action_server.cpp:25:89:[m[K [01;31m[Kerror: [m[K‘[01m[Kusing element_type = const struct uav_control_interfaces::action::Flight_Goal_<std::allocator<void> >[m[K’ {aka ‘[01m[Kconst struct uav_control_interfaces::action::Flight_Goal_<std::allocator<void> >[m[K’} has no member named ‘[01m[Ktarget_altitude[m[K’; did you mean ‘[01m[Kset__altitude[m[K’?
   25 | (this->get_logger(), "Received goal to fly to altitude: %.2f", goal->[01;31m[Ktarget_altitude[m[K);
      |                                                                      [01;31m[K^~~~~~~~~~~~~~~[m[K

[01m[K/home/momo/uav_ws/src/uav_control/src/flight_action_server.cpp:[m[K In lambda function:
[01m[K/home/momo/uav_ws/src/uav_control/src/flight_action_server.cpp:43:21:[m[K [01;31m[Kerror: [m[K‘[01m[Kusing element_type = struct uav_control_interfaces::action::Flight_Result_<std::allocator<void> >[m[K’ {aka ‘[01m[Kstruct uav_control_interfaces::action::Flight_Result_<std::allocator<void> >[m[K’} has no member named ‘[01m[Ksuccess[m[K’
   43 |             result->[01;31m[Ksuccess[m[K = true;
      |                     [01;31m[K^~~~~~~[m[K
make[2]: *** [CMakeFiles/flight_action_server.dir/build.make:63: CMakeFiles/flight_action_server.dir/src/flight_action_server.cpp.o] Error 1
make[1]: *** [CMakeFiles/Makefile2:78: CMakeFiles/flight_action_server.dir/all] Error 2
make: *** [Makefile:141: all] Error 2
