[0.035s] Invoking command in '/home/momo/uav_ws/build/uav_control': CMAKE_PREFIX_PATH=/opt/ros/foxy:${CMAKE_PREFIX_PATH} /usr/bin/cmake /home/momo/uav_ws/src/uav_control -DCMAKE_INSTALL_PREFIX=/home/momo/uav_ws/install/uav_control
[0.195s] -- The C compiler identification is GNU 9.4.0
[0.325s] -- The CXX compiler identification is GNU 9.4.0
[0.343s] -- Check for working C compiler: /usr/bin/cc
[0.541s] -- Check for working C compiler: /usr/bin/cc -- works
[0.546s] -- Detecting C compiler ABI info
[0.750s] -- Detecting C compiler ABI info - done
[0.792s] -- Detecting C compile features
[0.792s] -- Detecting C compile features - done
[0.796s] -- Check for working CXX compiler: /usr/bin/c++
[1.026s] -- Check for working CXX compiler: /usr/bin/c++ -- works
[1.027s] -- Detecting CXX compiler ABI info
[1.250s] -- Detecting CXX compiler ABI info - done
[1.290s] -- Detecting CXX compile features
[1.291s] -- Detecting CXX compile features - done
[1.293s] -- Found ament_cmake: 0.9.12 (/opt/ros/foxy/share/ament_cmake/cmake)
[1.350s] -- Found PythonInterp: /usr/bin/python3 (found suitable version "3.8.10", minimum required is "3") 
[1.351s] -- Using PYTHON_EXECUTABLE: /usr/bin/python3
[1.685s] -- Found uav_control_interfaces: 0.1.0 (/home/momo/uav_interface_ws/install/uav_control_interfaces/share/uav_control_interfaces/cmake)
[1.727s] -- Using all available rosidl_typesupport_c: rosidl_typesupport_fastrtps_c;rosidl_typesupport_introspection_c
[1.735s] -- Found rosidl_adapter: 1.3.1 (/opt/ros/foxy/share/rosidl_adapter/cmake)
[1.976s] -- Found OpenSSL: /usr/lib/x86_64-linux-gnu/libcrypto.so (found version "1.1.1f")  
[2.035s] -- Found FastRTPS: /opt/ros/foxy/include  
[2.151s] -- Using all available rosidl_typesupport_cpp: rosidl_typesupport_fastrtps_cpp;rosidl_typesupport_introspection_cpp
[2.374s] -- Found rclcpp: 2.4.3 (/opt/ros/foxy/share/rclcpp/cmake)
[2.440s] -- Found rmw_implementation_cmake: 1.0.4 (/opt/ros/foxy/share/rmw_implementation_cmake/cmake)
[2.442s] -- Using RMW implementation 'rmw_fastrtps_cpp' as default
[2.443s] -- Looking for pthread.h
[2.640s] -- Looking for pthread.h - found
[2.641s] -- Performing Test CMAKE_HAVE_LIBC_PTHREAD
[2.912s] -- Performing Test CMAKE_HAVE_LIBC_PTHREAD - Failed
[2.913s] -- Looking for pthread_create in pthreads
[3.102s] -- Looking for pthread_create in pthreads - not found
[3.103s] -- Looking for pthread_create in pthread
[3.340s] -- Looking for pthread_create in pthread - found
[3.345s] -- Found Threads: TRUE  
[3.646s] -- Found rclcpp_action: 2.4.3 (/opt/ros/foxy/share/rclcpp_action/cmake)
[3.699s] -- Found rclcpp_components: 2.4.3 (/opt/ros/foxy/share/rclcpp_components/cmake)
[3.796s] -- Found ament_lint_auto: 0.9.8 (/opt/ros/foxy/share/ament_lint_auto/cmake)
[3.947s] -- Added test 'copyright' to check source files copyright and LICENSE
[3.948s] -- Added test 'cppcheck' to perform static code analysis on C / C++ code
[3.949s] -- Configured cppcheck include dirs: 
[3.949s] -- Configured cppcheck exclude dirs and/or files: 
[3.950s] -- Added test 'cpplint' to check C / C++ code against the Google style
[3.950s] -- Configured cpplint exclude dirs and/or files: 
[3.951s] -- Added test 'lint_cmake' to check CMake code style
[3.954s] -- Added test 'uncrustify' to check C / C++ code style
[3.955s] -- Configured uncrustify additional arguments: 
[3.956s] -- Added test 'xmllint' to check XML markup files
[3.967s] -- Configuring done
[3.996s] -- Generating done
[4.000s] -- Build files have been written to: /home/momo/uav_ws/build/uav_control
[4.018s] Invoked command in '/home/momo/uav_ws/build/uav_control' returned '0': CMAKE_PREFIX_PATH=/opt/ros/foxy:${CMAKE_PREFIX_PATH} /usr/bin/cmake /home/momo/uav_ws/src/uav_control -DCMAKE_INSTALL_PREFIX=/home/momo/uav_ws/install/uav_control
[4.023s] Invoking command in '/home/momo/uav_ws/build/uav_control': CMAKE_PREFIX_PATH=/opt/ros/foxy:${CMAKE_PREFIX_PATH} /usr/bin/cmake --build /home/momo/uav_ws/build/uav_control -- -j8 -l8
[4.148s] [35m[1mScanning dependencies of target flight_action_server[0m
[4.215s] [ 50%] [32mBuilding CXX object CMakeFiles/flight_action_server.dir/src/flight_action_server.cpp.o[0m
[7.769s] [100%] [32m[1mLinking CXX executable flight_action_server[0m
[7.997s] [100%] Built target flight_action_server
[8.033s] Invoked command in '/home/momo/uav_ws/build/uav_control' returned '0': CMAKE_PREFIX_PATH=/opt/ros/foxy:${CMAKE_PREFIX_PATH} /usr/bin/cmake --build /home/momo/uav_ws/build/uav_control -- -j8 -l8
[8.154s] Invoking command in '/home/momo/uav_ws/build/uav_control': CMAKE_PREFIX_PATH=/opt/ros/foxy:${CMAKE_PREFIX_PATH} /usr/bin/cmake --install /home/momo/uav_ws/build/uav_control
[8.181s] -- Install configuration: ""
[8.182s] -- Installing: /home/momo/uav_ws/install/uav_control/lib/uav_control/flight_action_server
[8.183s] -- Set runtime path of "/home/momo/uav_ws/install/uav_control/lib/uav_control/flight_action_server" to ""
[8.184s] -- Installing: /home/momo/uav_ws/install/uav_control/share/ament_index/resource_index/package_run_dependencies/uav_control
[8.185s] -- Installing: /home/momo/uav_ws/install/uav_control/share/ament_index/resource_index/parent_prefix_path/uav_control
[8.185s] -- Installing: /home/momo/uav_ws/install/uav_control/share/uav_control/environment/ament_prefix_path.sh
[8.186s] -- Installing: /home/momo/uav_ws/install/uav_control/share/uav_control/environment/ament_prefix_path.dsv
[8.187s] -- Installing: /home/momo/uav_ws/install/uav_control/share/uav_control/environment/path.sh
[8.187s] -- Installing: /home/momo/uav_ws/install/uav_control/share/uav_control/environment/path.dsv
[8.187s] -- Installing: /home/momo/uav_ws/install/uav_control/share/uav_control/local_setup.bash
[8.188s] -- Installing: /home/momo/uav_ws/install/uav_control/share/uav_control/local_setup.sh
[8.188s] -- Installing: /home/momo/uav_ws/install/uav_control/share/uav_control/local_setup.zsh
[8.188s] -- Installing: /home/momo/uav_ws/install/uav_control/share/uav_control/local_setup.dsv
[8.188s] -- Installing: /home/momo/uav_ws/install/uav_control/share/uav_control/package.dsv
[8.189s] -- Installing: /home/momo/uav_ws/install/uav_control/share/ament_index/resource_index/packages/uav_control
[8.189s] -- Installing: /home/momo/uav_ws/install/uav_control/share/uav_control/cmake/uav_controlConfig.cmake
[8.189s] -- Installing: /home/momo/uav_ws/install/uav_control/share/uav_control/cmake/uav_controlConfig-version.cmake
[8.190s] -- Installing: /home/momo/uav_ws/install/uav_control/share/uav_control/package.xml
[8.196s] Invoked command in '/home/momo/uav_ws/build/uav_control' returned '0': CMAKE_PREFIX_PATH=/opt/ros/foxy:${CMAKE_PREFIX_PATH} /usr/bin/cmake --install /home/momo/uav_ws/build/uav_control
