[0.045s] Invoking command in '/home/momo/uav_interface_ws/build/uav_control_interfaces': /usr/bin/cmake /home/momo/uav_interface_ws/src/uav_control_interfaces -DCATKIN_INSTALL_INTO_PREFIX_ROOT=0 -DCMAKE_INSTALL_PREFIX=/home/momo/uav_interface_ws/install/uav_control_interfaces
[0.231s] -- The C compiler identification is GNU 9.4.0
[0.369s] -- The CXX compiler identification is GNU 9.4.0
[0.386s] -- Check for working C compiler: /usr/bin/cc
[0.586s] -- Check for working C compiler: /usr/bin/cc -- works
[0.590s] -- Detecting C compiler ABI info
[0.798s] -- Detecting C compiler ABI info - done
[0.837s] -- Detecting C compile features
[0.837s] -- Detecting C compile features - done
[0.841s] -- Check for working CXX compiler: /usr/bin/c++
[1.043s] -- Check for working CXX compiler: /usr/bin/c++ -- works
[1.048s] -- Detecting CXX compiler ABI info
[1.297s] -- Detecting CXX compiler ABI info - done
[1.342s] -- Detecting CXX compile features
[1.343s] -- Detecting CXX compile features - done
[1.346s] -- Found ament_cmake: 0.9.12 (/opt/ros/foxy/share/ament_cmake/cmake)
[1.400s] -- Found PythonInterp: /usr/bin/python3 (found suitable version "3.8.10", minimum required is "3") 
[1.400s] -- Using PYTHON_EXECUTABLE: /usr/bin/python3
[1.724s] -- Found rosidl_default_generators: 1.0.1 (/opt/ros/foxy/share/rosidl_default_generators/cmake)
[1.729s] -- Using all available rosidl_typesupport_c: rosidl_typesupport_fastrtps_c;rosidl_typesupport_introspection_c
[1.738s] -- Found rosidl_adapter: 1.3.1 (/opt/ros/foxy/share/rosidl_adapter/cmake)
[1.993s] -- Found OpenSSL: /usr/lib/x86_64-linux-gnu/libcrypto.so (found version "1.1.1f")  
[2.039s] -- Found FastRTPS: /opt/ros/foxy/include  
[2.157s] -- Using all available rosidl_typesupport_cpp: rosidl_typesupport_fastrtps_cpp;rosidl_typesupport_introspection_cpp
[2.249s] -- Found PythonInterp: /usr/bin/python3 (found version "3.8.10") 
[2.638s] -- Found ament_cmake_ros: 0.9.2 (/opt/ros/foxy/share/ament_cmake_ros/cmake)
[2.847s] -- Using all available rosidl_typesupport_c: rosidl_typesupport_fastrtps_c;rosidl_typesupport_introspection_c
[2.885s] -- Using all available rosidl_typesupport_cpp: rosidl_typesupport_fastrtps_cpp;rosidl_typesupport_introspection_cpp
[2.943s] -- Found PythonInterp: /usr/bin/python3 (found suitable version "3.8.10", minimum required is "3.5") 
[2.946s] -- Found python_cmake_module: 0.8.1 (/opt/ros/foxy/share/python_cmake_module/cmake)
[3.012s] -- Found PythonLibs: /usr/lib/x86_64-linux-gnu/libpython3.8.so (found suitable version "3.8.10", minimum required is "3.5") 
[3.013s] -- Using PYTHON_EXECUTABLE: /usr/bin/python3
[3.013s] -- Using PYTHON_INCLUDE_DIRS: /usr/include/python3.8
[3.013s] -- Using PYTHON_LIBRARIES: /usr/lib/x86_64-linux-gnu/libpython3.8.so
[3.046s] -- Found PythonExtra: .so  
[3.177s] -- Configuring done
[3.250s] -- Generating done
[3.256s] CMake Warning:
[3.256s]   Manually-specified variables were not used by the project:
[3.257s] 
[3.257s]     CATKIN_INSTALL_INTO_PREFIX_ROOT
[3.257s] 
[3.258s] 
[3.258s] -- Build files have been written to: /home/momo/uav_interface_ws/build/uav_control_interfaces
[3.270s] Invoked command in '/home/momo/uav_interface_ws/build/uav_control_interfaces' returned '0': /usr/bin/cmake /home/momo/uav_interface_ws/src/uav_control_interfaces -DCATKIN_INSTALL_INTO_PREFIX_ROOT=0 -DCMAKE_INSTALL_PREFIX=/home/momo/uav_interface_ws/install/uav_control_interfaces
[3.282s] Invoking command in '/home/momo/uav_interface_ws/build/uav_control_interfaces': /usr/bin/cmake --build /home/momo/uav_interface_ws/build/uav_control_interfaces -- -j8 -l8
[3.397s] [35m[1mScanning dependencies of target uav_control_interfaces__cpp[0m
[3.401s] [35m[1mScanning dependencies of target uav_control_interfaces__rosidl_generator_c[0m
[3.430s] [  9%] Built target uav_control_interfaces__rosidl_generator_c
[3.436s] [ 12%] Built target uav_control_interfaces__cpp
[3.448s] [35m[1mScanning dependencies of target uav_control_interfaces__rosidl_typesupport_c[0m
[3.454s] [35m[1mScanning dependencies of target uav_control_interfaces__rosidl_typesupport_introspection_cpp[0m
[3.457s] [35m[1mScanning dependencies of target uav_control_interfaces__rosidl_typesupport_fastrtps_cpp[0m
[3.463s] [35m[1mScanning dependencies of target uav_control_interfaces__rosidl_typesupport_introspection_c[0m
[3.470s] [ 22%] Built target uav_control_interfaces__rosidl_typesupport_introspection_cpp
[3.471s] [35m[1mScanning dependencies of target uav_control_interfaces__rosidl_typesupport_cpp[0m
[3.478s] [ 32%] Built target uav_control_interfaces__rosidl_typesupport_c
[3.483s] [ 41%] Built target uav_control_interfaces__rosidl_typesupport_introspection_c
[3.488s] [ 51%] Built target uav_control_interfaces__rosidl_typesupport_fastrtps_cpp
[3.489s] [ 61%] Built target uav_control_interfaces__rosidl_typesupport_cpp
[3.499s] [35m[1mScanning dependencies of target uav_control_interfaces__rosidl_typesupport_fastrtps_c[0m
[3.527s] [ 70%] Built target uav_control_interfaces__rosidl_typesupport_fastrtps_c
[3.542s] [35m[1mScanning dependencies of target uav_control_interfaces[0m
[3.560s] [ 70%] Built target uav_control_interfaces
[3.622s] [ 74%] Built target uav_control_interfaces__py
[3.653s] [35m[1mScanning dependencies of target uav_control_interfaces__python[0m
[3.701s] [ 80%] Built target uav_control_interfaces__python
[3.723s] [35m[1mScanning dependencies of target uav_control_interfaces__rosidl_typesupport_introspection_c__pyext[0m
[3.732s] [35m[1mScanning dependencies of target uav_control_interfaces__rosidl_typesupport_c__pyext[0m
[3.735s] [35m[1mScanning dependencies of target uav_control_interfaces__rosidl_typesupport_fastrtps_c__pyext[0m
[3.765s] [ 87%] Built target uav_control_interfaces__rosidl_typesupport_introspection_c__pyext
[3.780s] [ 96%] Built target uav_control_interfaces__rosidl_typesupport_fastrtps_c__pyext
[3.780s] [100%] Built target uav_control_interfaces__rosidl_typesupport_c__pyext
[3.796s] Invoked command in '/home/momo/uav_interface_ws/build/uav_control_interfaces' returned '0': /usr/bin/cmake --build /home/momo/uav_interface_ws/build/uav_control_interfaces -- -j8 -l8
[4.231s] Invoking command in '/home/momo/uav_interface_ws/build/uav_control_interfaces': /usr/bin/cmake --install /home/momo/uav_interface_ws/build/uav_control_interfaces
[4.265s] -- Install configuration: ""
[4.265s] -- Up-to-date: /home/momo/uav_interface_ws/install/uav_control_interfaces/share/ament_index/resource_index/rosidl_interfaces/uav_control_interfaces
[4.266s] -- Up-to-date: /home/momo/uav_interface_ws/install/uav_control_interfaces/include/uav_control_interfaces
[4.267s] -- Up-to-date: /home/momo/uav_interface_ws/install/uav_control_interfaces/include/uav_control_interfaces/action
[4.267s] -- Up-to-date: /home/momo/uav_interface_ws/install/uav_control_interfaces/include/uav_control_interfaces/action/flight.h
[4.268s] -- Up-to-date: /home/momo/uav_interface_ws/install/uav_control_interfaces/include/uav_control_interfaces/action/detail
[4.268s] -- Up-to-date: /home/momo/uav_interface_ws/install/uav_control_interfaces/include/uav_control_interfaces/action/detail/flight__functions.h
[4.268s] -- Up-to-date: /home/momo/uav_interface_ws/install/uav_control_interfaces/include/uav_control_interfaces/action/detail/flight__functions.c
[4.269s] -- Up-to-date: /home/momo/uav_interface_ws/install/uav_control_interfaces/include/uav_control_interfaces/action/detail/flight__type_support.h
[4.270s] -- Up-to-date: /home/momo/uav_interface_ws/install/uav_control_interfaces/include/uav_control_interfaces/action/detail/flight__struct.h
[4.271s] -- Up-to-date: /home/momo/uav_interface_ws/install/uav_control_interfaces/include/uav_control_interfaces/msg
[4.271s] -- Up-to-date: /home/momo/uav_interface_ws/install/uav_control_interfaces/include/uav_control_interfaces/msg/rosidl_generator_c__visibility_control.h
[4.271s] -- Up-to-date: /home/momo/uav_interface_ws/install/uav_control_interfaces/share/uav_control_interfaces/environment/library_path.sh
[4.272s] -- Installing: /home/momo/uav_interface_ws/install/uav_control_interfaces/share/uav_control_interfaces/environment/library_path.dsv
[4.272s] -- Up-to-date: /home/momo/uav_interface_ws/install/uav_control_interfaces/lib/libuav_control_interfaces__rosidl_generator_c.so
[4.273s] -- Up-to-date: /home/momo/uav_interface_ws/install/uav_control_interfaces/include/uav_control_interfaces
[4.273s] -- Up-to-date: /home/momo/uav_interface_ws/install/uav_control_interfaces/include/uav_control_interfaces/action
[4.274s] -- Up-to-date: /home/momo/uav_interface_ws/install/uav_control_interfaces/include/uav_control_interfaces/action/detail
[4.274s] -- Up-to-date: /home/momo/uav_interface_ws/install/uav_control_interfaces/include/uav_control_interfaces/action/detail/flight__rosidl_typesupport_fastrtps_c.h
[4.274s] -- Up-to-date: /home/momo/uav_interface_ws/install/uav_control_interfaces/include/uav_control_interfaces/msg
[4.275s] -- Up-to-date: /home/momo/uav_interface_ws/install/uav_control_interfaces/include/uav_control_interfaces/msg/rosidl_typesupport_fastrtps_c__visibility_control.h
[4.275s] -- Up-to-date: /home/momo/uav_interface_ws/install/uav_control_interfaces/lib/libuav_control_interfaces__rosidl_typesupport_fastrtps_c.so
[4.275s] -- Up-to-date: /home/momo/uav_interface_ws/install/uav_control_interfaces/include/uav_control_interfaces
[4.275s] -- Up-to-date: /home/momo/uav_interface_ws/install/uav_control_interfaces/include/uav_control_interfaces/action
[4.276s] -- Up-to-date: /home/momo/uav_interface_ws/install/uav_control_interfaces/include/uav_control_interfaces/action/detail
[4.276s] -- Up-to-date: /home/momo/uav_interface_ws/install/uav_control_interfaces/include/uav_control_interfaces/action/detail/dds_fastrtps
[4.276s] -- Up-to-date: /home/momo/uav_interface_ws/install/uav_control_interfaces/include/uav_control_interfaces/action/detail/flight__rosidl_typesupport_fastrtps_cpp.hpp
[4.277s] -- Up-to-date: /home/momo/uav_interface_ws/install/uav_control_interfaces/include/uav_control_interfaces/msg
[4.277s] -- Up-to-date: /home/momo/uav_interface_ws/install/uav_control_interfaces/include/uav_control_interfaces/msg/rosidl_typesupport_fastrtps_cpp__visibility_control.h
[4.277s] -- Up-to-date: /home/momo/uav_interface_ws/install/uav_control_interfaces/lib/libuav_control_interfaces__rosidl_typesupport_fastrtps_cpp.so
[4.278s] -- Up-to-date: /home/momo/uav_interface_ws/install/uav_control_interfaces/include/uav_control_interfaces
[4.278s] -- Up-to-date: /home/momo/uav_interface_ws/install/uav_control_interfaces/include/uav_control_interfaces/action
[4.278s] -- Up-to-date: /home/momo/uav_interface_ws/install/uav_control_interfaces/include/uav_control_interfaces/action/detail
[4.279s] -- Up-to-date: /home/momo/uav_interface_ws/install/uav_control_interfaces/include/uav_control_interfaces/action/detail/flight__type_support.c
[4.279s] -- Up-to-date: /home/momo/uav_interface_ws/install/uav_control_interfaces/include/uav_control_interfaces/action/detail/flight__rosidl_typesupport_introspection_c.h
[4.279s] -- Up-to-date: /home/momo/uav_interface_ws/install/uav_control_interfaces/include/uav_control_interfaces/msg
[4.280s] -- Up-to-date: /home/momo/uav_interface_ws/install/uav_control_interfaces/include/uav_control_interfaces/msg/rosidl_typesupport_introspection_c__visibility_control.h
[4.280s] -- Up-to-date: /home/momo/uav_interface_ws/install/uav_control_interfaces/lib/libuav_control_interfaces__rosidl_typesupport_introspection_c.so
[4.280s] -- Up-to-date: /home/momo/uav_interface_ws/install/uav_control_interfaces/lib/libuav_control_interfaces__rosidl_typesupport_c.so
[4.280s] -- Up-to-date: /home/momo/uav_interface_ws/install/uav_control_interfaces/include/uav_control_interfaces
[4.281s] -- Up-to-date: /home/momo/uav_interface_ws/install/uav_control_interfaces/include/uav_control_interfaces/action
[4.281s] -- Up-to-date: /home/momo/uav_interface_ws/install/uav_control_interfaces/include/uav_control_interfaces/action/flight.hpp
[4.281s] -- Up-to-date: /home/momo/uav_interface_ws/install/uav_control_interfaces/include/uav_control_interfaces/action/detail
[4.281s] -- Up-to-date: /home/momo/uav_interface_ws/install/uav_control_interfaces/include/uav_control_interfaces/action/detail/flight__struct.hpp
[4.282s] -- Up-to-date: /home/momo/uav_interface_ws/install/uav_control_interfaces/include/uav_control_interfaces/action/detail/flight__builder.hpp
[4.282s] -- Up-to-date: /home/momo/uav_interface_ws/install/uav_control_interfaces/include/uav_control_interfaces/action/detail/flight__traits.hpp
[4.282s] -- Up-to-date: /home/momo/uav_interface_ws/install/uav_control_interfaces/include/uav_control_interfaces/action/detail/flight__type_support.hpp
[4.282s] -- Up-to-date: /home/momo/uav_interface_ws/install/uav_control_interfaces/include/uav_control_interfaces/msg
[4.283s] -- Up-to-date: /home/momo/uav_interface_ws/install/uav_control_interfaces/include/uav_control_interfaces/msg/rosidl_generator_cpp__visibility_control.hpp
[4.283s] -- Up-to-date: /home/momo/uav_interface_ws/install/uav_control_interfaces/include/uav_control_interfaces
[4.283s] -- Up-to-date: /home/momo/uav_interface_ws/install/uav_control_interfaces/include/uav_control_interfaces/action
[4.283s] -- Up-to-date: /home/momo/uav_interface_ws/install/uav_control_interfaces/include/uav_control_interfaces/action/detail
[4.283s] -- Up-to-date: /home/momo/uav_interface_ws/install/uav_control_interfaces/include/uav_control_interfaces/action/detail/flight__rosidl_typesupport_introspection_cpp.hpp
[4.284s] -- Up-to-date: /home/momo/uav_interface_ws/install/uav_control_interfaces/include/uav_control_interfaces/action/detail/flight__type_support.cpp
[4.284s] -- Up-to-date: /home/momo/uav_interface_ws/install/uav_control_interfaces/lib/libuav_control_interfaces__rosidl_typesupport_introspection_cpp.so
[4.285s] -- Up-to-date: /home/momo/uav_interface_ws/install/uav_control_interfaces/lib/libuav_control_interfaces__rosidl_typesupport_cpp.so
[4.285s] -- Up-to-date: /home/momo/uav_interface_ws/install/uav_control_interfaces/share/uav_control_interfaces/environment/pythonpath.sh
[4.285s] -- Installing: /home/momo/uav_interface_ws/install/uav_control_interfaces/share/uav_control_interfaces/environment/pythonpath.dsv
[4.286s] -- Installing: /home/momo/uav_interface_ws/install/uav_control_interfaces/lib/python3.8/site-packages/uav_control_interfaces/__init__.py
[4.323s] Compiling '/home/momo/uav_interface_ws/install/uav_control_interfaces/lib/python3.8/site-packages/uav_control_interfaces/__init__.py'...
[4.329s] -- Up-to-date: /home/momo/uav_interface_ws/install/uav_control_interfaces/lib/python3.8/site-packages/uav_control_interfaces/action
[4.330s] -- Up-to-date: /home/momo/uav_interface_ws/install/uav_control_interfaces/lib/python3.8/site-packages/uav_control_interfaces/action/_flight.py
[4.330s] -- Up-to-date: /home/momo/uav_interface_ws/install/uav_control_interfaces/lib/python3.8/site-packages/uav_control_interfaces/action/__init__.py
[4.330s] -- Up-to-date: /home/momo/uav_interface_ws/install/uav_control_interfaces/lib/python3.8/site-packages/uav_control_interfaces/action/_flight_s.c
[4.331s] -- Up-to-date: /home/momo/uav_interface_ws/install/uav_control_interfaces/lib/python3.8/site-packages/uav_control_interfaces/uav_control_interfaces_s__rosidl_typesupport_fastrtps_c.cpython-38-x86_64-linux-gnu.so
[4.332s] -- Up-to-date: /home/momo/uav_interface_ws/install/uav_control_interfaces/lib/python3.8/site-packages/uav_control_interfaces/uav_control_interfaces_s__rosidl_typesupport_introspection_c.cpython-38-x86_64-linux-gnu.so
[4.334s] -- Up-to-date: /home/momo/uav_interface_ws/install/uav_control_interfaces/lib/python3.8/site-packages/uav_control_interfaces/uav_control_interfaces_s__rosidl_typesupport_c.cpython-38-x86_64-linux-gnu.so
[4.336s] -- Up-to-date: /home/momo/uav_interface_ws/install/uav_control_interfaces/lib/libuav_control_interfaces__python.so
[4.337s] -- Up-to-date: /home/momo/uav_interface_ws/install/uav_control_interfaces/share/uav_control_interfaces/action/Flight.idl
[4.338s] -- Up-to-date: /home/momo/uav_interface_ws/install/uav_control_interfaces/share/uav_control_interfaces/action/Flight.action
[4.339s] -- Up-to-date: /home/momo/uav_interface_ws/install/uav_control_interfaces/share/ament_index/resource_index/package_run_dependencies/uav_control_interfaces
[4.339s] -- Up-to-date: /home/momo/uav_interface_ws/install/uav_control_interfaces/share/ament_index/resource_index/parent_prefix_path/uav_control_interfaces
[4.340s] -- Up-to-date: /home/momo/uav_interface_ws/install/uav_control_interfaces/share/uav_control_interfaces/environment/ament_prefix_path.sh
[4.341s] -- Installing: /home/momo/uav_interface_ws/install/uav_control_interfaces/share/uav_control_interfaces/environment/ament_prefix_path.dsv
[4.341s] -- Up-to-date: /home/momo/uav_interface_ws/install/uav_control_interfaces/share/uav_control_interfaces/environment/path.sh
[4.342s] -- Installing: /home/momo/uav_interface_ws/install/uav_control_interfaces/share/uav_control_interfaces/environment/path.dsv
[4.342s] -- Up-to-date: /home/momo/uav_interface_ws/install/uav_control_interfaces/share/uav_control_interfaces/local_setup.bash
[4.343s] -- Up-to-date: /home/momo/uav_interface_ws/install/uav_control_interfaces/share/uav_control_interfaces/local_setup.sh
[4.343s] -- Up-to-date: /home/momo/uav_interface_ws/install/uav_control_interfaces/share/uav_control_interfaces/local_setup.zsh
[4.344s] -- Installing: /home/momo/uav_interface_ws/install/uav_control_interfaces/share/uav_control_interfaces/local_setup.dsv
[4.345s] -- Installing: /home/momo/uav_interface_ws/install/uav_control_interfaces/share/uav_control_interfaces/package.dsv
[4.345s] -- Up-to-date: /home/momo/uav_interface_ws/install/uav_control_interfaces/share/ament_index/resource_index/packages/uav_control_interfaces
[4.346s] -- Up-to-date: /home/momo/uav_interface_ws/install/uav_control_interfaces/share/uav_control_interfaces/cmake/uav_control_interfaces__rosidl_generator_cExport.cmake
[4.346s] -- Installing: /home/momo/uav_interface_ws/install/uav_control_interfaces/share/uav_control_interfaces/cmake/uav_control_interfaces__rosidl_generator_cExport-noconfig.cmake
[4.347s] -- Up-to-date: /home/momo/uav_interface_ws/install/uav_control_interfaces/share/uav_control_interfaces/cmake/uav_control_interfaces__rosidl_typesupport_introspection_cExport.cmake
[4.347s] -- Installing: /home/momo/uav_interface_ws/install/uav_control_interfaces/share/uav_control_interfaces/cmake/uav_control_interfaces__rosidl_typesupport_introspection_cExport-noconfig.cmake
[4.347s] -- Up-to-date: /home/momo/uav_interface_ws/install/uav_control_interfaces/share/uav_control_interfaces/cmake/uav_control_interfaces__rosidl_typesupport_cExport.cmake
[4.348s] -- Installing: /home/momo/uav_interface_ws/install/uav_control_interfaces/share/uav_control_interfaces/cmake/uav_control_interfaces__rosidl_typesupport_cExport-noconfig.cmake
[4.349s] -- Up-to-date: /home/momo/uav_interface_ws/install/uav_control_interfaces/share/uav_control_interfaces/cmake/uav_control_interfaces__rosidl_generator_cppExport.cmake
[4.349s] -- Up-to-date: /home/momo/uav_interface_ws/install/uav_control_interfaces/share/uav_control_interfaces/cmake/uav_control_interfaces__rosidl_typesupport_introspection_cppExport.cmake
[4.350s] -- Installing: /home/momo/uav_interface_ws/install/uav_control_interfaces/share/uav_control_interfaces/cmake/uav_control_interfaces__rosidl_typesupport_introspection_cppExport-noconfig.cmake
[4.350s] -- Up-to-date: /home/momo/uav_interface_ws/install/uav_control_interfaces/share/uav_control_interfaces/cmake/uav_control_interfaces__rosidl_typesupport_cppExport.cmake
[4.350s] -- Installing: /home/momo/uav_interface_ws/install/uav_control_interfaces/share/uav_control_interfaces/cmake/uav_control_interfaces__rosidl_typesupport_cppExport-noconfig.cmake
[4.350s] -- Up-to-date: /home/momo/uav_interface_ws/install/uav_control_interfaces/share/uav_control_interfaces/cmake/rosidl_cmake-extras.cmake
[4.351s] -- Up-to-date: /home/momo/uav_interface_ws/install/uav_control_interfaces/share/uav_control_interfaces/cmake/ament_cmake_export_dependencies-extras.cmake
[4.351s] -- Up-to-date: /home/momo/uav_interface_ws/install/uav_control_interfaces/share/uav_control_interfaces/cmake/ament_cmake_export_libraries-extras.cmake
[4.351s] -- Up-to-date: /home/momo/uav_interface_ws/install/uav_control_interfaces/share/uav_control_interfaces/cmake/ament_cmake_export_targets-extras.cmake
[4.352s] -- Up-to-date: /home/momo/uav_interface_ws/install/uav_control_interfaces/share/uav_control_interfaces/cmake/ament_cmake_export_include_directories-extras.cmake
[4.352s] -- Up-to-date: /home/momo/uav_interface_ws/install/uav_control_interfaces/share/uav_control_interfaces/cmake/rosidl_cmake_export_typesupport_libraries-extras.cmake
[4.352s] -- Up-to-date: /home/momo/uav_interface_ws/install/uav_control_interfaces/share/uav_control_interfaces/cmake/rosidl_cmake_export_typesupport_targets-extras.cmake
[4.354s] -- Up-to-date: /home/momo/uav_interface_ws/install/uav_control_interfaces/share/uav_control_interfaces/cmake/uav_control_interfacesConfig.cmake
[4.355s] -- Up-to-date: /home/momo/uav_interface_ws/install/uav_control_interfaces/share/uav_control_interfaces/cmake/uav_control_interfacesConfig-version.cmake
[4.355s] -- Up-to-date: /home/momo/uav_interface_ws/install/uav_control_interfaces/share/uav_control_interfaces/package.xml
[4.356s] Invoked command in '/home/momo/uav_interface_ws/build/uav_control_interfaces' returned '0': /usr/bin/cmake --install /home/momo/uav_interface_ws/build/uav_control_interfaces
