[0.020s] Invoking command in '/home/momo/uav_interface_ws/build/uav_control_interfaces': /usr/bin/cmake /home/momo/uav_interface_ws/src/uav_control_interfaces -DCATKIN_INSTALL_INTO_PREFIX_ROOT=0 -DCMAKE_INSTALL_PREFIX=/home/momo/uav_interface_ws/install/uav_control_interfaces
[0.137s] -- The C compiler identification is GNU 9.4.0
[0.273s] -- The CXX compiler identification is GNU 9.4.0
[0.289s] -- Check for working C compiler: /usr/bin/cc
[0.467s] -- Check for working C compiler: /usr/bin/cc -- works
[0.469s] -- Detecting C compiler ABI info
[0.634s] -- Detecting C compiler ABI info - done
[0.661s] -- Detecting C compile features
[0.661s] -- Detecting C compile features - done
[0.665s] -- Check for working CXX compiler: /usr/bin/c++
[0.901s] -- Check for working CXX compiler: /usr/bin/c++ -- works
[0.907s] -- Detecting CXX compiler ABI info
[1.135s] -- Detecting CXX compiler ABI info - done
[1.179s] -- Detecting CXX compile features
[1.180s] -- Detecting CXX compile features - done
[1.182s] -- Found ament_cmake: 0.9.12 (/opt/ros/foxy/share/ament_cmake/cmake)
[1.238s] -- Found PythonInterp: /usr/bin/python3 (found suitable version "3.8.10", minimum required is "3") 
[1.239s] -- Using PYTHON_EXECUTABLE: /usr/bin/python3
[1.556s] -- Found rosidl_default_generators: 1.0.1 (/opt/ros/foxy/share/rosidl_default_generators/cmake)
[1.561s] -- Using all available rosidl_typesupport_c: rosidl_typesupport_fastrtps_c;rosidl_typesupport_introspection_c
[1.571s] -- Found rosidl_adapter: 1.3.1 (/opt/ros/foxy/share/rosidl_adapter/cmake)
[1.794s] -- Found OpenSSL: /usr/lib/x86_64-linux-gnu/libcrypto.so (found version "1.1.1f")  
[1.848s] -- Found FastRTPS: /opt/ros/foxy/include  
[2.004s] -- Using all available rosidl_typesupport_cpp: rosidl_typesupport_fastrtps_cpp;rosidl_typesupport_introspection_cpp
[2.092s] -- Found PythonInterp: /usr/bin/python3 (found version "3.8.10") 
[2.399s] -- Found ament_cmake_ros: 0.9.2 (/opt/ros/foxy/share/ament_cmake_ros/cmake)
[2.596s] -- Using all available rosidl_typesupport_c: rosidl_typesupport_fastrtps_c;rosidl_typesupport_introspection_c
[2.633s] -- Using all available rosidl_typesupport_cpp: rosidl_typesupport_fastrtps_cpp;rosidl_typesupport_introspection_cpp
[2.696s] -- Found PythonInterp: /usr/bin/python3 (found suitable version "3.8.10", minimum required is "3.5") 
[2.700s] -- Found python_cmake_module: 0.8.1 (/opt/ros/foxy/share/python_cmake_module/cmake)
[2.756s] -- Found PythonLibs: /usr/lib/x86_64-linux-gnu/libpython3.8.so (found suitable version "3.8.10", minimum required is "3.5") 
[2.756s] -- Using PYTHON_EXECUTABLE: /usr/bin/python3
[2.757s] -- Using PYTHON_INCLUDE_DIRS: /usr/include/python3.8
[2.757s] -- Using PYTHON_LIBRARIES: /usr/lib/x86_64-linux-gnu/libpython3.8.so
[2.785s] -- Found PythonExtra: .so  
[2.920s] -- Configuring done
[2.993s] -- Generating done
[2.997s] CMake Warning:
[2.997s]   Manually-specified variables were not used by the project:
[2.997s] 
[2.998s]     CATKIN_INSTALL_INTO_PREFIX_ROOT
[2.998s] 
[2.998s] 
[2.999s] -- Build files have been written to: /home/momo/uav_interface_ws/build/uav_control_interfaces
[3.027s] Invoked command in '/home/momo/uav_interface_ws/build/uav_control_interfaces' returned '0': /usr/bin/cmake /home/momo/uav_interface_ws/src/uav_control_interfaces -DCATKIN_INSTALL_INTO_PREFIX_ROOT=0 -DCMAKE_INSTALL_PREFIX=/home/momo/uav_interface_ws/install/uav_control_interfaces
[3.032s] Invoking command in '/home/momo/uav_interface_ws/build/uav_control_interfaces': /usr/bin/cmake --build /home/momo/uav_interface_ws/build/uav_control_interfaces -- -j8 -l8
[3.174s] [35m[1mScanning dependencies of target uav_control_interfaces__cpp[0m
[3.175s] [  3%] [34m[1mGenerating C code for ROS interfaces[0m
[3.212s] [  6%] [34m[1mGenerating C++ code for ROS interfaces[0m
[4.006s] [  6%] Built target uav_control_interfaces__cpp
[4.017s] [  9%] [34m[1mGenerating C++ type support for eProsima Fast-RTPS[0m
[4.018s] [ 16%] [34m[1mGenerating C++ introspection for ROS interfaces[0m
[4.018s] [ 16%] [34m[1mGenerating C++ type support dispatch for ROS interfaces[0m
[4.082s] [35m[1mScanning dependencies of target uav_control_interfaces__rosidl_generator_c[0m
[4.101s] [ 19%] [32mBuilding C object CMakeFiles/uav_control_interfaces__rosidl_generator_c.dir/rosidl_generator_c/uav_control_interfaces/action/detail/flight__functions.c.o[0m
[4.330s] [ 22%] [32m[1mLinking C shared library libuav_control_interfaces__rosidl_generator_c.so[0m
[4.400s] [ 22%] Built target uav_control_interfaces__rosidl_generator_c
[4.421s] [ 25%] [34m[1mGenerating C introspection for ROS interfaces[0m
[4.435s] [ 29%] [34m[1mGenerating C type support dispatch for ROS interfaces[0m
[4.579s] [35m[1mScanning dependencies of target uav_control_interfaces__rosidl_typesupport_cpp[0m
[4.633s] [ 32%] [32mBuilding CXX object CMakeFiles/uav_control_interfaces__rosidl_typesupport_cpp.dir/rosidl_typesupport_cpp/uav_control_interfaces/action/flight__type_support.cpp.o[0m
[4.776s] [35m[1mScanning dependencies of target uav_control_interfaces__rosidl_typesupport_introspection_cpp[0m
[4.791s] [35m[1mScanning dependencies of target uav_control_interfaces__rosidl_typesupport_fastrtps_cpp[0m
[4.793s] [ 35%] [32mBuilding CXX object CMakeFiles/uav_control_interfaces__rosidl_typesupport_introspection_cpp.dir/rosidl_typesupport_introspection_cpp/uav_control_interfaces/action/detail/flight__type_support.cpp.o[0m
[4.816s] [ 38%] [32mBuilding CXX object CMakeFiles/uav_control_interfaces__rosidl_typesupport_fastrtps_cpp.dir/rosidl_typesupport_fastrtps_cpp/uav_control_interfaces/action/detail/dds_fastrtps/flight__type_support.cpp.o[0m
[5.037s] [35m[1mScanning dependencies of target uav_control_interfaces__rosidl_typesupport_c[0m
[5.057s] [ 41%] [32m[1mLinking CXX shared library libuav_control_interfaces__rosidl_typesupport_cpp.so[0m
[5.075s] [ 45%] [32mBuilding CXX object CMakeFiles/uav_control_interfaces__rosidl_typesupport_c.dir/rosidl_typesupport_c/uav_control_interfaces/action/flight__type_support.cpp.o[0m
[5.131s] [ 45%] Built target uav_control_interfaces__rosidl_typesupport_cpp
[5.147s] [35m[1mScanning dependencies of target uav_control_interfaces__rosidl_typesupport_introspection_c[0m
[5.156s] [ 48%] [32m[1mLinking CXX shared library libuav_control_interfaces__rosidl_typesupport_c.so[0m
[5.178s] [ 51%] [32mBuilding C object CMakeFiles/uav_control_interfaces__rosidl_typesupport_introspection_c.dir/rosidl_typesupport_introspection_c/uav_control_interfaces/action/detail/flight__type_support.c.o[0m
[5.192s] [ 54%] [32m[1mLinking CXX shared library libuav_control_interfaces__rosidl_typesupport_introspection_cpp.so[0m
[5.235s] [ 58%] [32m[1mLinking C shared library libuav_control_interfaces__rosidl_typesupport_introspection_c.so[0m
[5.237s] [ 58%] Built target uav_control_interfaces__rosidl_typesupport_c
[5.278s] [ 58%] Built target uav_control_interfaces__rosidl_typesupport_introspection_c
[5.296s] [ 58%] Built target uav_control_interfaces__rosidl_typesupport_introspection_cpp
[5.436s] [ 61%] [32m[1mLinking CXX shared library libuav_control_interfaces__rosidl_typesupport_fastrtps_cpp.so[0m
[5.615s] [ 61%] Built target uav_control_interfaces__rosidl_typesupport_fastrtps_cpp
[5.637s] [ 64%] [34m[1mGenerating C type support for eProsima Fast-RTPS[0m
[6.435s] [35m[1mScanning dependencies of target uav_control_interfaces__rosidl_typesupport_fastrtps_c[0m
[6.491s] [ 67%] [32mBuilding CXX object CMakeFiles/uav_control_interfaces__rosidl_typesupport_fastrtps_c.dir/rosidl_typesupport_fastrtps_c/uav_control_interfaces/action/detail/flight__type_support_c.cpp.o[0m
[7.059s] [ 70%] [32m[1mLinking CXX shared library libuav_control_interfaces__rosidl_typesupport_fastrtps_c.so[0m
[7.239s] [ 70%] Built target uav_control_interfaces__rosidl_typesupport_fastrtps_c
[7.255s] [35m[1mScanning dependencies of target uav_control_interfaces[0m
[7.285s] [ 70%] Built target uav_control_interfaces
[7.312s] [35m[1mScanning dependencies of target uav_control_interfaces__py[0m
[7.347s] [ 74%] [34m[1mGenerating Python code for ROS interfaces[0m
[9.030s] [ 74%] Built target uav_control_interfaces__py
[9.045s] [35m[1mScanning dependencies of target uav_control_interfaces__python[0m
[9.076s] [ 77%] [32mBuilding C object CMakeFiles/uav_control_interfaces__python.dir/rosidl_generator_py/uav_control_interfaces/action/_flight_s.c.o[0m
[9.292s] [ 80%] [32m[1mLinking C shared library rosidl_generator_py/uav_control_interfaces/libuav_control_interfaces__python.so[0m
[9.384s] [ 80%] Built target uav_control_interfaces__python
[9.403s] [35m[1mScanning dependencies of target uav_control_interfaces__rosidl_typesupport_c__pyext[0m
[9.416s] [35m[1mScanning dependencies of target uav_control_interfaces__rosidl_typesupport_introspection_c__pyext[0m
[9.423s] [35m[1mScanning dependencies of target uav_control_interfaces__rosidl_typesupport_fastrtps_c__pyext[0m
[9.447s] [ 83%] [32mBuilding C object CMakeFiles/uav_control_interfaces__rosidl_typesupport_c__pyext.dir/rosidl_generator_py/uav_control_interfaces/_uav_control_interfaces_s.ep.rosidl_typesupport_c.c.o[0m
[9.459s] [ 87%] [32mBuilding C object CMakeFiles/uav_control_interfaces__rosidl_typesupport_introspection_c__pyext.dir/rosidl_generator_py/uav_control_interfaces/_uav_control_interfaces_s.ep.rosidl_typesupport_introspection_c.c.o[0m
[9.461s] [ 90%] [32mBuilding C object CMakeFiles/uav_control_interfaces__rosidl_typesupport_fastrtps_c__pyext.dir/rosidl_generator_py/uav_control_interfaces/_uav_control_interfaces_s.ep.rosidl_typesupport_fastrtps_c.c.o[0m
[9.601s] [ 93%] [32m[1mLinking C shared library rosidl_generator_py/uav_control_interfaces/uav_control_interfaces_s__rosidl_typesupport_introspection_c.cpython-38-x86_64-linux-gnu.so[0m
[9.627s] [ 96%] [32m[1mLinking C shared library rosidl_generator_py/uav_control_interfaces/uav_control_interfaces_s__rosidl_typesupport_c.cpython-38-x86_64-linux-gnu.so[0m
[9.637s] [100%] [32m[1mLinking CXX shared library rosidl_generator_py/uav_control_interfaces/uav_control_interfaces_s__rosidl_typesupport_fastrtps_c.cpython-38-x86_64-linux-gnu.so[0m
[9.687s] [100%] Built target uav_control_interfaces__rosidl_typesupport_c__pyext
[9.704s] [100%] Built target uav_control_interfaces__rosidl_typesupport_introspection_c__pyext
[9.752s] [100%] Built target uav_control_interfaces__rosidl_typesupport_fastrtps_c__pyext
[9.789s] Invoked command in '/home/momo/uav_interface_ws/build/uav_control_interfaces' returned '0': /usr/bin/cmake --build /home/momo/uav_interface_ws/build/uav_control_interfaces -- -j8 -l8
[10.228s] Invoking command in '/home/momo/uav_interface_ws/build/uav_control_interfaces': /usr/bin/cmake --install /home/momo/uav_interface_ws/build/uav_control_interfaces
[10.258s] -- Install configuration: ""
[10.258s] -- Installing: /home/momo/uav_interface_ws/install/uav_control_interfaces/share/ament_index/resource_index/rosidl_interfaces/uav_control_interfaces
[10.259s] -- Installing: /home/momo/uav_interface_ws/install/uav_control_interfaces/include/uav_control_interfaces
[10.259s] -- Installing: /home/momo/uav_interface_ws/install/uav_control_interfaces/include/uav_control_interfaces/action
[10.260s] -- Installing: /home/momo/uav_interface_ws/install/uav_control_interfaces/include/uav_control_interfaces/action/flight.h
[10.260s] -- Installing: /home/momo/uav_interface_ws/install/uav_control_interfaces/include/uav_control_interfaces/action/detail
[10.261s] -- Installing: /home/momo/uav_interface_ws/install/uav_control_interfaces/include/uav_control_interfaces/action/detail/flight__functions.h
[10.261s] -- Installing: /home/momo/uav_interface_ws/install/uav_control_interfaces/include/uav_control_interfaces/action/detail/flight__functions.c
[10.262s] -- Installing: /home/momo/uav_interface_ws/install/uav_control_interfaces/include/uav_control_interfaces/action/detail/flight__type_support.h
[10.262s] -- Installing: /home/momo/uav_interface_ws/install/uav_control_interfaces/include/uav_control_interfaces/action/detail/flight__struct.h
[10.263s] -- Installing: /home/momo/uav_interface_ws/install/uav_control_interfaces/include/uav_control_interfaces/msg
[10.263s] -- Installing: /home/momo/uav_interface_ws/install/uav_control_interfaces/include/uav_control_interfaces/msg/rosidl_generator_c__visibility_control.h
[10.263s] -- Installing: /home/momo/uav_interface_ws/install/uav_control_interfaces/share/uav_control_interfaces/environment/library_path.sh
[10.264s] -- Installing: /home/momo/uav_interface_ws/install/uav_control_interfaces/share/uav_control_interfaces/environment/library_path.dsv
[10.264s] -- Installing: /home/momo/uav_interface_ws/install/uav_control_interfaces/lib/libuav_control_interfaces__rosidl_generator_c.so
[10.265s] -- Set runtime path of "/home/momo/uav_interface_ws/install/uav_control_interfaces/lib/libuav_control_interfaces__rosidl_generator_c.so" to ""
[10.265s] -- Up-to-date: /home/momo/uav_interface_ws/install/uav_control_interfaces/include/uav_control_interfaces
[10.266s] -- Up-to-date: /home/momo/uav_interface_ws/install/uav_control_interfaces/include/uav_control_interfaces/action
[10.266s] -- Up-to-date: /home/momo/uav_interface_ws/install/uav_control_interfaces/include/uav_control_interfaces/action/detail
[10.267s] -- Installing: /home/momo/uav_interface_ws/install/uav_control_interfaces/include/uav_control_interfaces/action/detail/flight__rosidl_typesupport_fastrtps_c.h
[10.267s] -- Up-to-date: /home/momo/uav_interface_ws/install/uav_control_interfaces/include/uav_control_interfaces/msg
[10.268s] -- Installing: /home/momo/uav_interface_ws/install/uav_control_interfaces/include/uav_control_interfaces/msg/rosidl_typesupport_fastrtps_c__visibility_control.h
[10.268s] -- Installing: /home/momo/uav_interface_ws/install/uav_control_interfaces/lib/libuav_control_interfaces__rosidl_typesupport_fastrtps_c.so
[10.268s] -- Set runtime path of "/home/momo/uav_interface_ws/install/uav_control_interfaces/lib/libuav_control_interfaces__rosidl_typesupport_fastrtps_c.so" to ""
[10.269s] -- Up-to-date: /home/momo/uav_interface_ws/install/uav_control_interfaces/include/uav_control_interfaces
[10.269s] -- Up-to-date: /home/momo/uav_interface_ws/install/uav_control_interfaces/include/uav_control_interfaces/action
[10.270s] -- Up-to-date: /home/momo/uav_interface_ws/install/uav_control_interfaces/include/uav_control_interfaces/action/detail
[10.270s] -- Installing: /home/momo/uav_interface_ws/install/uav_control_interfaces/include/uav_control_interfaces/action/detail/dds_fastrtps
[10.271s] -- Installing: /home/momo/uav_interface_ws/install/uav_control_interfaces/include/uav_control_interfaces/action/detail/flight__rosidl_typesupport_fastrtps_cpp.hpp
[10.271s] -- Up-to-date: /home/momo/uav_interface_ws/install/uav_control_interfaces/include/uav_control_interfaces/msg
[10.271s] -- Installing: /home/momo/uav_interface_ws/install/uav_control_interfaces/include/uav_control_interfaces/msg/rosidl_typesupport_fastrtps_cpp__visibility_control.h
[10.272s] -- Installing: /home/momo/uav_interface_ws/install/uav_control_interfaces/lib/libuav_control_interfaces__rosidl_typesupport_fastrtps_cpp.so
[10.272s] -- Set runtime path of "/home/momo/uav_interface_ws/install/uav_control_interfaces/lib/libuav_control_interfaces__rosidl_typesupport_fastrtps_cpp.so" to ""
[10.272s] -- Up-to-date: /home/momo/uav_interface_ws/install/uav_control_interfaces/include/uav_control_interfaces
[10.273s] -- Up-to-date: /home/momo/uav_interface_ws/install/uav_control_interfaces/include/uav_control_interfaces/action
[10.273s] -- Up-to-date: /home/momo/uav_interface_ws/install/uav_control_interfaces/include/uav_control_interfaces/action/detail
[10.274s] -- Installing: /home/momo/uav_interface_ws/install/uav_control_interfaces/include/uav_control_interfaces/action/detail/flight__type_support.c
[10.274s] -- Installing: /home/momo/uav_interface_ws/install/uav_control_interfaces/include/uav_control_interfaces/action/detail/flight__rosidl_typesupport_introspection_c.h
[10.274s] -- Up-to-date: /home/momo/uav_interface_ws/install/uav_control_interfaces/include/uav_control_interfaces/msg
[10.275s] -- Installing: /home/momo/uav_interface_ws/install/uav_control_interfaces/include/uav_control_interfaces/msg/rosidl_typesupport_introspection_c__visibility_control.h
[10.275s] -- Installing: /home/momo/uav_interface_ws/install/uav_control_interfaces/lib/libuav_control_interfaces__rosidl_typesupport_introspection_c.so
[10.276s] -- Set runtime path of "/home/momo/uav_interface_ws/install/uav_control_interfaces/lib/libuav_control_interfaces__rosidl_typesupport_introspection_c.so" to ""
[10.276s] -- Installing: /home/momo/uav_interface_ws/install/uav_control_interfaces/lib/libuav_control_interfaces__rosidl_typesupport_c.so
[10.277s] -- Set runtime path of "/home/momo/uav_interface_ws/install/uav_control_interfaces/lib/libuav_control_interfaces__rosidl_typesupport_c.so" to ""
[10.277s] -- Up-to-date: /home/momo/uav_interface_ws/install/uav_control_interfaces/include/uav_control_interfaces
[10.277s] -- Up-to-date: /home/momo/uav_interface_ws/install/uav_control_interfaces/include/uav_control_interfaces/action
[10.278s] -- Installing: /home/momo/uav_interface_ws/install/uav_control_interfaces/include/uav_control_interfaces/action/flight.hpp
[10.278s] -- Up-to-date: /home/momo/uav_interface_ws/install/uav_control_interfaces/include/uav_control_interfaces/action/detail
[10.278s] -- Installing: /home/momo/uav_interface_ws/install/uav_control_interfaces/include/uav_control_interfaces/action/detail/flight__struct.hpp
[10.278s] -- Installing: /home/momo/uav_interface_ws/install/uav_control_interfaces/include/uav_control_interfaces/action/detail/flight__builder.hpp
[10.279s] -- Installing: /home/momo/uav_interface_ws/install/uav_control_interfaces/include/uav_control_interfaces/action/detail/flight__traits.hpp
[10.279s] -- Installing: /home/momo/uav_interface_ws/install/uav_control_interfaces/include/uav_control_interfaces/action/detail/flight__type_support.hpp
[10.280s] -- Up-to-date: /home/momo/uav_interface_ws/install/uav_control_interfaces/include/uav_control_interfaces/msg
[10.280s] -- Installing: /home/momo/uav_interface_ws/install/uav_control_interfaces/include/uav_control_interfaces/msg/rosidl_generator_cpp__visibility_control.hpp
[10.280s] -- Up-to-date: /home/momo/uav_interface_ws/install/uav_control_interfaces/include/uav_control_interfaces
[10.280s] -- Up-to-date: /home/momo/uav_interface_ws/install/uav_control_interfaces/include/uav_control_interfaces/action
[10.281s] -- Up-to-date: /home/momo/uav_interface_ws/install/uav_control_interfaces/include/uav_control_interfaces/action/detail
[10.281s] -- Installing: /home/momo/uav_interface_ws/install/uav_control_interfaces/include/uav_control_interfaces/action/detail/flight__rosidl_typesupport_introspection_cpp.hpp
[10.281s] -- Installing: /home/momo/uav_interface_ws/install/uav_control_interfaces/include/uav_control_interfaces/action/detail/flight__type_support.cpp
[10.281s] -- Installing: /home/momo/uav_interface_ws/install/uav_control_interfaces/lib/libuav_control_interfaces__rosidl_typesupport_introspection_cpp.so
[10.282s] -- Set runtime path of "/home/momo/uav_interface_ws/install/uav_control_interfaces/lib/libuav_control_interfaces__rosidl_typesupport_introspection_cpp.so" to ""
[10.282s] -- Installing: /home/momo/uav_interface_ws/install/uav_control_interfaces/lib/libuav_control_interfaces__rosidl_typesupport_cpp.so
[10.282s] -- Set runtime path of "/home/momo/uav_interface_ws/install/uav_control_interfaces/lib/libuav_control_interfaces__rosidl_typesupport_cpp.so" to ""
[10.282s] -- Installing: /home/momo/uav_interface_ws/install/uav_control_interfaces/share/uav_control_interfaces/environment/pythonpath.sh
[10.283s] -- Installing: /home/momo/uav_interface_ws/install/uav_control_interfaces/share/uav_control_interfaces/environment/pythonpath.dsv
[10.283s] -- Installing: /home/momo/uav_interface_ws/install/uav_control_interfaces/lib/python3.8/site-packages/uav_control_interfaces/__init__.py
[10.327s] Compiling '/home/momo/uav_interface_ws/install/uav_control_interfaces/lib/python3.8/site-packages/uav_control_interfaces/__init__.py'...
[10.334s] -- Installing: /home/momo/uav_interface_ws/install/uav_control_interfaces/lib/python3.8/site-packages/uav_control_interfaces/action
[10.334s] -- Installing: /home/momo/uav_interface_ws/install/uav_control_interfaces/lib/python3.8/site-packages/uav_control_interfaces/action/_flight.py
[10.335s] -- Installing: /home/momo/uav_interface_ws/install/uav_control_interfaces/lib/python3.8/site-packages/uav_control_interfaces/action/__init__.py
[10.335s] -- Installing: /home/momo/uav_interface_ws/install/uav_control_interfaces/lib/python3.8/site-packages/uav_control_interfaces/action/_flight_s.c
[10.337s] -- Installing: /home/momo/uav_interface_ws/install/uav_control_interfaces/lib/python3.8/site-packages/uav_control_interfaces/uav_control_interfaces_s__rosidl_typesupport_fastrtps_c.cpython-38-x86_64-linux-gnu.so
[10.340s] -- Set runtime path of "/home/momo/uav_interface_ws/install/uav_control_interfaces/lib/python3.8/site-packages/uav_control_interfaces/uav_control_interfaces_s__rosidl_typesupport_fastrtps_c.cpython-38-x86_64-linux-gnu.so" to ""
[10.341s] -- Installing: /home/momo/uav_interface_ws/install/uav_control_interfaces/lib/python3.8/site-packages/uav_control_interfaces/uav_control_interfaces_s__rosidl_typesupport_introspection_c.cpython-38-x86_64-linux-gnu.so
[10.343s] -- Set runtime path of "/home/momo/uav_interface_ws/install/uav_control_interfaces/lib/python3.8/site-packages/uav_control_interfaces/uav_control_interfaces_s__rosidl_typesupport_introspection_c.cpython-38-x86_64-linux-gnu.so" to ""
[10.344s] -- Installing: /home/momo/uav_interface_ws/install/uav_control_interfaces/lib/python3.8/site-packages/uav_control_interfaces/uav_control_interfaces_s__rosidl_typesupport_c.cpython-38-x86_64-linux-gnu.so
[10.346s] -- Set runtime path of "/home/momo/uav_interface_ws/install/uav_control_interfaces/lib/python3.8/site-packages/uav_control_interfaces/uav_control_interfaces_s__rosidl_typesupport_c.cpython-38-x86_64-linux-gnu.so" to ""
[10.347s] -- Installing: /home/momo/uav_interface_ws/install/uav_control_interfaces/lib/libuav_control_interfaces__python.so
[10.349s] -- Set runtime path of "/home/momo/uav_interface_ws/install/uav_control_interfaces/lib/libuav_control_interfaces__python.so" to ""
[10.350s] -- Installing: /home/momo/uav_interface_ws/install/uav_control_interfaces/share/uav_control_interfaces/action/Flight.idl
[10.350s] -- Installing: /home/momo/uav_interface_ws/install/uav_control_interfaces/share/uav_control_interfaces/action/Flight.action
[10.351s] -- Installing: /home/momo/uav_interface_ws/install/uav_control_interfaces/share/ament_index/resource_index/package_run_dependencies/uav_control_interfaces
[10.352s] -- Installing: /home/momo/uav_interface_ws/install/uav_control_interfaces/share/ament_index/resource_index/parent_prefix_path/uav_control_interfaces
[10.352s] -- Installing: /home/momo/uav_interface_ws/install/uav_control_interfaces/share/uav_control_interfaces/environment/ament_prefix_path.sh
[10.352s] -- Installing: /home/momo/uav_interface_ws/install/uav_control_interfaces/share/uav_control_interfaces/environment/ament_prefix_path.dsv
[10.353s] -- Installing: /home/momo/uav_interface_ws/install/uav_control_interfaces/share/uav_control_interfaces/environment/path.sh
[10.353s] -- Installing: /home/momo/uav_interface_ws/install/uav_control_interfaces/share/uav_control_interfaces/environment/path.dsv
[10.354s] -- Installing: /home/momo/uav_interface_ws/install/uav_control_interfaces/share/uav_control_interfaces/local_setup.bash
[10.354s] -- Installing: /home/momo/uav_interface_ws/install/uav_control_interfaces/share/uav_control_interfaces/local_setup.sh
[10.354s] -- Installing: /home/momo/uav_interface_ws/install/uav_control_interfaces/share/uav_control_interfaces/local_setup.zsh
[10.355s] -- Installing: /home/momo/uav_interface_ws/install/uav_control_interfaces/share/uav_control_interfaces/local_setup.dsv
[10.355s] -- Installing: /home/momo/uav_interface_ws/install/uav_control_interfaces/share/uav_control_interfaces/package.dsv
[10.356s] -- Installing: /home/momo/uav_interface_ws/install/uav_control_interfaces/share/ament_index/resource_index/packages/uav_control_interfaces
[10.356s] -- Installing: /home/momo/uav_interface_ws/install/uav_control_interfaces/share/uav_control_interfaces/cmake/uav_control_interfaces__rosidl_generator_cExport.cmake
[10.357s] -- Installing: /home/momo/uav_interface_ws/install/uav_control_interfaces/share/uav_control_interfaces/cmake/uav_control_interfaces__rosidl_generator_cExport-noconfig.cmake
[10.357s] -- Installing: /home/momo/uav_interface_ws/install/uav_control_interfaces/share/uav_control_interfaces/cmake/uav_control_interfaces__rosidl_typesupport_introspection_cExport.cmake
[10.358s] -- Installing: /home/momo/uav_interface_ws/install/uav_control_interfaces/share/uav_control_interfaces/cmake/uav_control_interfaces__rosidl_typesupport_introspection_cExport-noconfig.cmake
[10.358s] -- Installing: /home/momo/uav_interface_ws/install/uav_control_interfaces/share/uav_control_interfaces/cmake/uav_control_interfaces__rosidl_typesupport_cExport.cmake
[10.358s] -- Installing: /home/momo/uav_interface_ws/install/uav_control_interfaces/share/uav_control_interfaces/cmake/uav_control_interfaces__rosidl_typesupport_cExport-noconfig.cmake
[10.359s] -- Installing: /home/momo/uav_interface_ws/install/uav_control_interfaces/share/uav_control_interfaces/cmake/uav_control_interfaces__rosidl_generator_cppExport.cmake
[10.359s] -- Installing: /home/momo/uav_interface_ws/install/uav_control_interfaces/share/uav_control_interfaces/cmake/uav_control_interfaces__rosidl_typesupport_introspection_cppExport.cmake
[10.360s] -- Installing: /home/momo/uav_interface_ws/install/uav_control_interfaces/share/uav_control_interfaces/cmake/uav_control_interfaces__rosidl_typesupport_introspection_cppExport-noconfig.cmake
[10.360s] -- Installing: /home/momo/uav_interface_ws/install/uav_control_interfaces/share/uav_control_interfaces/cmake/uav_control_interfaces__rosidl_typesupport_cppExport.cmake
[10.360s] -- Installing: /home/momo/uav_interface_ws/install/uav_control_interfaces/share/uav_control_interfaces/cmake/uav_control_interfaces__rosidl_typesupport_cppExport-noconfig.cmake
[10.360s] -- Installing: /home/momo/uav_interface_ws/install/uav_control_interfaces/share/uav_control_interfaces/cmake/rosidl_cmake-extras.cmake
[10.361s] -- Installing: /home/momo/uav_interface_ws/install/uav_control_interfaces/share/uav_control_interfaces/cmake/ament_cmake_export_dependencies-extras.cmake
[10.361s] -- Installing: /home/momo/uav_interface_ws/install/uav_control_interfaces/share/uav_control_interfaces/cmake/ament_cmake_export_libraries-extras.cmake
[10.362s] -- Installing: /home/momo/uav_interface_ws/install/uav_control_interfaces/share/uav_control_interfaces/cmake/ament_cmake_export_targets-extras.cmake
[10.362s] -- Installing: /home/momo/uav_interface_ws/install/uav_control_interfaces/share/uav_control_interfaces/cmake/ament_cmake_export_include_directories-extras.cmake
[10.362s] -- Installing: /home/momo/uav_interface_ws/install/uav_control_interfaces/share/uav_control_interfaces/cmake/rosidl_cmake_export_typesupport_libraries-extras.cmake
[10.363s] -- Installing: /home/momo/uav_interface_ws/install/uav_control_interfaces/share/uav_control_interfaces/cmake/rosidl_cmake_export_typesupport_targets-extras.cmake
[10.363s] -- Installing: /home/momo/uav_interface_ws/install/uav_control_interfaces/share/uav_control_interfaces/cmake/uav_control_interfacesConfig.cmake
[10.363s] -- Installing: /home/momo/uav_interface_ws/install/uav_control_interfaces/share/uav_control_interfaces/cmake/uav_control_interfacesConfig-version.cmake
[10.364s] -- Installing: /home/momo/uav_interface_ws/install/uav_control_interfaces/share/uav_control_interfaces/package.xml
[10.367s] Invoked command in '/home/momo/uav_interface_ws/build/uav_control_interfaces' returned '0': /usr/bin/cmake --install /home/momo/uav_interface_ws/build/uav_control_interfaces
