[0.031s] Invoking command in '/home/momo/action_ws/UAV/build/uav_control_interfaces': /usr/bin/cmake /home/momo/action_ws/UAV/uav_interface_ws/src/uav_control_interfaces -DCATKIN_INSTALL_INTO_PREFIX_ROOT=0 -DCMAKE_INSTALL_PREFIX=/home/momo/action_ws/UAV/install/uav_control_interfaces
[0.187s] -- The C compiler identification is GNU 9.4.0
[0.341s] -- The CXX compiler identification is GNU 9.4.0
[0.360s] -- Check for working C compiler: /usr/bin/cc
[0.580s] -- Check for working C compiler: /usr/bin/cc -- works
[0.585s] -- Detecting C compiler ABI info
[0.814s] -- Detecting C compiler ABI info - done
[0.857s] -- Detecting C compile features
[0.857s] -- Detecting C compile features - done
[0.861s] -- Check for working CXX compiler: /usr/bin/c++
[1.078s] -- Check for working CXX compiler: /usr/bin/c++ -- works
[1.079s] -- Detecting CXX compiler ABI info
[1.299s] -- Detecting CXX compiler ABI info - done
[1.320s] -- Detecting CXX compile features
[1.321s] -- Detecting CXX compile features - done
[1.324s] -- Found ament_cmake: 0.9.12 (/opt/ros/foxy/share/ament_cmake/cmake)
[1.380s] -- Found PythonInterp: /usr/bin/python3 (found suitable version "3.8.10", minimum required is "3") 
[1.381s] -- Using PYTHON_EXECUTABLE: /usr/bin/python3
[1.676s] -- Found rosidl_default_generators: 1.0.1 (/opt/ros/foxy/share/rosidl_default_generators/cmake)
[1.682s] -- Using all available rosidl_typesupport_c: rosidl_typesupport_fastrtps_c;rosidl_typesupport_introspection_c
[1.691s] -- Found rosidl_adapter: 1.3.1 (/opt/ros/foxy/share/rosidl_adapter/cmake)
[1.952s] -- Found OpenSSL: /usr/lib/x86_64-linux-gnu/libcrypto.so (found version "1.1.1f")  
[2.002s] -- Found FastRTPS: /opt/ros/foxy/include  
[2.121s] -- Using all available rosidl_typesupport_cpp: rosidl_typesupport_fastrtps_cpp;rosidl_typesupport_introspection_cpp
[2.216s] -- Found PythonInterp: /usr/bin/python3 (found version "3.8.10") 
[2.616s] -- Found ament_cmake_ros: 0.9.2 (/opt/ros/foxy/share/ament_cmake_ros/cmake)
[2.814s] -- Using all available rosidl_typesupport_c: rosidl_typesupport_fastrtps_c;rosidl_typesupport_introspection_c
[2.853s] -- Using all available rosidl_typesupport_cpp: rosidl_typesupport_fastrtps_cpp;rosidl_typesupport_introspection_cpp
[2.914s] -- Found PythonInterp: /usr/bin/python3 (found suitable version "3.8.10", minimum required is "3.5") 
[2.917s] -- Found python_cmake_module: 0.8.1 (/opt/ros/foxy/share/python_cmake_module/cmake)
[2.967s] -- Found PythonLibs: /usr/lib/x86_64-linux-gnu/libpython3.8.so (found suitable version "3.8.10", minimum required is "3.5") 
[2.967s] -- Using PYTHON_EXECUTABLE: /usr/bin/python3
[2.968s] -- Using PYTHON_INCLUDE_DIRS: /usr/include/python3.8
[2.968s] -- Using PYTHON_LIBRARIES: /usr/lib/x86_64-linux-gnu/libpython3.8.so
[2.994s] -- Found PythonExtra: .so  
[3.131s] -- Configuring done
[3.209s] -- Generating done
[3.213s] CMake Warning:
[3.214s]   Manually-specified variables were not used by the project:
[3.214s] 
[3.215s]     CATKIN_INSTALL_INTO_PREFIX_ROOT
[3.215s] 
[3.215s] 
[3.216s] -- Build files have been written to: /home/momo/action_ws/UAV/build/uav_control_interfaces
[3.225s] Invoked command in '/home/momo/action_ws/UAV/build/uav_control_interfaces' returned '0': /usr/bin/cmake /home/momo/action_ws/UAV/uav_interface_ws/src/uav_control_interfaces -DCATKIN_INSTALL_INTO_PREFIX_ROOT=0 -DCMAKE_INSTALL_PREFIX=/home/momo/action_ws/UAV/install/uav_control_interfaces
[3.239s] Invoking command in '/home/momo/action_ws/UAV/build/uav_control_interfaces': /usr/bin/cmake --build /home/momo/action_ws/UAV/build/uav_control_interfaces -- -j8 -l8
[3.369s] [35m[1mScanning dependencies of target uav_control_interfaces__cpp[0m
[3.371s] [  3%] [34m[1mGenerating C code for ROS interfaces[0m
[3.409s] [  6%] [34m[1mGenerating C++ code for ROS interfaces[0m
[4.219s] [  6%] Built target uav_control_interfaces__cpp
[4.232s] [  9%] [34m[1mGenerating C++ introspection for ROS interfaces[0m
[4.239s] [ 12%] [34m[1mGenerating C++ type support dispatch for ROS interfaces[0m
[4.241s] [ 16%] [34m[1mGenerating C++ type support for eProsima Fast-RTPS[0m
[4.274s] [35m[1mScanning dependencies of target uav_control_interfaces__rosidl_generator_c[0m
[4.293s] [ 19%] [32mBuilding C object CMakeFiles/uav_control_interfaces__rosidl_generator_c.dir/rosidl_generator_c/uav_control_interfaces/action/detail/flight__functions.c.o[0m
[4.480s] [ 22%] [32m[1mLinking C shared library libuav_control_interfaces__rosidl_generator_c.so[0m
[4.566s] [ 22%] Built target uav_control_interfaces__rosidl_generator_c
[4.586s] [ 25%] [34m[1mGenerating C introspection for ROS interfaces[0m
[4.601s] [ 29%] [34m[1mGenerating C type support dispatch for ROS interfaces[0m
[4.780s] [35m[1mScanning dependencies of target uav_control_interfaces__rosidl_typesupport_cpp[0m
[4.812s] [ 32%] [32mBuilding CXX object CMakeFiles/uav_control_interfaces__rosidl_typesupport_cpp.dir/rosidl_typesupport_cpp/uav_control_interfaces/action/flight__type_support.cpp.o[0m
[4.907s] [35m[1mScanning dependencies of target uav_control_interfaces__rosidl_typesupport_introspection_cpp[0m
[4.947s] [ 35%] [32mBuilding CXX object CMakeFiles/uav_control_interfaces__rosidl_typesupport_introspection_cpp.dir/rosidl_typesupport_introspection_cpp/uav_control_interfaces/action/detail/flight__type_support.cpp.o[0m
[5.030s] [35m[1mScanning dependencies of target uav_control_interfaces__rosidl_typesupport_fastrtps_cpp[0m
[5.060s] [ 38%] [32mBuilding CXX object CMakeFiles/uav_control_interfaces__rosidl_typesupport_fastrtps_cpp.dir/rosidl_typesupport_fastrtps_cpp/uav_control_interfaces/action/detail/dds_fastrtps/flight__type_support.cpp.o[0m
[5.154s] [35m[1mScanning dependencies of target uav_control_interfaces__rosidl_typesupport_c[0m
[5.174s] [ 41%] [32mBuilding CXX object CMakeFiles/uav_control_interfaces__rosidl_typesupport_c.dir/rosidl_typesupport_c/uav_control_interfaces/action/flight__type_support.cpp.o[0m
[5.243s] [ 45%] [32m[1mLinking CXX shared library libuav_control_interfaces__rosidl_typesupport_c.so[0m
[5.245s] [ 48%] [32m[1mLinking CXX shared library libuav_control_interfaces__rosidl_typesupport_cpp.so[0m
[5.280s] [35m[1mScanning dependencies of target uav_control_interfaces__rosidl_typesupport_introspection_c[0m
[5.299s] [ 51%] [32mBuilding C object CMakeFiles/uav_control_interfaces__rosidl_typesupport_introspection_c.dir/rosidl_typesupport_introspection_c/uav_control_interfaces/action/detail/flight__type_support.c.o[0m
[5.301s] [ 51%] Built target uav_control_interfaces__rosidl_typesupport_cpp
[5.303s] [ 51%] Built target uav_control_interfaces__rosidl_typesupport_c
[5.407s] [ 54%] [32m[1mLinking C shared library libuav_control_interfaces__rosidl_typesupport_introspection_c.so[0m
[5.437s] [ 58%] [32m[1mLinking CXX shared library libuav_control_interfaces__rosidl_typesupport_introspection_cpp.so[0m
[5.487s] [ 58%] Built target uav_control_interfaces__rosidl_typesupport_introspection_c
[5.590s] [ 58%] Built target uav_control_interfaces__rosidl_typesupport_introspection_cpp
[5.694s] [ 61%] [32m[1mLinking CXX shared library libuav_control_interfaces__rosidl_typesupport_fastrtps_cpp.so[0m
[5.878s] [ 61%] Built target uav_control_interfaces__rosidl_typesupport_fastrtps_cpp
[5.900s] [ 64%] [34m[1mGenerating C type support for eProsima Fast-RTPS[0m
[6.698s] [35m[1mScanning dependencies of target uav_control_interfaces__rosidl_typesupport_fastrtps_c[0m
[6.733s] [ 67%] [32mBuilding CXX object CMakeFiles/uav_control_interfaces__rosidl_typesupport_fastrtps_c.dir/rosidl_typesupport_fastrtps_c/uav_control_interfaces/action/detail/flight__type_support_c.cpp.o[0m
[7.307s] [ 70%] [32m[1mLinking CXX shared library libuav_control_interfaces__rosidl_typesupport_fastrtps_c.so[0m
[7.505s] [ 70%] Built target uav_control_interfaces__rosidl_typesupport_fastrtps_c
[7.524s] [35m[1mScanning dependencies of target uav_control_interfaces[0m
[7.538s] [ 70%] Built target uav_control_interfaces
[7.587s] [35m[1mScanning dependencies of target uav_control_interfaces__py[0m
[7.606s] [ 74%] [34m[1mGenerating Python code for ROS interfaces[0m
[9.222s] [ 74%] Built target uav_control_interfaces__py
[9.239s] [35m[1mScanning dependencies of target uav_control_interfaces__python[0m
[9.289s] [ 77%] [32mBuilding C object CMakeFiles/uav_control_interfaces__python.dir/rosidl_generator_py/uav_control_interfaces/action/_flight_s.c.o[0m
[9.484s] [ 80%] [32m[1mLinking C shared library rosidl_generator_py/uav_control_interfaces/libuav_control_interfaces__python.so[0m
[9.603s] [ 80%] Built target uav_control_interfaces__python
[9.628s] [35m[1mScanning dependencies of target uav_control_interfaces__rosidl_typesupport_fastrtps_c__pyext[0m
[9.633s] [35m[1mScanning dependencies of target uav_control_interfaces__rosidl_typesupport_c__pyext[0m
[9.636s] [35m[1mScanning dependencies of target uav_control_interfaces__rosidl_typesupport_introspection_c__pyext[0m
[9.664s] [ 83%] [32mBuilding C object CMakeFiles/uav_control_interfaces__rosidl_typesupport_c__pyext.dir/rosidl_generator_py/uav_control_interfaces/_uav_control_interfaces_s.ep.rosidl_typesupport_c.c.o[0m
[9.665s] [ 87%] [32mBuilding C object CMakeFiles/uav_control_interfaces__rosidl_typesupport_fastrtps_c__pyext.dir/rosidl_generator_py/uav_control_interfaces/_uav_control_interfaces_s.ep.rosidl_typesupport_fastrtps_c.c.o[0m
[9.684s] [ 90%] [32mBuilding C object CMakeFiles/uav_control_interfaces__rosidl_typesupport_introspection_c__pyext.dir/rosidl_generator_py/uav_control_interfaces/_uav_control_interfaces_s.ep.rosidl_typesupport_introspection_c.c.o[0m
[9.828s] [ 93%] [32m[1mLinking C shared library rosidl_generator_py/uav_control_interfaces/uav_control_interfaces_s__rosidl_typesupport_c.cpython-38-x86_64-linux-gnu.so[0m
[9.842s] [ 96%] [32m[1mLinking CXX shared library rosidl_generator_py/uav_control_interfaces/uav_control_interfaces_s__rosidl_typesupport_fastrtps_c.cpython-38-x86_64-linux-gnu.so[0m
[9.843s] [100%] [32m[1mLinking C shared library rosidl_generator_py/uav_control_interfaces/uav_control_interfaces_s__rosidl_typesupport_introspection_c.cpython-38-x86_64-linux-gnu.so[0m
[9.933s] [100%] Built target uav_control_interfaces__rosidl_typesupport_c__pyext
[9.939s] [100%] Built target uav_control_interfaces__rosidl_typesupport_introspection_c__pyext
[9.966s] [100%] Built target uav_control_interfaces__rosidl_typesupport_fastrtps_c__pyext
[9.981s] Invoked command in '/home/momo/action_ws/UAV/build/uav_control_interfaces' returned '0': /usr/bin/cmake --build /home/momo/action_ws/UAV/build/uav_control_interfaces -- -j8 -l8
[10.233s] Invoking command in '/home/momo/action_ws/UAV/build/uav_control_interfaces': /usr/bin/cmake --install /home/momo/action_ws/UAV/build/uav_control_interfaces
[10.245s] -- Install configuration: ""
[10.245s] -- Installing: /home/momo/action_ws/UAV/install/uav_control_interfaces/share/ament_index/resource_index/rosidl_interfaces/uav_control_interfaces
[10.246s] -- Installing: /home/momo/action_ws/UAV/install/uav_control_interfaces/include/uav_control_interfaces
[10.246s] -- Installing: /home/momo/action_ws/UAV/install/uav_control_interfaces/include/uav_control_interfaces/action
[10.246s] -- Installing: /home/momo/action_ws/UAV/install/uav_control_interfaces/include/uav_control_interfaces/action/flight.h
[10.246s] -- Installing: /home/momo/action_ws/UAV/install/uav_control_interfaces/include/uav_control_interfaces/action/detail
[10.246s] -- Installing: /home/momo/action_ws/UAV/install/uav_control_interfaces/include/uav_control_interfaces/action/detail/flight__functions.h
[10.246s] -- Installing: /home/momo/action_ws/UAV/install/uav_control_interfaces/include/uav_control_interfaces/action/detail/flight__functions.c
[10.247s] -- Installing: /home/momo/action_ws/UAV/install/uav_control_interfaces/include/uav_control_interfaces/action/detail/flight__type_support.h
[10.247s] -- Installing: /home/momo/action_ws/UAV/install/uav_control_interfaces/include/uav_control_interfaces/action/detail/flight__struct.h
[10.247s] -- Installing: /home/momo/action_ws/UAV/install/uav_control_interfaces/include/uav_control_interfaces/msg
[10.247s] -- Installing: /home/momo/action_ws/UAV/install/uav_control_interfaces/include/uav_control_interfaces/msg/rosidl_generator_c__visibility_control.h
[10.247s] -- Installing: /home/momo/action_ws/UAV/install/uav_control_interfaces/share/uav_control_interfaces/environment/library_path.sh
[10.247s] -- Installing: /home/momo/action_ws/UAV/install/uav_control_interfaces/share/uav_control_interfaces/environment/library_path.dsv
[10.247s] -- Installing: /home/momo/action_ws/UAV/install/uav_control_interfaces/lib/libuav_control_interfaces__rosidl_generator_c.so
[10.248s] -- Set runtime path of "/home/momo/action_ws/UAV/install/uav_control_interfaces/lib/libuav_control_interfaces__rosidl_generator_c.so" to ""
[10.248s] -- Up-to-date: /home/momo/action_ws/UAV/install/uav_control_interfaces/include/uav_control_interfaces
[10.248s] -- Up-to-date: /home/momo/action_ws/UAV/install/uav_control_interfaces/include/uav_control_interfaces/action
[10.248s] -- Up-to-date: /home/momo/action_ws/UAV/install/uav_control_interfaces/include/uav_control_interfaces/action/detail
[10.248s] -- Installing: /home/momo/action_ws/UAV/install/uav_control_interfaces/include/uav_control_interfaces/action/detail/flight__rosidl_typesupport_fastrtps_c.h
[10.249s] -- Up-to-date: /home/momo/action_ws/UAV/install/uav_control_interfaces/include/uav_control_interfaces/msg
[10.249s] -- Installing: /home/momo/action_ws/UAV/install/uav_control_interfaces/include/uav_control_interfaces/msg/rosidl_typesupport_fastrtps_c__visibility_control.h
[10.249s] -- Installing: /home/momo/action_ws/UAV/install/uav_control_interfaces/lib/libuav_control_interfaces__rosidl_typesupport_fastrtps_c.so
[10.249s] -- Set runtime path of "/home/momo/action_ws/UAV/install/uav_control_interfaces/lib/libuav_control_interfaces__rosidl_typesupport_fastrtps_c.so" to ""
[10.249s] -- Up-to-date: /home/momo/action_ws/UAV/install/uav_control_interfaces/include/uav_control_interfaces
[10.249s] -- Up-to-date: /home/momo/action_ws/UAV/install/uav_control_interfaces/include/uav_control_interfaces/action
[10.250s] -- Up-to-date: /home/momo/action_ws/UAV/install/uav_control_interfaces/include/uav_control_interfaces/action/detail
[10.250s] -- Installing: /home/momo/action_ws/UAV/install/uav_control_interfaces/include/uav_control_interfaces/action/detail/dds_fastrtps
[10.250s] -- Installing: /home/momo/action_ws/UAV/install/uav_control_interfaces/include/uav_control_interfaces/action/detail/flight__rosidl_typesupport_fastrtps_cpp.hpp
[10.250s] -- Up-to-date: /home/momo/action_ws/UAV/install/uav_control_interfaces/include/uav_control_interfaces/msg
[10.250s] -- Installing: /home/momo/action_ws/UAV/install/uav_control_interfaces/include/uav_control_interfaces/msg/rosidl_typesupport_fastrtps_cpp__visibility_control.h
[10.250s] -- Installing: /home/momo/action_ws/UAV/install/uav_control_interfaces/lib/libuav_control_interfaces__rosidl_typesupport_fastrtps_cpp.so
[10.251s] -- Set runtime path of "/home/momo/action_ws/UAV/install/uav_control_interfaces/lib/libuav_control_interfaces__rosidl_typesupport_fastrtps_cpp.so" to ""
[10.252s] -- Up-to-date: /home/momo/action_ws/UAV/install/uav_control_interfaces/include/uav_control_interfaces
[10.252s] -- Up-to-date: /home/momo/action_ws/UAV/install/uav_control_interfaces/include/uav_control_interfaces/action
[10.252s] -- Up-to-date: /home/momo/action_ws/UAV/install/uav_control_interfaces/include/uav_control_interfaces/action/detail
[10.252s] -- Installing: /home/momo/action_ws/UAV/install/uav_control_interfaces/include/uav_control_interfaces/action/detail/flight__type_support.c
[10.252s] -- Installing: /home/momo/action_ws/UAV/install/uav_control_interfaces/include/uav_control_interfaces/action/detail/flight__rosidl_typesupport_introspection_c.h
[10.253s] -- Up-to-date: /home/momo/action_ws/UAV/install/uav_control_interfaces/include/uav_control_interfaces/msg
[10.253s] -- Installing: /home/momo/action_ws/UAV/install/uav_control_interfaces/include/uav_control_interfaces/msg/rosidl_typesupport_introspection_c__visibility_control.h
[10.253s] -- Installing: /home/momo/action_ws/UAV/install/uav_control_interfaces/lib/libuav_control_interfaces__rosidl_typesupport_introspection_c.so
[10.254s] -- Set runtime path of "/home/momo/action_ws/UAV/install/uav_control_interfaces/lib/libuav_control_interfaces__rosidl_typesupport_introspection_c.so" to ""
[10.254s] -- Installing: /home/momo/action_ws/UAV/install/uav_control_interfaces/lib/libuav_control_interfaces__rosidl_typesupport_c.so
[10.255s] -- Set runtime path of "/home/momo/action_ws/UAV/install/uav_control_interfaces/lib/libuav_control_interfaces__rosidl_typesupport_c.so" to ""
[10.256s] -- Up-to-date: /home/momo/action_ws/UAV/install/uav_control_interfaces/include/uav_control_interfaces
[10.256s] -- Up-to-date: /home/momo/action_ws/UAV/install/uav_control_interfaces/include/uav_control_interfaces/action
[10.256s] -- Installing: /home/momo/action_ws/UAV/install/uav_control_interfaces/include/uav_control_interfaces/action/flight.hpp
[10.256s] -- Up-to-date: /home/momo/action_ws/UAV/install/uav_control_interfaces/include/uav_control_interfaces/action/detail
[10.256s] -- Installing: /home/momo/action_ws/UAV/install/uav_control_interfaces/include/uav_control_interfaces/action/detail/flight__struct.hpp
[10.256s] -- Installing: /home/momo/action_ws/UAV/install/uav_control_interfaces/include/uav_control_interfaces/action/detail/flight__builder.hpp
[10.257s] -- Installing: /home/momo/action_ws/UAV/install/uav_control_interfaces/include/uav_control_interfaces/action/detail/flight__traits.hpp
[10.257s] -- Installing: /home/momo/action_ws/UAV/install/uav_control_interfaces/include/uav_control_interfaces/action/detail/flight__type_support.hpp
[10.257s] -- Up-to-date: /home/momo/action_ws/UAV/install/uav_control_interfaces/include/uav_control_interfaces/msg
[10.257s] -- Installing: /home/momo/action_ws/UAV/install/uav_control_interfaces/include/uav_control_interfaces/msg/rosidl_generator_cpp__visibility_control.hpp
[10.258s] -- Up-to-date: /home/momo/action_ws/UAV/install/uav_control_interfaces/include/uav_control_interfaces
[10.258s] -- Up-to-date: /home/momo/action_ws/UAV/install/uav_control_interfaces/include/uav_control_interfaces/action
[10.258s] -- Up-to-date: /home/momo/action_ws/UAV/install/uav_control_interfaces/include/uav_control_interfaces/action/detail
[10.258s] -- Installing: /home/momo/action_ws/UAV/install/uav_control_interfaces/include/uav_control_interfaces/action/detail/flight__rosidl_typesupport_introspection_cpp.hpp
[10.258s] -- Installing: /home/momo/action_ws/UAV/install/uav_control_interfaces/include/uav_control_interfaces/action/detail/flight__type_support.cpp
[10.259s] -- Installing: /home/momo/action_ws/UAV/install/uav_control_interfaces/lib/libuav_control_interfaces__rosidl_typesupport_introspection_cpp.so
[10.259s] -- Set runtime path of "/home/momo/action_ws/UAV/install/uav_control_interfaces/lib/libuav_control_interfaces__rosidl_typesupport_introspection_cpp.so" to ""
[10.260s] -- Installing: /home/momo/action_ws/UAV/install/uav_control_interfaces/lib/libuav_control_interfaces__rosidl_typesupport_cpp.so
[10.260s] -- Set runtime path of "/home/momo/action_ws/UAV/install/uav_control_interfaces/lib/libuav_control_interfaces__rosidl_typesupport_cpp.so" to ""
[10.261s] -- Installing: /home/momo/action_ws/UAV/install/uav_control_interfaces/share/uav_control_interfaces/environment/pythonpath.sh
[10.261s] -- Installing: /home/momo/action_ws/UAV/install/uav_control_interfaces/share/uav_control_interfaces/environment/pythonpath.dsv
[10.261s] -- Installing: /home/momo/action_ws/UAV/install/uav_control_interfaces/lib/python3.8/site-packages/uav_control_interfaces/__init__.py
[10.327s] Compiling '/home/momo/action_ws/UAV/install/uav_control_interfaces/lib/python3.8/site-packages/uav_control_interfaces/__init__.py'...
[10.334s] -- Installing: /home/momo/action_ws/UAV/install/uav_control_interfaces/lib/python3.8/site-packages/uav_control_interfaces/action
[10.335s] -- Installing: /home/momo/action_ws/UAV/install/uav_control_interfaces/lib/python3.8/site-packages/uav_control_interfaces/action/_flight.py
[10.335s] -- Installing: /home/momo/action_ws/UAV/install/uav_control_interfaces/lib/python3.8/site-packages/uav_control_interfaces/action/__init__.py
[10.335s] -- Installing: /home/momo/action_ws/UAV/install/uav_control_interfaces/lib/python3.8/site-packages/uav_control_interfaces/action/_flight_s.c
[10.336s] -- Installing: /home/momo/action_ws/UAV/install/uav_control_interfaces/lib/python3.8/site-packages/uav_control_interfaces/uav_control_interfaces_s__rosidl_typesupport_fastrtps_c.cpython-38-x86_64-linux-gnu.so
[10.338s] -- Set runtime path of "/home/momo/action_ws/UAV/install/uav_control_interfaces/lib/python3.8/site-packages/uav_control_interfaces/uav_control_interfaces_s__rosidl_typesupport_fastrtps_c.cpython-38-x86_64-linux-gnu.so" to ""
[10.339s] -- Installing: /home/momo/action_ws/UAV/install/uav_control_interfaces/lib/python3.8/site-packages/uav_control_interfaces/uav_control_interfaces_s__rosidl_typesupport_introspection_c.cpython-38-x86_64-linux-gnu.so
[10.341s] -- Set runtime path of "/home/momo/action_ws/UAV/install/uav_control_interfaces/lib/python3.8/site-packages/uav_control_interfaces/uav_control_interfaces_s__rosidl_typesupport_introspection_c.cpython-38-x86_64-linux-gnu.so" to ""
[10.342s] -- Installing: /home/momo/action_ws/UAV/install/uav_control_interfaces/lib/python3.8/site-packages/uav_control_interfaces/uav_control_interfaces_s__rosidl_typesupport_c.cpython-38-x86_64-linux-gnu.so
[10.344s] -- Set runtime path of "/home/momo/action_ws/UAV/install/uav_control_interfaces/lib/python3.8/site-packages/uav_control_interfaces/uav_control_interfaces_s__rosidl_typesupport_c.cpython-38-x86_64-linux-gnu.so" to ""
[10.345s] -- Installing: /home/momo/action_ws/UAV/install/uav_control_interfaces/lib/libuav_control_interfaces__python.so
[10.346s] -- Set runtime path of "/home/momo/action_ws/UAV/install/uav_control_interfaces/lib/libuav_control_interfaces__python.so" to ""
[10.347s] -- Installing: /home/momo/action_ws/UAV/install/uav_control_interfaces/share/uav_control_interfaces/action/Flight.idl
[10.347s] -- Installing: /home/momo/action_ws/UAV/install/uav_control_interfaces/share/uav_control_interfaces/action/Flight.action
[10.348s] -- Installing: /home/momo/action_ws/UAV/install/uav_control_interfaces/share/ament_index/resource_index/package_run_dependencies/uav_control_interfaces
[10.349s] -- Installing: /home/momo/action_ws/UAV/install/uav_control_interfaces/share/ament_index/resource_index/parent_prefix_path/uav_control_interfaces
[10.349s] -- Installing: /home/momo/action_ws/UAV/install/uav_control_interfaces/share/uav_control_interfaces/environment/ament_prefix_path.sh
[10.350s] -- Installing: /home/momo/action_ws/UAV/install/uav_control_interfaces/share/uav_control_interfaces/environment/ament_prefix_path.dsv
[10.350s] -- Installing: /home/momo/action_ws/UAV/install/uav_control_interfaces/share/uav_control_interfaces/environment/path.sh
[10.350s] -- Installing: /home/momo/action_ws/UAV/install/uav_control_interfaces/share/uav_control_interfaces/environment/path.dsv
[10.351s] -- Installing: /home/momo/action_ws/UAV/install/uav_control_interfaces/share/uav_control_interfaces/local_setup.bash
[10.351s] -- Installing: /home/momo/action_ws/UAV/install/uav_control_interfaces/share/uav_control_interfaces/local_setup.sh
[10.352s] -- Installing: /home/momo/action_ws/UAV/install/uav_control_interfaces/share/uav_control_interfaces/local_setup.zsh
[10.353s] -- Installing: /home/momo/action_ws/UAV/install/uav_control_interfaces/share/uav_control_interfaces/local_setup.dsv
[10.353s] -- Installing: /home/momo/action_ws/UAV/install/uav_control_interfaces/share/uav_control_interfaces/package.dsv
[10.353s] -- Installing: /home/momo/action_ws/UAV/install/uav_control_interfaces/share/ament_index/resource_index/packages/uav_control_interfaces
[10.354s] -- Installing: /home/momo/action_ws/UAV/install/uav_control_interfaces/share/uav_control_interfaces/cmake/uav_control_interfaces__rosidl_generator_cExport.cmake
[10.354s] -- Installing: /home/momo/action_ws/UAV/install/uav_control_interfaces/share/uav_control_interfaces/cmake/uav_control_interfaces__rosidl_generator_cExport-noconfig.cmake
[10.355s] -- Installing: /home/momo/action_ws/UAV/install/uav_control_interfaces/share/uav_control_interfaces/cmake/uav_control_interfaces__rosidl_typesupport_introspection_cExport.cmake
[10.355s] -- Installing: /home/momo/action_ws/UAV/install/uav_control_interfaces/share/uav_control_interfaces/cmake/uav_control_interfaces__rosidl_typesupport_introspection_cExport-noconfig.cmake
[10.356s] -- Installing: /home/momo/action_ws/UAV/install/uav_control_interfaces/share/uav_control_interfaces/cmake/uav_control_interfaces__rosidl_typesupport_cExport.cmake
[10.357s] -- Installing: /home/momo/action_ws/UAV/install/uav_control_interfaces/share/uav_control_interfaces/cmake/uav_control_interfaces__rosidl_typesupport_cExport-noconfig.cmake
[10.357s] -- Installing: /home/momo/action_ws/UAV/install/uav_control_interfaces/share/uav_control_interfaces/cmake/uav_control_interfaces__rosidl_generator_cppExport.cmake
[10.358s] -- Installing: /home/momo/action_ws/UAV/install/uav_control_interfaces/share/uav_control_interfaces/cmake/uav_control_interfaces__rosidl_typesupport_introspection_cppExport.cmake
[10.358s] -- Installing: /home/momo/action_ws/UAV/install/uav_control_interfaces/share/uav_control_interfaces/cmake/uav_control_interfaces__rosidl_typesupport_introspection_cppExport-noconfig.cmake
[10.359s] -- Installing: /home/momo/action_ws/UAV/install/uav_control_interfaces/share/uav_control_interfaces/cmake/uav_control_interfaces__rosidl_typesupport_cppExport.cmake
[10.359s] -- Installing: /home/momo/action_ws/UAV/install/uav_control_interfaces/share/uav_control_interfaces/cmake/uav_control_interfaces__rosidl_typesupport_cppExport-noconfig.cmake
[10.360s] -- Installing: /home/momo/action_ws/UAV/install/uav_control_interfaces/share/uav_control_interfaces/cmake/rosidl_cmake-extras.cmake
[10.360s] -- Installing: /home/momo/action_ws/UAV/install/uav_control_interfaces/share/uav_control_interfaces/cmake/ament_cmake_export_dependencies-extras.cmake
[10.361s] -- Installing: /home/momo/action_ws/UAV/install/uav_control_interfaces/share/uav_control_interfaces/cmake/ament_cmake_export_libraries-extras.cmake
[10.361s] -- Installing: /home/momo/action_ws/UAV/install/uav_control_interfaces/share/uav_control_interfaces/cmake/ament_cmake_export_targets-extras.cmake
[10.362s] -- Installing: /home/momo/action_ws/UAV/install/uav_control_interfaces/share/uav_control_interfaces/cmake/ament_cmake_export_include_directories-extras.cmake
[10.362s] -- Installing: /home/momo/action_ws/UAV/install/uav_control_interfaces/share/uav_control_interfaces/cmake/rosidl_cmake_export_typesupport_libraries-extras.cmake
[10.362s] -- Installing: /home/momo/action_ws/UAV/install/uav_control_interfaces/share/uav_control_interfaces/cmake/rosidl_cmake_export_typesupport_targets-extras.cmake
[10.363s] -- Installing: /home/momo/action_ws/UAV/install/uav_control_interfaces/share/uav_control_interfaces/cmake/uav_control_interfacesConfig.cmake
[10.363s] -- Installing: /home/momo/action_ws/UAV/install/uav_control_interfaces/share/uav_control_interfaces/cmake/uav_control_interfacesConfig-version.cmake
[10.363s] -- Installing: /home/momo/action_ws/UAV/install/uav_control_interfaces/share/uav_control_interfaces/package.xml
[10.367s] Invoked command in '/home/momo/action_ws/UAV/build/uav_control_interfaces' returned '0': /usr/bin/cmake --install /home/momo/action_ws/UAV/build/uav_control_interfaces
