[0.361s] DEBUG:colcon:Command line arguments: ['/usr/bin/colcon', 'build', '--packages-select', 'ugv_control', '--cmake-clean-cache']
[0.361s] DEBUG:colcon:Parsed command line arguments: Namespace(allow_overriding=[], ament_cmake_args=None, base_paths=['.'], build_base='build', catkin_cmake_args=None, catkin_skip_building_tests=False, cmake_args=None, cmake_clean_cache=True, cmake_clean_first=False, cmake_force_configure=False, cmake_target=None, cmake_target_skip_unavailable=False, continue_on_error=False, event_handlers=None, executor='parallel', ignore_user_meta=False, install_base='install', log_base=None, log_level=None, main=<bound method BuildVerb.main of <colcon_core.verb.build.BuildVerb object at 0x7f2df3b714f0>>, merge_install=False, metas=['./colcon.meta'], mixin=None, mixin_files=None, mixin_verb=('build',), packages_above=None, packages_above_and_dependencies=None, packages_above_depth=None, packages_end=None, packages_ignore=None, packages_ignore_regex=None, packages_select=['ugv_control'], packages_select_build_failed=False, packages_select_by_dep=None, packages_select_regex=None, packages_select_test_failures=False, packages_skip=None, packages_skip_build_finished=False, packages_skip_by_dep=None, packages_skip_regex=None, packages_skip_test_passed=False, packages_skip_up_to=None, packages_start=None, packages_up_to=None, packages_up_to_regex=None, parallel_workers=8, paths=None, symlink_install=False, test_result_base=None, verb_extension=<colcon_core.verb.build.BuildVerb object at 0x7f2df3b714f0>, verb_name='build', verb_parser=<colcon_mixin.mixin.mixin_argument.MixinArgumentDecorator object at 0x7f2df3b71ac0>)
[0.587s] Level 1:colcon.colcon_core.package_discovery:discover_packages(colcon_meta) check parameters
[0.587s] Level 1:colcon.colcon_core.package_discovery:discover_packages(recursive) check parameters
[0.587s] Level 1:colcon.colcon_core.package_discovery:discover_packages(ignore) check parameters
[0.587s] Level 1:colcon.colcon_core.package_discovery:discover_packages(path) check parameters
[0.587s] Level 1:colcon.colcon_core.package_discovery:discover_packages(colcon_meta) discover
[0.587s] Level 1:colcon.colcon_core.package_discovery:discover_packages(recursive) discover
[0.587s] INFO:colcon.colcon_core.package_discovery:Crawling recursively for packages in '/home/momo/ugv_ws'
[0.587s] Level 1:colcon.colcon_core.package_identification:_identify(.) by extensions ['ignore', 'ignore_ament_install']
[0.587s] Level 1:colcon.colcon_core.package_identification:_identify(.) by extension 'ignore'
[0.587s] Level 1:colcon.colcon_core.package_identification:_identify(.) by extension 'ignore_ament_install'
[0.587s] Level 1:colcon.colcon_core.package_identification:_identify(.) by extensions ['colcon_pkg']
[0.588s] Level 1:colcon.colcon_core.package_identification:_identify(.) by extension 'colcon_pkg'
[0.588s] Level 1:colcon.colcon_core.package_identification:_identify(.) by extensions ['colcon_meta']
[0.588s] Level 1:colcon.colcon_core.package_identification:_identify(.) by extension 'colcon_meta'
[0.588s] Level 1:colcon.colcon_core.package_identification:_identify(.) by extensions ['ros']
[0.588s] Level 1:colcon.colcon_core.package_identification:_identify(.) by extension 'ros'
[0.610s] Level 1:colcon.colcon_core.package_identification:_identify(.) by extensions ['cmake', 'python']
[0.610s] Level 1:colcon.colcon_core.package_identification:_identify(.) by extension 'cmake'
[0.611s] Level 1:colcon.colcon_core.package_identification:_identify(.) by extension 'python'
[0.611s] Level 1:colcon.colcon_core.package_identification:_identify(.) by extensions ['python_setup_py']
[0.611s] Level 1:colcon.colcon_core.package_identification:_identify(.) by extension 'python_setup_py'
[0.611s] Level 1:colcon.colcon_core.package_identification:_identify(build) by extensions ['ignore', 'ignore_ament_install']
[0.611s] Level 1:colcon.colcon_core.package_identification:_identify(build) by extension 'ignore'
[0.611s] Level 1:colcon.colcon_core.package_identification:_identify(build) ignored
[0.611s] Level 1:colcon.colcon_core.package_identification:_identify(install) by extensions ['ignore', 'ignore_ament_install']
[0.612s] Level 1:colcon.colcon_core.package_identification:_identify(install) by extension 'ignore'
[0.612s] Level 1:colcon.colcon_core.package_identification:_identify(install) ignored
[0.612s] Level 1:colcon.colcon_core.package_identification:_identify(log) by extensions ['ignore', 'ignore_ament_install']
[0.612s] Level 1:colcon.colcon_core.package_identification:_identify(log) by extension 'ignore'
[0.612s] Level 1:colcon.colcon_core.package_identification:_identify(log) ignored
[0.612s] Level 1:colcon.colcon_core.package_identification:_identify(src) by extensions ['ignore', 'ignore_ament_install']
[0.612s] Level 1:colcon.colcon_core.package_identification:_identify(src) by extension 'ignore'
[0.612s] Level 1:colcon.colcon_core.package_identification:_identify(src) by extension 'ignore_ament_install'
[0.613s] Level 1:colcon.colcon_core.package_identification:_identify(src) by extensions ['colcon_pkg']
[0.613s] Level 1:colcon.colcon_core.package_identification:_identify(src) by extension 'colcon_pkg'
[0.613s] Level 1:colcon.colcon_core.package_identification:_identify(src) by extensions ['colcon_meta']
[0.613s] Level 1:colcon.colcon_core.package_identification:_identify(src) by extension 'colcon_meta'
[0.613s] Level 1:colcon.colcon_core.package_identification:_identify(src) by extensions ['ros']
[0.613s] Level 1:colcon.colcon_core.package_identification:_identify(src) by extension 'ros'
[0.613s] Level 1:colcon.colcon_core.package_identification:_identify(src) by extensions ['cmake', 'python']
[0.613s] Level 1:colcon.colcon_core.package_identification:_identify(src) by extension 'cmake'
[0.613s] Level 1:colcon.colcon_core.package_identification:_identify(src) by extension 'python'
[0.613s] Level 1:colcon.colcon_core.package_identification:_identify(src) by extensions ['python_setup_py']
[0.613s] Level 1:colcon.colcon_core.package_identification:_identify(src) by extension 'python_setup_py'
[0.614s] Level 1:colcon.colcon_core.package_identification:_identify(src/ugv_control) by extensions ['ignore', 'ignore_ament_install']
[0.614s] Level 1:colcon.colcon_core.package_identification:_identify(src/ugv_control) by extension 'ignore'
[0.614s] Level 1:colcon.colcon_core.package_identification:_identify(src/ugv_control) by extension 'ignore_ament_install'
[0.614s] Level 1:colcon.colcon_core.package_identification:_identify(src/ugv_control) by extensions ['colcon_pkg']
[0.614s] Level 1:colcon.colcon_core.package_identification:_identify(src/ugv_control) by extension 'colcon_pkg'
[0.614s] Level 1:colcon.colcon_core.package_identification:_identify(src/ugv_control) by extensions ['colcon_meta']
[0.614s] Level 1:colcon.colcon_core.package_identification:_identify(src/ugv_control) by extension 'colcon_meta'
[0.614s] Level 1:colcon.colcon_core.package_identification:_identify(src/ugv_control) by extensions ['ros']
[0.614s] Level 1:colcon.colcon_core.package_identification:_identify(src/ugv_control) by extension 'ros'
[0.619s] DEBUG:colcon.colcon_core.package_identification:Package 'src/ugv_control' with type 'ros.ament_cmake' and name 'ugv_control'
[0.619s] Level 1:colcon.colcon_core.package_discovery:discover_packages(recursive) using defaults
[0.619s] Level 1:colcon.colcon_core.package_discovery:discover_packages(ignore) discover
[0.619s] Level 1:colcon.colcon_core.package_discovery:discover_packages(ignore) using defaults
[0.619s] Level 1:colcon.colcon_core.package_discovery:discover_packages(path) discover
[0.619s] Level 1:colcon.colcon_core.package_discovery:discover_packages(path) using defaults
[0.642s] Level 1:colcon.colcon_core.package_discovery:discover_packages(prefix_path) check parameters
[0.642s] Level 1:colcon.colcon_core.package_discovery:discover_packages(prefix_path) discover
[0.643s] WARNING:colcon.colcon_core.prefix_path.colcon:The path '/home/momo/ros2_ws/install' in the environment variable COLCON_PREFIX_PATH doesn't exist
[0.645s] DEBUG:colcon.colcon_installed_package_information.package_discovery:Found 1 installed packages in /home/momo/ugv_ws/install
[0.645s] DEBUG:colcon.colcon_installed_package_information.package_discovery:Found 1 installed packages in /home/momo/uav_ws/install
[0.646s] DEBUG:colcon.colcon_installed_package_information.package_discovery:Found 1 installed packages in /home/momo/uav_interface_ws/install
[0.647s] DEBUG:colcon.colcon_installed_package_information.package_discovery:Found 1 installed packages in /home/momo/flight/install
[0.649s] DEBUG:colcon.colcon_installed_package_information.package_discovery:Found 327 installed packages in /opt/ros/foxy
[0.652s] Level 1:colcon.colcon_core.package_discovery:discover_packages(prefix_path) using defaults
[0.774s] Level 5:colcon.colcon_core.verb:set package 'ugv_control' build argument 'cmake_args' from command line to 'None'
[0.774s] Level 5:colcon.colcon_core.verb:set package 'ugv_control' build argument 'cmake_target' from command line to 'None'
[0.774s] Level 5:colcon.colcon_core.verb:set package 'ugv_control' build argument 'cmake_target_skip_unavailable' from command line to 'False'
[0.774s] Level 5:colcon.colcon_core.verb:set package 'ugv_control' build argument 'cmake_clean_cache' from command line to 'True'
[0.774s] Level 5:colcon.colcon_core.verb:set package 'ugv_control' build argument 'cmake_clean_first' from command line to 'False'
[0.774s] Level 5:colcon.colcon_core.verb:set package 'ugv_control' build argument 'cmake_force_configure' from command line to 'False'
[0.774s] Level 5:colcon.colcon_core.verb:set package 'ugv_control' build argument 'ament_cmake_args' from command line to 'None'
[0.774s] Level 5:colcon.colcon_core.verb:set package 'ugv_control' build argument 'catkin_cmake_args' from command line to 'None'
[0.774s] Level 5:colcon.colcon_core.verb:set package 'ugv_control' build argument 'catkin_skip_building_tests' from command line to 'False'
[0.774s] DEBUG:colcon.colcon_core.verb:Building package 'ugv_control' with the following arguments: {'ament_cmake_args': None, 'build_base': '/home/momo/ugv_ws/build/ugv_control', 'catkin_cmake_args': None, 'catkin_skip_building_tests': False, 'cmake_args': None, 'cmake_clean_cache': True, 'cmake_clean_first': False, 'cmake_force_configure': False, 'cmake_target': None, 'cmake_target_skip_unavailable': False, 'install_base': '/home/momo/ugv_ws/install/ugv_control', 'merge_install': False, 'path': '/home/momo/ugv_ws/src/ugv_control', 'symlink_install': False, 'test_result_base': None}
[0.774s] INFO:colcon.colcon_core.executor:Executing jobs using 'parallel' executor
[0.776s] DEBUG:colcon.colcon_parallel_executor.executor.parallel:run_until_complete
[0.776s] INFO:colcon.colcon_ros.task.ament_cmake.build:Building ROS package in '/home/momo/ugv_ws/src/ugv_control' with build type 'ament_cmake'
[0.776s] INFO:colcon.colcon_cmake.task.cmake.build:Building CMake package in '/home/momo/ugv_ws/src/ugv_control'
[0.780s] INFO:colcon.colcon_core.plugin_system:Skipping extension 'colcon_core.shell.bat': Not used on non-Windows systems
[0.780s] INFO:colcon.colcon_core.shell:Skip shell extension 'powershell' for command environment: Not usable outside of PowerShell
[0.780s] DEBUG:colcon.colcon_core.shell:Skip shell extension 'dsv' for command environment
[0.805s] DEBUG:colcon.colcon_core.event_handler.log_command:Invoking command in '/home/momo/ugv_ws/build/ugv_control': CMAKE_PREFIX_PATH=/home/momo/ugv_ws/install/ugv_control:/home/momo/uav_ws/install/uav_control:/opt/ros/foxy:/home/momo/uav_interface_ws/install/uav_control_interfaces:/home/momo/uav_interface_ws/install:/home/momo/uav_interface_ws/install /usr/bin/cmake /home/momo/ugv_ws/src/ugv_control -DCMAKE_INSTALL_PREFIX=/home/momo/ugv_ws/install/ugv_control
[4.647s] DEBUG:colcon.colcon_core.event_handler.log_command:Invoked command in '/home/momo/ugv_ws/build/ugv_control' returned '0': CMAKE_PREFIX_PATH=/home/momo/ugv_ws/install/ugv_control:/home/momo/uav_ws/install/uav_control:/opt/ros/foxy:/home/momo/uav_interface_ws/install/uav_control_interfaces:/home/momo/uav_interface_ws/install:/home/momo/uav_interface_ws/install /usr/bin/cmake /home/momo/ugv_ws/src/ugv_control -DCMAKE_INSTALL_PREFIX=/home/momo/ugv_ws/install/ugv_control
[4.650s] DEBUG:colcon.colcon_core.event_handler.log_command:Invoking command in '/home/momo/ugv_ws/build/ugv_control': CMAKE_PREFIX_PATH=/home/momo/ugv_ws/install/ugv_control:/home/momo/uav_ws/install/uav_control:/opt/ros/foxy:/home/momo/uav_interface_ws/install/uav_control_interfaces:/home/momo/uav_interface_ws/install:/home/momo/uav_interface_ws/install /usr/bin/cmake --build /home/momo/ugv_ws/build/ugv_control -- -j8 -l8
[9.054s] DEBUG:colcon.colcon_core.event_handler.log_command:Invoked command in '/home/momo/ugv_ws/build/ugv_control' returned '0': CMAKE_PREFIX_PATH=/home/momo/ugv_ws/install/ugv_control:/home/momo/uav_ws/install/uav_control:/opt/ros/foxy:/home/momo/uav_interface_ws/install/uav_control_interfaces:/home/momo/uav_interface_ws/install:/home/momo/uav_interface_ws/install /usr/bin/cmake --build /home/momo/ugv_ws/build/ugv_control -- -j8 -l8
[9.196s] DEBUG:colcon.colcon_core.event_handler.log_command:Invoking command in '/home/momo/ugv_ws/build/ugv_control': CMAKE_PREFIX_PATH=/home/momo/ugv_ws/install/ugv_control:/home/momo/uav_ws/install/uav_control:/opt/ros/foxy:/home/momo/uav_interface_ws/install/uav_control_interfaces:/home/momo/uav_interface_ws/install:/home/momo/uav_interface_ws/install /usr/bin/cmake --install /home/momo/ugv_ws/build/ugv_control
[9.213s] Level 1:colcon.colcon_core.environment:create_environment_scripts_only(ugv_control)
[9.217s] DEBUG:colcon.colcon_core.event_handler.log_command:Invoked command in '/home/momo/ugv_ws/build/ugv_control' returned '0': CMAKE_PREFIX_PATH=/home/momo/ugv_ws/install/ugv_control:/home/momo/uav_ws/install/uav_control:/opt/ros/foxy:/home/momo/uav_interface_ws/install/uav_control_interfaces:/home/momo/uav_interface_ws/install:/home/momo/uav_interface_ws/install /usr/bin/cmake --install /home/momo/ugv_ws/build/ugv_control
[9.228s] Level 1:colcon.colcon_core.environment:checking '/home/momo/ugv_ws/install/ugv_control' for CMake module files
[9.230s] Level 1:colcon.colcon_core.environment:checking '/home/momo/ugv_ws/install/ugv_control' for CMake config files
[9.231s] Level 1:colcon.colcon_core.shell:create_environment_hook('ugv_control', 'cmake_prefix_path')
[9.232s] INFO:colcon.colcon_core.shell:Creating environment hook '/home/momo/ugv_ws/install/ugv_control/share/ugv_control/hook/cmake_prefix_path.ps1'
[9.235s] INFO:colcon.colcon_core.shell:Creating environment descriptor '/home/momo/ugv_ws/install/ugv_control/share/ugv_control/hook/cmake_prefix_path.dsv'
[9.237s] INFO:colcon.colcon_core.shell:Creating environment hook '/home/momo/ugv_ws/install/ugv_control/share/ugv_control/hook/cmake_prefix_path.sh'
[9.239s] Level 1:colcon.colcon_core.environment:checking '/home/momo/ugv_ws/install/ugv_control/lib'
[9.240s] Level 1:colcon.colcon_core.environment:checking '/home/momo/ugv_ws/install/ugv_control/bin'
[9.240s] Level 1:colcon.colcon_core.environment:checking '/home/momo/ugv_ws/install/ugv_control/lib/pkgconfig/ugv_control.pc'
[9.241s] Level 1:colcon.colcon_core.environment:checking '/home/momo/ugv_ws/install/ugv_control/lib/python3.8/site-packages'
[9.241s] Level 1:colcon.colcon_core.environment:checking '/home/momo/ugv_ws/install/ugv_control/bin'
[9.242s] INFO:colcon.colcon_core.shell:Creating package script '/home/momo/ugv_ws/install/ugv_control/share/ugv_control/package.ps1'
[9.244s] INFO:colcon.colcon_core.shell:Creating package descriptor '/home/momo/ugv_ws/install/ugv_control/share/ugv_control/package.dsv'
[9.245s] INFO:colcon.colcon_core.shell:Creating package script '/home/momo/ugv_ws/install/ugv_control/share/ugv_control/package.sh'
[9.246s] INFO:colcon.colcon_core.shell:Creating package script '/home/momo/ugv_ws/install/ugv_control/share/ugv_control/package.bash'
[9.247s] INFO:colcon.colcon_core.shell:Creating package script '/home/momo/ugv_ws/install/ugv_control/share/ugv_control/package.zsh'
[9.248s] Level 1:colcon.colcon_core.environment:create_file_with_runtime_dependencies(/home/momo/ugv_ws/install/ugv_control/share/colcon-core/packages/ugv_control)
[9.308s] Level 1:colcon.colcon_core.environment:create_environment_scripts_only(ugv_control)
[9.310s] Level 1:colcon.colcon_core.environment:checking '/home/momo/ugv_ws/install/ugv_control' for CMake module files
[9.313s] Level 1:colcon.colcon_core.environment:checking '/home/momo/ugv_ws/install/ugv_control' for CMake config files
[9.314s] Level 1:colcon.colcon_core.shell:create_environment_hook('ugv_control', 'cmake_prefix_path')
[9.315s] INFO:colcon.colcon_core.shell:Creating environment hook '/home/momo/ugv_ws/install/ugv_control/share/ugv_control/hook/cmake_prefix_path.ps1'
[9.317s] INFO:colcon.colcon_core.shell:Creating environment descriptor '/home/momo/ugv_ws/install/ugv_control/share/ugv_control/hook/cmake_prefix_path.dsv'
[9.318s] INFO:colcon.colcon_core.shell:Creating environment hook '/home/momo/ugv_ws/install/ugv_control/share/ugv_control/hook/cmake_prefix_path.sh'
[9.320s] Level 1:colcon.colcon_core.environment:checking '/home/momo/ugv_ws/install/ugv_control/lib'
[9.320s] Level 1:colcon.colcon_core.environment:checking '/home/momo/ugv_ws/install/ugv_control/bin'
[9.321s] Level 1:colcon.colcon_core.environment:checking '/home/momo/ugv_ws/install/ugv_control/lib/pkgconfig/ugv_control.pc'
[9.322s] Level 1:colcon.colcon_core.environment:checking '/home/momo/ugv_ws/install/ugv_control/lib/python3.8/site-packages'
[9.323s] Level 1:colcon.colcon_core.environment:checking '/home/momo/ugv_ws/install/ugv_control/bin'
[9.324s] INFO:colcon.colcon_core.shell:Creating package script '/home/momo/ugv_ws/install/ugv_control/share/ugv_control/package.ps1'
[9.326s] INFO:colcon.colcon_core.shell:Creating package descriptor '/home/momo/ugv_ws/install/ugv_control/share/ugv_control/package.dsv'
[9.328s] INFO:colcon.colcon_core.shell:Creating package script '/home/momo/ugv_ws/install/ugv_control/share/ugv_control/package.sh'
[9.329s] INFO:colcon.colcon_core.shell:Creating package script '/home/momo/ugv_ws/install/ugv_control/share/ugv_control/package.bash'
[9.330s] INFO:colcon.colcon_core.shell:Creating package script '/home/momo/ugv_ws/install/ugv_control/share/ugv_control/package.zsh'
[9.331s] Level 1:colcon.colcon_core.environment:create_file_with_runtime_dependencies(/home/momo/ugv_ws/install/ugv_control/share/colcon-core/packages/ugv_control)
[9.331s] DEBUG:colcon.colcon_parallel_executor.executor.parallel:closing loop
[9.332s] DEBUG:colcon.colcon_parallel_executor.executor.parallel:loop closed
[9.332s] DEBUG:colcon.colcon_parallel_executor.executor.parallel:run_until_complete finished with '0'
[9.332s] DEBUG:colcon.colcon_core.event_reactor:joining thread
[9.355s] INFO:colcon.colcon_core.plugin_system:Skipping extension 'colcon_notification.desktop_notification.terminal_notifier': Not used on non-Darwin systems
[9.355s] INFO:colcon.colcon_core.plugin_system:Skipping extension 'colcon_notification.desktop_notification.win32': Not used on non-Windows systems
[9.356s] INFO:colcon.colcon_notification.desktop_notification:Sending desktop notification using 'notify2'
[9.410s] DEBUG:colcon.colcon_core.event_reactor:joined thread
[9.412s] INFO:colcon.colcon_core.shell:Creating prefix script '/home/momo/ugv_ws/install/local_setup.ps1'
[9.417s] INFO:colcon.colcon_core.shell:Creating prefix util module '/home/momo/ugv_ws/install/_local_setup_util_ps1.py'
[9.426s] INFO:colcon.colcon_core.shell:Creating prefix chain script '/home/momo/ugv_ws/install/setup.ps1'
[9.431s] INFO:colcon.colcon_core.shell:Creating prefix script '/home/momo/ugv_ws/install/local_setup.sh'
[9.433s] INFO:colcon.colcon_core.shell:Creating prefix util module '/home/momo/ugv_ws/install/_local_setup_util_sh.py'
[9.435s] INFO:colcon.colcon_core.shell:Creating prefix chain script '/home/momo/ugv_ws/install/setup.sh'
[9.439s] INFO:colcon.colcon_core.shell:Creating prefix script '/home/momo/ugv_ws/install/local_setup.bash'
[9.440s] INFO:colcon.colcon_core.shell:Creating prefix chain script '/home/momo/ugv_ws/install/setup.bash'
[9.442s] INFO:colcon.colcon_core.shell:Creating prefix script '/home/momo/ugv_ws/install/local_setup.zsh'
[9.443s] INFO:colcon.colcon_core.shell:Creating prefix chain script '/home/momo/ugv_ws/install/setup.zsh'
