[0.023s] Invoking command in '/home/momo/uav_ws/build/uav_control': CMAKE_PREFIX_PATH=/opt/ros/foxy /usr/bin/cmake /home/momo/uav_ws/src/uav_control -DCMAKE_INSTALL_PREFIX=/home/momo/uav_ws/install/uav_control
[0.202s] -- The C compiler identification is GNU 9.4.0
[0.351s] -- The CXX compiler identification is GNU 9.4.0
[0.357s] -- Check for working C compiler: /usr/bin/cc
[0.557s] -- Check for working C compiler: /usr/bin/cc -- works
[0.561s] -- Detecting C compiler ABI info
[0.790s] -- Detecting C compiler ABI info - done
[0.831s] -- Detecting C compile features
[0.832s] -- Detecting C compile features - done
[0.835s] -- Check for working CXX compiler: /usr/bin/c++
[1.045s] -- Check for working CXX compiler: /usr/bin/c++ -- works
[1.051s] -- Detecting CXX compiler ABI info
[1.276s] -- Detecting CXX compiler ABI info - done
[1.315s] -- Detecting CXX compile features
[1.316s] -- Detecting CXX compile features - done
[1.318s] -- Found ament_cmake: 0.9.12 (/opt/ros/foxy/share/ament_cmake/cmake)
[1.372s] -- Found PythonInterp: /usr/bin/python3 (found suitable version "3.8.10", minimum required is "3") 
[1.372s] -- Using PYTHON_EXECUTABLE: /usr/bin/python3
[1.670s] CMake Error at CMakeLists.txt:20 (find_package):
[1.671s]   By not providing "Finduav_control_interfaces.cmake" in CMAKE_MODULE_PATH
[1.671s]   this project has asked CMake to find a package configuration file provided
[1.672s]   by "uav_control_interfaces", but CMake did not find one.
[1.672s] 
[1.672s]   Could not find a package configuration file provided by
[1.673s]   "uav_control_interfaces" with any of the following names:
[1.673s] 
[1.673s]     uav_control_interfacesConfig.cmake
[1.674s]     uav_control_interfaces-config.cmake
[1.674s] 
[1.674s]   Add the installation prefix of "uav_control_interfaces" to
[1.675s]   CMAKE_PREFIX_PATH or set "uav_control_interfaces_DIR" to a directory
[1.675s]   containing one of the above files.  If "uav_control_interfaces" provides a
[1.676s]   separate development package or SDK, be sure it has been installed.
[1.676s] 
[1.676s] 
[1.677s] -- Configuring incomplete, errors occurred!
[1.677s] See also "/home/momo/uav_ws/build/uav_control/CMakeFiles/CMakeOutput.log".
[1.680s] Invoked command in '/home/momo/uav_ws/build/uav_control' returned '1': CMAKE_PREFIX_PATH=/opt/ros/foxy /usr/bin/cmake /home/momo/uav_ws/src/uav_control -DCMAKE_INSTALL_PREFIX=/home/momo/uav_ws/install/uav_control
