-- The C compiler identification is GNU 9.4.0
-- The CXX compiler identification is GNU 9.4.0
-- Check for working C compiler: /usr/bin/cc
-- Check for working C compiler: /usr/bin/cc -- works
-- Detecting C compiler ABI info
-- Detecting C compiler ABI info - done
-- Detecting C compile features
-- Detecting C compile features - done
-- Check for working CXX compiler: /usr/bin/c++
-- Check for working CXX compiler: /usr/bin/c++ -- works
-- Detecting CXX compiler ABI info
-- Detecting CXX compiler ABI info - done
-- Detecting CXX compile features
-- Detecting CXX compile features - done
-- Found ament_cmake: 0.9.12 (/opt/ros/foxy/share/ament_cmake/cmake)
-- Found PythonInterp: /usr/bin/python3 (found suitable version "3.8.10", minimum required is "3") 
-- Using PYTHON_EXECUTABLE: /usr/bin/python3
-- Found rclcpp: 2.4.3 (/opt/ros/foxy/share/rclcpp/cmake)
-- Using all available rosidl_typesupport_c: rosidl_typesupport_fastrtps_c;rosidl_typesupport_introspection_c
-- Found rosidl_adapter: 1.3.1 (/opt/ros/foxy/share/rosidl_adapter/cmake)
-- Found OpenSSL: /usr/lib/x86_64-linux-gnu/libcrypto.so (found version "1.1.1f")  
-- Found FastRTPS: /opt/ros/foxy/include  
-- Using all available rosidl_typesupport_cpp: rosidl_typesupport_fastrtps_cpp;rosidl_typesupport_introspection_cpp
-- Found rmw_implementation_cmake: 1.0.4 (/opt/ros/foxy/share/rmw_implementation_cmake/cmake)
-- Using RMW implementation 'rmw_fastrtps_cpp' as default
-- Looking for pthread.h
-- Looking for pthread.h - found
-- Performing Test CMAKE_HAVE_LIBC_PTHREAD
-- Performing Test CMAKE_HAVE_LIBC_PTHREAD - Failed
-- Looking for pthread_create in pthreads
-- Looking for pthread_create in pthreads - not found
-- Looking for pthread_create in pthread
-- Looking for pthread_create in pthread - found
-- Found Threads: TRUE  
-- Found rclcpp_action: 2.4.3 (/opt/ros/foxy/share/rclcpp_action/cmake)
-- Found uav_control_interfaces: 0.1.0 (/home/momo/uav_interface_ws/install/uav_control_interfaces/share/uav_control_interfaces/cmake)
-- Configuring done
-- Generating done
-- Build files have been written to: /home/momo/ugv_ws/build/ugv_control
[35m[1mScanning dependencies of target flight_action_client[0m
[ 50%] [32mBuilding CXX object CMakeFiles/flight_action_client.dir/src/flight_action_client.cpp.o[0m
[100%] [32m[1mLinking CXX executable flight_action_client[0m
[100%] Built target flight_action_client
-- Install configuration: ""
-- Installing: /home/momo/ugv_ws/install/ugv_control/lib/ugv_control/flight_action_client
-- Set runtime path of "/home/momo/ugv_ws/install/ugv_control/lib/ugv_control/flight_action_client" to ""
-- Up-to-date: /home/momo/ugv_ws/install/ugv_control/share/ament_index/resource_index/package_run_dependencies/ugv_control
-- Up-to-date: /home/momo/ugv_ws/install/ugv_control/share/ament_index/resource_index/parent_prefix_path/ugv_control
-- Up-to-date: /home/momo/ugv_ws/install/ugv_control/share/ugv_control/environment/ament_prefix_path.sh
-- Installing: /home/momo/ugv_ws/install/ugv_control/share/ugv_control/environment/ament_prefix_path.dsv
-- Up-to-date: /home/momo/ugv_ws/install/ugv_control/share/ugv_control/environment/path.sh
-- Installing: /home/momo/ugv_ws/install/ugv_control/share/ugv_control/environment/path.dsv
-- Up-to-date: /home/momo/ugv_ws/install/ugv_control/share/ugv_control/local_setup.bash
-- Up-to-date: /home/momo/ugv_ws/install/ugv_control/share/ugv_control/local_setup.sh
-- Up-to-date: /home/momo/ugv_ws/install/ugv_control/share/ugv_control/local_setup.zsh
-- Installing: /home/momo/ugv_ws/install/ugv_control/share/ugv_control/local_setup.dsv
-- Installing: /home/momo/ugv_ws/install/ugv_control/share/ugv_control/package.dsv
-- Up-to-date: /home/momo/ugv_ws/install/ugv_control/share/ament_index/resource_index/packages/ugv_control
-- Up-to-date: /home/momo/ugv_ws/install/ugv_control/share/ugv_control/cmake/ugv_controlConfig.cmake
-- Up-to-date: /home/momo/ugv_ws/install/ugv_control/share/ugv_control/cmake/ugv_controlConfig-version.cmake
-- Up-to-date: /home/momo/ugv_ws/install/ugv_control/share/ugv_control/package.xml
