[0.032s] Invoking command in '/home/momo/ugv_ws/build/ugv_control': CMAKE_PREFIX_PATH=/home/momo/ugv_ws/install/ugv_control:/home/momo/uav_ws/install/uav_control:/opt/ros/foxy:/home/momo/uav_interface_ws/install/uav_control_interfaces:/home/momo/uav_interface_ws/install:/home/momo/uav_interface_ws/install /usr/bin/cmake /home/momo/ugv_ws/src/ugv_control -DCMAKE_INSTALL_PREFIX=/home/momo/ugv_ws/install/ugv_control
[0.136s] -- The C compiler identification is GNU 9.4.0
[0.257s] -- The CXX compiler identification is GNU 9.4.0
[0.265s] -- Check for working C compiler: /usr/bin/cc
[0.404s] -- Check for working C compiler: /usr/bin/cc -- works
[0.408s] -- Detecting C compiler ABI info
[0.528s] -- Detecting C compiler ABI info - done
[0.549s] -- Detecting C compile features
[0.549s] -- Detecting C compile features - done
[0.553s] -- Check for working CXX compiler: /usr/bin/c++
[0.718s] -- Check for working CXX compiler: /usr/bin/c++ -- works
[0.723s] -- Detecting CXX compiler ABI info
[0.948s] -- Detecting CXX compiler ABI info - done
[1.010s] -- Detecting CXX compile features
[1.011s] -- Detecting CXX compile features - done
[1.014s] -- Found ament_cmake: 0.9.12 (/opt/ros/foxy/share/ament_cmake/cmake)
[1.092s] -- Found PythonInterp: /usr/bin/python3 (found suitable version "3.8.10", minimum required is "3") 
[1.093s] -- Using PYTHON_EXECUTABLE: /usr/bin/python3
[1.409s] -- Found rclcpp: 2.4.3 (/opt/ros/foxy/share/rclcpp/cmake)
[1.474s] -- Using all available rosidl_typesupport_c: rosidl_typesupport_fastrtps_c;rosidl_typesupport_introspection_c
[1.484s] -- Found rosidl_adapter: 1.3.1 (/opt/ros/foxy/share/rosidl_adapter/cmake)
[1.689s] -- Found OpenSSL: /usr/lib/x86_64-linux-gnu/libcrypto.so (found version "1.1.1f")  
[1.740s] -- Found FastRTPS: /opt/ros/foxy/include  
[1.899s] -- Using all available rosidl_typesupport_cpp: rosidl_typesupport_fastrtps_cpp;rosidl_typesupport_introspection_cpp
[1.991s] -- Found rmw_implementation_cmake: 1.0.4 (/opt/ros/foxy/share/rmw_implementation_cmake/cmake)
[1.993s] -- Using RMW implementation 'rmw_fastrtps_cpp' as default
[1.994s] -- Looking for pthread.h
[2.162s] -- Looking for pthread.h - found
[2.163s] -- Performing Test CMAKE_HAVE_LIBC_PTHREAD
[2.387s] -- Performing Test CMAKE_HAVE_LIBC_PTHREAD - Failed
[2.388s] -- Looking for pthread_create in pthreads
[2.553s] -- Looking for pthread_create in pthreads - not found
[2.553s] -- Looking for pthread_create in pthread
[2.761s] -- Looking for pthread_create in pthread - found
[2.766s] -- Found Threads: TRUE  
[3.077s] -- Found rclcpp_action: 2.4.3 (/opt/ros/foxy/share/rclcpp_action/cmake)
[3.211s] -- Found uav_control_interfaces: 0.1.0 (/home/momo/uav_interface_ws/install/uav_control_interfaces/share/uav_control_interfaces/cmake)
[3.435s] -- Configuring done
[3.459s] -- Generating done
[3.461s] -- Build files have been written to: /home/momo/ugv_ws/build/ugv_control
[3.475s] Invoked command in '/home/momo/ugv_ws/build/ugv_control' returned '0': CMAKE_PREFIX_PATH=/home/momo/ugv_ws/install/ugv_control:/home/momo/uav_ws/install/uav_control:/opt/ros/foxy:/home/momo/uav_interface_ws/install/uav_control_interfaces:/home/momo/uav_interface_ws/install:/home/momo/uav_interface_ws/install /usr/bin/cmake /home/momo/ugv_ws/src/ugv_control -DCMAKE_INSTALL_PREFIX=/home/momo/ugv_ws/install/ugv_control
[3.488s] Invoking command in '/home/momo/ugv_ws/build/ugv_control': CMAKE_PREFIX_PATH=/home/momo/ugv_ws/install/ugv_control:/home/momo/uav_ws/install/uav_control:/opt/ros/foxy:/home/momo/uav_interface_ws/install/uav_control_interfaces:/home/momo/uav_interface_ws/install:/home/momo/uav_interface_ws/install /usr/bin/cmake --build /home/momo/ugv_ws/build/ugv_control -- -j8 -l8
[3.597s] [35m[1mScanning dependencies of target flight_action_client[0m
[3.659s] [ 50%] [32mBuilding CXX object CMakeFiles/flight_action_client.dir/src/flight_action_client.cpp.o[0m
[7.667s] [100%] [32m[1mLinking CXX executable flight_action_client[0m
[7.981s] [100%] Built target flight_action_client
[7.999s] Invoked command in '/home/momo/ugv_ws/build/ugv_control' returned '0': CMAKE_PREFIX_PATH=/home/momo/ugv_ws/install/ugv_control:/home/momo/uav_ws/install/uav_control:/opt/ros/foxy:/home/momo/uav_interface_ws/install/uav_control_interfaces:/home/momo/uav_interface_ws/install:/home/momo/uav_interface_ws/install /usr/bin/cmake --build /home/momo/ugv_ws/build/ugv_control -- -j8 -l8
[8.148s] Invoking command in '/home/momo/ugv_ws/build/ugv_control': CMAKE_PREFIX_PATH=/home/momo/ugv_ws/install/ugv_control:/home/momo/uav_ws/install/uav_control:/opt/ros/foxy:/home/momo/uav_interface_ws/install/uav_control_interfaces:/home/momo/uav_interface_ws/install:/home/momo/uav_interface_ws/install /usr/bin/cmake --install /home/momo/ugv_ws/build/ugv_control
[8.154s] -- Install configuration: ""
[8.156s] -- Installing: /home/momo/ugv_ws/install/ugv_control/lib/ugv_control/flight_action_client
[8.158s] -- Set runtime path of "/home/momo/ugv_ws/install/ugv_control/lib/ugv_control/flight_action_client" to ""
[8.158s] -- Up-to-date: /home/momo/ugv_ws/install/ugv_control/share/ament_index/resource_index/package_run_dependencies/ugv_control
[8.159s] -- Up-to-date: /home/momo/ugv_ws/install/ugv_control/share/ament_index/resource_index/parent_prefix_path/ugv_control
[8.159s] -- Up-to-date: /home/momo/ugv_ws/install/ugv_control/share/ugv_control/environment/ament_prefix_path.sh
[8.159s] -- Installing: /home/momo/ugv_ws/install/ugv_control/share/ugv_control/environment/ament_prefix_path.dsv
[8.160s] -- Up-to-date: /home/momo/ugv_ws/install/ugv_control/share/ugv_control/environment/path.sh
[8.161s] -- Installing: /home/momo/ugv_ws/install/ugv_control/share/ugv_control/environment/path.dsv
[8.161s] -- Up-to-date: /home/momo/ugv_ws/install/ugv_control/share/ugv_control/local_setup.bash
[8.161s] -- Up-to-date: /home/momo/ugv_ws/install/ugv_control/share/ugv_control/local_setup.sh
[8.161s] -- Up-to-date: /home/momo/ugv_ws/install/ugv_control/share/ugv_control/local_setup.zsh
[8.161s] -- Installing: /home/momo/ugv_ws/install/ugv_control/share/ugv_control/local_setup.dsv
[8.162s] -- Installing: /home/momo/ugv_ws/install/ugv_control/share/ugv_control/package.dsv
[8.162s] -- Up-to-date: /home/momo/ugv_ws/install/ugv_control/share/ament_index/resource_index/packages/ugv_control
[8.162s] -- Up-to-date: /home/momo/ugv_ws/install/ugv_control/share/ugv_control/cmake/ugv_controlConfig.cmake
[8.162s] -- Up-to-date: /home/momo/ugv_ws/install/ugv_control/share/ugv_control/cmake/ugv_controlConfig-version.cmake
[8.163s] -- Up-to-date: /home/momo/ugv_ws/install/ugv_control/share/ugv_control/package.xml
[8.167s] Invoked command in '/home/momo/ugv_ws/build/ugv_control' returned '0': CMAKE_PREFIX_PATH=/home/momo/ugv_ws/install/ugv_control:/home/momo/uav_ws/install/uav_control:/opt/ros/foxy:/home/momo/uav_interface_ws/install/uav_control_interfaces:/home/momo/uav_interface_ws/install:/home/momo/uav_interface_ws/install /usr/bin/cmake --install /home/momo/ugv_ws/build/ugv_control
