[0.341s] DEBUG:colcon:Command line arguments: ['/usr/bin/colcon', 'build']
[0.341s] DEBUG:colcon:Parsed command line arguments: Namespace(allow_overriding=[], ament_cmake_args=None, base_paths=['.'], build_base='build', catkin_cmake_args=None, catkin_skip_building_tests=False, cmake_args=None, cmake_clean_cache=False, cmake_clean_first=False, cmake_force_configure=False, cmake_target=None, cmake_target_skip_unavailable=False, continue_on_error=False, event_handlers=None, executor='parallel', ignore_user_meta=False, install_base='install', log_base=None, log_level=None, main=<bound method BuildVerb.main of <colcon_core.verb.build.BuildVerb object at 0x7f7247ebf460>>, merge_install=False, metas=['./colcon.meta'], mixin=None, mixin_files=None, mixin_verb=('build',), packages_above=None, packages_above_and_dependencies=None, packages_above_depth=None, packages_end=None, packages_ignore=None, packages_ignore_regex=None, packages_select=None, packages_select_build_failed=False, packages_select_by_dep=None, packages_select_regex=None, packages_select_test_failures=False, packages_skip=None, packages_skip_build_finished=False, packages_skip_by_dep=None, packages_skip_regex=None, packages_skip_test_passed=False, packages_skip_up_to=None, packages_start=None, packages_up_to=None, packages_up_to_regex=None, parallel_workers=8, paths=None, symlink_install=False, test_result_base=None, verb_extension=<colcon_core.verb.build.BuildVerb object at 0x7f7247ebf460>, verb_name='build', verb_parser=<colcon_mixin.mixin.mixin_argument.MixinArgumentDecorator object at 0x7f7247ebfa30>)
[0.545s] Level 1:colcon.colcon_core.package_discovery:discover_packages(colcon_meta) check parameters
[0.545s] Level 1:colcon.colcon_core.package_discovery:discover_packages(recursive) check parameters
[0.545s] Level 1:colcon.colcon_core.package_discovery:discover_packages(ignore) check parameters
[0.545s] Level 1:colcon.colcon_core.package_discovery:discover_packages(path) check parameters
[0.545s] Level 1:colcon.colcon_core.package_discovery:discover_packages(colcon_meta) discover
[0.546s] Level 1:colcon.colcon_core.package_discovery:discover_packages(recursive) discover
[0.546s] INFO:colcon.colcon_core.package_discovery:Crawling recursively for packages in '/home/momo/action_ws/UAV'
[0.546s] Level 1:colcon.colcon_core.package_identification:_identify(.) by extensions ['ignore', 'ignore_ament_install']
[0.546s] Level 1:colcon.colcon_core.package_identification:_identify(.) by extension 'ignore'
[0.546s] Level 1:colcon.colcon_core.package_identification:_identify(.) by extension 'ignore_ament_install'
[0.546s] Level 1:colcon.colcon_core.package_identification:_identify(.) by extensions ['colcon_pkg']
[0.546s] Level 1:colcon.colcon_core.package_identification:_identify(.) by extension 'colcon_pkg'
[0.546s] Level 1:colcon.colcon_core.package_identification:_identify(.) by extensions ['colcon_meta']
[0.546s] Level 1:colcon.colcon_core.package_identification:_identify(.) by extension 'colcon_meta'
[0.546s] Level 1:colcon.colcon_core.package_identification:_identify(.) by extensions ['ros']
[0.546s] Level 1:colcon.colcon_core.package_identification:_identify(.) by extension 'ros'
[0.561s] Level 1:colcon.colcon_core.package_identification:_identify(.) by extensions ['cmake', 'python']
[0.561s] Level 1:colcon.colcon_core.package_identification:_identify(.) by extension 'cmake'
[0.561s] Level 1:colcon.colcon_core.package_identification:_identify(.) by extension 'python'
[0.561s] Level 1:colcon.colcon_core.package_identification:_identify(.) by extensions ['python_setup_py']
[0.561s] Level 1:colcon.colcon_core.package_identification:_identify(.) by extension 'python_setup_py'
[0.561s] Level 1:colcon.colcon_core.package_identification:_identify(build) by extensions ['ignore', 'ignore_ament_install']
[0.561s] Level 1:colcon.colcon_core.package_identification:_identify(build) by extension 'ignore'
[0.561s] Level 1:colcon.colcon_core.package_identification:_identify(build) ignored
[0.562s] Level 1:colcon.colcon_core.package_identification:_identify(install) by extensions ['ignore', 'ignore_ament_install']
[0.562s] Level 1:colcon.colcon_core.package_identification:_identify(install) by extension 'ignore'
[0.562s] Level 1:colcon.colcon_core.package_identification:_identify(install) ignored
[0.562s] Level 1:colcon.colcon_core.package_identification:_identify(log) by extensions ['ignore', 'ignore_ament_install']
[0.562s] Level 1:colcon.colcon_core.package_identification:_identify(log) by extension 'ignore'
[0.562s] Level 1:colcon.colcon_core.package_identification:_identify(log) ignored
[0.562s] Level 1:colcon.colcon_core.package_identification:_identify(uav_interface_ws) by extensions ['ignore', 'ignore_ament_install']
[0.562s] Level 1:colcon.colcon_core.package_identification:_identify(uav_interface_ws) by extension 'ignore'
[0.562s] Level 1:colcon.colcon_core.package_identification:_identify(uav_interface_ws) by extension 'ignore_ament_install'
[0.562s] Level 1:colcon.colcon_core.package_identification:_identify(uav_interface_ws) by extensions ['colcon_pkg']
[0.562s] Level 1:colcon.colcon_core.package_identification:_identify(uav_interface_ws) by extension 'colcon_pkg'
[0.562s] Level 1:colcon.colcon_core.package_identification:_identify(uav_interface_ws) by extensions ['colcon_meta']
[0.562s] Level 1:colcon.colcon_core.package_identification:_identify(uav_interface_ws) by extension 'colcon_meta'
[0.562s] Level 1:colcon.colcon_core.package_identification:_identify(uav_interface_ws) by extensions ['ros']
[0.562s] Level 1:colcon.colcon_core.package_identification:_identify(uav_interface_ws) by extension 'ros'
[0.563s] Level 1:colcon.colcon_core.package_identification:_identify(uav_interface_ws) by extensions ['cmake', 'python']
[0.563s] Level 1:colcon.colcon_core.package_identification:_identify(uav_interface_ws) by extension 'cmake'
[0.563s] Level 1:colcon.colcon_core.package_identification:_identify(uav_interface_ws) by extension 'python'
[0.563s] Level 1:colcon.colcon_core.package_identification:_identify(uav_interface_ws) by extensions ['python_setup_py']
[0.563s] Level 1:colcon.colcon_core.package_identification:_identify(uav_interface_ws) by extension 'python_setup_py'
[0.563s] Level 1:colcon.colcon_core.package_identification:_identify(uav_interface_ws/build) by extensions ['ignore', 'ignore_ament_install']
[0.563s] Level 1:colcon.colcon_core.package_identification:_identify(uav_interface_ws/build) by extension 'ignore'
[0.563s] Level 1:colcon.colcon_core.package_identification:_identify(uav_interface_ws/build) ignored
[0.563s] Level 1:colcon.colcon_core.package_identification:_identify(uav_interface_ws/install) by extensions ['ignore', 'ignore_ament_install']
[0.563s] Level 1:colcon.colcon_core.package_identification:_identify(uav_interface_ws/install) by extension 'ignore'
[0.563s] Level 1:colcon.colcon_core.package_identification:_identify(uav_interface_ws/install) ignored
[0.563s] Level 1:colcon.colcon_core.package_identification:_identify(uav_interface_ws/log) by extensions ['ignore', 'ignore_ament_install']
[0.563s] Level 1:colcon.colcon_core.package_identification:_identify(uav_interface_ws/log) by extension 'ignore'
[0.563s] Level 1:colcon.colcon_core.package_identification:_identify(uav_interface_ws/log) ignored
[0.564s] Level 1:colcon.colcon_core.package_identification:_identify(uav_interface_ws/src) by extensions ['ignore', 'ignore_ament_install']
[0.564s] Level 1:colcon.colcon_core.package_identification:_identify(uav_interface_ws/src) by extension 'ignore'
[0.564s] Level 1:colcon.colcon_core.package_identification:_identify(uav_interface_ws/src) by extension 'ignore_ament_install'
[0.564s] Level 1:colcon.colcon_core.package_identification:_identify(uav_interface_ws/src) by extensions ['colcon_pkg']
[0.564s] Level 1:colcon.colcon_core.package_identification:_identify(uav_interface_ws/src) by extension 'colcon_pkg'
[0.564s] Level 1:colcon.colcon_core.package_identification:_identify(uav_interface_ws/src) by extensions ['colcon_meta']
[0.564s] Level 1:colcon.colcon_core.package_identification:_identify(uav_interface_ws/src) by extension 'colcon_meta'
[0.564s] Level 1:colcon.colcon_core.package_identification:_identify(uav_interface_ws/src) by extensions ['ros']
[0.564s] Level 1:colcon.colcon_core.package_identification:_identify(uav_interface_ws/src) by extension 'ros'
[0.564s] Level 1:colcon.colcon_core.package_identification:_identify(uav_interface_ws/src) by extensions ['cmake', 'python']
[0.564s] Level 1:colcon.colcon_core.package_identification:_identify(uav_interface_ws/src) by extension 'cmake'
[0.564s] Level 1:colcon.colcon_core.package_identification:_identify(uav_interface_ws/src) by extension 'python'
[0.564s] Level 1:colcon.colcon_core.package_identification:_identify(uav_interface_ws/src) by extensions ['python_setup_py']
[0.564s] Level 1:colcon.colcon_core.package_identification:_identify(uav_interface_ws/src) by extension 'python_setup_py'
[0.564s] Level 1:colcon.colcon_core.package_identification:_identify(uav_interface_ws/src/uav_control_interfaces) by extensions ['ignore', 'ignore_ament_install']
[0.564s] Level 1:colcon.colcon_core.package_identification:_identify(uav_interface_ws/src/uav_control_interfaces) by extension 'ignore'
[0.565s] Level 1:colcon.colcon_core.package_identification:_identify(uav_interface_ws/src/uav_control_interfaces) by extension 'ignore_ament_install'
[0.565s] Level 1:colcon.colcon_core.package_identification:_identify(uav_interface_ws/src/uav_control_interfaces) by extensions ['colcon_pkg']
[0.565s] Level 1:colcon.colcon_core.package_identification:_identify(uav_interface_ws/src/uav_control_interfaces) by extension 'colcon_pkg'
[0.565s] Level 1:colcon.colcon_core.package_identification:_identify(uav_interface_ws/src/uav_control_interfaces) by extensions ['colcon_meta']
[0.565s] Level 1:colcon.colcon_core.package_identification:_identify(uav_interface_ws/src/uav_control_interfaces) by extension 'colcon_meta'
[0.565s] Level 1:colcon.colcon_core.package_identification:_identify(uav_interface_ws/src/uav_control_interfaces) by extensions ['ros']
[0.565s] Level 1:colcon.colcon_core.package_identification:_identify(uav_interface_ws/src/uav_control_interfaces) by extension 'ros'
[0.568s] DEBUG:colcon.colcon_core.package_identification:Package 'uav_interface_ws/src/uav_control_interfaces' with type 'ros.catkin' and name 'uav_control_interfaces'
[0.568s] Level 1:colcon.colcon_core.package_identification:_identify(uav_ws) by extensions ['ignore', 'ignore_ament_install']
[0.568s] Level 1:colcon.colcon_core.package_identification:_identify(uav_ws) by extension 'ignore'
[0.568s] Level 1:colcon.colcon_core.package_identification:_identify(uav_ws) by extension 'ignore_ament_install'
[0.568s] Level 1:colcon.colcon_core.package_identification:_identify(uav_ws) by extensions ['colcon_pkg']
[0.568s] Level 1:colcon.colcon_core.package_identification:_identify(uav_ws) by extension 'colcon_pkg'
[0.568s] Level 1:colcon.colcon_core.package_identification:_identify(uav_ws) by extensions ['colcon_meta']
[0.568s] Level 1:colcon.colcon_core.package_identification:_identify(uav_ws) by extension 'colcon_meta'
[0.568s] Level 1:colcon.colcon_core.package_identification:_identify(uav_ws) by extensions ['ros']
[0.568s] Level 1:colcon.colcon_core.package_identification:_identify(uav_ws) by extension 'ros'
[0.568s] Level 1:colcon.colcon_core.package_identification:_identify(uav_ws) by extensions ['cmake', 'python']
[0.568s] Level 1:colcon.colcon_core.package_identification:_identify(uav_ws) by extension 'cmake'
[0.569s] Level 1:colcon.colcon_core.package_identification:_identify(uav_ws) by extension 'python'
[0.569s] Level 1:colcon.colcon_core.package_identification:_identify(uav_ws) by extensions ['python_setup_py']
[0.569s] Level 1:colcon.colcon_core.package_identification:_identify(uav_ws) by extension 'python_setup_py'
[0.569s] Level 1:colcon.colcon_core.package_identification:_identify(uav_ws/build) by extensions ['ignore', 'ignore_ament_install']
[0.569s] Level 1:colcon.colcon_core.package_identification:_identify(uav_ws/build) by extension 'ignore'
[0.569s] Level 1:colcon.colcon_core.package_identification:_identify(uav_ws/build) ignored
[0.569s] Level 1:colcon.colcon_core.package_identification:_identify(uav_ws/install) by extensions ['ignore', 'ignore_ament_install']
[0.569s] Level 1:colcon.colcon_core.package_identification:_identify(uav_ws/install) by extension 'ignore'
[0.569s] Level 1:colcon.colcon_core.package_identification:_identify(uav_ws/install) ignored
[0.569s] Level 1:colcon.colcon_core.package_identification:_identify(uav_ws/log) by extensions ['ignore', 'ignore_ament_install']
[0.569s] Level 1:colcon.colcon_core.package_identification:_identify(uav_ws/log) by extension 'ignore'
[0.569s] Level 1:colcon.colcon_core.package_identification:_identify(uav_ws/log) ignored
[0.570s] Level 1:colcon.colcon_core.package_identification:_identify(uav_ws/src) by extensions ['ignore', 'ignore_ament_install']
[0.570s] Level 1:colcon.colcon_core.package_identification:_identify(uav_ws/src) by extension 'ignore'
[0.570s] Level 1:colcon.colcon_core.package_identification:_identify(uav_ws/src) by extension 'ignore_ament_install'
[0.570s] Level 1:colcon.colcon_core.package_identification:_identify(uav_ws/src) by extensions ['colcon_pkg']
[0.570s] Level 1:colcon.colcon_core.package_identification:_identify(uav_ws/src) by extension 'colcon_pkg'
[0.570s] Level 1:colcon.colcon_core.package_identification:_identify(uav_ws/src) by extensions ['colcon_meta']
[0.570s] Level 1:colcon.colcon_core.package_identification:_identify(uav_ws/src) by extension 'colcon_meta'
[0.570s] Level 1:colcon.colcon_core.package_identification:_identify(uav_ws/src) by extensions ['ros']
[0.570s] Level 1:colcon.colcon_core.package_identification:_identify(uav_ws/src) by extension 'ros'
[0.570s] Level 1:colcon.colcon_core.package_identification:_identify(uav_ws/src) by extensions ['cmake', 'python']
[0.570s] Level 1:colcon.colcon_core.package_identification:_identify(uav_ws/src) by extension 'cmake'
[0.570s] Level 1:colcon.colcon_core.package_identification:_identify(uav_ws/src) by extension 'python'
[0.570s] Level 1:colcon.colcon_core.package_identification:_identify(uav_ws/src) by extensions ['python_setup_py']
[0.570s] Level 1:colcon.colcon_core.package_identification:_identify(uav_ws/src) by extension 'python_setup_py'
[0.570s] Level 1:colcon.colcon_core.package_identification:_identify(uav_ws/src/uav_control) by extensions ['ignore', 'ignore_ament_install']
[0.570s] Level 1:colcon.colcon_core.package_identification:_identify(uav_ws/src/uav_control) by extension 'ignore'
[0.570s] Level 1:colcon.colcon_core.package_identification:_identify(uav_ws/src/uav_control) by extension 'ignore_ament_install'
[0.571s] Level 1:colcon.colcon_core.package_identification:_identify(uav_ws/src/uav_control) by extensions ['colcon_pkg']
[0.571s] Level 1:colcon.colcon_core.package_identification:_identify(uav_ws/src/uav_control) by extension 'colcon_pkg'
[0.571s] Level 1:colcon.colcon_core.package_identification:_identify(uav_ws/src/uav_control) by extensions ['colcon_meta']
[0.571s] Level 1:colcon.colcon_core.package_identification:_identify(uav_ws/src/uav_control) by extension 'colcon_meta'
[0.571s] Level 1:colcon.colcon_core.package_identification:_identify(uav_ws/src/uav_control) by extensions ['ros']
[0.571s] Level 1:colcon.colcon_core.package_identification:_identify(uav_ws/src/uav_control) by extension 'ros'
[0.572s] DEBUG:colcon.colcon_core.package_identification:Package 'uav_ws/src/uav_control' with type 'ros.ament_cmake' and name 'uav_control'
[0.572s] Level 1:colcon.colcon_core.package_discovery:discover_packages(recursive) using defaults
[0.572s] Level 1:colcon.colcon_core.package_discovery:discover_packages(ignore) discover
[0.572s] Level 1:colcon.colcon_core.package_discovery:discover_packages(ignore) using defaults
[0.572s] Level 1:colcon.colcon_core.package_discovery:discover_packages(path) discover
[0.572s] Level 1:colcon.colcon_core.package_discovery:discover_packages(path) using defaults
[0.595s] Level 1:colcon.colcon_core.package_discovery:discover_packages(prefix_path) check parameters
[0.595s] Level 1:colcon.colcon_core.package_discovery:discover_packages(prefix_path) discover
[0.596s] WARNING:colcon.colcon_core.prefix_path.colcon:The path '/home/momo/action_ws/install' in the environment variable COLCON_PREFIX_PATH doesn't exist
[0.596s] WARNING:colcon.colcon_core.prefix_path.colcon:The path '/home/momo/ugv_ws/install' in the environment variable COLCON_PREFIX_PATH doesn't exist
[0.596s] WARNING:colcon.colcon_core.prefix_path.colcon:The path '/home/momo/uav_ws/install' in the environment variable COLCON_PREFIX_PATH doesn't exist
[0.597s] WARNING:colcon.colcon_core.prefix_path.colcon:The path '/home/momo/uav_interface_ws/install' in the environment variable COLCON_PREFIX_PATH doesn't exist
[0.597s] WARNING:colcon.colcon_core.prefix_path.colcon:The path '/home/momo/ros2_ws/install' in the environment variable COLCON_PREFIX_PATH doesn't exist
[0.597s] WARNING:colcon.colcon_ros.prefix_path.ament:The path '/home/momo/action_ws/install/ugv_control' in the environment variable AMENT_PREFIX_PATH doesn't exist
[0.597s] WARNING:colcon.colcon_ros.prefix_path.ament:The path '/home/momo/action_ws/install/uav_control' in the environment variable AMENT_PREFIX_PATH doesn't exist
[0.597s] WARNING:colcon.colcon_ros.prefix_path.ament:The path '/home/momo/ugv_ws/install/ugv_control' in the environment variable AMENT_PREFIX_PATH doesn't exist
[0.597s] WARNING:colcon.colcon_ros.prefix_path.ament:The path '/home/momo/uav_ws/install/uav_control' in the environment variable AMENT_PREFIX_PATH doesn't exist
[0.597s] WARNING:colcon.colcon_ros.prefix_path.catkin:The path '/home/momo/action_ws/install/ugv_control' in the environment variable CMAKE_PREFIX_PATH doesn't exist
[0.597s] WARNING:colcon.colcon_ros.prefix_path.catkin:The path '/home/momo/action_ws/install/uav_control' in the environment variable CMAKE_PREFIX_PATH doesn't exist
[0.597s] WARNING:colcon.colcon_ros.prefix_path.catkin:The path '/home/momo/action_ws/install/uav_control_interfaces' in the environment variable CMAKE_PREFIX_PATH doesn't exist
[0.597s] WARNING:colcon.colcon_ros.prefix_path.catkin:The path '/home/momo/ugv_ws/install/ugv_control' in the environment variable CMAKE_PREFIX_PATH doesn't exist
[0.597s] WARNING:colcon.colcon_ros.prefix_path.catkin:The path '/home/momo/uav_ws/install/uav_control' in the environment variable CMAKE_PREFIX_PATH doesn't exist
[0.597s] WARNING:colcon.colcon_ros.prefix_path.catkin:The path '/home/momo/uav_interface_ws/install/uav_control_interfaces' in the environment variable CMAKE_PREFIX_PATH doesn't exist
[0.597s] WARNING:colcon.colcon_ros.prefix_path.catkin:The path '/home/momo/uav_interface_ws/install' in the environment variable CMAKE_PREFIX_PATH doesn't exist
[0.598s] DEBUG:colcon.colcon_installed_package_information.package_discovery:Found 1 installed packages in /home/momo/flight/install
[0.600s] DEBUG:colcon.colcon_installed_package_information.package_discovery:Found 327 installed packages in /opt/ros/foxy
[0.604s] Level 1:colcon.colcon_core.package_discovery:discover_packages(prefix_path) using defaults
[0.760s] Level 5:colcon.colcon_core.verb:set package 'uav_control_interfaces' build argument 'cmake_args' from command line to 'None'
[0.760s] Level 5:colcon.colcon_core.verb:set package 'uav_control_interfaces' build argument 'cmake_target' from command line to 'None'
[0.760s] Level 5:colcon.colcon_core.verb:set package 'uav_control_interfaces' build argument 'cmake_target_skip_unavailable' from command line to 'False'
[0.760s] Level 5:colcon.colcon_core.verb:set package 'uav_control_interfaces' build argument 'cmake_clean_cache' from command line to 'False'
[0.760s] Level 5:colcon.colcon_core.verb:set package 'uav_control_interfaces' build argument 'cmake_clean_first' from command line to 'False'
[0.760s] Level 5:colcon.colcon_core.verb:set package 'uav_control_interfaces' build argument 'cmake_force_configure' from command line to 'False'
[0.760s] Level 5:colcon.colcon_core.verb:set package 'uav_control_interfaces' build argument 'ament_cmake_args' from command line to 'None'
[0.760s] Level 5:colcon.colcon_core.verb:set package 'uav_control_interfaces' build argument 'catkin_cmake_args' from command line to 'None'
[0.760s] Level 5:colcon.colcon_core.verb:set package 'uav_control_interfaces' build argument 'catkin_skip_building_tests' from command line to 'False'
[0.760s] DEBUG:colcon.colcon_core.verb:Building package 'uav_control_interfaces' with the following arguments: {'ament_cmake_args': None, 'build_base': '/home/momo/action_ws/UAV/build/uav_control_interfaces', 'catkin_cmake_args': None, 'catkin_skip_building_tests': False, 'cmake_args': None, 'cmake_clean_cache': False, 'cmake_clean_first': False, 'cmake_force_configure': False, 'cmake_target': None, 'cmake_target_skip_unavailable': False, 'install_base': '/home/momo/action_ws/UAV/install/uav_control_interfaces', 'merge_install': False, 'path': '/home/momo/action_ws/UAV/uav_interface_ws/src/uav_control_interfaces', 'symlink_install': False, 'test_result_base': None}
[0.761s] Level 5:colcon.colcon_core.verb:set package 'uav_control' build argument 'cmake_args' from command line to 'None'
[0.761s] Level 5:colcon.colcon_core.verb:set package 'uav_control' build argument 'cmake_target' from command line to 'None'
[0.761s] Level 5:colcon.colcon_core.verb:set package 'uav_control' build argument 'cmake_target_skip_unavailable' from command line to 'False'
[0.761s] Level 5:colcon.colcon_core.verb:set package 'uav_control' build argument 'cmake_clean_cache' from command line to 'False'
[0.761s] Level 5:colcon.colcon_core.verb:set package 'uav_control' build argument 'cmake_clean_first' from command line to 'False'
[0.761s] Level 5:colcon.colcon_core.verb:set package 'uav_control' build argument 'cmake_force_configure' from command line to 'False'
[0.761s] Level 5:colcon.colcon_core.verb:set package 'uav_control' build argument 'ament_cmake_args' from command line to 'None'
[0.761s] Level 5:colcon.colcon_core.verb:set package 'uav_control' build argument 'catkin_cmake_args' from command line to 'None'
[0.761s] Level 5:colcon.colcon_core.verb:set package 'uav_control' build argument 'catkin_skip_building_tests' from command line to 'False'
[0.761s] DEBUG:colcon.colcon_core.verb:Building package 'uav_control' with the following arguments: {'ament_cmake_args': None, 'build_base': '/home/momo/action_ws/UAV/build/uav_control', 'catkin_cmake_args': None, 'catkin_skip_building_tests': False, 'cmake_args': None, 'cmake_clean_cache': False, 'cmake_clean_first': False, 'cmake_force_configure': False, 'cmake_target': None, 'cmake_target_skip_unavailable': False, 'install_base': '/home/momo/action_ws/UAV/install/uav_control', 'merge_install': False, 'path': '/home/momo/action_ws/UAV/uav_ws/src/uav_control', 'symlink_install': False, 'test_result_base': None}
[0.761s] INFO:colcon.colcon_core.executor:Executing jobs using 'parallel' executor
[0.763s] DEBUG:colcon.colcon_parallel_executor.executor.parallel:run_until_complete
[0.763s] INFO:colcon.colcon_ros.task.catkin.build:Building ROS package in '/home/momo/action_ws/UAV/uav_interface_ws/src/uav_control_interfaces' with build type 'catkin'
[0.763s] INFO:colcon.colcon_cmake.task.cmake.build:Building CMake package in '/home/momo/action_ws/UAV/uav_interface_ws/src/uav_control_interfaces'
[0.770s] INFO:colcon.colcon_core.plugin_system:Skipping extension 'colcon_core.shell.bat': Not used on non-Windows systems
[0.770s] INFO:colcon.colcon_core.shell:Skip shell extension 'powershell' for command environment: Not usable outside of PowerShell
[0.771s] DEBUG:colcon.colcon_core.shell:Skip shell extension 'dsv' for command environment
[0.797s] DEBUG:colcon.colcon_core.event_handler.log_command:Invoking command in '/home/momo/action_ws/UAV/build/uav_control_interfaces': /usr/bin/cmake /home/momo/action_ws/UAV/uav_interface_ws/src/uav_control_interfaces -DCATKIN_INSTALL_INTO_PREFIX_ROOT=0 -DCMAKE_INSTALL_PREFIX=/home/momo/action_ws/UAV/install/uav_control_interfaces
[3.991s] DEBUG:colcon.colcon_core.event_handler.log_command:Invoked command in '/home/momo/action_ws/UAV/build/uav_control_interfaces' returned '0': /usr/bin/cmake /home/momo/action_ws/UAV/uav_interface_ws/src/uav_control_interfaces -DCATKIN_INSTALL_INTO_PREFIX_ROOT=0 -DCMAKE_INSTALL_PREFIX=/home/momo/action_ws/UAV/install/uav_control_interfaces
[4.005s] DEBUG:colcon.colcon_core.event_handler.log_command:Invoking command in '/home/momo/action_ws/UAV/build/uav_control_interfaces': /usr/bin/cmake --build /home/momo/action_ws/UAV/build/uav_control_interfaces -- -j8 -l8
[10.747s] DEBUG:colcon.colcon_core.event_handler.log_command:Invoked command in '/home/momo/action_ws/UAV/build/uav_control_interfaces' returned '0': /usr/bin/cmake --build /home/momo/action_ws/UAV/build/uav_control_interfaces -- -j8 -l8
[10.998s] DEBUG:colcon.colcon_core.event_handler.log_command:Invoking command in '/home/momo/action_ws/UAV/build/uav_control_interfaces': /usr/bin/cmake --install /home/momo/action_ws/UAV/build/uav_control_interfaces
[11.133s] DEBUG:colcon.colcon_core.event_handler.log_command:Invoked command in '/home/momo/action_ws/UAV/build/uav_control_interfaces' returned '0': /usr/bin/cmake --install /home/momo/action_ws/UAV/build/uav_control_interfaces
[11.306s] Level 1:colcon.colcon_core.shell:create_environment_hook('uav_control_interfaces', 'ros_package_path')
[11.309s] INFO:colcon.colcon_core.shell:Creating environment hook '/home/momo/action_ws/UAV/install/uav_control_interfaces/share/uav_control_interfaces/hook/ros_package_path.ps1'
[11.313s] INFO:colcon.colcon_core.shell:Creating environment descriptor '/home/momo/action_ws/UAV/install/uav_control_interfaces/share/uav_control_interfaces/hook/ros_package_path.dsv'
[11.315s] INFO:colcon.colcon_core.shell:Creating environment hook '/home/momo/action_ws/UAV/install/uav_control_interfaces/share/uav_control_interfaces/hook/ros_package_path.sh'
[11.319s] Level 1:colcon.colcon_ros.task.catkin:checking '/home/momo/action_ws/UAV/install/uav_control_interfaces/lib/python3.8/site-packages'
[11.319s] Level 1:colcon.colcon_core.shell:create_environment_hook('uav_control_interfaces', 'catkin_pythonpath')
[11.320s] INFO:colcon.colcon_core.shell:Creating environment hook '/home/momo/action_ws/UAV/install/uav_control_interfaces/share/uav_control_interfaces/hook/catkin_pythonpath.ps1'
[11.321s] INFO:colcon.colcon_core.shell:Creating environment descriptor '/home/momo/action_ws/UAV/install/uav_control_interfaces/share/uav_control_interfaces/hook/catkin_pythonpath.dsv'
[11.322s] INFO:colcon.colcon_core.shell:Creating environment hook '/home/momo/action_ws/UAV/install/uav_control_interfaces/share/uav_control_interfaces/hook/catkin_pythonpath.sh'
[11.323s] Level 1:colcon.colcon_core.shell:create_environment_hook('uav_control_interfaces', 'pkg_config_path')
[11.324s] INFO:colcon.colcon_core.shell:Creating environment hook '/home/momo/action_ws/UAV/install/uav_control_interfaces/share/uav_control_interfaces/hook/pkg_config_path.ps1'
[11.325s] INFO:colcon.colcon_core.shell:Creating environment descriptor '/home/momo/action_ws/UAV/install/uav_control_interfaces/share/uav_control_interfaces/hook/pkg_config_path.dsv'
[11.326s] INFO:colcon.colcon_core.shell:Creating environment hook '/home/momo/action_ws/UAV/install/uav_control_interfaces/share/uav_control_interfaces/hook/pkg_config_path.sh'
[11.337s] Level 1:colcon.colcon_core.shell:create_environment_hook('uav_control_interfaces', 'pkg_config_path_multiarch')
[11.340s] INFO:colcon.colcon_core.shell:Creating environment hook '/home/momo/action_ws/UAV/install/uav_control_interfaces/share/uav_control_interfaces/hook/pkg_config_path_multiarch.ps1'
[11.341s] INFO:colcon.colcon_core.shell:Creating environment descriptor '/home/momo/action_ws/UAV/install/uav_control_interfaces/share/uav_control_interfaces/hook/pkg_config_path_multiarch.dsv'
[11.343s] INFO:colcon.colcon_core.shell:Creating environment hook '/home/momo/action_ws/UAV/install/uav_control_interfaces/share/uav_control_interfaces/hook/pkg_config_path_multiarch.sh'
[11.348s] Level 1:colcon.colcon_core.environment:create_environment_scripts_only(uav_control_interfaces)
[11.358s] Level 1:colcon.colcon_core.environment:checking '/home/momo/action_ws/UAV/install/uav_control_interfaces' for CMake module files
[11.359s] Level 1:colcon.colcon_core.environment:checking '/home/momo/action_ws/UAV/install/uav_control_interfaces' for CMake config files
[11.359s] Level 1:colcon.colcon_core.shell:create_environment_hook('uav_control_interfaces', 'cmake_prefix_path')
[11.359s] INFO:colcon.colcon_core.shell:Creating environment hook '/home/momo/action_ws/UAV/install/uav_control_interfaces/share/uav_control_interfaces/hook/cmake_prefix_path.ps1'
[11.360s] INFO:colcon.colcon_core.shell:Creating environment descriptor '/home/momo/action_ws/UAV/install/uav_control_interfaces/share/uav_control_interfaces/hook/cmake_prefix_path.dsv'
[11.360s] INFO:colcon.colcon_core.shell:Creating environment hook '/home/momo/action_ws/UAV/install/uav_control_interfaces/share/uav_control_interfaces/hook/cmake_prefix_path.sh'
[11.361s] Level 1:colcon.colcon_core.environment:checking '/home/momo/action_ws/UAV/install/uav_control_interfaces/lib'
[11.362s] Level 1:colcon.colcon_core.shell:create_environment_hook('uav_control_interfaces', 'ld_library_path_lib')
[11.362s] INFO:colcon.colcon_core.shell:Creating environment hook '/home/momo/action_ws/UAV/install/uav_control_interfaces/share/uav_control_interfaces/hook/ld_library_path_lib.ps1'
[11.363s] INFO:colcon.colcon_core.shell:Creating environment descriptor '/home/momo/action_ws/UAV/install/uav_control_interfaces/share/uav_control_interfaces/hook/ld_library_path_lib.dsv'
[11.363s] INFO:colcon.colcon_core.shell:Creating environment hook '/home/momo/action_ws/UAV/install/uav_control_interfaces/share/uav_control_interfaces/hook/ld_library_path_lib.sh'
[11.363s] Level 1:colcon.colcon_core.environment:checking '/home/momo/action_ws/UAV/install/uav_control_interfaces/bin'
[11.363s] Level 1:colcon.colcon_core.environment:checking '/home/momo/action_ws/UAV/install/uav_control_interfaces/lib/pkgconfig/uav_control_interfaces.pc'
[11.364s] Level 1:colcon.colcon_core.environment:checking '/home/momo/action_ws/UAV/install/uav_control_interfaces/lib/python3.8/site-packages'
[11.364s] Level 1:colcon.colcon_core.shell:create_environment_hook('uav_control_interfaces', 'pythonpath')
[11.364s] INFO:colcon.colcon_core.shell:Creating environment hook '/home/momo/action_ws/UAV/install/uav_control_interfaces/share/uav_control_interfaces/hook/pythonpath.ps1'
[11.365s] INFO:colcon.colcon_core.shell:Creating environment descriptor '/home/momo/action_ws/UAV/install/uav_control_interfaces/share/uav_control_interfaces/hook/pythonpath.dsv'
[11.365s] INFO:colcon.colcon_core.shell:Creating environment hook '/home/momo/action_ws/UAV/install/uav_control_interfaces/share/uav_control_interfaces/hook/pythonpath.sh'
[11.366s] Level 1:colcon.colcon_core.environment:checking '/home/momo/action_ws/UAV/install/uav_control_interfaces/bin'
[11.367s] INFO:colcon.colcon_core.shell:Creating package script '/home/momo/action_ws/UAV/install/uav_control_interfaces/share/uav_control_interfaces/package.ps1'
[11.368s] INFO:colcon.colcon_core.shell:Creating package descriptor '/home/momo/action_ws/UAV/install/uav_control_interfaces/share/uav_control_interfaces/package.dsv'
[11.370s] INFO:colcon.colcon_core.shell:Creating package script '/home/momo/action_ws/UAV/install/uav_control_interfaces/share/uav_control_interfaces/package.sh'
[11.371s] INFO:colcon.colcon_core.shell:Creating package script '/home/momo/action_ws/UAV/install/uav_control_interfaces/share/uav_control_interfaces/package.bash'
[11.372s] INFO:colcon.colcon_core.shell:Creating package script '/home/momo/action_ws/UAV/install/uav_control_interfaces/share/uav_control_interfaces/package.zsh'
[11.373s] Level 1:colcon.colcon_core.environment:create_file_with_runtime_dependencies(/home/momo/action_ws/UAV/install/uav_control_interfaces/share/colcon-core/packages/uav_control_interfaces)
[11.374s] INFO:colcon.colcon_ros.task.ament_cmake.build:Building ROS package in '/home/momo/action_ws/UAV/uav_ws/src/uav_control' with build type 'ament_cmake'
[11.374s] INFO:colcon.colcon_cmake.task.cmake.build:Building CMake package in '/home/momo/action_ws/UAV/uav_ws/src/uav_control'
[11.375s] INFO:colcon.colcon_core.shell:Skip shell extension 'powershell' for command environment: Not usable outside of PowerShell
[11.375s] DEBUG:colcon.colcon_core.shell:Skip shell extension 'dsv' for command environment
[11.408s] DEBUG:colcon.colcon_core.event_handler.log_command:Invoking command in '/home/momo/action_ws/UAV/build/uav_control': CMAKE_PREFIX_PATH=/opt/ros/foxy:/home/momo/action_ws/UAV/install/uav_control_interfaces:${CMAKE_PREFIX_PATH} LD_LIBRARY_PATH=/home/momo/action_ws/UAV/install/uav_control_interfaces/lib:${LD_LIBRARY_PATH} PKG_CONFIG_PATH=/home/momo/action_ws/UAV/install/uav_control_interfaces/lib/x86_64-linux-gnu/pkgconfig:/home/momo/action_ws/UAV/install/uav_control_interfaces/lib/pkgconfig:${PKG_CONFIG_PATH} PYTHONPATH=/home/momo/action_ws/UAV/install/uav_control_interfaces/lib/python3.8/site-packages:${PYTHONPATH} ROS_PACKAGE_PATH=/home/momo/action_ws/UAV/install/uav_control_interfaces/share:${ROS_PACKAGE_PATH} /usr/bin/cmake /home/momo/action_ws/UAV/uav_ws/src/uav_control -DCMAKE_INSTALL_PREFIX=/home/momo/action_ws/UAV/install/uav_control
[15.163s] DEBUG:colcon.colcon_core.event_handler.log_command:Invoked command in '/home/momo/action_ws/UAV/build/uav_control' returned '0': CMAKE_PREFIX_PATH=/opt/ros/foxy:/home/momo/action_ws/UAV/install/uav_control_interfaces:${CMAKE_PREFIX_PATH} LD_LIBRARY_PATH=/home/momo/action_ws/UAV/install/uav_control_interfaces/lib:${LD_LIBRARY_PATH} PKG_CONFIG_PATH=/home/momo/action_ws/UAV/install/uav_control_interfaces/lib/x86_64-linux-gnu/pkgconfig:/home/momo/action_ws/UAV/install/uav_control_interfaces/lib/pkgconfig:${PKG_CONFIG_PATH} PYTHONPATH=/home/momo/action_ws/UAV/install/uav_control_interfaces/lib/python3.8/site-packages:${PYTHONPATH} ROS_PACKAGE_PATH=/home/momo/action_ws/UAV/install/uav_control_interfaces/share:${ROS_PACKAGE_PATH} /usr/bin/cmake /home/momo/action_ws/UAV/uav_ws/src/uav_control -DCMAKE_INSTALL_PREFIX=/home/momo/action_ws/UAV/install/uav_control
[15.173s] DEBUG:colcon.colcon_core.event_handler.log_command:Invoking command in '/home/momo/action_ws/UAV/build/uav_control': CMAKE_PREFIX_PATH=/opt/ros/foxy:/home/momo/action_ws/UAV/install/uav_control_interfaces:${CMAKE_PREFIX_PATH} LD_LIBRARY_PATH=/home/momo/action_ws/UAV/install/uav_control_interfaces/lib:${LD_LIBRARY_PATH} PKG_CONFIG_PATH=/home/momo/action_ws/UAV/install/uav_control_interfaces/lib/x86_64-linux-gnu/pkgconfig:/home/momo/action_ws/UAV/install/uav_control_interfaces/lib/pkgconfig:${PKG_CONFIG_PATH} PYTHONPATH=/home/momo/action_ws/UAV/install/uav_control_interfaces/lib/python3.8/site-packages:${PYTHONPATH} ROS_PACKAGE_PATH=/home/momo/action_ws/UAV/install/uav_control_interfaces/share:${ROS_PACKAGE_PATH} /usr/bin/cmake --build /home/momo/action_ws/UAV/build/uav_control -- -j8 -l8
[23.636s] DEBUG:colcon.colcon_core.event_handler.log_command:Invoked command in '/home/momo/action_ws/UAV/build/uav_control' returned '0': CMAKE_PREFIX_PATH=/opt/ros/foxy:/home/momo/action_ws/UAV/install/uav_control_interfaces:${CMAKE_PREFIX_PATH} LD_LIBRARY_PATH=/home/momo/action_ws/UAV/install/uav_control_interfaces/lib:${LD_LIBRARY_PATH} PKG_CONFIG_PATH=/home/momo/action_ws/UAV/install/uav_control_interfaces/lib/x86_64-linux-gnu/pkgconfig:/home/momo/action_ws/UAV/install/uav_control_interfaces/lib/pkgconfig:${PKG_CONFIG_PATH} PYTHONPATH=/home/momo/action_ws/UAV/install/uav_control_interfaces/lib/python3.8/site-packages:${PYTHONPATH} ROS_PACKAGE_PATH=/home/momo/action_ws/UAV/install/uav_control_interfaces/share:${ROS_PACKAGE_PATH} /usr/bin/cmake --build /home/momo/action_ws/UAV/build/uav_control -- -j8 -l8
[23.676s] DEBUG:colcon.colcon_core.event_handler.log_command:Invoking command in '/home/momo/action_ws/UAV/build/uav_control': CMAKE_PREFIX_PATH=/opt/ros/foxy:/home/momo/action_ws/UAV/install/uav_control_interfaces:${CMAKE_PREFIX_PATH} LD_LIBRARY_PATH=/home/momo/action_ws/UAV/install/uav_control_interfaces/lib:${LD_LIBRARY_PATH} PKG_CONFIG_PATH=/home/momo/action_ws/UAV/install/uav_control_interfaces/lib/x86_64-linux-gnu/pkgconfig:/home/momo/action_ws/UAV/install/uav_control_interfaces/lib/pkgconfig:${PKG_CONFIG_PATH} PYTHONPATH=/home/momo/action_ws/UAV/install/uav_control_interfaces/lib/python3.8/site-packages:${PYTHONPATH} ROS_PACKAGE_PATH=/home/momo/action_ws/UAV/install/uav_control_interfaces/share:${ROS_PACKAGE_PATH} /usr/bin/cmake --install /home/momo/action_ws/UAV/build/uav_control
[23.698s] Level 1:colcon.colcon_core.environment:create_environment_scripts_only(uav_control)
[23.699s] Level 1:colcon.colcon_core.environment:checking '/home/momo/action_ws/UAV/install/uav_control' for CMake module files
[23.701s] DEBUG:colcon.colcon_core.event_handler.log_command:Invoked command in '/home/momo/action_ws/UAV/build/uav_control' returned '0': CMAKE_PREFIX_PATH=/opt/ros/foxy:/home/momo/action_ws/UAV/install/uav_control_interfaces:${CMAKE_PREFIX_PATH} LD_LIBRARY_PATH=/home/momo/action_ws/UAV/install/uav_control_interfaces/lib:${LD_LIBRARY_PATH} PKG_CONFIG_PATH=/home/momo/action_ws/UAV/install/uav_control_interfaces/lib/x86_64-linux-gnu/pkgconfig:/home/momo/action_ws/UAV/install/uav_control_interfaces/lib/pkgconfig:${PKG_CONFIG_PATH} PYTHONPATH=/home/momo/action_ws/UAV/install/uav_control_interfaces/lib/python3.8/site-packages:${PYTHONPATH} ROS_PACKAGE_PATH=/home/momo/action_ws/UAV/install/uav_control_interfaces/share:${ROS_PACKAGE_PATH} /usr/bin/cmake --install /home/momo/action_ws/UAV/build/uav_control
[23.702s] Level 1:colcon.colcon_core.environment:checking '/home/momo/action_ws/UAV/install/uav_control' for CMake config files
[23.703s] Level 1:colcon.colcon_core.shell:create_environment_hook('uav_control', 'cmake_prefix_path')
[23.704s] INFO:colcon.colcon_core.shell:Creating environment hook '/home/momo/action_ws/UAV/install/uav_control/share/uav_control/hook/cmake_prefix_path.ps1'
[23.705s] INFO:colcon.colcon_core.shell:Creating environment descriptor '/home/momo/action_ws/UAV/install/uav_control/share/uav_control/hook/cmake_prefix_path.dsv'
[23.706s] INFO:colcon.colcon_core.shell:Creating environment hook '/home/momo/action_ws/UAV/install/uav_control/share/uav_control/hook/cmake_prefix_path.sh'
[23.709s] Level 1:colcon.colcon_core.environment:checking '/home/momo/action_ws/UAV/install/uav_control/lib'
[23.709s] Level 1:colcon.colcon_core.environment:checking '/home/momo/action_ws/UAV/install/uav_control/bin'
[23.709s] Level 1:colcon.colcon_core.environment:checking '/home/momo/action_ws/UAV/install/uav_control/lib/pkgconfig/uav_control.pc'
[23.710s] Level 1:colcon.colcon_core.environment:checking '/home/momo/action_ws/UAV/install/uav_control/lib/python3.8/site-packages'
[23.711s] Level 1:colcon.colcon_core.environment:checking '/home/momo/action_ws/UAV/install/uav_control/bin'
[23.711s] INFO:colcon.colcon_core.shell:Creating package script '/home/momo/action_ws/UAV/install/uav_control/share/uav_control/package.ps1'
[23.712s] INFO:colcon.colcon_core.shell:Creating package descriptor '/home/momo/action_ws/UAV/install/uav_control/share/uav_control/package.dsv'
[23.712s] INFO:colcon.colcon_core.shell:Creating package script '/home/momo/action_ws/UAV/install/uav_control/share/uav_control/package.sh'
[23.713s] INFO:colcon.colcon_core.shell:Creating package script '/home/momo/action_ws/UAV/install/uav_control/share/uav_control/package.bash'
[23.714s] INFO:colcon.colcon_core.shell:Creating package script '/home/momo/action_ws/UAV/install/uav_control/share/uav_control/package.zsh'
[23.714s] Level 1:colcon.colcon_core.environment:create_file_with_runtime_dependencies(/home/momo/action_ws/UAV/install/uav_control/share/colcon-core/packages/uav_control)
[23.785s] Level 1:colcon.colcon_core.environment:create_environment_scripts_only(uav_control)
[23.786s] Level 1:colcon.colcon_core.environment:checking '/home/momo/action_ws/UAV/install/uav_control' for CMake module files
[23.791s] Level 1:colcon.colcon_core.environment:checking '/home/momo/action_ws/UAV/install/uav_control' for CMake config files
[23.792s] Level 1:colcon.colcon_core.shell:create_environment_hook('uav_control', 'cmake_prefix_path')
[23.794s] INFO:colcon.colcon_core.shell:Creating environment hook '/home/momo/action_ws/UAV/install/uav_control/share/uav_control/hook/cmake_prefix_path.ps1'
[23.798s] INFO:colcon.colcon_core.shell:Creating environment descriptor '/home/momo/action_ws/UAV/install/uav_control/share/uav_control/hook/cmake_prefix_path.dsv'
[23.800s] INFO:colcon.colcon_core.shell:Creating environment hook '/home/momo/action_ws/UAV/install/uav_control/share/uav_control/hook/cmake_prefix_path.sh'
[23.802s] Level 1:colcon.colcon_core.environment:checking '/home/momo/action_ws/UAV/install/uav_control/lib'
[23.802s] Level 1:colcon.colcon_core.environment:checking '/home/momo/action_ws/UAV/install/uav_control/bin'
[23.802s] Level 1:colcon.colcon_core.environment:checking '/home/momo/action_ws/UAV/install/uav_control/lib/pkgconfig/uav_control.pc'
[23.802s] Level 1:colcon.colcon_core.environment:checking '/home/momo/action_ws/UAV/install/uav_control/lib/python3.8/site-packages'
[23.803s] Level 1:colcon.colcon_core.environment:checking '/home/momo/action_ws/UAV/install/uav_control/bin'
[23.803s] INFO:colcon.colcon_core.shell:Creating package script '/home/momo/action_ws/UAV/install/uav_control/share/uav_control/package.ps1'
[23.804s] INFO:colcon.colcon_core.shell:Creating package descriptor '/home/momo/action_ws/UAV/install/uav_control/share/uav_control/package.dsv'
[23.805s] INFO:colcon.colcon_core.shell:Creating package script '/home/momo/action_ws/UAV/install/uav_control/share/uav_control/package.sh'
[23.805s] INFO:colcon.colcon_core.shell:Creating package script '/home/momo/action_ws/UAV/install/uav_control/share/uav_control/package.bash'
[23.806s] INFO:colcon.colcon_core.shell:Creating package script '/home/momo/action_ws/UAV/install/uav_control/share/uav_control/package.zsh'
[23.807s] Level 1:colcon.colcon_core.environment:create_file_with_runtime_dependencies(/home/momo/action_ws/UAV/install/uav_control/share/colcon-core/packages/uav_control)
[23.807s] DEBUG:colcon.colcon_parallel_executor.executor.parallel:closing loop
[23.809s] DEBUG:colcon.colcon_parallel_executor.executor.parallel:loop closed
[23.809s] DEBUG:colcon.colcon_parallel_executor.executor.parallel:run_until_complete finished with '0'
[23.809s] DEBUG:colcon.colcon_core.event_reactor:joining thread
[23.822s] INFO:colcon.colcon_core.plugin_system:Skipping extension 'colcon_notification.desktop_notification.terminal_notifier': Not used on non-Darwin systems
[23.822s] INFO:colcon.colcon_core.plugin_system:Skipping extension 'colcon_notification.desktop_notification.win32': Not used on non-Windows systems
[23.823s] INFO:colcon.colcon_notification.desktop_notification:Sending desktop notification using 'notify2'
[23.858s] DEBUG:colcon.colcon_core.event_reactor:joined thread
[23.859s] INFO:colcon.colcon_core.shell:Creating prefix script '/home/momo/action_ws/UAV/install/local_setup.ps1'
[23.861s] INFO:colcon.colcon_core.shell:Creating prefix util module '/home/momo/action_ws/UAV/install/_local_setup_util_ps1.py'
[23.863s] INFO:colcon.colcon_core.shell:Creating prefix chain script '/home/momo/action_ws/UAV/install/setup.ps1'
[23.864s] INFO:colcon.colcon_core.shell:Creating prefix script '/home/momo/action_ws/UAV/install/local_setup.sh'
[23.865s] INFO:colcon.colcon_core.shell:Creating prefix util module '/home/momo/action_ws/UAV/install/_local_setup_util_sh.py'
[23.865s] INFO:colcon.colcon_core.shell:Creating prefix chain script '/home/momo/action_ws/UAV/install/setup.sh'
[23.867s] INFO:colcon.colcon_core.shell:Creating prefix script '/home/momo/action_ws/UAV/install/local_setup.bash'
[23.868s] INFO:colcon.colcon_core.shell:Creating prefix chain script '/home/momo/action_ws/UAV/install/setup.bash'
[23.869s] INFO:colcon.colcon_core.shell:Creating prefix script '/home/momo/action_ws/UAV/install/local_setup.zsh'
[23.870s] INFO:colcon.colcon_core.shell:Creating prefix chain script '/home/momo/action_ws/UAV/install/setup.zsh'
