In file included from [01m[K/opt/ros/foxy/include/rclcpp/client.hpp:40[m[K,
                 from [01m[K/opt/ros/foxy/include/rclcpp/callback_group.hpp:23[m[K,
                 from [01m[K/opt/ros/foxy/include/rclcpp/any_executable.hpp:20[m[K,
                 from [01m[K/opt/ros/foxy/include/rclcpp/memory_strategy.hpp:24[m[K,
                 from [01m[K/opt/ros/foxy/include/rclcpp/memory_strategies.hpp:18[m[K,
                 from [01m[K/opt/ros/foxy/include/rclcpp/executor_options.hpp:20[m[K,
                 from [01m[K/opt/ros/foxy/include/rclcpp/executor.hpp:33[m[K,
                 from [01m[K/opt/ros/foxy/include/rclcpp/executors/multi_threaded_executor.hpp:26[m[K,
                 from [01m[K/opt/ros/foxy/include/rclcpp/executors.hpp:21[m[K,
                 from [01m[K/opt/ros/foxy/include/rclcpp/rclcpp.hpp:146[m[K,
                 from [01m[K/home/momo/ugv_ws/src/ugv_control/src/flight_action_client.cpp:1[m[K:
[01m[K/home/momo/ugv_ws/src/ugv_control/src/flight_action_client.cpp:[m[K In member function ‘[01m[Kvoid FlightActionClient::feedback_callback(rclcpp_action::ClientGoalHandle<uav_control_interfaces::action::Flight>::SharedPtr, std::shared_ptr<const uav_control_interfaces::action::Flight_Feedback_<std::allocator<void> > >)[m[K’:
[01m[K/home/momo/ugv_ws/src/ugv_control/src/flight_action_client.cpp:85:79:[m[K [01;31m[Kerror: [m[K‘[01m[Kusing element_type = const struct uav_control_interfaces::action::Flight_Feedback_<std::allocator<void> >[m[K’ {aka ‘[01m[Kconst struct uav_control_interfaces::action::Flight_Feedback_<std::allocator<void> >[m[K’} has no member named ‘[01m[Kcurrent_altitude[m[K’
   85 | LCPP_INFO(this->get_logger(), "Feedback: Altitude: %.2f", feedback->[01;31m[Kcurrent_altitude[m[K);
      |                                                                     [01;31m[K^~~~~~~~~~~~~~~~[m[K

[01m[K/home/momo/ugv_ws/src/ugv_control/src/flight_action_client.cpp:[m[K In member function ‘[01m[Kvoid FlightActionClient::result_callback(const WrappedResult&)[m[K’:
[01m[K/home/momo/ugv_ws/src/ugv_control/src/flight_action_client.cpp:92:82:[m[K [01;31m[Kerror: [m[K‘[01m[Kusing element_type = struct uav_control_interfaces::action::Flight_Result_<std::allocator<void> >[m[K’ {aka ‘[01m[Kstruct uav_control_interfaces::action::Flight_Result_<std::allocator<void> >[m[K’} has no member named ‘[01m[Kstatus[m[K’
   92 |  RCLCPP_INFO(this->get_logger(), "Goal succeeded: %s", result.result->[01;31m[Kstatus[m[K.c_str());
      |                                                                       [01;31m[K^~~~~~[m[K

make[2]: *** [CMakeFiles/flight_action_client.dir/build.make:63: CMakeFiles/flight_action_client.dir/src/flight_action_client.cpp.o] Error 1
make[1]: *** [CMakeFiles/Makefile2:78: CMakeFiles/flight_action_client.dir/all] Error 2
make: *** [Makefile:141: all] Error 2
