[0.312s] DEBUG:colcon:Command line arguments: ['/usr/bin/colcon', 'build']
[0.312s] DEBUG:colcon:Parsed command line arguments: Namespace(allow_overriding=[], ament_cmake_args=None, base_paths=['.'], build_base='build', catkin_cmake_args=None, catkin_skip_building_tests=False, cmake_args=None, cmake_clean_cache=False, cmake_clean_first=False, cmake_force_configure=False, cmake_target=None, cmake_target_skip_unavailable=False, continue_on_error=False, event_handlers=None, executor='parallel', ignore_user_meta=False, install_base='install', log_base=None, log_level=None, main=<bound method BuildVerb.main of <colcon_core.verb.build.BuildVerb object at 0x7f8108dda460>>, merge_install=False, metas=['./colcon.meta'], mixin=None, mixin_files=None, mixin_verb=('build',), packages_above=None, packages_above_and_dependencies=None, packages_above_depth=None, packages_end=None, packages_ignore=None, packages_ignore_regex=None, packages_select=None, packages_select_build_failed=False, packages_select_by_dep=None, packages_select_regex=None, packages_select_test_failures=False, packages_skip=None, packages_skip_build_finished=False, packages_skip_by_dep=None, packages_skip_regex=None, packages_skip_test_passed=False, packages_skip_up_to=None, packages_start=None, packages_up_to=None, packages_up_to_regex=None, parallel_workers=8, paths=None, symlink_install=False, test_result_base=None, verb_extension=<colcon_core.verb.build.BuildVerb object at 0x7f8108dda460>, verb_name='build', verb_parser=<colcon_mixin.mixin.mixin_argument.MixinArgumentDecorator object at 0x7f8108ddaa30>)
[0.507s] Level 1:colcon.colcon_core.package_discovery:discover_packages(colcon_meta) check parameters
[0.507s] Level 1:colcon.colcon_core.package_discovery:discover_packages(recursive) check parameters
[0.507s] Level 1:colcon.colcon_core.package_discovery:discover_packages(ignore) check parameters
[0.507s] Level 1:colcon.colcon_core.package_discovery:discover_packages(path) check parameters
[0.507s] Level 1:colcon.colcon_core.package_discovery:discover_packages(colcon_meta) discover
[0.507s] Level 1:colcon.colcon_core.package_discovery:discover_packages(recursive) discover
[0.507s] INFO:colcon.colcon_core.package_discovery:Crawling recursively for packages in '/home/momo/action_ws/UGV'
[0.507s] Level 1:colcon.colcon_core.package_identification:_identify(.) by extensions ['ignore', 'ignore_ament_install']
[0.507s] Level 1:colcon.colcon_core.package_identification:_identify(.) by extension 'ignore'
[0.507s] Level 1:colcon.colcon_core.package_identification:_identify(.) by extension 'ignore_ament_install'
[0.508s] Level 1:colcon.colcon_core.package_identification:_identify(.) by extensions ['colcon_pkg']
[0.508s] Level 1:colcon.colcon_core.package_identification:_identify(.) by extension 'colcon_pkg'
[0.508s] Level 1:colcon.colcon_core.package_identification:_identify(.) by extensions ['colcon_meta']
[0.508s] Level 1:colcon.colcon_core.package_identification:_identify(.) by extension 'colcon_meta'
[0.508s] Level 1:colcon.colcon_core.package_identification:_identify(.) by extensions ['ros']
[0.508s] Level 1:colcon.colcon_core.package_identification:_identify(.) by extension 'ros'
[0.522s] Level 1:colcon.colcon_core.package_identification:_identify(.) by extensions ['cmake', 'python']
[0.522s] Level 1:colcon.colcon_core.package_identification:_identify(.) by extension 'cmake'
[0.522s] Level 1:colcon.colcon_core.package_identification:_identify(.) by extension 'python'
[0.522s] Level 1:colcon.colcon_core.package_identification:_identify(.) by extensions ['python_setup_py']
[0.522s] Level 1:colcon.colcon_core.package_identification:_identify(.) by extension 'python_setup_py'
[0.523s] Level 1:colcon.colcon_core.package_identification:_identify(build) by extensions ['ignore', 'ignore_ament_install']
[0.523s] Level 1:colcon.colcon_core.package_identification:_identify(build) by extension 'ignore'
[0.523s] Level 1:colcon.colcon_core.package_identification:_identify(build) ignored
[0.523s] Level 1:colcon.colcon_core.package_identification:_identify(install) by extensions ['ignore', 'ignore_ament_install']
[0.523s] Level 1:colcon.colcon_core.package_identification:_identify(install) by extension 'ignore'
[0.523s] Level 1:colcon.colcon_core.package_identification:_identify(install) ignored
[0.523s] Level 1:colcon.colcon_core.package_identification:_identify(log) by extensions ['ignore', 'ignore_ament_install']
[0.523s] Level 1:colcon.colcon_core.package_identification:_identify(log) by extension 'ignore'
[0.523s] Level 1:colcon.colcon_core.package_identification:_identify(log) ignored
[0.523s] Level 1:colcon.colcon_core.package_identification:_identify(uav_interface_ws) by extensions ['ignore', 'ignore_ament_install']
[0.524s] Level 1:colcon.colcon_core.package_identification:_identify(uav_interface_ws) by extension 'ignore'
[0.524s] Level 1:colcon.colcon_core.package_identification:_identify(uav_interface_ws) by extension 'ignore_ament_install'
[0.524s] Level 1:colcon.colcon_core.package_identification:_identify(uav_interface_ws) by extensions ['colcon_pkg']
[0.524s] Level 1:colcon.colcon_core.package_identification:_identify(uav_interface_ws) by extension 'colcon_pkg'
[0.524s] Level 1:colcon.colcon_core.package_identification:_identify(uav_interface_ws) by extensions ['colcon_meta']
[0.524s] Level 1:colcon.colcon_core.package_identification:_identify(uav_interface_ws) by extension 'colcon_meta'
[0.524s] Level 1:colcon.colcon_core.package_identification:_identify(uav_interface_ws) by extensions ['ros']
[0.524s] Level 1:colcon.colcon_core.package_identification:_identify(uav_interface_ws) by extension 'ros'
[0.524s] Level 1:colcon.colcon_core.package_identification:_identify(uav_interface_ws) by extensions ['cmake', 'python']
[0.524s] Level 1:colcon.colcon_core.package_identification:_identify(uav_interface_ws) by extension 'cmake'
[0.524s] Level 1:colcon.colcon_core.package_identification:_identify(uav_interface_ws) by extension 'python'
[0.524s] Level 1:colcon.colcon_core.package_identification:_identify(uav_interface_ws) by extensions ['python_setup_py']
[0.524s] Level 1:colcon.colcon_core.package_identification:_identify(uav_interface_ws) by extension 'python_setup_py'
[0.524s] Level 1:colcon.colcon_core.package_identification:_identify(uav_interface_ws/build) by extensions ['ignore', 'ignore_ament_install']
[0.524s] Level 1:colcon.colcon_core.package_identification:_identify(uav_interface_ws/build) by extension 'ignore'
[0.524s] Level 1:colcon.colcon_core.package_identification:_identify(uav_interface_ws/build) ignored
[0.525s] Level 1:colcon.colcon_core.package_identification:_identify(uav_interface_ws/install) by extensions ['ignore', 'ignore_ament_install']
[0.525s] Level 1:colcon.colcon_core.package_identification:_identify(uav_interface_ws/install) by extension 'ignore'
[0.525s] Level 1:colcon.colcon_core.package_identification:_identify(uav_interface_ws/install) ignored
[0.525s] Level 1:colcon.colcon_core.package_identification:_identify(uav_interface_ws/log) by extensions ['ignore', 'ignore_ament_install']
[0.525s] Level 1:colcon.colcon_core.package_identification:_identify(uav_interface_ws/log) by extension 'ignore'
[0.525s] Level 1:colcon.colcon_core.package_identification:_identify(uav_interface_ws/log) ignored
[0.525s] Level 1:colcon.colcon_core.package_identification:_identify(uav_interface_ws/src) by extensions ['ignore', 'ignore_ament_install']
[0.525s] Level 1:colcon.colcon_core.package_identification:_identify(uav_interface_ws/src) by extension 'ignore'
[0.525s] Level 1:colcon.colcon_core.package_identification:_identify(uav_interface_ws/src) by extension 'ignore_ament_install'
[0.525s] Level 1:colcon.colcon_core.package_identification:_identify(uav_interface_ws/src) by extensions ['colcon_pkg']
[0.525s] Level 1:colcon.colcon_core.package_identification:_identify(uav_interface_ws/src) by extension 'colcon_pkg'
[0.525s] Level 1:colcon.colcon_core.package_identification:_identify(uav_interface_ws/src) by extensions ['colcon_meta']
[0.525s] Level 1:colcon.colcon_core.package_identification:_identify(uav_interface_ws/src) by extension 'colcon_meta'
[0.525s] Level 1:colcon.colcon_core.package_identification:_identify(uav_interface_ws/src) by extensions ['ros']
[0.525s] Level 1:colcon.colcon_core.package_identification:_identify(uav_interface_ws/src) by extension 'ros'
[0.525s] Level 1:colcon.colcon_core.package_identification:_identify(uav_interface_ws/src) by extensions ['cmake', 'python']
[0.526s] Level 1:colcon.colcon_core.package_identification:_identify(uav_interface_ws/src) by extension 'cmake'
[0.526s] Level 1:colcon.colcon_core.package_identification:_identify(uav_interface_ws/src) by extension 'python'
[0.526s] Level 1:colcon.colcon_core.package_identification:_identify(uav_interface_ws/src) by extensions ['python_setup_py']
[0.526s] Level 1:colcon.colcon_core.package_identification:_identify(uav_interface_ws/src) by extension 'python_setup_py'
[0.526s] Level 1:colcon.colcon_core.package_identification:_identify(uav_interface_ws/src/uav_control_interfaces) by extensions ['ignore', 'ignore_ament_install']
[0.526s] Level 1:colcon.colcon_core.package_identification:_identify(uav_interface_ws/src/uav_control_interfaces) by extension 'ignore'
[0.526s] Level 1:colcon.colcon_core.package_identification:_identify(uav_interface_ws/src/uav_control_interfaces) by extension 'ignore_ament_install'
[0.526s] Level 1:colcon.colcon_core.package_identification:_identify(uav_interface_ws/src/uav_control_interfaces) by extensions ['colcon_pkg']
[0.526s] Level 1:colcon.colcon_core.package_identification:_identify(uav_interface_ws/src/uav_control_interfaces) by extension 'colcon_pkg'
[0.526s] Level 1:colcon.colcon_core.package_identification:_identify(uav_interface_ws/src/uav_control_interfaces) by extensions ['colcon_meta']
[0.526s] Level 1:colcon.colcon_core.package_identification:_identify(uav_interface_ws/src/uav_control_interfaces) by extension 'colcon_meta'
[0.526s] Level 1:colcon.colcon_core.package_identification:_identify(uav_interface_ws/src/uav_control_interfaces) by extensions ['ros']
[0.526s] Level 1:colcon.colcon_core.package_identification:_identify(uav_interface_ws/src/uav_control_interfaces) by extension 'ros'
[0.529s] DEBUG:colcon.colcon_core.package_identification:Package 'uav_interface_ws/src/uav_control_interfaces' with type 'ros.catkin' and name 'uav_control_interfaces'
[0.529s] Level 1:colcon.colcon_core.package_identification:_identify(ugv_ws) by extensions ['ignore', 'ignore_ament_install']
[0.529s] Level 1:colcon.colcon_core.package_identification:_identify(ugv_ws) by extension 'ignore'
[0.530s] Level 1:colcon.colcon_core.package_identification:_identify(ugv_ws) by extension 'ignore_ament_install'
[0.530s] Level 1:colcon.colcon_core.package_identification:_identify(ugv_ws) by extensions ['colcon_pkg']
[0.530s] Level 1:colcon.colcon_core.package_identification:_identify(ugv_ws) by extension 'colcon_pkg'
[0.530s] Level 1:colcon.colcon_core.package_identification:_identify(ugv_ws) by extensions ['colcon_meta']
[0.530s] Level 1:colcon.colcon_core.package_identification:_identify(ugv_ws) by extension 'colcon_meta'
[0.530s] Level 1:colcon.colcon_core.package_identification:_identify(ugv_ws) by extensions ['ros']
[0.530s] Level 1:colcon.colcon_core.package_identification:_identify(ugv_ws) by extension 'ros'
[0.530s] Level 1:colcon.colcon_core.package_identification:_identify(ugv_ws) by extensions ['cmake', 'python']
[0.530s] Level 1:colcon.colcon_core.package_identification:_identify(ugv_ws) by extension 'cmake'
[0.530s] Level 1:colcon.colcon_core.package_identification:_identify(ugv_ws) by extension 'python'
[0.530s] Level 1:colcon.colcon_core.package_identification:_identify(ugv_ws) by extensions ['python_setup_py']
[0.530s] Level 1:colcon.colcon_core.package_identification:_identify(ugv_ws) by extension 'python_setup_py'
[0.530s] Level 1:colcon.colcon_core.package_identification:_identify(ugv_ws/build) by extensions ['ignore', 'ignore_ament_install']
[0.530s] Level 1:colcon.colcon_core.package_identification:_identify(ugv_ws/build) by extension 'ignore'
[0.530s] Level 1:colcon.colcon_core.package_identification:_identify(ugv_ws/build) ignored
[0.530s] Level 1:colcon.colcon_core.package_identification:_identify(ugv_ws/install) by extensions ['ignore', 'ignore_ament_install']
[0.531s] Level 1:colcon.colcon_core.package_identification:_identify(ugv_ws/install) by extension 'ignore'
[0.531s] Level 1:colcon.colcon_core.package_identification:_identify(ugv_ws/install) ignored
[0.531s] Level 1:colcon.colcon_core.package_identification:_identify(ugv_ws/log) by extensions ['ignore', 'ignore_ament_install']
[0.531s] Level 1:colcon.colcon_core.package_identification:_identify(ugv_ws/log) by extension 'ignore'
[0.531s] Level 1:colcon.colcon_core.package_identification:_identify(ugv_ws/log) ignored
[0.531s] Level 1:colcon.colcon_core.package_identification:_identify(ugv_ws/src) by extensions ['ignore', 'ignore_ament_install']
[0.531s] Level 1:colcon.colcon_core.package_identification:_identify(ugv_ws/src) by extension 'ignore'
[0.531s] Level 1:colcon.colcon_core.package_identification:_identify(ugv_ws/src) by extension 'ignore_ament_install'
[0.531s] Level 1:colcon.colcon_core.package_identification:_identify(ugv_ws/src) by extensions ['colcon_pkg']
[0.531s] Level 1:colcon.colcon_core.package_identification:_identify(ugv_ws/src) by extension 'colcon_pkg'
[0.531s] Level 1:colcon.colcon_core.package_identification:_identify(ugv_ws/src) by extensions ['colcon_meta']
[0.531s] Level 1:colcon.colcon_core.package_identification:_identify(ugv_ws/src) by extension 'colcon_meta'
[0.531s] Level 1:colcon.colcon_core.package_identification:_identify(ugv_ws/src) by extensions ['ros']
[0.531s] Level 1:colcon.colcon_core.package_identification:_identify(ugv_ws/src) by extension 'ros'
[0.531s] Level 1:colcon.colcon_core.package_identification:_identify(ugv_ws/src) by extensions ['cmake', 'python']
[0.531s] Level 1:colcon.colcon_core.package_identification:_identify(ugv_ws/src) by extension 'cmake'
[0.531s] Level 1:colcon.colcon_core.package_identification:_identify(ugv_ws/src) by extension 'python'
[0.532s] Level 1:colcon.colcon_core.package_identification:_identify(ugv_ws/src) by extensions ['python_setup_py']
[0.532s] Level 1:colcon.colcon_core.package_identification:_identify(ugv_ws/src) by extension 'python_setup_py'
[0.532s] Level 1:colcon.colcon_core.package_identification:_identify(ugv_ws/src/ugv_control) by extensions ['ignore', 'ignore_ament_install']
[0.532s] Level 1:colcon.colcon_core.package_identification:_identify(ugv_ws/src/ugv_control) by extension 'ignore'
[0.532s] Level 1:colcon.colcon_core.package_identification:_identify(ugv_ws/src/ugv_control) by extension 'ignore_ament_install'
[0.532s] Level 1:colcon.colcon_core.package_identification:_identify(ugv_ws/src/ugv_control) by extensions ['colcon_pkg']
[0.532s] Level 1:colcon.colcon_core.package_identification:_identify(ugv_ws/src/ugv_control) by extension 'colcon_pkg'
[0.532s] Level 1:colcon.colcon_core.package_identification:_identify(ugv_ws/src/ugv_control) by extensions ['colcon_meta']
[0.532s] Level 1:colcon.colcon_core.package_identification:_identify(ugv_ws/src/ugv_control) by extension 'colcon_meta'
[0.532s] Level 1:colcon.colcon_core.package_identification:_identify(ugv_ws/src/ugv_control) by extensions ['ros']
[0.532s] Level 1:colcon.colcon_core.package_identification:_identify(ugv_ws/src/ugv_control) by extension 'ros'
[0.533s] DEBUG:colcon.colcon_core.package_identification:Package 'ugv_ws/src/ugv_control' with type 'ros.ament_cmake' and name 'ugv_control'
[0.533s] Level 1:colcon.colcon_core.package_discovery:discover_packages(recursive) using defaults
[0.534s] Level 1:colcon.colcon_core.package_discovery:discover_packages(ignore) discover
[0.534s] Level 1:colcon.colcon_core.package_discovery:discover_packages(ignore) using defaults
[0.534s] Level 1:colcon.colcon_core.package_discovery:discover_packages(path) discover
[0.534s] Level 1:colcon.colcon_core.package_discovery:discover_packages(path) using defaults
[0.556s] Level 1:colcon.colcon_core.package_discovery:discover_packages(prefix_path) check parameters
[0.556s] Level 1:colcon.colcon_core.package_discovery:discover_packages(prefix_path) discover
[0.557s] WARNING:colcon.colcon_core.prefix_path.colcon:The path '/home/momo/action_ws/install' in the environment variable COLCON_PREFIX_PATH doesn't exist
[0.557s] WARNING:colcon.colcon_core.prefix_path.colcon:The path '/home/momo/uav_ws/install' in the environment variable COLCON_PREFIX_PATH doesn't exist
[0.557s] WARNING:colcon.colcon_core.prefix_path.colcon:The path '/home/momo/uav_interface_ws/install' in the environment variable COLCON_PREFIX_PATH doesn't exist
[0.557s] WARNING:colcon.colcon_core.prefix_path.colcon:The path '/home/momo/ugv_ws/install' in the environment variable COLCON_PREFIX_PATH doesn't exist
[0.557s] WARNING:colcon.colcon_ros.prefix_path.ament:The path '/home/momo/action_ws/install/ugv_control' in the environment variable AMENT_PREFIX_PATH doesn't exist
[0.557s] WARNING:colcon.colcon_ros.prefix_path.ament:The path '/home/momo/action_ws/install/uav_control' in the environment variable AMENT_PREFIX_PATH doesn't exist
[0.557s] WARNING:colcon.colcon_ros.prefix_path.ament:The path '/home/momo/ugv_ws/install/ugv_control' in the environment variable AMENT_PREFIX_PATH doesn't exist
[0.557s] WARNING:colcon.colcon_ros.prefix_path.ament:The path '/home/momo/uav_ws/install/uav_control' in the environment variable AMENT_PREFIX_PATH doesn't exist
[0.557s] WARNING:colcon.colcon_ros.prefix_path.catkin:The path '/home/momo/action_ws/install/ugv_control' in the environment variable CMAKE_PREFIX_PATH doesn't exist
[0.558s] WARNING:colcon.colcon_ros.prefix_path.catkin:The path '/home/momo/action_ws/install/uav_control' in the environment variable CMAKE_PREFIX_PATH doesn't exist
[0.558s] WARNING:colcon.colcon_ros.prefix_path.catkin:The path '/home/momo/action_ws/install/uav_control_interfaces' in the environment variable CMAKE_PREFIX_PATH doesn't exist
[0.558s] WARNING:colcon.colcon_ros.prefix_path.catkin:The path '/home/momo/ugv_ws/install/ugv_control' in the environment variable CMAKE_PREFIX_PATH doesn't exist
[0.558s] WARNING:colcon.colcon_ros.prefix_path.catkin:The path '/home/momo/uav_ws/install/uav_control' in the environment variable CMAKE_PREFIX_PATH doesn't exist
[0.558s] WARNING:colcon.colcon_ros.prefix_path.catkin:The path '/home/momo/uav_interface_ws/install/uav_control_interfaces' in the environment variable CMAKE_PREFIX_PATH doesn't exist
[0.559s] DEBUG:colcon.colcon_installed_package_information.package_discovery:Found 1 installed packages in /home/momo/flight/install
[0.561s] DEBUG:colcon.colcon_installed_package_information.package_discovery:Found 327 installed packages in /opt/ros/foxy
[0.564s] Level 1:colcon.colcon_core.package_discovery:discover_packages(prefix_path) using defaults
[0.710s] Level 5:colcon.colcon_core.verb:set package 'uav_control_interfaces' build argument 'cmake_args' from command line to 'None'
[0.710s] Level 5:colcon.colcon_core.verb:set package 'uav_control_interfaces' build argument 'cmake_target' from command line to 'None'
[0.710s] Level 5:colcon.colcon_core.verb:set package 'uav_control_interfaces' build argument 'cmake_target_skip_unavailable' from command line to 'False'
[0.710s] Level 5:colcon.colcon_core.verb:set package 'uav_control_interfaces' build argument 'cmake_clean_cache' from command line to 'False'
[0.710s] Level 5:colcon.colcon_core.verb:set package 'uav_control_interfaces' build argument 'cmake_clean_first' from command line to 'False'
[0.710s] Level 5:colcon.colcon_core.verb:set package 'uav_control_interfaces' build argument 'cmake_force_configure' from command line to 'False'
[0.710s] Level 5:colcon.colcon_core.verb:set package 'uav_control_interfaces' build argument 'ament_cmake_args' from command line to 'None'
[0.710s] Level 5:colcon.colcon_core.verb:set package 'uav_control_interfaces' build argument 'catkin_cmake_args' from command line to 'None'
[0.710s] Level 5:colcon.colcon_core.verb:set package 'uav_control_interfaces' build argument 'catkin_skip_building_tests' from command line to 'False'
[0.710s] DEBUG:colcon.colcon_core.verb:Building package 'uav_control_interfaces' with the following arguments: {'ament_cmake_args': None, 'build_base': '/home/momo/action_ws/UGV/build/uav_control_interfaces', 'catkin_cmake_args': None, 'catkin_skip_building_tests': False, 'cmake_args': None, 'cmake_clean_cache': False, 'cmake_clean_first': False, 'cmake_force_configure': False, 'cmake_target': None, 'cmake_target_skip_unavailable': False, 'install_base': '/home/momo/action_ws/UGV/install/uav_control_interfaces', 'merge_install': False, 'path': '/home/momo/action_ws/UGV/uav_interface_ws/src/uav_control_interfaces', 'symlink_install': False, 'test_result_base': None}
[0.711s] Level 5:colcon.colcon_core.verb:set package 'ugv_control' build argument 'cmake_args' from command line to 'None'
[0.711s] Level 5:colcon.colcon_core.verb:set package 'ugv_control' build argument 'cmake_target' from command line to 'None'
[0.711s] Level 5:colcon.colcon_core.verb:set package 'ugv_control' build argument 'cmake_target_skip_unavailable' from command line to 'False'
[0.711s] Level 5:colcon.colcon_core.verb:set package 'ugv_control' build argument 'cmake_clean_cache' from command line to 'False'
[0.711s] Level 5:colcon.colcon_core.verb:set package 'ugv_control' build argument 'cmake_clean_first' from command line to 'False'
[0.711s] Level 5:colcon.colcon_core.verb:set package 'ugv_control' build argument 'cmake_force_configure' from command line to 'False'
[0.711s] Level 5:colcon.colcon_core.verb:set package 'ugv_control' build argument 'ament_cmake_args' from command line to 'None'
[0.711s] Level 5:colcon.colcon_core.verb:set package 'ugv_control' build argument 'catkin_cmake_args' from command line to 'None'
[0.711s] Level 5:colcon.colcon_core.verb:set package 'ugv_control' build argument 'catkin_skip_building_tests' from command line to 'False'
[0.711s] DEBUG:colcon.colcon_core.verb:Building package 'ugv_control' with the following arguments: {'ament_cmake_args': None, 'build_base': '/home/momo/action_ws/UGV/build/ugv_control', 'catkin_cmake_args': None, 'catkin_skip_building_tests': False, 'cmake_args': None, 'cmake_clean_cache': False, 'cmake_clean_first': False, 'cmake_force_configure': False, 'cmake_target': None, 'cmake_target_skip_unavailable': False, 'install_base': '/home/momo/action_ws/UGV/install/ugv_control', 'merge_install': False, 'path': '/home/momo/action_ws/UGV/ugv_ws/src/ugv_control', 'symlink_install': False, 'test_result_base': None}
[0.711s] INFO:colcon.colcon_core.executor:Executing jobs using 'parallel' executor
[0.713s] DEBUG:colcon.colcon_parallel_executor.executor.parallel:run_until_complete
[0.713s] INFO:colcon.colcon_ros.task.catkin.build:Building ROS package in '/home/momo/action_ws/UGV/uav_interface_ws/src/uav_control_interfaces' with build type 'catkin'
[0.713s] INFO:colcon.colcon_cmake.task.cmake.build:Building CMake package in '/home/momo/action_ws/UGV/uav_interface_ws/src/uav_control_interfaces'
[0.717s] INFO:colcon.colcon_core.plugin_system:Skipping extension 'colcon_core.shell.bat': Not used on non-Windows systems
[0.717s] INFO:colcon.colcon_core.shell:Skip shell extension 'powershell' for command environment: Not usable outside of PowerShell
[0.717s] DEBUG:colcon.colcon_core.shell:Skip shell extension 'dsv' for command environment
[0.743s] DEBUG:colcon.colcon_core.event_handler.log_command:Invoking command in '/home/momo/action_ws/UGV/build/uav_control_interfaces': /usr/bin/cmake /home/momo/action_ws/UGV/uav_interface_ws/src/uav_control_interfaces -DCATKIN_INSTALL_INTO_PREFIX_ROOT=0 -DCMAKE_INSTALL_PREFIX=/home/momo/action_ws/UGV/install/uav_control_interfaces
[4.090s] DEBUG:colcon.colcon_core.event_handler.log_command:Invoked command in '/home/momo/action_ws/UGV/build/uav_control_interfaces' returned '0': /usr/bin/cmake /home/momo/action_ws/UGV/uav_interface_ws/src/uav_control_interfaces -DCATKIN_INSTALL_INTO_PREFIX_ROOT=0 -DCMAKE_INSTALL_PREFIX=/home/momo/action_ws/UGV/install/uav_control_interfaces
[4.106s] DEBUG:colcon.colcon_core.event_handler.log_command:Invoking command in '/home/momo/action_ws/UGV/build/uav_control_interfaces': /usr/bin/cmake --build /home/momo/action_ws/UGV/build/uav_control_interfaces -- -j8 -l8
[10.904s] DEBUG:colcon.colcon_core.event_handler.log_command:Invoked command in '/home/momo/action_ws/UGV/build/uav_control_interfaces' returned '0': /usr/bin/cmake --build /home/momo/action_ws/UGV/build/uav_control_interfaces -- -j8 -l8
[11.329s] DEBUG:colcon.colcon_core.event_handler.log_command:Invoking command in '/home/momo/action_ws/UGV/build/uav_control_interfaces': /usr/bin/cmake --install /home/momo/action_ws/UGV/build/uav_control_interfaces
[11.484s] DEBUG:colcon.colcon_core.event_handler.log_command:Invoked command in '/home/momo/action_ws/UGV/build/uav_control_interfaces' returned '0': /usr/bin/cmake --install /home/momo/action_ws/UGV/build/uav_control_interfaces
[11.659s] Level 1:colcon.colcon_core.shell:create_environment_hook('uav_control_interfaces', 'ros_package_path')
[11.661s] INFO:colcon.colcon_core.shell:Creating environment hook '/home/momo/action_ws/UGV/install/uav_control_interfaces/share/uav_control_interfaces/hook/ros_package_path.ps1'
[11.665s] INFO:colcon.colcon_core.shell:Creating environment descriptor '/home/momo/action_ws/UGV/install/uav_control_interfaces/share/uav_control_interfaces/hook/ros_package_path.dsv'
[11.667s] INFO:colcon.colcon_core.shell:Creating environment hook '/home/momo/action_ws/UGV/install/uav_control_interfaces/share/uav_control_interfaces/hook/ros_package_path.sh'
[11.671s] Level 1:colcon.colcon_ros.task.catkin:checking '/home/momo/action_ws/UGV/install/uav_control_interfaces/lib/python3.8/site-packages'
[11.671s] Level 1:colcon.colcon_core.shell:create_environment_hook('uav_control_interfaces', 'catkin_pythonpath')
[11.673s] INFO:colcon.colcon_core.shell:Creating environment hook '/home/momo/action_ws/UGV/install/uav_control_interfaces/share/uav_control_interfaces/hook/catkin_pythonpath.ps1'
[11.674s] INFO:colcon.colcon_core.shell:Creating environment descriptor '/home/momo/action_ws/UGV/install/uav_control_interfaces/share/uav_control_interfaces/hook/catkin_pythonpath.dsv'
[11.675s] INFO:colcon.colcon_core.shell:Creating environment hook '/home/momo/action_ws/UGV/install/uav_control_interfaces/share/uav_control_interfaces/hook/catkin_pythonpath.sh'
[11.676s] Level 1:colcon.colcon_core.shell:create_environment_hook('uav_control_interfaces', 'pkg_config_path')
[11.678s] INFO:colcon.colcon_core.shell:Creating environment hook '/home/momo/action_ws/UGV/install/uav_control_interfaces/share/uav_control_interfaces/hook/pkg_config_path.ps1'
[11.679s] INFO:colcon.colcon_core.shell:Creating environment descriptor '/home/momo/action_ws/UGV/install/uav_control_interfaces/share/uav_control_interfaces/hook/pkg_config_path.dsv'
[11.680s] INFO:colcon.colcon_core.shell:Creating environment hook '/home/momo/action_ws/UGV/install/uav_control_interfaces/share/uav_control_interfaces/hook/pkg_config_path.sh'
[11.692s] Level 1:colcon.colcon_core.shell:create_environment_hook('uav_control_interfaces', 'pkg_config_path_multiarch')
[11.694s] INFO:colcon.colcon_core.shell:Creating environment hook '/home/momo/action_ws/UGV/install/uav_control_interfaces/share/uav_control_interfaces/hook/pkg_config_path_multiarch.ps1'
[11.695s] INFO:colcon.colcon_core.shell:Creating environment descriptor '/home/momo/action_ws/UGV/install/uav_control_interfaces/share/uav_control_interfaces/hook/pkg_config_path_multiarch.dsv'
[11.696s] INFO:colcon.colcon_core.shell:Creating environment hook '/home/momo/action_ws/UGV/install/uav_control_interfaces/share/uav_control_interfaces/hook/pkg_config_path_multiarch.sh'
[11.699s] Level 1:colcon.colcon_core.environment:create_environment_scripts_only(uav_control_interfaces)
[11.709s] Level 1:colcon.colcon_core.environment:checking '/home/momo/action_ws/UGV/install/uav_control_interfaces' for CMake module files
[11.712s] Level 1:colcon.colcon_core.environment:checking '/home/momo/action_ws/UGV/install/uav_control_interfaces' for CMake config files
[11.713s] Level 1:colcon.colcon_core.shell:create_environment_hook('uav_control_interfaces', 'cmake_prefix_path')
[11.714s] INFO:colcon.colcon_core.shell:Creating environment hook '/home/momo/action_ws/UGV/install/uav_control_interfaces/share/uav_control_interfaces/hook/cmake_prefix_path.ps1'
[11.716s] INFO:colcon.colcon_core.shell:Creating environment descriptor '/home/momo/action_ws/UGV/install/uav_control_interfaces/share/uav_control_interfaces/hook/cmake_prefix_path.dsv'
[11.717s] INFO:colcon.colcon_core.shell:Creating environment hook '/home/momo/action_ws/UGV/install/uav_control_interfaces/share/uav_control_interfaces/hook/cmake_prefix_path.sh'
[11.719s] Level 1:colcon.colcon_core.environment:checking '/home/momo/action_ws/UGV/install/uav_control_interfaces/lib'
[11.720s] Level 1:colcon.colcon_core.shell:create_environment_hook('uav_control_interfaces', 'ld_library_path_lib')
[11.721s] INFO:colcon.colcon_core.shell:Creating environment hook '/home/momo/action_ws/UGV/install/uav_control_interfaces/share/uav_control_interfaces/hook/ld_library_path_lib.ps1'
[11.722s] INFO:colcon.colcon_core.shell:Creating environment descriptor '/home/momo/action_ws/UGV/install/uav_control_interfaces/share/uav_control_interfaces/hook/ld_library_path_lib.dsv'
[11.722s] INFO:colcon.colcon_core.shell:Creating environment hook '/home/momo/action_ws/UGV/install/uav_control_interfaces/share/uav_control_interfaces/hook/ld_library_path_lib.sh'
[11.723s] Level 1:colcon.colcon_core.environment:checking '/home/momo/action_ws/UGV/install/uav_control_interfaces/bin'
[11.723s] Level 1:colcon.colcon_core.environment:checking '/home/momo/action_ws/UGV/install/uav_control_interfaces/lib/pkgconfig/uav_control_interfaces.pc'
[11.724s] Level 1:colcon.colcon_core.environment:checking '/home/momo/action_ws/UGV/install/uav_control_interfaces/lib/python3.8/site-packages'
[11.724s] Level 1:colcon.colcon_core.shell:create_environment_hook('uav_control_interfaces', 'pythonpath')
[11.724s] INFO:colcon.colcon_core.shell:Creating environment hook '/home/momo/action_ws/UGV/install/uav_control_interfaces/share/uav_control_interfaces/hook/pythonpath.ps1'
[11.725s] INFO:colcon.colcon_core.shell:Creating environment descriptor '/home/momo/action_ws/UGV/install/uav_control_interfaces/share/uav_control_interfaces/hook/pythonpath.dsv'
[11.726s] INFO:colcon.colcon_core.shell:Creating environment hook '/home/momo/action_ws/UGV/install/uav_control_interfaces/share/uav_control_interfaces/hook/pythonpath.sh'
[11.727s] Level 1:colcon.colcon_core.environment:checking '/home/momo/action_ws/UGV/install/uav_control_interfaces/bin'
[11.729s] INFO:colcon.colcon_core.shell:Creating package script '/home/momo/action_ws/UGV/install/uav_control_interfaces/share/uav_control_interfaces/package.ps1'
[11.731s] INFO:colcon.colcon_core.shell:Creating package descriptor '/home/momo/action_ws/UGV/install/uav_control_interfaces/share/uav_control_interfaces/package.dsv'
[11.732s] INFO:colcon.colcon_core.shell:Creating package script '/home/momo/action_ws/UGV/install/uav_control_interfaces/share/uav_control_interfaces/package.sh'
[11.734s] INFO:colcon.colcon_core.shell:Creating package script '/home/momo/action_ws/UGV/install/uav_control_interfaces/share/uav_control_interfaces/package.bash'
[11.735s] INFO:colcon.colcon_core.shell:Creating package script '/home/momo/action_ws/UGV/install/uav_control_interfaces/share/uav_control_interfaces/package.zsh'
[11.737s] Level 1:colcon.colcon_core.environment:create_file_with_runtime_dependencies(/home/momo/action_ws/UGV/install/uav_control_interfaces/share/colcon-core/packages/uav_control_interfaces)
[11.738s] INFO:colcon.colcon_ros.task.ament_cmake.build:Building ROS package in '/home/momo/action_ws/UGV/ugv_ws/src/ugv_control' with build type 'ament_cmake'
[11.739s] INFO:colcon.colcon_cmake.task.cmake.build:Building CMake package in '/home/momo/action_ws/UGV/ugv_ws/src/ugv_control'
[11.739s] INFO:colcon.colcon_core.shell:Skip shell extension 'powershell' for command environment: Not usable outside of PowerShell
[11.739s] DEBUG:colcon.colcon_core.shell:Skip shell extension 'dsv' for command environment
[11.763s] DEBUG:colcon.colcon_core.event_handler.log_command:Invoking command in '/home/momo/action_ws/UGV/build/ugv_control': CMAKE_PREFIX_PATH=/opt/ros/foxy:/home/momo/action_ws/UGV/install/uav_control_interfaces:${CMAKE_PREFIX_PATH} LD_LIBRARY_PATH=/home/momo/action_ws/UGV/install/uav_control_interfaces/lib:${LD_LIBRARY_PATH} PKG_CONFIG_PATH=/home/momo/action_ws/UGV/install/uav_control_interfaces/lib/x86_64-linux-gnu/pkgconfig:/home/momo/action_ws/UGV/install/uav_control_interfaces/lib/pkgconfig:${PKG_CONFIG_PATH} PYTHONPATH=/home/momo/action_ws/UGV/install/uav_control_interfaces/lib/python3.8/site-packages:${PYTHONPATH} ROS_PACKAGE_PATH=/home/momo/action_ws/UGV/install/uav_control_interfaces/share:${ROS_PACKAGE_PATH} /usr/bin/cmake /home/momo/action_ws/UGV/ugv_ws/src/ugv_control -DCMAKE_INSTALL_PREFIX=/home/momo/action_ws/UGV/install/ugv_control
[15.338s] DEBUG:colcon.colcon_core.event_handler.log_command:Invoked command in '/home/momo/action_ws/UGV/build/ugv_control' returned '0': CMAKE_PREFIX_PATH=/opt/ros/foxy:/home/momo/action_ws/UGV/install/uav_control_interfaces:${CMAKE_PREFIX_PATH} LD_LIBRARY_PATH=/home/momo/action_ws/UGV/install/uav_control_interfaces/lib:${LD_LIBRARY_PATH} PKG_CONFIG_PATH=/home/momo/action_ws/UGV/install/uav_control_interfaces/lib/x86_64-linux-gnu/pkgconfig:/home/momo/action_ws/UGV/install/uav_control_interfaces/lib/pkgconfig:${PKG_CONFIG_PATH} PYTHONPATH=/home/momo/action_ws/UGV/install/uav_control_interfaces/lib/python3.8/site-packages:${PYTHONPATH} ROS_PACKAGE_PATH=/home/momo/action_ws/UGV/install/uav_control_interfaces/share:${ROS_PACKAGE_PATH} /usr/bin/cmake /home/momo/action_ws/UGV/ugv_ws/src/ugv_control -DCMAKE_INSTALL_PREFIX=/home/momo/action_ws/UGV/install/ugv_control
[15.350s] DEBUG:colcon.colcon_core.event_handler.log_command:Invoking command in '/home/momo/action_ws/UGV/build/ugv_control': CMAKE_PREFIX_PATH=/opt/ros/foxy:/home/momo/action_ws/UGV/install/uav_control_interfaces:${CMAKE_PREFIX_PATH} LD_LIBRARY_PATH=/home/momo/action_ws/UGV/install/uav_control_interfaces/lib:${LD_LIBRARY_PATH} PKG_CONFIG_PATH=/home/momo/action_ws/UGV/install/uav_control_interfaces/lib/x86_64-linux-gnu/pkgconfig:/home/momo/action_ws/UGV/install/uav_control_interfaces/lib/pkgconfig:${PKG_CONFIG_PATH} PYTHONPATH=/home/momo/action_ws/UGV/install/uav_control_interfaces/lib/python3.8/site-packages:${PYTHONPATH} ROS_PACKAGE_PATH=/home/momo/action_ws/UGV/install/uav_control_interfaces/share:${ROS_PACKAGE_PATH} /usr/bin/cmake --build /home/momo/action_ws/UGV/build/ugv_control -- -j8 -l8
[19.687s] DEBUG:colcon.colcon_core.event_handler.log_command:Invoked command in '/home/momo/action_ws/UGV/build/ugv_control' returned '0': CMAKE_PREFIX_PATH=/opt/ros/foxy:/home/momo/action_ws/UGV/install/uav_control_interfaces:${CMAKE_PREFIX_PATH} LD_LIBRARY_PATH=/home/momo/action_ws/UGV/install/uav_control_interfaces/lib:${LD_LIBRARY_PATH} PKG_CONFIG_PATH=/home/momo/action_ws/UGV/install/uav_control_interfaces/lib/x86_64-linux-gnu/pkgconfig:/home/momo/action_ws/UGV/install/uav_control_interfaces/lib/pkgconfig:${PKG_CONFIG_PATH} PYTHONPATH=/home/momo/action_ws/UGV/install/uav_control_interfaces/lib/python3.8/site-packages:${PYTHONPATH} ROS_PACKAGE_PATH=/home/momo/action_ws/UGV/install/uav_control_interfaces/share:${ROS_PACKAGE_PATH} /usr/bin/cmake --build /home/momo/action_ws/UGV/build/ugv_control -- -j8 -l8
[19.774s] DEBUG:colcon.colcon_core.event_handler.log_command:Invoking command in '/home/momo/action_ws/UGV/build/ugv_control': CMAKE_PREFIX_PATH=/opt/ros/foxy:/home/momo/action_ws/UGV/install/uav_control_interfaces:${CMAKE_PREFIX_PATH} LD_LIBRARY_PATH=/home/momo/action_ws/UGV/install/uav_control_interfaces/lib:${LD_LIBRARY_PATH} PKG_CONFIG_PATH=/home/momo/action_ws/UGV/install/uav_control_interfaces/lib/x86_64-linux-gnu/pkgconfig:/home/momo/action_ws/UGV/install/uav_control_interfaces/lib/pkgconfig:${PKG_CONFIG_PATH} PYTHONPATH=/home/momo/action_ws/UGV/install/uav_control_interfaces/lib/python3.8/site-packages:${PYTHONPATH} ROS_PACKAGE_PATH=/home/momo/action_ws/UGV/install/uav_control_interfaces/share:${ROS_PACKAGE_PATH} /usr/bin/cmake --install /home/momo/action_ws/UGV/build/ugv_control
[19.812s] Level 1:colcon.colcon_core.environment:create_environment_scripts_only(ugv_control)
[19.814s] Level 1:colcon.colcon_core.environment:checking '/home/momo/action_ws/UGV/install/ugv_control' for CMake module files
[19.817s] DEBUG:colcon.colcon_core.event_handler.log_command:Invoked command in '/home/momo/action_ws/UGV/build/ugv_control' returned '0': CMAKE_PREFIX_PATH=/opt/ros/foxy:/home/momo/action_ws/UGV/install/uav_control_interfaces:${CMAKE_PREFIX_PATH} LD_LIBRARY_PATH=/home/momo/action_ws/UGV/install/uav_control_interfaces/lib:${LD_LIBRARY_PATH} PKG_CONFIG_PATH=/home/momo/action_ws/UGV/install/uav_control_interfaces/lib/x86_64-linux-gnu/pkgconfig:/home/momo/action_ws/UGV/install/uav_control_interfaces/lib/pkgconfig:${PKG_CONFIG_PATH} PYTHONPATH=/home/momo/action_ws/UGV/install/uav_control_interfaces/lib/python3.8/site-packages:${PYTHONPATH} ROS_PACKAGE_PATH=/home/momo/action_ws/UGV/install/uav_control_interfaces/share:${ROS_PACKAGE_PATH} /usr/bin/cmake --install /home/momo/action_ws/UGV/build/ugv_control
[19.818s] Level 1:colcon.colcon_core.environment:checking '/home/momo/action_ws/UGV/install/ugv_control' for CMake config files
[19.819s] Level 1:colcon.colcon_core.shell:create_environment_hook('ugv_control', 'cmake_prefix_path')
[19.821s] INFO:colcon.colcon_core.shell:Creating environment hook '/home/momo/action_ws/UGV/install/ugv_control/share/ugv_control/hook/cmake_prefix_path.ps1'
[19.822s] INFO:colcon.colcon_core.shell:Creating environment descriptor '/home/momo/action_ws/UGV/install/ugv_control/share/ugv_control/hook/cmake_prefix_path.dsv'
[19.823s] INFO:colcon.colcon_core.shell:Creating environment hook '/home/momo/action_ws/UGV/install/ugv_control/share/ugv_control/hook/cmake_prefix_path.sh'
[19.826s] Level 1:colcon.colcon_core.environment:checking '/home/momo/action_ws/UGV/install/ugv_control/lib'
[19.826s] Level 1:colcon.colcon_core.environment:checking '/home/momo/action_ws/UGV/install/ugv_control/bin'
[19.826s] Level 1:colcon.colcon_core.environment:checking '/home/momo/action_ws/UGV/install/ugv_control/lib/pkgconfig/ugv_control.pc'
[19.827s] Level 1:colcon.colcon_core.environment:checking '/home/momo/action_ws/UGV/install/ugv_control/lib/python3.8/site-packages'
[19.828s] Level 1:colcon.colcon_core.environment:checking '/home/momo/action_ws/UGV/install/ugv_control/bin'
[19.830s] INFO:colcon.colcon_core.shell:Creating package script '/home/momo/action_ws/UGV/install/ugv_control/share/ugv_control/package.ps1'
[19.831s] INFO:colcon.colcon_core.shell:Creating package descriptor '/home/momo/action_ws/UGV/install/ugv_control/share/ugv_control/package.dsv'
[19.832s] INFO:colcon.colcon_core.shell:Creating package script '/home/momo/action_ws/UGV/install/ugv_control/share/ugv_control/package.sh'
[19.834s] INFO:colcon.colcon_core.shell:Creating package script '/home/momo/action_ws/UGV/install/ugv_control/share/ugv_control/package.bash'
[19.835s] INFO:colcon.colcon_core.shell:Creating package script '/home/momo/action_ws/UGV/install/ugv_control/share/ugv_control/package.zsh'
[19.836s] Level 1:colcon.colcon_core.environment:create_file_with_runtime_dependencies(/home/momo/action_ws/UGV/install/ugv_control/share/colcon-core/packages/ugv_control)
[19.920s] Level 1:colcon.colcon_core.environment:create_environment_scripts_only(ugv_control)
[19.922s] Level 1:colcon.colcon_core.environment:checking '/home/momo/action_ws/UGV/install/ugv_control' for CMake module files
[19.925s] Level 1:colcon.colcon_core.environment:checking '/home/momo/action_ws/UGV/install/ugv_control' for CMake config files
[19.926s] Level 1:colcon.colcon_core.shell:create_environment_hook('ugv_control', 'cmake_prefix_path')
[19.927s] INFO:colcon.colcon_core.shell:Creating environment hook '/home/momo/action_ws/UGV/install/ugv_control/share/ugv_control/hook/cmake_prefix_path.ps1'
[19.930s] INFO:colcon.colcon_core.shell:Creating environment descriptor '/home/momo/action_ws/UGV/install/ugv_control/share/ugv_control/hook/cmake_prefix_path.dsv'
[19.931s] INFO:colcon.colcon_core.shell:Creating environment hook '/home/momo/action_ws/UGV/install/ugv_control/share/ugv_control/hook/cmake_prefix_path.sh'
[19.934s] Level 1:colcon.colcon_core.environment:checking '/home/momo/action_ws/UGV/install/ugv_control/lib'
[19.934s] Level 1:colcon.colcon_core.environment:checking '/home/momo/action_ws/UGV/install/ugv_control/bin'
[19.934s] Level 1:colcon.colcon_core.environment:checking '/home/momo/action_ws/UGV/install/ugv_control/lib/pkgconfig/ugv_control.pc'
[19.936s] Level 1:colcon.colcon_core.environment:checking '/home/momo/action_ws/UGV/install/ugv_control/lib/python3.8/site-packages'
[19.937s] Level 1:colcon.colcon_core.environment:checking '/home/momo/action_ws/UGV/install/ugv_control/bin'
[19.938s] INFO:colcon.colcon_core.shell:Creating package script '/home/momo/action_ws/UGV/install/ugv_control/share/ugv_control/package.ps1'
[19.940s] INFO:colcon.colcon_core.shell:Creating package descriptor '/home/momo/action_ws/UGV/install/ugv_control/share/ugv_control/package.dsv'
[19.942s] INFO:colcon.colcon_core.shell:Creating package script '/home/momo/action_ws/UGV/install/ugv_control/share/ugv_control/package.sh'
[19.943s] INFO:colcon.colcon_core.shell:Creating package script '/home/momo/action_ws/UGV/install/ugv_control/share/ugv_control/package.bash'
[19.945s] INFO:colcon.colcon_core.shell:Creating package script '/home/momo/action_ws/UGV/install/ugv_control/share/ugv_control/package.zsh'
[19.946s] Level 1:colcon.colcon_core.environment:create_file_with_runtime_dependencies(/home/momo/action_ws/UGV/install/ugv_control/share/colcon-core/packages/ugv_control)
[19.947s] DEBUG:colcon.colcon_parallel_executor.executor.parallel:closing loop
[19.948s] DEBUG:colcon.colcon_parallel_executor.executor.parallel:loop closed
[19.948s] DEBUG:colcon.colcon_parallel_executor.executor.parallel:run_until_complete finished with '0'
[19.948s] DEBUG:colcon.colcon_core.event_reactor:joining thread
[19.969s] INFO:colcon.colcon_core.plugin_system:Skipping extension 'colcon_notification.desktop_notification.terminal_notifier': Not used on non-Darwin systems
[19.970s] INFO:colcon.colcon_core.plugin_system:Skipping extension 'colcon_notification.desktop_notification.win32': Not used on non-Windows systems
[19.970s] INFO:colcon.colcon_notification.desktop_notification:Sending desktop notification using 'notify2'
[20.019s] DEBUG:colcon.colcon_core.event_reactor:joined thread
[20.021s] INFO:colcon.colcon_core.shell:Creating prefix script '/home/momo/action_ws/UGV/install/local_setup.ps1'
[20.026s] INFO:colcon.colcon_core.shell:Creating prefix util module '/home/momo/action_ws/UGV/install/_local_setup_util_ps1.py'
[20.047s] INFO:colcon.colcon_core.shell:Creating prefix chain script '/home/momo/action_ws/UGV/install/setup.ps1'
[20.051s] INFO:colcon.colcon_core.shell:Creating prefix script '/home/momo/action_ws/UGV/install/local_setup.sh'
[20.053s] INFO:colcon.colcon_core.shell:Creating prefix util module '/home/momo/action_ws/UGV/install/_local_setup_util_sh.py'
[20.055s] INFO:colcon.colcon_core.shell:Creating prefix chain script '/home/momo/action_ws/UGV/install/setup.sh'
[20.062s] INFO:colcon.colcon_core.shell:Creating prefix script '/home/momo/action_ws/UGV/install/local_setup.bash'
[20.063s] INFO:colcon.colcon_core.shell:Creating prefix chain script '/home/momo/action_ws/UGV/install/setup.bash'
[20.065s] INFO:colcon.colcon_core.shell:Creating prefix script '/home/momo/action_ws/UGV/install/local_setup.zsh'
[20.066s] INFO:colcon.colcon_core.shell:Creating prefix chain script '/home/momo/action_ws/UGV/install/setup.zsh'
