[0.024s] Invoking command in '/home/momo/uav_interface_ws/build/uav_control_interfaces': /usr/bin/cmake /home/momo/uav_interface_ws/src/uav_control_interfaces -DCATKIN_INSTALL_INTO_PREFIX_ROOT=0 -DCMAKE_INSTALL_PREFIX=/home/momo/uav_interface_ws/install/uav_control_interfaces
[0.101s] -- The C compiler identification is GNU 9.4.0
[0.237s] -- The CXX compiler identification is GNU 9.4.0
[0.244s] -- Check for working C compiler: /usr/bin/cc
[0.427s] -- Check for working C compiler: /usr/bin/cc -- works
[0.429s] -- Detecting C compiler ABI info
[0.569s] -- Detecting C compiler ABI info - done
[0.609s] -- Detecting C compile features
[0.609s] -- Detecting C compile features - done
[0.614s] -- Check for working CXX compiler: /usr/bin/c++
[0.800s] -- Check for working CXX compiler: /usr/bin/c++ -- works
[0.807s] -- Detecting CXX compiler ABI info
[1.046s] -- Detecting CXX compiler ABI info - done
[1.089s] -- Detecting CXX compile features
[1.090s] -- Detecting CXX compile features - done
[1.093s] -- Found ament_cmake: 0.9.12 (/opt/ros/foxy/share/ament_cmake/cmake)
[1.141s] -- Found PythonInterp: /usr/bin/python3 (found suitable version "3.8.10", minimum required is "3") 
[1.141s] -- Using PYTHON_EXECUTABLE: /usr/bin/python3
[1.442s] -- Found rosidl_default_generators: 1.0.1 (/opt/ros/foxy/share/rosidl_default_generators/cmake)
[1.448s] -- Using all available rosidl_typesupport_c: rosidl_typesupport_fastrtps_c;rosidl_typesupport_introspection_c
[1.458s] -- Found rosidl_adapter: 1.3.1 (/opt/ros/foxy/share/rosidl_adapter/cmake)
[1.701s] -- Found OpenSSL: /usr/lib/x86_64-linux-gnu/libcrypto.so (found version "1.1.1f")  
[1.751s] -- Found FastRTPS: /opt/ros/foxy/include  
[1.875s] -- Using all available rosidl_typesupport_cpp: rosidl_typesupport_fastrtps_cpp;rosidl_typesupport_introspection_cpp
[1.966s] -- Found PythonInterp: /usr/bin/python3 (found version "3.8.10") 
[2.328s] -- Found ament_cmake_ros: 0.9.2 (/opt/ros/foxy/share/ament_cmake_ros/cmake)
[2.569s] -- Using all available rosidl_typesupport_c: rosidl_typesupport_fastrtps_c;rosidl_typesupport_introspection_c
[2.607s] -- Using all available rosidl_typesupport_cpp: rosidl_typesupport_fastrtps_cpp;rosidl_typesupport_introspection_cpp
[2.685s] -- Found PythonInterp: /usr/bin/python3 (found suitable version "3.8.10", minimum required is "3.5") 
[2.689s] -- Found python_cmake_module: 0.8.1 (/opt/ros/foxy/share/python_cmake_module/cmake)
[2.769s] -- Found PythonLibs: /usr/lib/x86_64-linux-gnu/libpython3.8.so (found suitable version "3.8.10", minimum required is "3.5") 
[2.769s] -- Using PYTHON_EXECUTABLE: /usr/bin/python3
[2.770s] -- Using PYTHON_INCLUDE_DIRS: /usr/include/python3.8
[2.770s] -- Using PYTHON_LIBRARIES: /usr/lib/x86_64-linux-gnu/libpython3.8.so
[2.813s] -- Found PythonExtra: .so  
[2.901s] -- Configuring done
[2.977s] -- Generating done
[2.983s] CMake Warning:
[2.983s]   Manually-specified variables were not used by the project:
[2.983s] 
[2.983s]     CATKIN_INSTALL_INTO_PREFIX_ROOT
[2.983s] 
[2.983s] 
[2.984s] -- Build files have been written to: /home/momo/uav_interface_ws/build/uav_control_interfaces
[2.995s] Invoked command in '/home/momo/uav_interface_ws/build/uav_control_interfaces' returned '0': /usr/bin/cmake /home/momo/uav_interface_ws/src/uav_control_interfaces -DCATKIN_INSTALL_INTO_PREFIX_ROOT=0 -DCMAKE_INSTALL_PREFIX=/home/momo/uav_interface_ws/install/uav_control_interfaces
[3.001s] Invoking command in '/home/momo/uav_interface_ws/build/uav_control_interfaces': /usr/bin/cmake --build /home/momo/uav_interface_ws/build/uav_control_interfaces -- -j8 -l8
[3.138s] [35m[1mScanning dependencies of target uav_control_interfaces__cpp[0m
[3.142s] [35m[1mScanning dependencies of target uav_control_interfaces__rosidl_generator_c[0m
[3.185s] [  9%] Built target uav_control_interfaces__rosidl_generator_c
[3.185s] [ 12%] Built target uav_control_interfaces__cpp
[3.199s] [35m[1mScanning dependencies of target uav_control_interfaces__rosidl_typesupport_introspection_c[0m
[3.199s] [35m[1mScanning dependencies of target uav_control_interfaces__rosidl_typesupport_cpp[0m
[3.208s] [35m[1mScanning dependencies of target uav_control_interfaces__rosidl_typesupport_introspection_cpp[0m
[3.209s] [35m[1mScanning dependencies of target uav_control_interfaces__rosidl_typesupport_fastrtps_cpp[0m
[3.211s] [35m[1mScanning dependencies of target uav_control_interfaces__rosidl_typesupport_c[0m
[3.214s] [ 22%] Built target uav_control_interfaces__rosidl_typesupport_cpp
[3.218s] [ 32%] Built target uav_control_interfaces__rosidl_typesupport_introspection_c
[3.229s] [ 41%] Built target uav_control_interfaces__rosidl_typesupport_introspection_cpp
[3.229s] [ 51%] Built target uav_control_interfaces__rosidl_typesupport_c
[3.233s] [ 61%] Built target uav_control_interfaces__rosidl_typesupport_fastrtps_cpp
[3.247s] [35m[1mScanning dependencies of target uav_control_interfaces__rosidl_typesupport_fastrtps_c[0m
[3.276s] [ 70%] Built target uav_control_interfaces__rosidl_typesupport_fastrtps_c
[3.306s] [35m[1mScanning dependencies of target uav_control_interfaces[0m
[3.340s] [ 70%] Built target uav_control_interfaces
[3.407s] [ 74%] Built target uav_control_interfaces__py
[3.441s] [35m[1mScanning dependencies of target uav_control_interfaces__python[0m
[3.497s] [ 80%] Built target uav_control_interfaces__python
[3.517s] [35m[1mScanning dependencies of target uav_control_interfaces__rosidl_typesupport_c__pyext[0m
[3.530s] [35m[1mScanning dependencies of target uav_control_interfaces__rosidl_typesupport_fastrtps_c__pyext[0m
[3.533s] [35m[1mScanning dependencies of target uav_control_interfaces__rosidl_typesupport_introspection_c__pyext[0m
[3.566s] [ 87%] Built target uav_control_interfaces__rosidl_typesupport_fastrtps_c__pyext
[3.567s] [ 93%] Built target uav_control_interfaces__rosidl_typesupport_c__pyext
[3.579s] [100%] Built target uav_control_interfaces__rosidl_typesupport_introspection_c__pyext
[3.598s] Invoked command in '/home/momo/uav_interface_ws/build/uav_control_interfaces' returned '0': /usr/bin/cmake --build /home/momo/uav_interface_ws/build/uav_control_interfaces -- -j8 -l8
[3.994s] Invoking command in '/home/momo/uav_interface_ws/build/uav_control_interfaces': /usr/bin/cmake --install /home/momo/uav_interface_ws/build/uav_control_interfaces
[4.021s] -- Install configuration: ""
[4.021s] -- Up-to-date: /home/momo/uav_interface_ws/install/uav_control_interfaces/share/ament_index/resource_index/rosidl_interfaces/uav_control_interfaces
[4.022s] -- Up-to-date: /home/momo/uav_interface_ws/install/uav_control_interfaces/include/uav_control_interfaces
[4.022s] -- Up-to-date: /home/momo/uav_interface_ws/install/uav_control_interfaces/include/uav_control_interfaces/action
[4.023s] -- Up-to-date: /home/momo/uav_interface_ws/install/uav_control_interfaces/include/uav_control_interfaces/action/flight.h
[4.023s] -- Up-to-date: /home/momo/uav_interface_ws/install/uav_control_interfaces/include/uav_control_interfaces/action/detail
[4.024s] -- Up-to-date: /home/momo/uav_interface_ws/install/uav_control_interfaces/include/uav_control_interfaces/action/detail/flight__functions.h
[4.024s] -- Up-to-date: /home/momo/uav_interface_ws/install/uav_control_interfaces/include/uav_control_interfaces/action/detail/flight__functions.c
[4.025s] -- Up-to-date: /home/momo/uav_interface_ws/install/uav_control_interfaces/include/uav_control_interfaces/action/detail/flight__type_support.h
[4.025s] -- Up-to-date: /home/momo/uav_interface_ws/install/uav_control_interfaces/include/uav_control_interfaces/action/detail/flight__struct.h
[4.025s] -- Up-to-date: /home/momo/uav_interface_ws/install/uav_control_interfaces/include/uav_control_interfaces/msg
[4.026s] -- Up-to-date: /home/momo/uav_interface_ws/install/uav_control_interfaces/include/uav_control_interfaces/msg/rosidl_generator_c__visibility_control.h
[4.026s] -- Up-to-date: /home/momo/uav_interface_ws/install/uav_control_interfaces/share/uav_control_interfaces/environment/library_path.sh
[4.026s] -- Installing: /home/momo/uav_interface_ws/install/uav_control_interfaces/share/uav_control_interfaces/environment/library_path.dsv
[4.027s] -- Up-to-date: /home/momo/uav_interface_ws/install/uav_control_interfaces/lib/libuav_control_interfaces__rosidl_generator_c.so
[4.029s] -- Up-to-date: /home/momo/uav_interface_ws/install/uav_control_interfaces/include/uav_control_interfaces
[4.029s] -- Up-to-date: /home/momo/uav_interface_ws/install/uav_control_interfaces/include/uav_control_interfaces/action
[4.030s] -- Up-to-date: /home/momo/uav_interface_ws/install/uav_control_interfaces/include/uav_control_interfaces/action/detail
[4.030s] -- Up-to-date: /home/momo/uav_interface_ws/install/uav_control_interfaces/include/uav_control_interfaces/action/detail/flight__rosidl_typesupport_fastrtps_c.h
[4.030s] -- Up-to-date: /home/momo/uav_interface_ws/install/uav_control_interfaces/include/uav_control_interfaces/msg
[4.031s] -- Up-to-date: /home/momo/uav_interface_ws/install/uav_control_interfaces/include/uav_control_interfaces/msg/rosidl_typesupport_fastrtps_c__visibility_control.h
[4.031s] -- Up-to-date: /home/momo/uav_interface_ws/install/uav_control_interfaces/lib/libuav_control_interfaces__rosidl_typesupport_fastrtps_c.so
[4.032s] -- Up-to-date: /home/momo/uav_interface_ws/install/uav_control_interfaces/include/uav_control_interfaces
[4.032s] -- Up-to-date: /home/momo/uav_interface_ws/install/uav_control_interfaces/include/uav_control_interfaces/action
[4.032s] -- Up-to-date: /home/momo/uav_interface_ws/install/uav_control_interfaces/include/uav_control_interfaces/action/detail
[4.033s] -- Up-to-date: /home/momo/uav_interface_ws/install/uav_control_interfaces/include/uav_control_interfaces/action/detail/dds_fastrtps
[4.033s] -- Up-to-date: /home/momo/uav_interface_ws/install/uav_control_interfaces/include/uav_control_interfaces/action/detail/flight__rosidl_typesupport_fastrtps_cpp.hpp
[4.033s] -- Up-to-date: /home/momo/uav_interface_ws/install/uav_control_interfaces/include/uav_control_interfaces/msg
[4.033s] -- Up-to-date: /home/momo/uav_interface_ws/install/uav_control_interfaces/include/uav_control_interfaces/msg/rosidl_typesupport_fastrtps_cpp__visibility_control.h
[4.034s] -- Up-to-date: /home/momo/uav_interface_ws/install/uav_control_interfaces/lib/libuav_control_interfaces__rosidl_typesupport_fastrtps_cpp.so
[4.034s] -- Up-to-date: /home/momo/uav_interface_ws/install/uav_control_interfaces/include/uav_control_interfaces
[4.034s] -- Up-to-date: /home/momo/uav_interface_ws/install/uav_control_interfaces/include/uav_control_interfaces/action
[4.035s] -- Up-to-date: /home/momo/uav_interface_ws/install/uav_control_interfaces/include/uav_control_interfaces/action/detail
[4.035s] -- Up-to-date: /home/momo/uav_interface_ws/install/uav_control_interfaces/include/uav_control_interfaces/action/detail/flight__type_support.c
[4.035s] -- Up-to-date: /home/momo/uav_interface_ws/install/uav_control_interfaces/include/uav_control_interfaces/action/detail/flight__rosidl_typesupport_introspection_c.h
[4.036s] -- Up-to-date: /home/momo/uav_interface_ws/install/uav_control_interfaces/include/uav_control_interfaces/msg
[4.036s] -- Up-to-date: /home/momo/uav_interface_ws/install/uav_control_interfaces/include/uav_control_interfaces/msg/rosidl_typesupport_introspection_c__visibility_control.h
[4.036s] -- Up-to-date: /home/momo/uav_interface_ws/install/uav_control_interfaces/lib/libuav_control_interfaces__rosidl_typesupport_introspection_c.so
[4.037s] -- Up-to-date: /home/momo/uav_interface_ws/install/uav_control_interfaces/lib/libuav_control_interfaces__rosidl_typesupport_c.so
[4.037s] -- Up-to-date: /home/momo/uav_interface_ws/install/uav_control_interfaces/include/uav_control_interfaces
[4.037s] -- Up-to-date: /home/momo/uav_interface_ws/install/uav_control_interfaces/include/uav_control_interfaces/action
[4.038s] -- Up-to-date: /home/momo/uav_interface_ws/install/uav_control_interfaces/include/uav_control_interfaces/action/flight.hpp
[4.038s] -- Up-to-date: /home/momo/uav_interface_ws/install/uav_control_interfaces/include/uav_control_interfaces/action/detail
[4.038s] -- Up-to-date: /home/momo/uav_interface_ws/install/uav_control_interfaces/include/uav_control_interfaces/action/detail/flight__struct.hpp
[4.039s] -- Up-to-date: /home/momo/uav_interface_ws/install/uav_control_interfaces/include/uav_control_interfaces/action/detail/flight__builder.hpp
[4.039s] -- Up-to-date: /home/momo/uav_interface_ws/install/uav_control_interfaces/include/uav_control_interfaces/action/detail/flight__traits.hpp
[4.039s] -- Up-to-date: /home/momo/uav_interface_ws/install/uav_control_interfaces/include/uav_control_interfaces/action/detail/flight__type_support.hpp
[4.039s] -- Up-to-date: /home/momo/uav_interface_ws/install/uav_control_interfaces/include/uav_control_interfaces/msg
[4.040s] -- Up-to-date: /home/momo/uav_interface_ws/install/uav_control_interfaces/include/uav_control_interfaces/msg/rosidl_generator_cpp__visibility_control.hpp
[4.040s] -- Up-to-date: /home/momo/uav_interface_ws/install/uav_control_interfaces/include/uav_control_interfaces
[4.040s] -- Up-to-date: /home/momo/uav_interface_ws/install/uav_control_interfaces/include/uav_control_interfaces/action
[4.041s] -- Up-to-date: /home/momo/uav_interface_ws/install/uav_control_interfaces/include/uav_control_interfaces/action/detail
[4.041s] -- Up-to-date: /home/momo/uav_interface_ws/install/uav_control_interfaces/include/uav_control_interfaces/action/detail/flight__rosidl_typesupport_introspection_cpp.hpp
[4.041s] -- Up-to-date: /home/momo/uav_interface_ws/install/uav_control_interfaces/include/uav_control_interfaces/action/detail/flight__type_support.cpp
[4.041s] -- Up-to-date: /home/momo/uav_interface_ws/install/uav_control_interfaces/lib/libuav_control_interfaces__rosidl_typesupport_introspection_cpp.so
[4.041s] -- Up-to-date: /home/momo/uav_interface_ws/install/uav_control_interfaces/lib/libuav_control_interfaces__rosidl_typesupport_cpp.so
[4.042s] -- Up-to-date: /home/momo/uav_interface_ws/install/uav_control_interfaces/share/uav_control_interfaces/environment/pythonpath.sh
[4.042s] -- Installing: /home/momo/uav_interface_ws/install/uav_control_interfaces/share/uav_control_interfaces/environment/pythonpath.dsv
[4.042s] -- Installing: /home/momo/uav_interface_ws/install/uav_control_interfaces/lib/python3.8/site-packages/uav_control_interfaces/__init__.py
[4.085s] Compiling '/home/momo/uav_interface_ws/install/uav_control_interfaces/lib/python3.8/site-packages/uav_control_interfaces/__init__.py'...
[4.091s] -- Up-to-date: /home/momo/uav_interface_ws/install/uav_control_interfaces/lib/python3.8/site-packages/uav_control_interfaces/action
[4.092s] -- Up-to-date: /home/momo/uav_interface_ws/install/uav_control_interfaces/lib/python3.8/site-packages/uav_control_interfaces/action/_flight.py
[4.092s] -- Up-to-date: /home/momo/uav_interface_ws/install/uav_control_interfaces/lib/python3.8/site-packages/uav_control_interfaces/action/__init__.py
[4.093s] -- Up-to-date: /home/momo/uav_interface_ws/install/uav_control_interfaces/lib/python3.8/site-packages/uav_control_interfaces/action/_flight_s.c
[4.093s] -- Up-to-date: /home/momo/uav_interface_ws/install/uav_control_interfaces/lib/python3.8/site-packages/uav_control_interfaces/uav_control_interfaces_s__rosidl_typesupport_fastrtps_c.cpython-38-x86_64-linux-gnu.so
[4.096s] -- Up-to-date: /home/momo/uav_interface_ws/install/uav_control_interfaces/lib/python3.8/site-packages/uav_control_interfaces/uav_control_interfaces_s__rosidl_typesupport_introspection_c.cpython-38-x86_64-linux-gnu.so
[4.098s] -- Up-to-date: /home/momo/uav_interface_ws/install/uav_control_interfaces/lib/python3.8/site-packages/uav_control_interfaces/uav_control_interfaces_s__rosidl_typesupport_c.cpython-38-x86_64-linux-gnu.so
[4.100s] -- Up-to-date: /home/momo/uav_interface_ws/install/uav_control_interfaces/lib/libuav_control_interfaces__python.so
[4.101s] -- Up-to-date: /home/momo/uav_interface_ws/install/uav_control_interfaces/share/uav_control_interfaces/action/Flight.idl
[4.102s] -- Up-to-date: /home/momo/uav_interface_ws/install/uav_control_interfaces/share/uav_control_interfaces/action/Flight.action
[4.102s] -- Up-to-date: /home/momo/uav_interface_ws/install/uav_control_interfaces/share/ament_index/resource_index/package_run_dependencies/uav_control_interfaces
[4.103s] -- Up-to-date: /home/momo/uav_interface_ws/install/uav_control_interfaces/share/ament_index/resource_index/parent_prefix_path/uav_control_interfaces
[4.103s] -- Up-to-date: /home/momo/uav_interface_ws/install/uav_control_interfaces/share/uav_control_interfaces/environment/ament_prefix_path.sh
[4.104s] -- Installing: /home/momo/uav_interface_ws/install/uav_control_interfaces/share/uav_control_interfaces/environment/ament_prefix_path.dsv
[4.104s] -- Up-to-date: /home/momo/uav_interface_ws/install/uav_control_interfaces/share/uav_control_interfaces/environment/path.sh
[4.105s] -- Installing: /home/momo/uav_interface_ws/install/uav_control_interfaces/share/uav_control_interfaces/environment/path.dsv
[4.105s] -- Up-to-date: /home/momo/uav_interface_ws/install/uav_control_interfaces/share/uav_control_interfaces/local_setup.bash
[4.105s] -- Up-to-date: /home/momo/uav_interface_ws/install/uav_control_interfaces/share/uav_control_interfaces/local_setup.sh
[4.106s] -- Up-to-date: /home/momo/uav_interface_ws/install/uav_control_interfaces/share/uav_control_interfaces/local_setup.zsh
[4.106s] -- Installing: /home/momo/uav_interface_ws/install/uav_control_interfaces/share/uav_control_interfaces/local_setup.dsv
[4.106s] -- Installing: /home/momo/uav_interface_ws/install/uav_control_interfaces/share/uav_control_interfaces/package.dsv
[4.107s] -- Up-to-date: /home/momo/uav_interface_ws/install/uav_control_interfaces/share/ament_index/resource_index/packages/uav_control_interfaces
[4.107s] -- Up-to-date: /home/momo/uav_interface_ws/install/uav_control_interfaces/share/uav_control_interfaces/cmake/uav_control_interfaces__rosidl_generator_cExport.cmake
[4.108s] -- Installing: /home/momo/uav_interface_ws/install/uav_control_interfaces/share/uav_control_interfaces/cmake/uav_control_interfaces__rosidl_generator_cExport-noconfig.cmake
[4.108s] -- Up-to-date: /home/momo/uav_interface_ws/install/uav_control_interfaces/share/uav_control_interfaces/cmake/uav_control_interfaces__rosidl_typesupport_introspection_cExport.cmake
[4.109s] -- Installing: /home/momo/uav_interface_ws/install/uav_control_interfaces/share/uav_control_interfaces/cmake/uav_control_interfaces__rosidl_typesupport_introspection_cExport-noconfig.cmake
[4.110s] -- Up-to-date: /home/momo/uav_interface_ws/install/uav_control_interfaces/share/uav_control_interfaces/cmake/uav_control_interfaces__rosidl_typesupport_cExport.cmake
[4.110s] -- Installing: /home/momo/uav_interface_ws/install/uav_control_interfaces/share/uav_control_interfaces/cmake/uav_control_interfaces__rosidl_typesupport_cExport-noconfig.cmake
[4.111s] -- Up-to-date: /home/momo/uav_interface_ws/install/uav_control_interfaces/share/uav_control_interfaces/cmake/uav_control_interfaces__rosidl_generator_cppExport.cmake
[4.111s] -- Up-to-date: /home/momo/uav_interface_ws/install/uav_control_interfaces/share/uav_control_interfaces/cmake/uav_control_interfaces__rosidl_typesupport_introspection_cppExport.cmake
[4.112s] -- Installing: /home/momo/uav_interface_ws/install/uav_control_interfaces/share/uav_control_interfaces/cmake/uav_control_interfaces__rosidl_typesupport_introspection_cppExport-noconfig.cmake
[4.112s] -- Up-to-date: /home/momo/uav_interface_ws/install/uav_control_interfaces/share/uav_control_interfaces/cmake/uav_control_interfaces__rosidl_typesupport_cppExport.cmake
[4.113s] -- Installing: /home/momo/uav_interface_ws/install/uav_control_interfaces/share/uav_control_interfaces/cmake/uav_control_interfaces__rosidl_typesupport_cppExport-noconfig.cmake
[4.113s] -- Up-to-date: /home/momo/uav_interface_ws/install/uav_control_interfaces/share/uav_control_interfaces/cmake/rosidl_cmake-extras.cmake
[4.113s] -- Up-to-date: /home/momo/uav_interface_ws/install/uav_control_interfaces/share/uav_control_interfaces/cmake/ament_cmake_export_dependencies-extras.cmake
[4.114s] -- Up-to-date: /home/momo/uav_interface_ws/install/uav_control_interfaces/share/uav_control_interfaces/cmake/ament_cmake_export_libraries-extras.cmake
[4.114s] -- Up-to-date: /home/momo/uav_interface_ws/install/uav_control_interfaces/share/uav_control_interfaces/cmake/ament_cmake_export_targets-extras.cmake
[4.114s] -- Up-to-date: /home/momo/uav_interface_ws/install/uav_control_interfaces/share/uav_control_interfaces/cmake/ament_cmake_export_include_directories-extras.cmake
[4.115s] -- Up-to-date: /home/momo/uav_interface_ws/install/uav_control_interfaces/share/uav_control_interfaces/cmake/rosidl_cmake_export_typesupport_libraries-extras.cmake
[4.115s] -- Up-to-date: /home/momo/uav_interface_ws/install/uav_control_interfaces/share/uav_control_interfaces/cmake/rosidl_cmake_export_typesupport_targets-extras.cmake
[4.116s] -- Up-to-date: /home/momo/uav_interface_ws/install/uav_control_interfaces/share/uav_control_interfaces/cmake/uav_control_interfacesConfig.cmake
[4.116s] -- Up-to-date: /home/momo/uav_interface_ws/install/uav_control_interfaces/share/uav_control_interfaces/cmake/uav_control_interfacesConfig-version.cmake
[4.116s] -- Up-to-date: /home/momo/uav_interface_ws/install/uav_control_interfaces/share/uav_control_interfaces/package.xml
[4.120s] Invoked command in '/home/momo/uav_interface_ws/build/uav_control_interfaces' returned '0': /usr/bin/cmake --install /home/momo/uav_interface_ws/build/uav_control_interfaces
