[0.420s] DEBUG:colcon:Command line arguments: ['/usr/bin/colcon', 'build', '--packages-select', 'uav_control_interfaces']
[0.421s] DEBUG:colcon:Parsed command line arguments: Namespace(allow_overriding=[], ament_cmake_args=None, base_paths=['.'], build_base='build', catkin_cmake_args=None, catkin_skip_building_tests=False, cmake_args=None, cmake_clean_cache=False, cmake_clean_first=False, cmake_force_configure=False, cmake_target=None, cmake_target_skip_unavailable=False, continue_on_error=False, event_handlers=None, executor='parallel', ignore_user_meta=False, install_base='install', log_base=None, log_level=None, main=<bound method BuildVerb.main of <colcon_core.verb.build.BuildVerb object at 0x7fc68f501460>>, merge_install=False, metas=['./colcon.meta'], mixin=None, mixin_files=None, mixin_verb=('build',), packages_above=None, packages_above_and_dependencies=None, packages_above_depth=None, packages_end=None, packages_ignore=None, packages_ignore_regex=None, packages_select=['uav_control_interfaces'], packages_select_build_failed=False, packages_select_by_dep=None, packages_select_regex=None, packages_select_test_failures=False, packages_skip=None, packages_skip_build_finished=False, packages_skip_by_dep=None, packages_skip_regex=None, packages_skip_test_passed=False, packages_skip_up_to=None, packages_start=None, packages_up_to=None, packages_up_to_regex=None, parallel_workers=8, paths=None, symlink_install=False, test_result_base=None, verb_extension=<colcon_core.verb.build.BuildVerb object at 0x7fc68f501460>, verb_name='build', verb_parser=<colcon_mixin.mixin.mixin_argument.MixinArgumentDecorator object at 0x7fc68f501a30>)
[0.638s] Level 1:colcon.colcon_core.package_discovery:discover_packages(colcon_meta) check parameters
[0.638s] Level 1:colcon.colcon_core.package_discovery:discover_packages(recursive) check parameters
[0.638s] Level 1:colcon.colcon_core.package_discovery:discover_packages(ignore) check parameters
[0.638s] Level 1:colcon.colcon_core.package_discovery:discover_packages(path) check parameters
[0.638s] Level 1:colcon.colcon_core.package_discovery:discover_packages(colcon_meta) discover
[0.638s] Level 1:colcon.colcon_core.package_discovery:discover_packages(recursive) discover
[0.638s] INFO:colcon.colcon_core.package_discovery:Crawling recursively for packages in '/home/momo/uav_interface_ws'
[0.639s] Level 1:colcon.colcon_core.package_identification:_identify(.) by extensions ['ignore', 'ignore_ament_install']
[0.639s] Level 1:colcon.colcon_core.package_identification:_identify(.) by extension 'ignore'
[0.639s] Level 1:colcon.colcon_core.package_identification:_identify(.) by extension 'ignore_ament_install'
[0.639s] Level 1:colcon.colcon_core.package_identification:_identify(.) by extensions ['colcon_pkg']
[0.639s] Level 1:colcon.colcon_core.package_identification:_identify(.) by extension 'colcon_pkg'
[0.639s] Level 1:colcon.colcon_core.package_identification:_identify(.) by extensions ['colcon_meta']
[0.639s] Level 1:colcon.colcon_core.package_identification:_identify(.) by extension 'colcon_meta'
[0.639s] Level 1:colcon.colcon_core.package_identification:_identify(.) by extensions ['ros']
[0.639s] Level 1:colcon.colcon_core.package_identification:_identify(.) by extension 'ros'
[0.654s] Level 1:colcon.colcon_core.package_identification:_identify(.) by extensions ['cmake', 'python']
[0.654s] Level 1:colcon.colcon_core.package_identification:_identify(.) by extension 'cmake'
[0.654s] Level 1:colcon.colcon_core.package_identification:_identify(.) by extension 'python'
[0.654s] Level 1:colcon.colcon_core.package_identification:_identify(.) by extensions ['python_setup_py']
[0.654s] Level 1:colcon.colcon_core.package_identification:_identify(.) by extension 'python_setup_py'
[0.654s] Level 1:colcon.colcon_core.package_identification:_identify(build) by extensions ['ignore', 'ignore_ament_install']
[0.654s] Level 1:colcon.colcon_core.package_identification:_identify(build) by extension 'ignore'
[0.655s] Level 1:colcon.colcon_core.package_identification:_identify(build) ignored
[0.655s] Level 1:colcon.colcon_core.package_identification:_identify(install) by extensions ['ignore', 'ignore_ament_install']
[0.655s] Level 1:colcon.colcon_core.package_identification:_identify(install) by extension 'ignore'
[0.655s] Level 1:colcon.colcon_core.package_identification:_identify(install) ignored
[0.655s] Level 1:colcon.colcon_core.package_identification:_identify(log) by extensions ['ignore', 'ignore_ament_install']
[0.655s] Level 1:colcon.colcon_core.package_identification:_identify(log) by extension 'ignore'
[0.655s] Level 1:colcon.colcon_core.package_identification:_identify(log) ignored
[0.655s] Level 1:colcon.colcon_core.package_identification:_identify(src) by extensions ['ignore', 'ignore_ament_install']
[0.655s] Level 1:colcon.colcon_core.package_identification:_identify(src) by extension 'ignore'
[0.655s] Level 1:colcon.colcon_core.package_identification:_identify(src) by extension 'ignore_ament_install'
[0.655s] Level 1:colcon.colcon_core.package_identification:_identify(src) by extensions ['colcon_pkg']
[0.655s] Level 1:colcon.colcon_core.package_identification:_identify(src) by extension 'colcon_pkg'
[0.655s] Level 1:colcon.colcon_core.package_identification:_identify(src) by extensions ['colcon_meta']
[0.655s] Level 1:colcon.colcon_core.package_identification:_identify(src) by extension 'colcon_meta'
[0.655s] Level 1:colcon.colcon_core.package_identification:_identify(src) by extensions ['ros']
[0.656s] Level 1:colcon.colcon_core.package_identification:_identify(src) by extension 'ros'
[0.656s] Level 1:colcon.colcon_core.package_identification:_identify(src) by extensions ['cmake', 'python']
[0.656s] Level 1:colcon.colcon_core.package_identification:_identify(src) by extension 'cmake'
[0.656s] Level 1:colcon.colcon_core.package_identification:_identify(src) by extension 'python'
[0.656s] Level 1:colcon.colcon_core.package_identification:_identify(src) by extensions ['python_setup_py']
[0.656s] Level 1:colcon.colcon_core.package_identification:_identify(src) by extension 'python_setup_py'
[0.656s] Level 1:colcon.colcon_core.package_identification:_identify(src/uav_control_interfaces) by extensions ['ignore', 'ignore_ament_install']
[0.656s] Level 1:colcon.colcon_core.package_identification:_identify(src/uav_control_interfaces) by extension 'ignore'
[0.656s] Level 1:colcon.colcon_core.package_identification:_identify(src/uav_control_interfaces) by extension 'ignore_ament_install'
[0.656s] Level 1:colcon.colcon_core.package_identification:_identify(src/uav_control_interfaces) by extensions ['colcon_pkg']
[0.656s] Level 1:colcon.colcon_core.package_identification:_identify(src/uav_control_interfaces) by extension 'colcon_pkg'
[0.656s] Level 1:colcon.colcon_core.package_identification:_identify(src/uav_control_interfaces) by extensions ['colcon_meta']
[0.656s] Level 1:colcon.colcon_core.package_identification:_identify(src/uav_control_interfaces) by extension 'colcon_meta'
[0.656s] Level 1:colcon.colcon_core.package_identification:_identify(src/uav_control_interfaces) by extensions ['ros']
[0.656s] Level 1:colcon.colcon_core.package_identification:_identify(src/uav_control_interfaces) by extension 'ros'
[0.659s] DEBUG:colcon.colcon_core.package_identification:Package 'src/uav_control_interfaces' with type 'ros.catkin' and name 'uav_control_interfaces'
[0.659s] Level 1:colcon.colcon_core.package_discovery:discover_packages(recursive) using defaults
[0.660s] Level 1:colcon.colcon_core.package_discovery:discover_packages(ignore) discover
[0.660s] Level 1:colcon.colcon_core.package_discovery:discover_packages(ignore) using defaults
[0.660s] Level 1:colcon.colcon_core.package_discovery:discover_packages(path) discover
[0.660s] Level 1:colcon.colcon_core.package_discovery:discover_packages(path) using defaults
[0.683s] Level 1:colcon.colcon_core.package_discovery:discover_packages(prefix_path) check parameters
[0.683s] Level 1:colcon.colcon_core.package_discovery:discover_packages(prefix_path) discover
[0.684s] WARNING:colcon.colcon_core.prefix_path.colcon:The path '/home/momo/ros2_ws/src/uav_control/install' in the environment variable COLCON_PREFIX_PATH doesn't exist
[0.684s] WARNING:colcon.colcon_core.prefix_path.colcon:The path '/home/momo/ros2_ws/install' in the environment variable COLCON_PREFIX_PATH doesn't exist
[0.684s] WARNING:colcon.colcon_ros.prefix_path.ament:The path '/home/momo/ros2_ws/install' in the environment variable AMENT_PREFIX_PATH doesn't exist
[0.684s] WARNING:colcon.colcon_ros.prefix_path.catkin:The path '/home/momo/uav_interface_ws/install/uav_control_interfaces' in the environment variable CMAKE_PREFIX_PATH doesn't exist
[0.684s] WARNING:colcon.colcon_ros.prefix_path.catkin:The path '/home/momo/ros2_ws/src/uav_control/install/uav_control' in the environment variable CMAKE_PREFIX_PATH doesn't exist
[0.684s] WARNING:colcon.colcon_ros.prefix_path.catkin:The path '/home/momo/ros2_ws/install/uav_control' in the environment variable CMAKE_PREFIX_PATH doesn't exist
[0.685s] DEBUG:colcon.colcon_installed_package_information.package_discovery:Found 0 installed packages in /home/momo/uav_interface_ws/install
[0.687s] DEBUG:colcon.colcon_installed_package_information.package_discovery:Found 327 installed packages in /opt/ros/foxy
[0.691s] Level 1:colcon.colcon_core.package_discovery:discover_packages(prefix_path) using defaults
[0.813s] Level 5:colcon.colcon_core.verb:set package 'uav_control_interfaces' build argument 'cmake_args' from command line to 'None'
[0.813s] Level 5:colcon.colcon_core.verb:set package 'uav_control_interfaces' build argument 'cmake_target' from command line to 'None'
[0.813s] Level 5:colcon.colcon_core.verb:set package 'uav_control_interfaces' build argument 'cmake_target_skip_unavailable' from command line to 'False'
[0.813s] Level 5:colcon.colcon_core.verb:set package 'uav_control_interfaces' build argument 'cmake_clean_cache' from command line to 'False'
[0.813s] Level 5:colcon.colcon_core.verb:set package 'uav_control_interfaces' build argument 'cmake_clean_first' from command line to 'False'
[0.813s] Level 5:colcon.colcon_core.verb:set package 'uav_control_interfaces' build argument 'cmake_force_configure' from command line to 'False'
[0.813s] Level 5:colcon.colcon_core.verb:set package 'uav_control_interfaces' build argument 'ament_cmake_args' from command line to 'None'
[0.813s] Level 5:colcon.colcon_core.verb:set package 'uav_control_interfaces' build argument 'catkin_cmake_args' from command line to 'None'
[0.813s] Level 5:colcon.colcon_core.verb:set package 'uav_control_interfaces' build argument 'catkin_skip_building_tests' from command line to 'False'
[0.813s] DEBUG:colcon.colcon_core.verb:Building package 'uav_control_interfaces' with the following arguments: {'ament_cmake_args': None, 'build_base': '/home/momo/uav_interface_ws/build/uav_control_interfaces', 'catkin_cmake_args': None, 'catkin_skip_building_tests': False, 'cmake_args': None, 'cmake_clean_cache': False, 'cmake_clean_first': False, 'cmake_force_configure': False, 'cmake_target': None, 'cmake_target_skip_unavailable': False, 'install_base': '/home/momo/uav_interface_ws/install/uav_control_interfaces', 'merge_install': False, 'path': '/home/momo/uav_interface_ws/src/uav_control_interfaces', 'symlink_install': False, 'test_result_base': None}
[0.813s] INFO:colcon.colcon_core.executor:Executing jobs using 'parallel' executor
[0.815s] DEBUG:colcon.colcon_parallel_executor.executor.parallel:run_until_complete
[0.815s] INFO:colcon.colcon_ros.task.catkin.build:Building ROS package in '/home/momo/uav_interface_ws/src/uav_control_interfaces' with build type 'catkin'
[0.815s] INFO:colcon.colcon_cmake.task.cmake.build:Building CMake package in '/home/momo/uav_interface_ws/src/uav_control_interfaces'
[0.818s] INFO:colcon.colcon_core.plugin_system:Skipping extension 'colcon_core.shell.bat': Not used on non-Windows systems
[0.819s] INFO:colcon.colcon_core.shell:Skip shell extension 'powershell' for command environment: Not usable outside of PowerShell
[0.819s] DEBUG:colcon.colcon_core.shell:Skip shell extension 'dsv' for command environment
[0.837s] DEBUG:colcon.colcon_core.event_handler.log_command:Invoking command in '/home/momo/uav_interface_ws/build/uav_control_interfaces': /usr/bin/cmake /home/momo/uav_interface_ws/src/uav_control_interfaces -DCATKIN_INSTALL_INTO_PREFIX_ROOT=0 -DCMAKE_INSTALL_PREFIX=/home/momo/uav_interface_ws/install/uav_control_interfaces
[3.843s] DEBUG:colcon.colcon_core.event_handler.log_command:Invoked command in '/home/momo/uav_interface_ws/build/uav_control_interfaces' returned '0': /usr/bin/cmake /home/momo/uav_interface_ws/src/uav_control_interfaces -DCATKIN_INSTALL_INTO_PREFIX_ROOT=0 -DCMAKE_INSTALL_PREFIX=/home/momo/uav_interface_ws/install/uav_control_interfaces
[3.848s] DEBUG:colcon.colcon_core.event_handler.log_command:Invoking command in '/home/momo/uav_interface_ws/build/uav_control_interfaces': /usr/bin/cmake --build /home/momo/uav_interface_ws/build/uav_control_interfaces -- -j8 -l8
[10.606s] DEBUG:colcon.colcon_core.event_handler.log_command:Invoked command in '/home/momo/uav_interface_ws/build/uav_control_interfaces' returned '0': /usr/bin/cmake --build /home/momo/uav_interface_ws/build/uav_control_interfaces -- -j8 -l8
[11.045s] DEBUG:colcon.colcon_core.event_handler.log_command:Invoking command in '/home/momo/uav_interface_ws/build/uav_control_interfaces': /usr/bin/cmake --install /home/momo/uav_interface_ws/build/uav_control_interfaces
[11.183s] DEBUG:colcon.colcon_core.event_handler.log_command:Invoked command in '/home/momo/uav_interface_ws/build/uav_control_interfaces' returned '0': /usr/bin/cmake --install /home/momo/uav_interface_ws/build/uav_control_interfaces
[11.377s] Level 1:colcon.colcon_core.shell:create_environment_hook('uav_control_interfaces', 'ros_package_path')
[11.379s] INFO:colcon.colcon_core.shell:Creating environment hook '/home/momo/uav_interface_ws/install/uav_control_interfaces/share/uav_control_interfaces/hook/ros_package_path.ps1'
[11.383s] INFO:colcon.colcon_core.shell:Creating environment descriptor '/home/momo/uav_interface_ws/install/uav_control_interfaces/share/uav_control_interfaces/hook/ros_package_path.dsv'
[11.384s] INFO:colcon.colcon_core.shell:Creating environment hook '/home/momo/uav_interface_ws/install/uav_control_interfaces/share/uav_control_interfaces/hook/ros_package_path.sh'
[11.388s] Level 1:colcon.colcon_ros.task.catkin:checking '/home/momo/uav_interface_ws/install/uav_control_interfaces/lib/python3.8/site-packages'
[11.388s] Level 1:colcon.colcon_core.shell:create_environment_hook('uav_control_interfaces', 'catkin_pythonpath')
[11.389s] INFO:colcon.colcon_core.shell:Creating environment hook '/home/momo/uav_interface_ws/install/uav_control_interfaces/share/uav_control_interfaces/hook/catkin_pythonpath.ps1'
[11.390s] INFO:colcon.colcon_core.shell:Creating environment descriptor '/home/momo/uav_interface_ws/install/uav_control_interfaces/share/uav_control_interfaces/hook/catkin_pythonpath.dsv'
[11.391s] INFO:colcon.colcon_core.shell:Creating environment hook '/home/momo/uav_interface_ws/install/uav_control_interfaces/share/uav_control_interfaces/hook/catkin_pythonpath.sh'
[11.392s] Level 1:colcon.colcon_core.shell:create_environment_hook('uav_control_interfaces', 'pkg_config_path')
[11.393s] INFO:colcon.colcon_core.shell:Creating environment hook '/home/momo/uav_interface_ws/install/uav_control_interfaces/share/uav_control_interfaces/hook/pkg_config_path.ps1'
[11.394s] INFO:colcon.colcon_core.shell:Creating environment descriptor '/home/momo/uav_interface_ws/install/uav_control_interfaces/share/uav_control_interfaces/hook/pkg_config_path.dsv'
[11.394s] INFO:colcon.colcon_core.shell:Creating environment hook '/home/momo/uav_interface_ws/install/uav_control_interfaces/share/uav_control_interfaces/hook/pkg_config_path.sh'
[11.401s] Level 1:colcon.colcon_core.shell:create_environment_hook('uav_control_interfaces', 'pkg_config_path_multiarch')
[11.402s] INFO:colcon.colcon_core.shell:Creating environment hook '/home/momo/uav_interface_ws/install/uav_control_interfaces/share/uav_control_interfaces/hook/pkg_config_path_multiarch.ps1'
[11.403s] INFO:colcon.colcon_core.shell:Creating environment descriptor '/home/momo/uav_interface_ws/install/uav_control_interfaces/share/uav_control_interfaces/hook/pkg_config_path_multiarch.dsv'
[11.403s] INFO:colcon.colcon_core.shell:Creating environment hook '/home/momo/uav_interface_ws/install/uav_control_interfaces/share/uav_control_interfaces/hook/pkg_config_path_multiarch.sh'
[11.405s] Level 1:colcon.colcon_core.environment:create_environment_scripts_only(uav_control_interfaces)
[11.410s] Level 1:colcon.colcon_core.environment:checking '/home/momo/uav_interface_ws/install/uav_control_interfaces' for CMake module files
[11.412s] Level 1:colcon.colcon_core.environment:checking '/home/momo/uav_interface_ws/install/uav_control_interfaces' for CMake config files
[11.413s] Level 1:colcon.colcon_core.shell:create_environment_hook('uav_control_interfaces', 'cmake_prefix_path')
[11.415s] INFO:colcon.colcon_core.shell:Creating environment hook '/home/momo/uav_interface_ws/install/uav_control_interfaces/share/uav_control_interfaces/hook/cmake_prefix_path.ps1'
[11.416s] INFO:colcon.colcon_core.shell:Creating environment descriptor '/home/momo/uav_interface_ws/install/uav_control_interfaces/share/uav_control_interfaces/hook/cmake_prefix_path.dsv'
[11.417s] INFO:colcon.colcon_core.shell:Creating environment hook '/home/momo/uav_interface_ws/install/uav_control_interfaces/share/uav_control_interfaces/hook/cmake_prefix_path.sh'
[11.419s] Level 1:colcon.colcon_core.environment:checking '/home/momo/uav_interface_ws/install/uav_control_interfaces/lib'
[11.420s] Level 1:colcon.colcon_core.shell:create_environment_hook('uav_control_interfaces', 'ld_library_path_lib')
[11.421s] INFO:colcon.colcon_core.shell:Creating environment hook '/home/momo/uav_interface_ws/install/uav_control_interfaces/share/uav_control_interfaces/hook/ld_library_path_lib.ps1'
[11.423s] INFO:colcon.colcon_core.shell:Creating environment descriptor '/home/momo/uav_interface_ws/install/uav_control_interfaces/share/uav_control_interfaces/hook/ld_library_path_lib.dsv'
[11.423s] INFO:colcon.colcon_core.shell:Creating environment hook '/home/momo/uav_interface_ws/install/uav_control_interfaces/share/uav_control_interfaces/hook/ld_library_path_lib.sh'
[11.424s] Level 1:colcon.colcon_core.environment:checking '/home/momo/uav_interface_ws/install/uav_control_interfaces/bin'
[11.424s] Level 1:colcon.colcon_core.environment:checking '/home/momo/uav_interface_ws/install/uav_control_interfaces/lib/pkgconfig/uav_control_interfaces.pc'
[11.424s] Level 1:colcon.colcon_core.environment:checking '/home/momo/uav_interface_ws/install/uav_control_interfaces/lib/python3.8/site-packages'
[11.424s] Level 1:colcon.colcon_core.shell:create_environment_hook('uav_control_interfaces', 'pythonpath')
[11.424s] INFO:colcon.colcon_core.shell:Creating environment hook '/home/momo/uav_interface_ws/install/uav_control_interfaces/share/uav_control_interfaces/hook/pythonpath.ps1'
[11.425s] INFO:colcon.colcon_core.shell:Creating environment descriptor '/home/momo/uav_interface_ws/install/uav_control_interfaces/share/uav_control_interfaces/hook/pythonpath.dsv'
[11.425s] INFO:colcon.colcon_core.shell:Creating environment hook '/home/momo/uav_interface_ws/install/uav_control_interfaces/share/uav_control_interfaces/hook/pythonpath.sh'
[11.426s] Level 1:colcon.colcon_core.environment:checking '/home/momo/uav_interface_ws/install/uav_control_interfaces/bin'
[11.427s] INFO:colcon.colcon_core.shell:Creating package script '/home/momo/uav_interface_ws/install/uav_control_interfaces/share/uav_control_interfaces/package.ps1'
[11.428s] INFO:colcon.colcon_core.shell:Creating package descriptor '/home/momo/uav_interface_ws/install/uav_control_interfaces/share/uav_control_interfaces/package.dsv'
[11.429s] INFO:colcon.colcon_core.shell:Creating package script '/home/momo/uav_interface_ws/install/uav_control_interfaces/share/uav_control_interfaces/package.sh'
[11.431s] INFO:colcon.colcon_core.shell:Creating package script '/home/momo/uav_interface_ws/install/uav_control_interfaces/share/uav_control_interfaces/package.bash'
[11.432s] INFO:colcon.colcon_core.shell:Creating package script '/home/momo/uav_interface_ws/install/uav_control_interfaces/share/uav_control_interfaces/package.zsh'
[11.433s] Level 1:colcon.colcon_core.environment:create_file_with_runtime_dependencies(/home/momo/uav_interface_ws/install/uav_control_interfaces/share/colcon-core/packages/uav_control_interfaces)
[11.434s] DEBUG:colcon.colcon_parallel_executor.executor.parallel:closing loop
[11.434s] DEBUG:colcon.colcon_parallel_executor.executor.parallel:loop closed
[11.434s] DEBUG:colcon.colcon_parallel_executor.executor.parallel:run_until_complete finished with '0'
[11.434s] DEBUG:colcon.colcon_core.event_reactor:joining thread
[11.456s] INFO:colcon.colcon_core.plugin_system:Skipping extension 'colcon_notification.desktop_notification.terminal_notifier': Not used on non-Darwin systems
[11.456s] INFO:colcon.colcon_core.plugin_system:Skipping extension 'colcon_notification.desktop_notification.win32': Not used on non-Windows systems
[11.456s] INFO:colcon.colcon_notification.desktop_notification:Sending desktop notification using 'notify2'
[11.502s] DEBUG:colcon.colcon_core.event_reactor:joined thread
[11.503s] INFO:colcon.colcon_core.shell:Creating prefix script '/home/momo/uav_interface_ws/install/local_setup.ps1'
[11.508s] INFO:colcon.colcon_core.shell:Creating prefix util module '/home/momo/uav_interface_ws/install/_local_setup_util_ps1.py'
[11.516s] INFO:colcon.colcon_core.shell:Creating prefix chain script '/home/momo/uav_interface_ws/install/setup.ps1'
[11.520s] INFO:colcon.colcon_core.shell:Creating prefix script '/home/momo/uav_interface_ws/install/local_setup.sh'
[11.523s] INFO:colcon.colcon_core.shell:Creating prefix util module '/home/momo/uav_interface_ws/install/_local_setup_util_sh.py'
[11.524s] INFO:colcon.colcon_core.shell:Creating prefix chain script '/home/momo/uav_interface_ws/install/setup.sh'
[11.528s] INFO:colcon.colcon_core.shell:Creating prefix script '/home/momo/uav_interface_ws/install/local_setup.bash'
[11.530s] INFO:colcon.colcon_core.shell:Creating prefix chain script '/home/momo/uav_interface_ws/install/setup.bash'
[11.534s] INFO:colcon.colcon_core.shell:Creating prefix script '/home/momo/uav_interface_ws/install/local_setup.zsh'
[11.535s] INFO:colcon.colcon_core.shell:Creating prefix chain script '/home/momo/uav_interface_ws/install/setup.zsh'
