Performing C SOURCE FILE Test CMAKE_HAVE_LIBC_PTHREAD failed with the following output:
Change Dir: /home/momo/ugv_ws/build/ugv_control/CMakeFiles/CMakeTmp

Run Build Command(s):/usr/bin/make cmTC_deaf2/fast && /usr/bin/make -f CMakeFiles/cmTC_deaf2.dir/build.make CMakeFiles/cmTC_deaf2.dir/build
make[1]: Entering directory '/home/momo/ugv_ws/build/ugv_control/CMakeFiles/CMakeTmp'
Building C object CMakeFiles/cmTC_deaf2.dir/src.c.o
/usr/bin/cc   -DCMAKE_HAVE_LIBC_PTHREAD   -o CMakeFiles/cmTC_deaf2.dir/src.c.o   -c /home/momo/ugv_ws/build/ugv_control/CMakeFiles/CMakeTmp/src.c
Linking C executable cmTC_deaf2
/usr/bin/cmake -E cmake_link_script CMakeFiles/cmTC_deaf2.dir/link.txt --verbose=1
/usr/bin/cc  -DCMAKE_HAVE_LIBC_PTHREAD    CMakeFiles/cmTC_deaf2.dir/src.c.o  -o cmTC_deaf2 
/usr/bin/ld: CMakeFiles/cmTC_deaf2.dir/src.c.o: in function `main':
src.c:(.text+0x46): undefined reference to `pthread_create'
/usr/bin/ld: src.c:(.text+0x52): undefined reference to `pthread_detach'
/usr/bin/ld: src.c:(.text+0x63): undefined reference to `pthread_join'
collect2: error: ld returned 1 exit status
make[1]: *** [CMakeFiles/cmTC_deaf2.dir/build.make:87: cmTC_deaf2] Error 1
make[1]: Leaving directory '/home/momo/ugv_ws/build/ugv_control/CMakeFiles/CMakeTmp'
make: *** [Makefile:121: cmTC_deaf2/fast] Error 2


Source file was:
#include <pthread.h>

void* test_func(void* data)
{
  return data;
}

int main(void)
{
  pthread_t thread;
  pthread_create(&thread, NULL, test_func, NULL);
  pthread_detach(thread);
  pthread_join(thread, NULL);
  pthread_atfork(NULL, NULL, NULL);
  pthread_exit(NULL);

  return 0;
}

Determining if the function pthread_create exists in the pthreads failed with the following output:
Change Dir: /home/momo/ugv_ws/build/ugv_control/CMakeFiles/CMakeTmp

Run Build Command(s):/usr/bin/make cmTC_a9ffa/fast && /usr/bin/make -f CMakeFiles/cmTC_a9ffa.dir/build.make CMakeFiles/cmTC_a9ffa.dir/build
make[1]: Entering directory '/home/momo/ugv_ws/build/ugv_control/CMakeFiles/CMakeTmp'
Building C object CMakeFiles/cmTC_a9ffa.dir/CheckFunctionExists.c.o
/usr/bin/cc   -DCHECK_FUNCTION_EXISTS=pthread_create   -o CMakeFiles/cmTC_a9ffa.dir/CheckFunctionExists.c.o   -c /usr/share/cmake-3.16/Modules/CheckFunctionExists.c
Linking C executable cmTC_a9ffa
/usr/bin/cmake -E cmake_link_script CMakeFiles/cmTC_a9ffa.dir/link.txt --verbose=1
/usr/bin/cc  -DCHECK_FUNCTION_EXISTS=pthread_create    CMakeFiles/cmTC_a9ffa.dir/CheckFunctionExists.c.o  -o cmTC_a9ffa  -lpthreads 
/usr/bin/ld: cannot find -lpthreads
collect2: error: ld returned 1 exit status
make[1]: *** [CMakeFiles/cmTC_a9ffa.dir/build.make:87: cmTC_a9ffa] Error 1
make[1]: Leaving directory '/home/momo/ugv_ws/build/ugv_control/CMakeFiles/CMakeTmp'
make: *** [Makefile:121: cmTC_a9ffa/fast] Error 2



Performing C SOURCE FILE Test CMAKE_HAVE_LIBC_PTHREAD failed with the following output:
Change Dir: /home/momo/ugv_ws/build/ugv_control/CMakeFiles/CMakeTmp

Run Build Command(s):/usr/bin/make cmTC_80150/fast && /usr/bin/make -f CMakeFiles/cmTC_80150.dir/build.make CMakeFiles/cmTC_80150.dir/build
make[1]: Entering directory '/home/momo/ugv_ws/build/ugv_control/CMakeFiles/CMakeTmp'
Building C object CMakeFiles/cmTC_80150.dir/src.c.o
/usr/bin/cc   -DCMAKE_HAVE_LIBC_PTHREAD   -o CMakeFiles/cmTC_80150.dir/src.c.o   -c /home/momo/ugv_ws/build/ugv_control/CMakeFiles/CMakeTmp/src.c
Linking C executable cmTC_80150
/usr/bin/cmake -E cmake_link_script CMakeFiles/cmTC_80150.dir/link.txt --verbose=1
/usr/bin/cc  -DCMAKE_HAVE_LIBC_PTHREAD    CMakeFiles/cmTC_80150.dir/src.c.o  -o cmTC_80150 
/usr/bin/ld: CMakeFiles/cmTC_80150.dir/src.c.o: in function `main':
src.c:(.text+0x46): undefined reference to `pthread_create'
/usr/bin/ld: src.c:(.text+0x52): undefined reference to `pthread_detach'
/usr/bin/ld: src.c:(.text+0x63): undefined reference to `pthread_join'
collect2: error: ld returned 1 exit status
make[1]: *** [CMakeFiles/cmTC_80150.dir/build.make:87: cmTC_80150] Error 1
make[1]: Leaving directory '/home/momo/ugv_ws/build/ugv_control/CMakeFiles/CMakeTmp'
make: *** [Makefile:121: cmTC_80150/fast] Error 2


Source file was:
#include <pthread.h>

void* test_func(void* data)
{
  return data;
}

int main(void)
{
  pthread_t thread;
  pthread_create(&thread, NULL, test_func, NULL);
  pthread_detach(thread);
  pthread_join(thread, NULL);
  pthread_atfork(NULL, NULL, NULL);
  pthread_exit(NULL);

  return 0;
}

Determining if the function pthread_create exists in the pthreads failed with the following output:
Change Dir: /home/momo/ugv_ws/build/ugv_control/CMakeFiles/CMakeTmp

Run Build Command(s):/usr/bin/make cmTC_d00fb/fast && /usr/bin/make -f CMakeFiles/cmTC_d00fb.dir/build.make CMakeFiles/cmTC_d00fb.dir/build
make[1]: Entering directory '/home/momo/ugv_ws/build/ugv_control/CMakeFiles/CMakeTmp'
Building C object CMakeFiles/cmTC_d00fb.dir/CheckFunctionExists.c.o
/usr/bin/cc   -DCHECK_FUNCTION_EXISTS=pthread_create   -o CMakeFiles/cmTC_d00fb.dir/CheckFunctionExists.c.o   -c /usr/share/cmake-3.16/Modules/CheckFunctionExists.c
Linking C executable cmTC_d00fb
/usr/bin/cmake -E cmake_link_script CMakeFiles/cmTC_d00fb.dir/link.txt --verbose=1
/usr/bin/cc  -DCHECK_FUNCTION_EXISTS=pthread_create    CMakeFiles/cmTC_d00fb.dir/CheckFunctionExists.c.o  -o cmTC_d00fb  -lpthreads 
/usr/bin/ld: cannot find -lpthreads
collect2: error: ld returned 1 exit status
make[1]: *** [CMakeFiles/cmTC_d00fb.dir/build.make:87: cmTC_d00fb] Error 1
make[1]: Leaving directory '/home/momo/ugv_ws/build/ugv_control/CMakeFiles/CMakeTmp'
make: *** [Makefile:121: cmTC_d00fb/fast] Error 2



Performing C SOURCE FILE Test CMAKE_HAVE_LIBC_PTHREAD failed with the following output:
Change Dir: /home/momo/ugv_ws/build/ugv_control/CMakeFiles/CMakeTmp

Run Build Command(s):/usr/bin/make cmTC_05cf2/fast && /usr/bin/make -f CMakeFiles/cmTC_05cf2.dir/build.make CMakeFiles/cmTC_05cf2.dir/build
make[1]: Entering directory '/home/momo/ugv_ws/build/ugv_control/CMakeFiles/CMakeTmp'
Building C object CMakeFiles/cmTC_05cf2.dir/src.c.o
/usr/bin/cc   -DCMAKE_HAVE_LIBC_PTHREAD   -o CMakeFiles/cmTC_05cf2.dir/src.c.o   -c /home/momo/ugv_ws/build/ugv_control/CMakeFiles/CMakeTmp/src.c
Linking C executable cmTC_05cf2
/usr/bin/cmake -E cmake_link_script CMakeFiles/cmTC_05cf2.dir/link.txt --verbose=1
/usr/bin/cc  -DCMAKE_HAVE_LIBC_PTHREAD    CMakeFiles/cmTC_05cf2.dir/src.c.o  -o cmTC_05cf2 
/usr/bin/ld: CMakeFiles/cmTC_05cf2.dir/src.c.o: in function `main':
src.c:(.text+0x46): undefined reference to `pthread_create'
/usr/bin/ld: src.c:(.text+0x52): undefined reference to `pthread_detach'
/usr/bin/ld: src.c:(.text+0x63): undefined reference to `pthread_join'
collect2: error: ld returned 1 exit status
make[1]: *** [CMakeFiles/cmTC_05cf2.dir/build.make:87: cmTC_05cf2] Error 1
make[1]: Leaving directory '/home/momo/ugv_ws/build/ugv_control/CMakeFiles/CMakeTmp'
make: *** [Makefile:121: cmTC_05cf2/fast] Error 2


Source file was:
#include <pthread.h>

void* test_func(void* data)
{
  return data;
}

int main(void)
{
  pthread_t thread;
  pthread_create(&thread, NULL, test_func, NULL);
  pthread_detach(thread);
  pthread_join(thread, NULL);
  pthread_atfork(NULL, NULL, NULL);
  pthread_exit(NULL);

  return 0;
}

Determining if the function pthread_create exists in the pthreads failed with the following output:
Change Dir: /home/momo/ugv_ws/build/ugv_control/CMakeFiles/CMakeTmp

Run Build Command(s):/usr/bin/make cmTC_9a3e9/fast && /usr/bin/make -f CMakeFiles/cmTC_9a3e9.dir/build.make CMakeFiles/cmTC_9a3e9.dir/build
make[1]: Entering directory '/home/momo/ugv_ws/build/ugv_control/CMakeFiles/CMakeTmp'
Building C object CMakeFiles/cmTC_9a3e9.dir/CheckFunctionExists.c.o
/usr/bin/cc   -DCHECK_FUNCTION_EXISTS=pthread_create   -o CMakeFiles/cmTC_9a3e9.dir/CheckFunctionExists.c.o   -c /usr/share/cmake-3.16/Modules/CheckFunctionExists.c
Linking C executable cmTC_9a3e9
/usr/bin/cmake -E cmake_link_script CMakeFiles/cmTC_9a3e9.dir/link.txt --verbose=1
/usr/bin/cc  -DCHECK_FUNCTION_EXISTS=pthread_create    CMakeFiles/cmTC_9a3e9.dir/CheckFunctionExists.c.o  -o cmTC_9a3e9  -lpthreads 
/usr/bin/ld: cannot find -lpthreads
collect2: error: ld returned 1 exit status
make[1]: *** [CMakeFiles/cmTC_9a3e9.dir/build.make:87: cmTC_9a3e9] Error 1
make[1]: Leaving directory '/home/momo/ugv_ws/build/ugv_control/CMakeFiles/CMakeTmp'
make: *** [Makefile:121: cmTC_9a3e9/fast] Error 2



Performing C SOURCE FILE Test CMAKE_HAVE_LIBC_PTHREAD failed with the following output:
Change Dir: /home/momo/ugv_ws/build/ugv_control/CMakeFiles/CMakeTmp

Run Build Command(s):/usr/bin/make cmTC_3e1e2/fast && /usr/bin/make -f CMakeFiles/cmTC_3e1e2.dir/build.make CMakeFiles/cmTC_3e1e2.dir/build
make[1]: Entering directory '/home/momo/ugv_ws/build/ugv_control/CMakeFiles/CMakeTmp'
Building C object CMakeFiles/cmTC_3e1e2.dir/src.c.o
/usr/bin/cc   -DCMAKE_HAVE_LIBC_PTHREAD   -o CMakeFiles/cmTC_3e1e2.dir/src.c.o   -c /home/momo/ugv_ws/build/ugv_control/CMakeFiles/CMakeTmp/src.c
Linking C executable cmTC_3e1e2
/usr/bin/cmake -E cmake_link_script CMakeFiles/cmTC_3e1e2.dir/link.txt --verbose=1
/usr/bin/cc  -DCMAKE_HAVE_LIBC_PTHREAD    CMakeFiles/cmTC_3e1e2.dir/src.c.o  -o cmTC_3e1e2 
/usr/bin/ld: CMakeFiles/cmTC_3e1e2.dir/src.c.o: in function `main':
src.c:(.text+0x46): undefined reference to `pthread_create'
/usr/bin/ld: src.c:(.text+0x52): undefined reference to `pthread_detach'
/usr/bin/ld: src.c:(.text+0x63): undefined reference to `pthread_join'
collect2: error: ld returned 1 exit status
make[1]: *** [CMakeFiles/cmTC_3e1e2.dir/build.make:87: cmTC_3e1e2] Error 1
make[1]: Leaving directory '/home/momo/ugv_ws/build/ugv_control/CMakeFiles/CMakeTmp'
make: *** [Makefile:121: cmTC_3e1e2/fast] Error 2


Source file was:
#include <pthread.h>

void* test_func(void* data)
{
  return data;
}

int main(void)
{
  pthread_t thread;
  pthread_create(&thread, NULL, test_func, NULL);
  pthread_detach(thread);
  pthread_join(thread, NULL);
  pthread_atfork(NULL, NULL, NULL);
  pthread_exit(NULL);

  return 0;
}

Determining if the function pthread_create exists in the pthreads failed with the following output:
Change Dir: /home/momo/ugv_ws/build/ugv_control/CMakeFiles/CMakeTmp

Run Build Command(s):/usr/bin/make cmTC_f77b5/fast && /usr/bin/make -f CMakeFiles/cmTC_f77b5.dir/build.make CMakeFiles/cmTC_f77b5.dir/build
make[1]: Entering directory '/home/momo/ugv_ws/build/ugv_control/CMakeFiles/CMakeTmp'
Building C object CMakeFiles/cmTC_f77b5.dir/CheckFunctionExists.c.o
/usr/bin/cc   -DCHECK_FUNCTION_EXISTS=pthread_create   -o CMakeFiles/cmTC_f77b5.dir/CheckFunctionExists.c.o   -c /usr/share/cmake-3.16/Modules/CheckFunctionExists.c
Linking C executable cmTC_f77b5
/usr/bin/cmake -E cmake_link_script CMakeFiles/cmTC_f77b5.dir/link.txt --verbose=1
/usr/bin/cc  -DCHECK_FUNCTION_EXISTS=pthread_create    CMakeFiles/cmTC_f77b5.dir/CheckFunctionExists.c.o  -o cmTC_f77b5  -lpthreads 
/usr/bin/ld: cannot find -lpthreads
collect2: error: ld returned 1 exit status
make[1]: *** [CMakeFiles/cmTC_f77b5.dir/build.make:87: cmTC_f77b5] Error 1
make[1]: Leaving directory '/home/momo/ugv_ws/build/ugv_control/CMakeFiles/CMakeTmp'
make: *** [Makefile:121: cmTC_f77b5/fast] Error 2



Performing C SOURCE FILE Test CMAKE_HAVE_LIBC_PTHREAD failed with the following output:
Change Dir: /home/momo/ugv_ws/build/ugv_control/CMakeFiles/CMakeTmp

Run Build Command(s):/usr/bin/make cmTC_afbbb/fast && /usr/bin/make -f CMakeFiles/cmTC_afbbb.dir/build.make CMakeFiles/cmTC_afbbb.dir/build
make[1]: Entering directory '/home/momo/ugv_ws/build/ugv_control/CMakeFiles/CMakeTmp'
Building C object CMakeFiles/cmTC_afbbb.dir/src.c.o
/usr/bin/cc   -DCMAKE_HAVE_LIBC_PTHREAD   -o CMakeFiles/cmTC_afbbb.dir/src.c.o   -c /home/momo/ugv_ws/build/ugv_control/CMakeFiles/CMakeTmp/src.c
Linking C executable cmTC_afbbb
/usr/bin/cmake -E cmake_link_script CMakeFiles/cmTC_afbbb.dir/link.txt --verbose=1
/usr/bin/cc  -DCMAKE_HAVE_LIBC_PTHREAD    CMakeFiles/cmTC_afbbb.dir/src.c.o  -o cmTC_afbbb 
/usr/bin/ld: CMakeFiles/cmTC_afbbb.dir/src.c.o: in function `main':
src.c:(.text+0x46): undefined reference to `pthread_create'
/usr/bin/ld: src.c:(.text+0x52): undefined reference to `pthread_detach'
/usr/bin/ld: src.c:(.text+0x63): undefined reference to `pthread_join'
collect2: error: ld returned 1 exit status
make[1]: *** [CMakeFiles/cmTC_afbbb.dir/build.make:87: cmTC_afbbb] Error 1
make[1]: Leaving directory '/home/momo/ugv_ws/build/ugv_control/CMakeFiles/CMakeTmp'
make: *** [Makefile:121: cmTC_afbbb/fast] Error 2


Source file was:
#include <pthread.h>

void* test_func(void* data)
{
  return data;
}

int main(void)
{
  pthread_t thread;
  pthread_create(&thread, NULL, test_func, NULL);
  pthread_detach(thread);
  pthread_join(thread, NULL);
  pthread_atfork(NULL, NULL, NULL);
  pthread_exit(NULL);

  return 0;
}

Determining if the function pthread_create exists in the pthreads failed with the following output:
Change Dir: /home/momo/ugv_ws/build/ugv_control/CMakeFiles/CMakeTmp

Run Build Command(s):/usr/bin/make cmTC_8fcba/fast && /usr/bin/make -f CMakeFiles/cmTC_8fcba.dir/build.make CMakeFiles/cmTC_8fcba.dir/build
make[1]: Entering directory '/home/momo/ugv_ws/build/ugv_control/CMakeFiles/CMakeTmp'
Building C object CMakeFiles/cmTC_8fcba.dir/CheckFunctionExists.c.o
/usr/bin/cc   -DCHECK_FUNCTION_EXISTS=pthread_create   -o CMakeFiles/cmTC_8fcba.dir/CheckFunctionExists.c.o   -c /usr/share/cmake-3.16/Modules/CheckFunctionExists.c
Linking C executable cmTC_8fcba
/usr/bin/cmake -E cmake_link_script CMakeFiles/cmTC_8fcba.dir/link.txt --verbose=1
/usr/bin/cc  -DCHECK_FUNCTION_EXISTS=pthread_create    CMakeFiles/cmTC_8fcba.dir/CheckFunctionExists.c.o  -o cmTC_8fcba  -lpthreads 
/usr/bin/ld: cannot find -lpthreads
collect2: error: ld returned 1 exit status
make[1]: *** [CMakeFiles/cmTC_8fcba.dir/build.make:87: cmTC_8fcba] Error 1
make[1]: Leaving directory '/home/momo/ugv_ws/build/ugv_control/CMakeFiles/CMakeTmp'
make: *** [Makefile:121: cmTC_8fcba/fast] Error 2



Performing C SOURCE FILE Test CMAKE_HAVE_LIBC_PTHREAD failed with the following output:
Change Dir: /home/momo/ugv_ws/build/ugv_control/CMakeFiles/CMakeTmp

Run Build Command(s):/usr/bin/make cmTC_ef625/fast && /usr/bin/make -f CMakeFiles/cmTC_ef625.dir/build.make CMakeFiles/cmTC_ef625.dir/build
make[1]: Entering directory '/home/momo/ugv_ws/build/ugv_control/CMakeFiles/CMakeTmp'
Building C object CMakeFiles/cmTC_ef625.dir/src.c.o
/usr/bin/cc   -DCMAKE_HAVE_LIBC_PTHREAD   -o CMakeFiles/cmTC_ef625.dir/src.c.o   -c /home/momo/ugv_ws/build/ugv_control/CMakeFiles/CMakeTmp/src.c
Linking C executable cmTC_ef625
/usr/bin/cmake -E cmake_link_script CMakeFiles/cmTC_ef625.dir/link.txt --verbose=1
/usr/bin/cc  -DCMAKE_HAVE_LIBC_PTHREAD    CMakeFiles/cmTC_ef625.dir/src.c.o  -o cmTC_ef625 
/usr/bin/ld: CMakeFiles/cmTC_ef625.dir/src.c.o: in function `main':
src.c:(.text+0x46): undefined reference to `pthread_create'
/usr/bin/ld: src.c:(.text+0x52): undefined reference to `pthread_detach'
/usr/bin/ld: src.c:(.text+0x63): undefined reference to `pthread_join'
collect2: error: ld returned 1 exit status
make[1]: *** [CMakeFiles/cmTC_ef625.dir/build.make:87: cmTC_ef625] Error 1
make[1]: Leaving directory '/home/momo/ugv_ws/build/ugv_control/CMakeFiles/CMakeTmp'
make: *** [Makefile:121: cmTC_ef625/fast] Error 2


Source file was:
#include <pthread.h>

void* test_func(void* data)
{
  return data;
}

int main(void)
{
  pthread_t thread;
  pthread_create(&thread, NULL, test_func, NULL);
  pthread_detach(thread);
  pthread_join(thread, NULL);
  pthread_atfork(NULL, NULL, NULL);
  pthread_exit(NULL);

  return 0;
}

Determining if the function pthread_create exists in the pthreads failed with the following output:
Change Dir: /home/momo/ugv_ws/build/ugv_control/CMakeFiles/CMakeTmp

Run Build Command(s):/usr/bin/make cmTC_40686/fast && /usr/bin/make -f CMakeFiles/cmTC_40686.dir/build.make CMakeFiles/cmTC_40686.dir/build
make[1]: Entering directory '/home/momo/ugv_ws/build/ugv_control/CMakeFiles/CMakeTmp'
Building C object CMakeFiles/cmTC_40686.dir/CheckFunctionExists.c.o
/usr/bin/cc   -DCHECK_FUNCTION_EXISTS=pthread_create   -o CMakeFiles/cmTC_40686.dir/CheckFunctionExists.c.o   -c /usr/share/cmake-3.16/Modules/CheckFunctionExists.c
Linking C executable cmTC_40686
/usr/bin/cmake -E cmake_link_script CMakeFiles/cmTC_40686.dir/link.txt --verbose=1
/usr/bin/cc  -DCHECK_FUNCTION_EXISTS=pthread_create    CMakeFiles/cmTC_40686.dir/CheckFunctionExists.c.o  -o cmTC_40686  -lpthreads 
/usr/bin/ld: cannot find -lpthreads
collect2: error: ld returned 1 exit status
make[1]: *** [CMakeFiles/cmTC_40686.dir/build.make:87: cmTC_40686] Error 1
make[1]: Leaving directory '/home/momo/ugv_ws/build/ugv_control/CMakeFiles/CMakeTmp'
make: *** [Makefile:121: cmTC_40686/fast] Error 2



Performing C SOURCE FILE Test CMAKE_HAVE_LIBC_PTHREAD failed with the following output:
Change Dir: /home/momo/ugv_ws/build/ugv_control/CMakeFiles/CMakeTmp

Run Build Command(s):/usr/bin/make cmTC_933aa/fast && /usr/bin/make -f CMakeFiles/cmTC_933aa.dir/build.make CMakeFiles/cmTC_933aa.dir/build
make[1]: Entering directory '/home/momo/ugv_ws/build/ugv_control/CMakeFiles/CMakeTmp'
Building C object CMakeFiles/cmTC_933aa.dir/src.c.o
/usr/bin/cc   -DCMAKE_HAVE_LIBC_PTHREAD   -o CMakeFiles/cmTC_933aa.dir/src.c.o   -c /home/momo/ugv_ws/build/ugv_control/CMakeFiles/CMakeTmp/src.c
Linking C executable cmTC_933aa
/usr/bin/cmake -E cmake_link_script CMakeFiles/cmTC_933aa.dir/link.txt --verbose=1
/usr/bin/cc  -DCMAKE_HAVE_LIBC_PTHREAD    CMakeFiles/cmTC_933aa.dir/src.c.o  -o cmTC_933aa 
/usr/bin/ld: CMakeFiles/cmTC_933aa.dir/src.c.o: in function `main':
src.c:(.text+0x46): undefined reference to `pthread_create'
/usr/bin/ld: src.c:(.text+0x52): undefined reference to `pthread_detach'
/usr/bin/ld: src.c:(.text+0x63): undefined reference to `pthread_join'
collect2: error: ld returned 1 exit status
make[1]: *** [CMakeFiles/cmTC_933aa.dir/build.make:87: cmTC_933aa] Error 1
make[1]: Leaving directory '/home/momo/ugv_ws/build/ugv_control/CMakeFiles/CMakeTmp'
make: *** [Makefile:121: cmTC_933aa/fast] Error 2


Source file was:
#include <pthread.h>

void* test_func(void* data)
{
  return data;
}

int main(void)
{
  pthread_t thread;
  pthread_create(&thread, NULL, test_func, NULL);
  pthread_detach(thread);
  pthread_join(thread, NULL);
  pthread_atfork(NULL, NULL, NULL);
  pthread_exit(NULL);

  return 0;
}

Determining if the function pthread_create exists in the pthreads failed with the following output:
Change Dir: /home/momo/ugv_ws/build/ugv_control/CMakeFiles/CMakeTmp

Run Build Command(s):/usr/bin/make cmTC_d3b83/fast && /usr/bin/make -f CMakeFiles/cmTC_d3b83.dir/build.make CMakeFiles/cmTC_d3b83.dir/build
make[1]: Entering directory '/home/momo/ugv_ws/build/ugv_control/CMakeFiles/CMakeTmp'
Building C object CMakeFiles/cmTC_d3b83.dir/CheckFunctionExists.c.o
/usr/bin/cc   -DCHECK_FUNCTION_EXISTS=pthread_create   -o CMakeFiles/cmTC_d3b83.dir/CheckFunctionExists.c.o   -c /usr/share/cmake-3.16/Modules/CheckFunctionExists.c
Linking C executable cmTC_d3b83
/usr/bin/cmake -E cmake_link_script CMakeFiles/cmTC_d3b83.dir/link.txt --verbose=1
/usr/bin/cc  -DCHECK_FUNCTION_EXISTS=pthread_create    CMakeFiles/cmTC_d3b83.dir/CheckFunctionExists.c.o  -o cmTC_d3b83  -lpthreads 
/usr/bin/ld: cannot find -lpthreads
collect2: error: ld returned 1 exit status
make[1]: *** [CMakeFiles/cmTC_d3b83.dir/build.make:87: cmTC_d3b83] Error 1
make[1]: Leaving directory '/home/momo/ugv_ws/build/ugv_control/CMakeFiles/CMakeTmp'
make: *** [Makefile:121: cmTC_d3b83/fast] Error 2



