[0.027s] Invoking command in '/home/momo/action_ws/UGV/build/uav_control_interfaces': /usr/bin/cmake /home/momo/action_ws/UGV/uav_interface_ws/src/uav_control_interfaces -DCATKIN_INSTALL_INTO_PREFIX_ROOT=0 -DCMAKE_INSTALL_PREFIX=/home/momo/action_ws/UGV/install/uav_control_interfaces
[0.198s] -- The C compiler identification is GNU 9.4.0
[0.363s] -- The CXX compiler identification is GNU 9.4.0
[0.379s] -- Check for working C compiler: /usr/bin/cc
[0.577s] -- Check for working C compiler: /usr/bin/cc -- works
[0.578s] -- Detecting C compiler ABI info
[0.790s] -- Detecting C compiler ABI info - done
[0.841s] -- Detecting C compile features
[0.842s] -- Detecting C compile features - done
[0.847s] -- Check for working CXX compiler: /usr/bin/c++
[1.078s] -- Check for working CXX compiler: /usr/bin/c++ -- works
[1.084s] -- Detecting CXX compiler ABI info
[1.328s] -- Detecting CXX compiler ABI info - done
[1.373s] -- Detecting CXX compile features
[1.374s] -- Detecting CXX compile features - done
[1.377s] -- Found ament_cmake: 0.9.12 (/opt/ros/foxy/share/ament_cmake/cmake)
[1.435s] -- Found PythonInterp: /usr/bin/python3 (found suitable version "3.8.10", minimum required is "3") 
[1.436s] -- Using PYTHON_EXECUTABLE: /usr/bin/python3
[1.724s] -- Found rosidl_default_generators: 1.0.1 (/opt/ros/foxy/share/rosidl_default_generators/cmake)
[1.729s] -- Using all available rosidl_typesupport_c: rosidl_typesupport_fastrtps_c;rosidl_typesupport_introspection_c
[1.738s] -- Found rosidl_adapter: 1.3.1 (/opt/ros/foxy/share/rosidl_adapter/cmake)
[2.002s] -- Found OpenSSL: /usr/lib/x86_64-linux-gnu/libcrypto.so (found version "1.1.1f")  
[2.050s] -- Found FastRTPS: /opt/ros/foxy/include  
[2.170s] -- Using all available rosidl_typesupport_cpp: rosidl_typesupport_fastrtps_cpp;rosidl_typesupport_introspection_cpp
[2.264s] -- Found PythonInterp: /usr/bin/python3 (found version "3.8.10") 
[2.666s] -- Found ament_cmake_ros: 0.9.2 (/opt/ros/foxy/share/ament_cmake_ros/cmake)
[2.877s] -- Using all available rosidl_typesupport_c: rosidl_typesupport_fastrtps_c;rosidl_typesupport_introspection_c
[2.917s] -- Using all available rosidl_typesupport_cpp: rosidl_typesupport_fastrtps_cpp;rosidl_typesupport_introspection_cpp
[2.977s] -- Found PythonInterp: /usr/bin/python3 (found suitable version "3.8.10", minimum required is "3.5") 
[2.980s] -- Found python_cmake_module: 0.8.1 (/opt/ros/foxy/share/python_cmake_module/cmake)
[3.063s] -- Found PythonLibs: /usr/lib/x86_64-linux-gnu/libpython3.8.so (found suitable version "3.8.10", minimum required is "3.5") 
[3.064s] -- Using PYTHON_EXECUTABLE: /usr/bin/python3
[3.064s] -- Using PYTHON_INCLUDE_DIRS: /usr/include/python3.8
[3.065s] -- Using PYTHON_LIBRARIES: /usr/lib/x86_64-linux-gnu/libpython3.8.so
[3.117s] -- Found PythonExtra: .so  
[3.279s] -- Configuring done
[3.355s] -- Generating done
[3.359s] CMake Warning:
[3.360s]   Manually-specified variables were not used by the project:
[3.360s] 
[3.360s]     CATKIN_INSTALL_INTO_PREFIX_ROOT
[3.361s] 
[3.361s] 
[3.362s] -- Build files have been written to: /home/momo/action_ws/UGV/build/uav_control_interfaces
[3.375s] Invoked command in '/home/momo/action_ws/UGV/build/uav_control_interfaces' returned '0': /usr/bin/cmake /home/momo/action_ws/UGV/uav_interface_ws/src/uav_control_interfaces -DCATKIN_INSTALL_INTO_PREFIX_ROOT=0 -DCMAKE_INSTALL_PREFIX=/home/momo/action_ws/UGV/install/uav_control_interfaces
[3.390s] Invoking command in '/home/momo/action_ws/UGV/build/uav_control_interfaces': /usr/bin/cmake --build /home/momo/action_ws/UGV/build/uav_control_interfaces -- -j8 -l8
[3.522s] [35m[1mScanning dependencies of target uav_control_interfaces__cpp[0m
[3.523s] [  3%] [34m[1mGenerating C code for ROS interfaces[0m
[3.558s] [  6%] [34m[1mGenerating C++ code for ROS interfaces[0m
[4.393s] [  6%] Built target uav_control_interfaces__cpp
[4.407s] [  9%] [34m[1mGenerating C++ type support for eProsima Fast-RTPS[0m
[4.407s] [ 12%] [34m[1mGenerating C++ type support dispatch for ROS interfaces[0m
[4.412s] [ 16%] [34m[1mGenerating C++ introspection for ROS interfaces[0m
[4.430s] [35m[1mScanning dependencies of target uav_control_interfaces__rosidl_generator_c[0m
[4.464s] [ 19%] [32mBuilding C object CMakeFiles/uav_control_interfaces__rosidl_generator_c.dir/rosidl_generator_c/uav_control_interfaces/action/detail/flight__functions.c.o[0m
[4.659s] [ 22%] [32m[1mLinking C shared library libuav_control_interfaces__rosidl_generator_c.so[0m
[4.754s] [ 22%] Built target uav_control_interfaces__rosidl_generator_c
[4.768s] [ 25%] [34m[1mGenerating C introspection for ROS interfaces[0m
[4.775s] [ 29%] [34m[1mGenerating C type support dispatch for ROS interfaces[0m
[5.027s] [35m[1mScanning dependencies of target uav_control_interfaces__rosidl_typesupport_cpp[0m
[5.045s] [35m[1mScanning dependencies of target uav_control_interfaces__rosidl_typesupport_introspection_cpp[0m
[5.053s] [ 32%] [32mBuilding CXX object CMakeFiles/uav_control_interfaces__rosidl_typesupport_cpp.dir/rosidl_typesupport_cpp/uav_control_interfaces/action/flight__type_support.cpp.o[0m
[5.064s] [ 35%] [32mBuilding CXX object CMakeFiles/uav_control_interfaces__rosidl_typesupport_introspection_cpp.dir/rosidl_typesupport_introspection_cpp/uav_control_interfaces/action/detail/flight__type_support.cpp.o[0m
[5.156s] [35m[1mScanning dependencies of target uav_control_interfaces__rosidl_typesupport_fastrtps_cpp[0m
[5.191s] [ 38%] [32mBuilding CXX object CMakeFiles/uav_control_interfaces__rosidl_typesupport_fastrtps_cpp.dir/rosidl_typesupport_fastrtps_cpp/uav_control_interfaces/action/detail/dds_fastrtps/flight__type_support.cpp.o[0m
[5.276s] [35m[1mScanning dependencies of target uav_control_interfaces__rosidl_typesupport_c[0m
[5.308s] [ 41%] [32mBuilding CXX object CMakeFiles/uav_control_interfaces__rosidl_typesupport_c.dir/rosidl_typesupport_c/uav_control_interfaces/action/flight__type_support.cpp.o[0m
[5.404s] [ 45%] [32m[1mLinking CXX shared library libuav_control_interfaces__rosidl_typesupport_c.so[0m
[5.459s] [35m[1mScanning dependencies of target uav_control_interfaces__rosidl_typesupport_introspection_c[0m
[5.472s] [ 48%] [32m[1mLinking CXX shared library libuav_control_interfaces__rosidl_typesupport_introspection_cpp.so[0m
[5.477s] [ 51%] [32mBuilding C object CMakeFiles/uav_control_interfaces__rosidl_typesupport_introspection_c.dir/rosidl_typesupport_introspection_c/uav_control_interfaces/action/detail/flight__type_support.c.o[0m
[5.484s] [ 51%] Built target uav_control_interfaces__rosidl_typesupport_c
[5.489s] [ 54%] [32m[1mLinking CXX shared library libuav_control_interfaces__rosidl_typesupport_cpp.so[0m
[5.535s] [ 58%] [32m[1mLinking C shared library libuav_control_interfaces__rosidl_typesupport_introspection_c.so[0m
[5.562s] [ 58%] Built target uav_control_interfaces__rosidl_typesupport_introspection_cpp
[5.578s] [ 58%] Built target uav_control_interfaces__rosidl_typesupport_cpp
[5.613s] [ 58%] Built target uav_control_interfaces__rosidl_typesupport_introspection_c
[5.795s] [ 61%] [32m[1mLinking CXX shared library libuav_control_interfaces__rosidl_typesupport_fastrtps_cpp.so[0m
[5.964s] [ 61%] Built target uav_control_interfaces__rosidl_typesupport_fastrtps_cpp
[5.997s] [ 64%] [34m[1mGenerating C type support for eProsima Fast-RTPS[0m
[6.887s] [35m[1mScanning dependencies of target uav_control_interfaces__rosidl_typesupport_fastrtps_c[0m
[6.942s] [ 67%] [32mBuilding CXX object CMakeFiles/uav_control_interfaces__rosidl_typesupport_fastrtps_c.dir/rosidl_typesupport_fastrtps_c/uav_control_interfaces/action/detail/flight__type_support_c.cpp.o[0m
[7.455s] [ 70%] [32m[1mLinking CXX shared library libuav_control_interfaces__rosidl_typesupport_fastrtps_c.so[0m
[7.626s] [ 70%] Built target uav_control_interfaces__rosidl_typesupport_fastrtps_c
[7.654s] [35m[1mScanning dependencies of target uav_control_interfaces[0m
[7.672s] [ 70%] Built target uav_control_interfaces
[7.707s] [35m[1mScanning dependencies of target uav_control_interfaces__py[0m
[7.742s] [ 74%] [34m[1mGenerating Python code for ROS interfaces[0m
[9.348s] [ 74%] Built target uav_control_interfaces__py
[9.377s] [35m[1mScanning dependencies of target uav_control_interfaces__python[0m
[9.430s] [ 77%] [32mBuilding C object CMakeFiles/uav_control_interfaces__python.dir/rosidl_generator_py/uav_control_interfaces/action/_flight_s.c.o[0m
[9.642s] [ 80%] [32m[1mLinking C shared library rosidl_generator_py/uav_control_interfaces/libuav_control_interfaces__python.so[0m
[9.761s] [ 80%] Built target uav_control_interfaces__python
[9.784s] [35m[1mScanning dependencies of target uav_control_interfaces__rosidl_typesupport_introspection_c__pyext[0m
[9.792s] [35m[1mScanning dependencies of target uav_control_interfaces__rosidl_typesupport_fastrtps_c__pyext[0m
[9.795s] [35m[1mScanning dependencies of target uav_control_interfaces__rosidl_typesupport_c__pyext[0m
[9.831s] [ 83%] [32mBuilding C object CMakeFiles/uav_control_interfaces__rosidl_typesupport_introspection_c__pyext.dir/rosidl_generator_py/uav_control_interfaces/_uav_control_interfaces_s.ep.rosidl_typesupport_introspection_c.c.o[0m
[9.840s] [ 87%] [32mBuilding C object CMakeFiles/uav_control_interfaces__rosidl_typesupport_c__pyext.dir/rosidl_generator_py/uav_control_interfaces/_uav_control_interfaces_s.ep.rosidl_typesupport_c.c.o[0m
[9.841s] [ 90%] [32mBuilding C object CMakeFiles/uav_control_interfaces__rosidl_typesupport_fastrtps_c__pyext.dir/rosidl_generator_py/uav_control_interfaces/_uav_control_interfaces_s.ep.rosidl_typesupport_fastrtps_c.c.o[0m
[9.998s] [ 93%] [32m[1mLinking C shared library rosidl_generator_py/uav_control_interfaces/uav_control_interfaces_s__rosidl_typesupport_introspection_c.cpython-38-x86_64-linux-gnu.so[0m
[10.026s] [ 96%] [32m[1mLinking CXX shared library rosidl_generator_py/uav_control_interfaces/uav_control_interfaces_s__rosidl_typesupport_fastrtps_c.cpython-38-x86_64-linux-gnu.so[0m
[10.049s] [100%] [32m[1mLinking C shared library rosidl_generator_py/uav_control_interfaces/uav_control_interfaces_s__rosidl_typesupport_c.cpython-38-x86_64-linux-gnu.so[0m
[10.066s] [100%] Built target uav_control_interfaces__rosidl_typesupport_introspection_c__pyext
[10.150s] [100%] Built target uav_control_interfaces__rosidl_typesupport_fastrtps_c__pyext
[10.151s] [100%] Built target uav_control_interfaces__rosidl_typesupport_c__pyext
[10.185s] Invoked command in '/home/momo/action_ws/UGV/build/uav_control_interfaces' returned '0': /usr/bin/cmake --build /home/momo/action_ws/UGV/build/uav_control_interfaces -- -j8 -l8
[10.614s] Invoking command in '/home/momo/action_ws/UGV/build/uav_control_interfaces': /usr/bin/cmake --install /home/momo/action_ws/UGV/build/uav_control_interfaces
[10.654s] -- Install configuration: ""
[10.655s] -- Installing: /home/momo/action_ws/UGV/install/uav_control_interfaces/share/ament_index/resource_index/rosidl_interfaces/uav_control_interfaces
[10.656s] -- Installing: /home/momo/action_ws/UGV/install/uav_control_interfaces/include/uav_control_interfaces
[10.658s] -- Installing: /home/momo/action_ws/UGV/install/uav_control_interfaces/include/uav_control_interfaces/action
[10.659s] -- Installing: /home/momo/action_ws/UGV/install/uav_control_interfaces/include/uav_control_interfaces/action/flight.h
[10.660s] -- Installing: /home/momo/action_ws/UGV/install/uav_control_interfaces/include/uav_control_interfaces/action/detail
[10.660s] -- Installing: /home/momo/action_ws/UGV/install/uav_control_interfaces/include/uav_control_interfaces/action/detail/flight__functions.h
[10.661s] -- Installing: /home/momo/action_ws/UGV/install/uav_control_interfaces/include/uav_control_interfaces/action/detail/flight__functions.c
[10.661s] -- Installing: /home/momo/action_ws/UGV/install/uav_control_interfaces/include/uav_control_interfaces/action/detail/flight__type_support.h
[10.662s] -- Installing: /home/momo/action_ws/UGV/install/uav_control_interfaces/include/uav_control_interfaces/action/detail/flight__struct.h
[10.662s] -- Installing: /home/momo/action_ws/UGV/install/uav_control_interfaces/include/uav_control_interfaces/msg
[10.663s] -- Installing: /home/momo/action_ws/UGV/install/uav_control_interfaces/include/uav_control_interfaces/msg/rosidl_generator_c__visibility_control.h
[10.664s] -- Installing: /home/momo/action_ws/UGV/install/uav_control_interfaces/share/uav_control_interfaces/environment/library_path.sh
[10.664s] -- Installing: /home/momo/action_ws/UGV/install/uav_control_interfaces/share/uav_control_interfaces/environment/library_path.dsv
[10.664s] -- Installing: /home/momo/action_ws/UGV/install/uav_control_interfaces/lib/libuav_control_interfaces__rosidl_generator_c.so
[10.665s] -- Set runtime path of "/home/momo/action_ws/UGV/install/uav_control_interfaces/lib/libuav_control_interfaces__rosidl_generator_c.so" to ""
[10.666s] -- Up-to-date: /home/momo/action_ws/UGV/install/uav_control_interfaces/include/uav_control_interfaces
[10.666s] -- Up-to-date: /home/momo/action_ws/UGV/install/uav_control_interfaces/include/uav_control_interfaces/action
[10.666s] -- Up-to-date: /home/momo/action_ws/UGV/install/uav_control_interfaces/include/uav_control_interfaces/action/detail
[10.667s] -- Installing: /home/momo/action_ws/UGV/install/uav_control_interfaces/include/uav_control_interfaces/action/detail/flight__rosidl_typesupport_fastrtps_c.h
[10.667s] -- Up-to-date: /home/momo/action_ws/UGV/install/uav_control_interfaces/include/uav_control_interfaces/msg
[10.667s] -- Installing: /home/momo/action_ws/UGV/install/uav_control_interfaces/include/uav_control_interfaces/msg/rosidl_typesupport_fastrtps_c__visibility_control.h
[10.668s] -- Installing: /home/momo/action_ws/UGV/install/uav_control_interfaces/lib/libuav_control_interfaces__rosidl_typesupport_fastrtps_c.so
[10.668s] -- Set runtime path of "/home/momo/action_ws/UGV/install/uav_control_interfaces/lib/libuav_control_interfaces__rosidl_typesupport_fastrtps_c.so" to ""
[10.668s] -- Up-to-date: /home/momo/action_ws/UGV/install/uav_control_interfaces/include/uav_control_interfaces
[10.669s] -- Up-to-date: /home/momo/action_ws/UGV/install/uav_control_interfaces/include/uav_control_interfaces/action
[10.669s] -- Up-to-date: /home/momo/action_ws/UGV/install/uav_control_interfaces/include/uav_control_interfaces/action/detail
[10.669s] -- Installing: /home/momo/action_ws/UGV/install/uav_control_interfaces/include/uav_control_interfaces/action/detail/dds_fastrtps
[10.670s] -- Installing: /home/momo/action_ws/UGV/install/uav_control_interfaces/include/uav_control_interfaces/action/detail/flight__rosidl_typesupport_fastrtps_cpp.hpp
[10.670s] -- Up-to-date: /home/momo/action_ws/UGV/install/uav_control_interfaces/include/uav_control_interfaces/msg
[10.670s] -- Installing: /home/momo/action_ws/UGV/install/uav_control_interfaces/include/uav_control_interfaces/msg/rosidl_typesupport_fastrtps_cpp__visibility_control.h
[10.671s] -- Installing: /home/momo/action_ws/UGV/install/uav_control_interfaces/lib/libuav_control_interfaces__rosidl_typesupport_fastrtps_cpp.so
[10.671s] -- Set runtime path of "/home/momo/action_ws/UGV/install/uav_control_interfaces/lib/libuav_control_interfaces__rosidl_typesupport_fastrtps_cpp.so" to ""
[10.671s] -- Up-to-date: /home/momo/action_ws/UGV/install/uav_control_interfaces/include/uav_control_interfaces
[10.671s] -- Up-to-date: /home/momo/action_ws/UGV/install/uav_control_interfaces/include/uav_control_interfaces/action
[10.672s] -- Up-to-date: /home/momo/action_ws/UGV/install/uav_control_interfaces/include/uav_control_interfaces/action/detail
[10.672s] -- Installing: /home/momo/action_ws/UGV/install/uav_control_interfaces/include/uav_control_interfaces/action/detail/flight__type_support.c
[10.672s] -- Installing: /home/momo/action_ws/UGV/install/uav_control_interfaces/include/uav_control_interfaces/action/detail/flight__rosidl_typesupport_introspection_c.h
[10.672s] -- Up-to-date: /home/momo/action_ws/UGV/install/uav_control_interfaces/include/uav_control_interfaces/msg
[10.673s] -- Installing: /home/momo/action_ws/UGV/install/uav_control_interfaces/include/uav_control_interfaces/msg/rosidl_typesupport_introspection_c__visibility_control.h
[10.673s] -- Installing: /home/momo/action_ws/UGV/install/uav_control_interfaces/lib/libuav_control_interfaces__rosidl_typesupport_introspection_c.so
[10.673s] -- Set runtime path of "/home/momo/action_ws/UGV/install/uav_control_interfaces/lib/libuav_control_interfaces__rosidl_typesupport_introspection_c.so" to ""
[10.673s] -- Installing: /home/momo/action_ws/UGV/install/uav_control_interfaces/lib/libuav_control_interfaces__rosidl_typesupport_c.so
[10.674s] -- Set runtime path of "/home/momo/action_ws/UGV/install/uav_control_interfaces/lib/libuav_control_interfaces__rosidl_typesupport_c.so" to ""
[10.674s] -- Up-to-date: /home/momo/action_ws/UGV/install/uav_control_interfaces/include/uav_control_interfaces
[10.674s] -- Up-to-date: /home/momo/action_ws/UGV/install/uav_control_interfaces/include/uav_control_interfaces/action
[10.674s] -- Installing: /home/momo/action_ws/UGV/install/uav_control_interfaces/include/uav_control_interfaces/action/flight.hpp
[10.675s] -- Up-to-date: /home/momo/action_ws/UGV/install/uav_control_interfaces/include/uav_control_interfaces/action/detail
[10.675s] -- Installing: /home/momo/action_ws/UGV/install/uav_control_interfaces/include/uav_control_interfaces/action/detail/flight__struct.hpp
[10.675s] -- Installing: /home/momo/action_ws/UGV/install/uav_control_interfaces/include/uav_control_interfaces/action/detail/flight__builder.hpp
[10.675s] -- Installing: /home/momo/action_ws/UGV/install/uav_control_interfaces/include/uav_control_interfaces/action/detail/flight__traits.hpp
[10.675s] -- Installing: /home/momo/action_ws/UGV/install/uav_control_interfaces/include/uav_control_interfaces/action/detail/flight__type_support.hpp
[10.676s] -- Up-to-date: /home/momo/action_ws/UGV/install/uav_control_interfaces/include/uav_control_interfaces/msg
[10.676s] -- Installing: /home/momo/action_ws/UGV/install/uav_control_interfaces/include/uav_control_interfaces/msg/rosidl_generator_cpp__visibility_control.hpp
[10.676s] -- Up-to-date: /home/momo/action_ws/UGV/install/uav_control_interfaces/include/uav_control_interfaces
[10.676s] -- Up-to-date: /home/momo/action_ws/UGV/install/uav_control_interfaces/include/uav_control_interfaces/action
[10.677s] -- Up-to-date: /home/momo/action_ws/UGV/install/uav_control_interfaces/include/uav_control_interfaces/action/detail
[10.677s] -- Installing: /home/momo/action_ws/UGV/install/uav_control_interfaces/include/uav_control_interfaces/action/detail/flight__rosidl_typesupport_introspection_cpp.hpp
[10.677s] -- Installing: /home/momo/action_ws/UGV/install/uav_control_interfaces/include/uav_control_interfaces/action/detail/flight__type_support.cpp
[10.678s] -- Installing: /home/momo/action_ws/UGV/install/uav_control_interfaces/lib/libuav_control_interfaces__rosidl_typesupport_introspection_cpp.so
[10.678s] -- Set runtime path of "/home/momo/action_ws/UGV/install/uav_control_interfaces/lib/libuav_control_interfaces__rosidl_typesupport_introspection_cpp.so" to ""
[10.678s] -- Installing: /home/momo/action_ws/UGV/install/uav_control_interfaces/lib/libuav_control_interfaces__rosidl_typesupport_cpp.so
[10.678s] -- Set runtime path of "/home/momo/action_ws/UGV/install/uav_control_interfaces/lib/libuav_control_interfaces__rosidl_typesupport_cpp.so" to ""
[10.679s] -- Installing: /home/momo/action_ws/UGV/install/uav_control_interfaces/share/uav_control_interfaces/environment/pythonpath.sh
[10.679s] -- Installing: /home/momo/action_ws/UGV/install/uav_control_interfaces/share/uav_control_interfaces/environment/pythonpath.dsv
[10.679s] -- Installing: /home/momo/action_ws/UGV/install/uav_control_interfaces/lib/python3.8/site-packages/uav_control_interfaces/__init__.py
[10.728s] Compiling '/home/momo/action_ws/UGV/install/uav_control_interfaces/lib/python3.8/site-packages/uav_control_interfaces/__init__.py'...
[10.735s] -- Installing: /home/momo/action_ws/UGV/install/uav_control_interfaces/lib/python3.8/site-packages/uav_control_interfaces/action
[10.735s] -- Installing: /home/momo/action_ws/UGV/install/uav_control_interfaces/lib/python3.8/site-packages/uav_control_interfaces/action/_flight.py
[10.736s] -- Installing: /home/momo/action_ws/UGV/install/uav_control_interfaces/lib/python3.8/site-packages/uav_control_interfaces/action/__init__.py
[10.736s] -- Installing: /home/momo/action_ws/UGV/install/uav_control_interfaces/lib/python3.8/site-packages/uav_control_interfaces/action/_flight_s.c
[10.737s] -- Installing: /home/momo/action_ws/UGV/install/uav_control_interfaces/lib/python3.8/site-packages/uav_control_interfaces/uav_control_interfaces_s__rosidl_typesupport_fastrtps_c.cpython-38-x86_64-linux-gnu.so
[10.739s] -- Set runtime path of "/home/momo/action_ws/UGV/install/uav_control_interfaces/lib/python3.8/site-packages/uav_control_interfaces/uav_control_interfaces_s__rosidl_typesupport_fastrtps_c.cpython-38-x86_64-linux-gnu.so" to ""
[10.740s] -- Installing: /home/momo/action_ws/UGV/install/uav_control_interfaces/lib/python3.8/site-packages/uav_control_interfaces/uav_control_interfaces_s__rosidl_typesupport_introspection_c.cpython-38-x86_64-linux-gnu.so
[10.743s] -- Set runtime path of "/home/momo/action_ws/UGV/install/uav_control_interfaces/lib/python3.8/site-packages/uav_control_interfaces/uav_control_interfaces_s__rosidl_typesupport_introspection_c.cpython-38-x86_64-linux-gnu.so" to ""
[10.744s] -- Installing: /home/momo/action_ws/UGV/install/uav_control_interfaces/lib/python3.8/site-packages/uav_control_interfaces/uav_control_interfaces_s__rosidl_typesupport_c.cpython-38-x86_64-linux-gnu.so
[10.746s] -- Set runtime path of "/home/momo/action_ws/UGV/install/uav_control_interfaces/lib/python3.8/site-packages/uav_control_interfaces/uav_control_interfaces_s__rosidl_typesupport_c.cpython-38-x86_64-linux-gnu.so" to ""
[10.747s] -- Installing: /home/momo/action_ws/UGV/install/uav_control_interfaces/lib/libuav_control_interfaces__python.so
[10.748s] -- Set runtime path of "/home/momo/action_ws/UGV/install/uav_control_interfaces/lib/libuav_control_interfaces__python.so" to ""
[10.748s] -- Installing: /home/momo/action_ws/UGV/install/uav_control_interfaces/share/uav_control_interfaces/action/Flight.idl
[10.749s] -- Installing: /home/momo/action_ws/UGV/install/uav_control_interfaces/share/uav_control_interfaces/action/Flight.action
[10.750s] -- Installing: /home/momo/action_ws/UGV/install/uav_control_interfaces/share/ament_index/resource_index/package_run_dependencies/uav_control_interfaces
[10.750s] -- Installing: /home/momo/action_ws/UGV/install/uav_control_interfaces/share/ament_index/resource_index/parent_prefix_path/uav_control_interfaces
[10.751s] -- Installing: /home/momo/action_ws/UGV/install/uav_control_interfaces/share/uav_control_interfaces/environment/ament_prefix_path.sh
[10.751s] -- Installing: /home/momo/action_ws/UGV/install/uav_control_interfaces/share/uav_control_interfaces/environment/ament_prefix_path.dsv
[10.752s] -- Installing: /home/momo/action_ws/UGV/install/uav_control_interfaces/share/uav_control_interfaces/environment/path.sh
[10.752s] -- Installing: /home/momo/action_ws/UGV/install/uav_control_interfaces/share/uav_control_interfaces/environment/path.dsv
[10.753s] -- Installing: /home/momo/action_ws/UGV/install/uav_control_interfaces/share/uav_control_interfaces/local_setup.bash
[10.754s] -- Installing: /home/momo/action_ws/UGV/install/uav_control_interfaces/share/uav_control_interfaces/local_setup.sh
[10.754s] -- Installing: /home/momo/action_ws/UGV/install/uav_control_interfaces/share/uav_control_interfaces/local_setup.zsh
[10.754s] -- Installing: /home/momo/action_ws/UGV/install/uav_control_interfaces/share/uav_control_interfaces/local_setup.dsv
[10.755s] -- Installing: /home/momo/action_ws/UGV/install/uav_control_interfaces/share/uav_control_interfaces/package.dsv
[10.755s] -- Installing: /home/momo/action_ws/UGV/install/uav_control_interfaces/share/ament_index/resource_index/packages/uav_control_interfaces
[10.756s] -- Installing: /home/momo/action_ws/UGV/install/uav_control_interfaces/share/uav_control_interfaces/cmake/uav_control_interfaces__rosidl_generator_cExport.cmake
[10.756s] -- Installing: /home/momo/action_ws/UGV/install/uav_control_interfaces/share/uav_control_interfaces/cmake/uav_control_interfaces__rosidl_generator_cExport-noconfig.cmake
[10.757s] -- Installing: /home/momo/action_ws/UGV/install/uav_control_interfaces/share/uav_control_interfaces/cmake/uav_control_interfaces__rosidl_typesupport_introspection_cExport.cmake
[10.758s] -- Installing: /home/momo/action_ws/UGV/install/uav_control_interfaces/share/uav_control_interfaces/cmake/uav_control_interfaces__rosidl_typesupport_introspection_cExport-noconfig.cmake
[10.758s] -- Installing: /home/momo/action_ws/UGV/install/uav_control_interfaces/share/uav_control_interfaces/cmake/uav_control_interfaces__rosidl_typesupport_cExport.cmake
[10.759s] -- Installing: /home/momo/action_ws/UGV/install/uav_control_interfaces/share/uav_control_interfaces/cmake/uav_control_interfaces__rosidl_typesupport_cExport-noconfig.cmake
[10.759s] -- Installing: /home/momo/action_ws/UGV/install/uav_control_interfaces/share/uav_control_interfaces/cmake/uav_control_interfaces__rosidl_generator_cppExport.cmake
[10.759s] -- Installing: /home/momo/action_ws/UGV/install/uav_control_interfaces/share/uav_control_interfaces/cmake/uav_control_interfaces__rosidl_typesupport_introspection_cppExport.cmake
[10.760s] -- Installing: /home/momo/action_ws/UGV/install/uav_control_interfaces/share/uav_control_interfaces/cmake/uav_control_interfaces__rosidl_typesupport_introspection_cppExport-noconfig.cmake
[10.760s] -- Installing: /home/momo/action_ws/UGV/install/uav_control_interfaces/share/uav_control_interfaces/cmake/uav_control_interfaces__rosidl_typesupport_cppExport.cmake
[10.761s] -- Installing: /home/momo/action_ws/UGV/install/uav_control_interfaces/share/uav_control_interfaces/cmake/uav_control_interfaces__rosidl_typesupport_cppExport-noconfig.cmake
[10.761s] -- Installing: /home/momo/action_ws/UGV/install/uav_control_interfaces/share/uav_control_interfaces/cmake/rosidl_cmake-extras.cmake
[10.762s] -- Installing: /home/momo/action_ws/UGV/install/uav_control_interfaces/share/uav_control_interfaces/cmake/ament_cmake_export_dependencies-extras.cmake
[10.762s] -- Installing: /home/momo/action_ws/UGV/install/uav_control_interfaces/share/uav_control_interfaces/cmake/ament_cmake_export_libraries-extras.cmake
[10.763s] -- Installing: /home/momo/action_ws/UGV/install/uav_control_interfaces/share/uav_control_interfaces/cmake/ament_cmake_export_targets-extras.cmake
[10.763s] -- Installing: /home/momo/action_ws/UGV/install/uav_control_interfaces/share/uav_control_interfaces/cmake/ament_cmake_export_include_directories-extras.cmake
[10.763s] -- Installing: /home/momo/action_ws/UGV/install/uav_control_interfaces/share/uav_control_interfaces/cmake/rosidl_cmake_export_typesupport_libraries-extras.cmake
[10.764s] -- Installing: /home/momo/action_ws/UGV/install/uav_control_interfaces/share/uav_control_interfaces/cmake/rosidl_cmake_export_typesupport_targets-extras.cmake
[10.764s] -- Installing: /home/momo/action_ws/UGV/install/uav_control_interfaces/share/uav_control_interfaces/cmake/uav_control_interfacesConfig.cmake
[10.764s] -- Installing: /home/momo/action_ws/UGV/install/uav_control_interfaces/share/uav_control_interfaces/cmake/uav_control_interfacesConfig-version.cmake
[10.764s] -- Installing: /home/momo/action_ws/UGV/install/uav_control_interfaces/share/uav_control_interfaces/package.xml
[10.769s] Invoked command in '/home/momo/action_ws/UGV/build/uav_control_interfaces' returned '0': /usr/bin/cmake --install /home/momo/action_ws/UGV/build/uav_control_interfaces
