[0.032s] Invoking command in '/home/momo/uav_ws/build/uav_control': CMAKE_PREFIX_PATH=/home/momo/ugv_ws/install/ugv_control:/home/momo/uav_ws/install/uav_control:/opt/ros/foxy:/home/momo/uav_interface_ws/install/uav_control_interfaces /usr/bin/cmake --build /home/momo/uav_ws/build/uav_control -- -j8 -l8
[0.259s] [100%] Built target flight_action_server
[0.301s] Invoked command in '/home/momo/uav_ws/build/uav_control' returned '0': CMAKE_PREFIX_PATH=/home/momo/ugv_ws/install/ugv_control:/home/momo/uav_ws/install/uav_control:/opt/ros/foxy:/home/momo/uav_interface_ws/install/uav_control_interfaces /usr/bin/cmake --build /home/momo/uav_ws/build/uav_control -- -j8 -l8
[0.373s] Invoking command in '/home/momo/uav_ws/build/uav_control': CMAKE_PREFIX_PATH=/home/momo/ugv_ws/install/ugv_control:/home/momo/uav_ws/install/uav_control:/opt/ros/foxy:/home/momo/uav_interface_ws/install/uav_control_interfaces /usr/bin/cmake --install /home/momo/uav_ws/build/uav_control
[0.384s] -- Install configuration: ""
[0.384s] -- Up-to-date: /home/momo/uav_ws/install/uav_control/lib/uav_control/flight_action_server
[0.384s] -- Up-to-date: /home/momo/uav_ws/install/uav_control/share/ament_index/resource_index/package_run_dependencies/uav_control
[0.384s] -- Up-to-date: /home/momo/uav_ws/install/uav_control/share/ament_index/resource_index/parent_prefix_path/uav_control
[0.385s] -- Up-to-date: /home/momo/uav_ws/install/uav_control/share/uav_control/environment/ament_prefix_path.sh
[0.385s] -- Up-to-date: /home/momo/uav_ws/install/uav_control/share/uav_control/environment/ament_prefix_path.dsv
[0.385s] -- Up-to-date: /home/momo/uav_ws/install/uav_control/share/uav_control/environment/path.sh
[0.385s] -- Up-to-date: /home/momo/uav_ws/install/uav_control/share/uav_control/environment/path.dsv
[0.385s] -- Up-to-date: /home/momo/uav_ws/install/uav_control/share/uav_control/local_setup.bash
[0.385s] -- Up-to-date: /home/momo/uav_ws/install/uav_control/share/uav_control/local_setup.sh
[0.385s] -- Up-to-date: /home/momo/uav_ws/install/uav_control/share/uav_control/local_setup.zsh
[0.386s] -- Up-to-date: /home/momo/uav_ws/install/uav_control/share/uav_control/local_setup.dsv
[0.386s] -- Installing: /home/momo/uav_ws/install/uav_control/share/uav_control/package.dsv
[0.386s] -- Up-to-date: /home/momo/uav_ws/install/uav_control/share/ament_index/resource_index/packages/uav_control
[0.386s] -- Up-to-date: /home/momo/uav_ws/install/uav_control/share/uav_control/cmake/uav_controlConfig.cmake
[0.386s] -- Up-to-date: /home/momo/uav_ws/install/uav_control/share/uav_control/cmake/uav_controlConfig-version.cmake
[0.386s] -- Up-to-date: /home/momo/uav_ws/install/uav_control/share/uav_control/package.xml
[0.389s] Invoked command in '/home/momo/uav_ws/build/uav_control' returned '0': CMAKE_PREFIX_PATH=/home/momo/ugv_ws/install/ugv_control:/home/momo/uav_ws/install/uav_control:/opt/ros/foxy:/home/momo/uav_interface_ws/install/uav_control_interfaces /usr/bin/cmake --install /home/momo/uav_ws/build/uav_control
