[0.044s] Invoking command in '/home/momo/ugv_ws/build/ugv_control': CMAKE_PREFIX_PATH=/home/momo/ugv_ws/install/ugv_control:/home/momo/uav_ws/install/uav_control:/opt/ros/foxy:/home/momo/uav_interface_ws/install/uav_control_interfaces:/home/momo/uav_interface_ws/install:/home/momo/uav_interface_ws/install /usr/bin/cmake /home/momo/ugv_ws/src/ugv_control -DCMAKE_INSTALL_PREFIX=/home/momo/ugv_ws/install/ugv_control
[0.193s] -- The C compiler identification is GNU 9.4.0
[0.360s] -- The CXX compiler identification is GNU 9.4.0
[0.379s] -- Check for working C compiler: /usr/bin/cc
[0.532s] -- Check for working C compiler: /usr/bin/cc -- works
[0.536s] -- Detecting C compiler ABI info
[0.760s] -- Detecting C compiler ABI info - done
[0.803s] -- Detecting C compile features
[0.803s] -- Detecting C compile features - done
[0.807s] -- Check for working CXX compiler: /usr/bin/c++
[1.033s] -- Check for working CXX compiler: /usr/bin/c++ -- works
[1.039s] -- Detecting CXX compiler ABI info
[1.276s] -- Detecting CXX compiler ABI info - done
[1.321s] -- Detecting CXX compile features
[1.322s] -- Detecting CXX compile features - done
[1.324s] -- Found ament_cmake: 0.9.12 (/opt/ros/foxy/share/ament_cmake/cmake)
[1.386s] -- Found PythonInterp: /usr/bin/python3 (found suitable version "3.8.10", minimum required is "3") 
[1.386s] -- Using PYTHON_EXECUTABLE: /usr/bin/python3
[1.730s] -- Found rclcpp: 2.4.3 (/opt/ros/foxy/share/rclcpp/cmake)
[1.794s] -- Using all available rosidl_typesupport_c: rosidl_typesupport_fastrtps_c;rosidl_typesupport_introspection_c
[1.803s] -- Found rosidl_adapter: 1.3.1 (/opt/ros/foxy/share/rosidl_adapter/cmake)
[2.043s] -- Found OpenSSL: /usr/lib/x86_64-linux-gnu/libcrypto.so (found version "1.1.1f")  
[2.096s] -- Found FastRTPS: /opt/ros/foxy/include  
[2.216s] -- Using all available rosidl_typesupport_cpp: rosidl_typesupport_fastrtps_cpp;rosidl_typesupport_introspection_cpp
[2.305s] -- Found rmw_implementation_cmake: 1.0.4 (/opt/ros/foxy/share/rmw_implementation_cmake/cmake)
[2.307s] -- Using RMW implementation 'rmw_fastrtps_cpp' as default
[2.308s] -- Looking for pthread.h
[2.529s] -- Looking for pthread.h - found
[2.530s] -- Performing Test CMAKE_HAVE_LIBC_PTHREAD
[2.756s] -- Performing Test CMAKE_HAVE_LIBC_PTHREAD - Failed
[2.757s] -- Looking for pthread_create in pthreads
[2.915s] -- Looking for pthread_create in pthreads - not found
[2.916s] -- Looking for pthread_create in pthread
[3.126s] -- Looking for pthread_create in pthread - found
[3.131s] -- Found Threads: TRUE  
[3.423s] -- Found rclcpp_action: 2.4.3 (/opt/ros/foxy/share/rclcpp_action/cmake)
[3.553s] -- Found uav_control_interfaces: 0.1.0 (/home/momo/uav_interface_ws/install/uav_control_interfaces/share/uav_control_interfaces/cmake)
[3.786s] -- Configuring done
[3.803s] -- Generating done
[3.806s] -- Build files have been written to: /home/momo/ugv_ws/build/ugv_control
[3.818s] Invoked command in '/home/momo/ugv_ws/build/ugv_control' returned '0': CMAKE_PREFIX_PATH=/home/momo/ugv_ws/install/ugv_control:/home/momo/uav_ws/install/uav_control:/opt/ros/foxy:/home/momo/uav_interface_ws/install/uav_control_interfaces:/home/momo/uav_interface_ws/install:/home/momo/uav_interface_ws/install /usr/bin/cmake /home/momo/ugv_ws/src/ugv_control -DCMAKE_INSTALL_PREFIX=/home/momo/ugv_ws/install/ugv_control
[3.832s] Invoking command in '/home/momo/ugv_ws/build/ugv_control': CMAKE_PREFIX_PATH=/home/momo/ugv_ws/install/ugv_control:/home/momo/uav_ws/install/uav_control:/opt/ros/foxy:/home/momo/uav_interface_ws/install/uav_control_interfaces:/home/momo/uav_interface_ws/install:/home/momo/uav_interface_ws/install /usr/bin/cmake --build /home/momo/ugv_ws/build/ugv_control -- -j8 -l8
[3.947s] [35m[1mScanning dependencies of target flight_action_client[0m
[4.009s] [ 50%] [32mBuilding CXX object CMakeFiles/flight_action_client.dir/src/flight_action_client.cpp.o[0m
[8.179s] [100%] [32m[1mLinking CXX executable flight_action_client[0m
[8.475s] [100%] Built target flight_action_client
[8.515s] Invoked command in '/home/momo/ugv_ws/build/ugv_control' returned '0': CMAKE_PREFIX_PATH=/home/momo/ugv_ws/install/ugv_control:/home/momo/uav_ws/install/uav_control:/opt/ros/foxy:/home/momo/uav_interface_ws/install/uav_control_interfaces:/home/momo/uav_interface_ws/install:/home/momo/uav_interface_ws/install /usr/bin/cmake --build /home/momo/ugv_ws/build/ugv_control -- -j8 -l8
[8.617s] Invoking command in '/home/momo/ugv_ws/build/ugv_control': CMAKE_PREFIX_PATH=/home/momo/ugv_ws/install/ugv_control:/home/momo/uav_ws/install/uav_control:/opt/ros/foxy:/home/momo/uav_interface_ws/install/uav_control_interfaces:/home/momo/uav_interface_ws/install:/home/momo/uav_interface_ws/install /usr/bin/cmake --install /home/momo/ugv_ws/build/ugv_control
[8.646s] -- Install configuration: ""
[8.647s] -- Installing: /home/momo/ugv_ws/install/ugv_control/lib/ugv_control/flight_action_client
[8.651s] -- Set runtime path of "/home/momo/ugv_ws/install/ugv_control/lib/ugv_control/flight_action_client" to ""
[8.652s] -- Up-to-date: /home/momo/ugv_ws/install/ugv_control/share/ament_index/resource_index/package_run_dependencies/ugv_control
[8.652s] -- Installing: /home/momo/ugv_ws/install/ugv_control/share/ament_index/resource_index/parent_prefix_path/ugv_control
[8.653s] -- Up-to-date: /home/momo/ugv_ws/install/ugv_control/share/ugv_control/environment/ament_prefix_path.sh
[8.653s] -- Installing: /home/momo/ugv_ws/install/ugv_control/share/ugv_control/environment/ament_prefix_path.dsv
[8.654s] -- Up-to-date: /home/momo/ugv_ws/install/ugv_control/share/ugv_control/environment/path.sh
[8.655s] -- Installing: /home/momo/ugv_ws/install/ugv_control/share/ugv_control/environment/path.dsv
[8.655s] -- Up-to-date: /home/momo/ugv_ws/install/ugv_control/share/ugv_control/local_setup.bash
[8.655s] -- Up-to-date: /home/momo/ugv_ws/install/ugv_control/share/ugv_control/local_setup.sh
[8.656s] -- Up-to-date: /home/momo/ugv_ws/install/ugv_control/share/ugv_control/local_setup.zsh
[8.656s] -- Installing: /home/momo/ugv_ws/install/ugv_control/share/ugv_control/local_setup.dsv
[8.656s] -- Installing: /home/momo/ugv_ws/install/ugv_control/share/ugv_control/package.dsv
[8.657s] -- Up-to-date: /home/momo/ugv_ws/install/ugv_control/share/ament_index/resource_index/packages/ugv_control
[8.658s] -- Up-to-date: /home/momo/ugv_ws/install/ugv_control/share/ugv_control/cmake/ugv_controlConfig.cmake
[8.658s] -- Up-to-date: /home/momo/ugv_ws/install/ugv_control/share/ugv_control/cmake/ugv_controlConfig-version.cmake
[8.659s] -- Up-to-date: /home/momo/ugv_ws/install/ugv_control/share/ugv_control/package.xml
[8.664s] Invoked command in '/home/momo/ugv_ws/build/ugv_control' returned '0': CMAKE_PREFIX_PATH=/home/momo/ugv_ws/install/ugv_control:/home/momo/uav_ws/install/uav_control:/opt/ros/foxy:/home/momo/uav_interface_ws/install/uav_control_interfaces:/home/momo/uav_interface_ws/install:/home/momo/uav_interface_ws/install /usr/bin/cmake --install /home/momo/ugv_ws/build/ugv_control
