Performing C SOURCE FILE Test CMAKE_HAVE_LIBC_PTHREAD failed with the following output:
Change Dir: /home/momo/uav_ws/build/uav_control/CMakeFiles/CMakeTmp

Run Build Command(s):/usr/bin/make cmTC_0eec2/fast && /usr/bin/make -f CMakeFiles/cmTC_0eec2.dir/build.make CMakeFiles/cmTC_0eec2.dir/build
make[1]: Entering directory '/home/momo/uav_ws/build/uav_control/CMakeFiles/CMakeTmp'
Building C object CMakeFiles/cmTC_0eec2.dir/src.c.o
/usr/bin/cc   -DCMAKE_HAVE_LIBC_PTHREAD   -o CMakeFiles/cmTC_0eec2.dir/src.c.o   -c /home/momo/uav_ws/build/uav_control/CMakeFiles/CMakeTmp/src.c
Linking C executable cmTC_0eec2
/usr/bin/cmake -E cmake_link_script CMakeFiles/cmTC_0eec2.dir/link.txt --verbose=1
/usr/bin/cc  -DCMAKE_HAVE_LIBC_PTHREAD    CMakeFiles/cmTC_0eec2.dir/src.c.o  -o cmTC_0eec2 
/usr/bin/ld: CMakeFiles/cmTC_0eec2.dir/src.c.o: in function `main':
src.c:(.text+0x46): undefined reference to `pthread_create'
/usr/bin/ld: src.c:(.text+0x52): undefined reference to `pthread_detach'
/usr/bin/ld: src.c:(.text+0x63): undefined reference to `pthread_join'
collect2: error: ld returned 1 exit status
make[1]: *** [CMakeFiles/cmTC_0eec2.dir/build.make:87: cmTC_0eec2] Error 1
make[1]: Leaving directory '/home/momo/uav_ws/build/uav_control/CMakeFiles/CMakeTmp'
make: *** [Makefile:121: cmTC_0eec2/fast] Error 2


Source file was:
#include <pthread.h>

void* test_func(void* data)
{
  return data;
}

int main(void)
{
  pthread_t thread;
  pthread_create(&thread, NULL, test_func, NULL);
  pthread_detach(thread);
  pthread_join(thread, NULL);
  pthread_atfork(NULL, NULL, NULL);
  pthread_exit(NULL);

  return 0;
}

Determining if the function pthread_create exists in the pthreads failed with the following output:
Change Dir: /home/momo/uav_ws/build/uav_control/CMakeFiles/CMakeTmp

Run Build Command(s):/usr/bin/make cmTC_cbf75/fast && /usr/bin/make -f CMakeFiles/cmTC_cbf75.dir/build.make CMakeFiles/cmTC_cbf75.dir/build
make[1]: Entering directory '/home/momo/uav_ws/build/uav_control/CMakeFiles/CMakeTmp'
Building C object CMakeFiles/cmTC_cbf75.dir/CheckFunctionExists.c.o
/usr/bin/cc   -DCHECK_FUNCTION_EXISTS=pthread_create   -o CMakeFiles/cmTC_cbf75.dir/CheckFunctionExists.c.o   -c /usr/share/cmake-3.16/Modules/CheckFunctionExists.c
Linking C executable cmTC_cbf75
/usr/bin/cmake -E cmake_link_script CMakeFiles/cmTC_cbf75.dir/link.txt --verbose=1
/usr/bin/cc  -DCHECK_FUNCTION_EXISTS=pthread_create    CMakeFiles/cmTC_cbf75.dir/CheckFunctionExists.c.o  -o cmTC_cbf75  -lpthreads 
/usr/bin/ld: cannot find -lpthreads
collect2: error: ld returned 1 exit status
make[1]: *** [CMakeFiles/cmTC_cbf75.dir/build.make:87: cmTC_cbf75] Error 1
make[1]: Leaving directory '/home/momo/uav_ws/build/uav_control/CMakeFiles/CMakeTmp'
make: *** [Makefile:121: cmTC_cbf75/fast] Error 2



Performing C SOURCE FILE Test CMAKE_HAVE_LIBC_PTHREAD failed with the following output:
Change Dir: /home/momo/uav_ws/build/uav_control/CMakeFiles/CMakeTmp

Run Build Command(s):/usr/bin/make cmTC_d6bfa/fast && /usr/bin/make -f CMakeFiles/cmTC_d6bfa.dir/build.make CMakeFiles/cmTC_d6bfa.dir/build
make[1]: Entering directory '/home/momo/uav_ws/build/uav_control/CMakeFiles/CMakeTmp'
Building C object CMakeFiles/cmTC_d6bfa.dir/src.c.o
/usr/bin/cc   -DCMAKE_HAVE_LIBC_PTHREAD   -o CMakeFiles/cmTC_d6bfa.dir/src.c.o   -c /home/momo/uav_ws/build/uav_control/CMakeFiles/CMakeTmp/src.c
Linking C executable cmTC_d6bfa
/usr/bin/cmake -E cmake_link_script CMakeFiles/cmTC_d6bfa.dir/link.txt --verbose=1
/usr/bin/cc  -DCMAKE_HAVE_LIBC_PTHREAD    CMakeFiles/cmTC_d6bfa.dir/src.c.o  -o cmTC_d6bfa 
/usr/bin/ld: CMakeFiles/cmTC_d6bfa.dir/src.c.o: in function `main':
src.c:(.text+0x46): undefined reference to `pthread_create'
/usr/bin/ld: src.c:(.text+0x52): undefined reference to `pthread_detach'
/usr/bin/ld: src.c:(.text+0x63): undefined reference to `pthread_join'
collect2: error: ld returned 1 exit status
make[1]: *** [CMakeFiles/cmTC_d6bfa.dir/build.make:87: cmTC_d6bfa] Error 1
make[1]: Leaving directory '/home/momo/uav_ws/build/uav_control/CMakeFiles/CMakeTmp'
make: *** [Makefile:121: cmTC_d6bfa/fast] Error 2


Source file was:
#include <pthread.h>

void* test_func(void* data)
{
  return data;
}

int main(void)
{
  pthread_t thread;
  pthread_create(&thread, NULL, test_func, NULL);
  pthread_detach(thread);
  pthread_join(thread, NULL);
  pthread_atfork(NULL, NULL, NULL);
  pthread_exit(NULL);

  return 0;
}

Determining if the function pthread_create exists in the pthreads failed with the following output:
Change Dir: /home/momo/uav_ws/build/uav_control/CMakeFiles/CMakeTmp

Run Build Command(s):/usr/bin/make cmTC_4bf4e/fast && /usr/bin/make -f CMakeFiles/cmTC_4bf4e.dir/build.make CMakeFiles/cmTC_4bf4e.dir/build
make[1]: Entering directory '/home/momo/uav_ws/build/uav_control/CMakeFiles/CMakeTmp'
Building C object CMakeFiles/cmTC_4bf4e.dir/CheckFunctionExists.c.o
/usr/bin/cc   -DCHECK_FUNCTION_EXISTS=pthread_create   -o CMakeFiles/cmTC_4bf4e.dir/CheckFunctionExists.c.o   -c /usr/share/cmake-3.16/Modules/CheckFunctionExists.c
Linking C executable cmTC_4bf4e
/usr/bin/cmake -E cmake_link_script CMakeFiles/cmTC_4bf4e.dir/link.txt --verbose=1
/usr/bin/cc  -DCHECK_FUNCTION_EXISTS=pthread_create    CMakeFiles/cmTC_4bf4e.dir/CheckFunctionExists.c.o  -o cmTC_4bf4e  -lpthreads 
/usr/bin/ld: cannot find -lpthreads
collect2: error: ld returned 1 exit status
make[1]: *** [CMakeFiles/cmTC_4bf4e.dir/build.make:87: cmTC_4bf4e] Error 1
make[1]: Leaving directory '/home/momo/uav_ws/build/uav_control/CMakeFiles/CMakeTmp'
make: *** [Makefile:121: cmTC_4bf4e/fast] Error 2



Performing C SOURCE FILE Test CMAKE_HAVE_LIBC_PTHREAD failed with the following output:
Change Dir: /home/momo/uav_ws/build/uav_control/CMakeFiles/CMakeTmp

Run Build Command(s):/usr/bin/make cmTC_a82b1/fast && /usr/bin/make -f CMakeFiles/cmTC_a82b1.dir/build.make CMakeFiles/cmTC_a82b1.dir/build
make[1]: Entering directory '/home/momo/uav_ws/build/uav_control/CMakeFiles/CMakeTmp'
Building C object CMakeFiles/cmTC_a82b1.dir/src.c.o
/usr/bin/cc   -DCMAKE_HAVE_LIBC_PTHREAD   -o CMakeFiles/cmTC_a82b1.dir/src.c.o   -c /home/momo/uav_ws/build/uav_control/CMakeFiles/CMakeTmp/src.c
Linking C executable cmTC_a82b1
/usr/bin/cmake -E cmake_link_script CMakeFiles/cmTC_a82b1.dir/link.txt --verbose=1
/usr/bin/cc  -DCMAKE_HAVE_LIBC_PTHREAD    CMakeFiles/cmTC_a82b1.dir/src.c.o  -o cmTC_a82b1 
/usr/bin/ld: CMakeFiles/cmTC_a82b1.dir/src.c.o: in function `main':
src.c:(.text+0x46): undefined reference to `pthread_create'
/usr/bin/ld: src.c:(.text+0x52): undefined reference to `pthread_detach'
/usr/bin/ld: src.c:(.text+0x63): undefined reference to `pthread_join'
collect2: error: ld returned 1 exit status
make[1]: *** [CMakeFiles/cmTC_a82b1.dir/build.make:87: cmTC_a82b1] Error 1
make[1]: Leaving directory '/home/momo/uav_ws/build/uav_control/CMakeFiles/CMakeTmp'
make: *** [Makefile:121: cmTC_a82b1/fast] Error 2


Source file was:
#include <pthread.h>

void* test_func(void* data)
{
  return data;
}

int main(void)
{
  pthread_t thread;
  pthread_create(&thread, NULL, test_func, NULL);
  pthread_detach(thread);
  pthread_join(thread, NULL);
  pthread_atfork(NULL, NULL, NULL);
  pthread_exit(NULL);

  return 0;
}

Determining if the function pthread_create exists in the pthreads failed with the following output:
Change Dir: /home/momo/uav_ws/build/uav_control/CMakeFiles/CMakeTmp

Run Build Command(s):/usr/bin/make cmTC_599ca/fast && /usr/bin/make -f CMakeFiles/cmTC_599ca.dir/build.make CMakeFiles/cmTC_599ca.dir/build
make[1]: Entering directory '/home/momo/uav_ws/build/uav_control/CMakeFiles/CMakeTmp'
Building C object CMakeFiles/cmTC_599ca.dir/CheckFunctionExists.c.o
/usr/bin/cc   -DCHECK_FUNCTION_EXISTS=pthread_create   -o CMakeFiles/cmTC_599ca.dir/CheckFunctionExists.c.o   -c /usr/share/cmake-3.16/Modules/CheckFunctionExists.c
Linking C executable cmTC_599ca
/usr/bin/cmake -E cmake_link_script CMakeFiles/cmTC_599ca.dir/link.txt --verbose=1
/usr/bin/cc  -DCHECK_FUNCTION_EXISTS=pthread_create    CMakeFiles/cmTC_599ca.dir/CheckFunctionExists.c.o  -o cmTC_599ca  -lpthreads 
/usr/bin/ld: cannot find -lpthreads
collect2: error: ld returned 1 exit status
make[1]: *** [CMakeFiles/cmTC_599ca.dir/build.make:87: cmTC_599ca] Error 1
make[1]: Leaving directory '/home/momo/uav_ws/build/uav_control/CMakeFiles/CMakeTmp'
make: *** [Makefile:121: cmTC_599ca/fast] Error 2



Performing C SOURCE FILE Test CMAKE_HAVE_LIBC_PTHREAD failed with the following output:
Change Dir: /home/momo/uav_ws/build/uav_control/CMakeFiles/CMakeTmp

Run Build Command(s):/usr/bin/make cmTC_6cba6/fast && /usr/bin/make -f CMakeFiles/cmTC_6cba6.dir/build.make CMakeFiles/cmTC_6cba6.dir/build
make[1]: Entering directory '/home/momo/uav_ws/build/uav_control/CMakeFiles/CMakeTmp'
Building C object CMakeFiles/cmTC_6cba6.dir/src.c.o
/usr/bin/cc   -DCMAKE_HAVE_LIBC_PTHREAD   -o CMakeFiles/cmTC_6cba6.dir/src.c.o   -c /home/momo/uav_ws/build/uav_control/CMakeFiles/CMakeTmp/src.c
Linking C executable cmTC_6cba6
/usr/bin/cmake -E cmake_link_script CMakeFiles/cmTC_6cba6.dir/link.txt --verbose=1
/usr/bin/cc  -DCMAKE_HAVE_LIBC_PTHREAD    CMakeFiles/cmTC_6cba6.dir/src.c.o  -o cmTC_6cba6 
/usr/bin/ld: CMakeFiles/cmTC_6cba6.dir/src.c.o: in function `main':
src.c:(.text+0x46): undefined reference to `pthread_create'
/usr/bin/ld: src.c:(.text+0x52): undefined reference to `pthread_detach'
/usr/bin/ld: src.c:(.text+0x63): undefined reference to `pthread_join'
collect2: error: ld returned 1 exit status
make[1]: *** [CMakeFiles/cmTC_6cba6.dir/build.make:87: cmTC_6cba6] Error 1
make[1]: Leaving directory '/home/momo/uav_ws/build/uav_control/CMakeFiles/CMakeTmp'
make: *** [Makefile:121: cmTC_6cba6/fast] Error 2


Source file was:
#include <pthread.h>

void* test_func(void* data)
{
  return data;
}

int main(void)
{
  pthread_t thread;
  pthread_create(&thread, NULL, test_func, NULL);
  pthread_detach(thread);
  pthread_join(thread, NULL);
  pthread_atfork(NULL, NULL, NULL);
  pthread_exit(NULL);

  return 0;
}

Determining if the function pthread_create exists in the pthreads failed with the following output:
Change Dir: /home/momo/uav_ws/build/uav_control/CMakeFiles/CMakeTmp

Run Build Command(s):/usr/bin/make cmTC_3cb57/fast && /usr/bin/make -f CMakeFiles/cmTC_3cb57.dir/build.make CMakeFiles/cmTC_3cb57.dir/build
make[1]: Entering directory '/home/momo/uav_ws/build/uav_control/CMakeFiles/CMakeTmp'
Building C object CMakeFiles/cmTC_3cb57.dir/CheckFunctionExists.c.o
/usr/bin/cc   -DCHECK_FUNCTION_EXISTS=pthread_create   -o CMakeFiles/cmTC_3cb57.dir/CheckFunctionExists.c.o   -c /usr/share/cmake-3.16/Modules/CheckFunctionExists.c
Linking C executable cmTC_3cb57
/usr/bin/cmake -E cmake_link_script CMakeFiles/cmTC_3cb57.dir/link.txt --verbose=1
/usr/bin/cc  -DCHECK_FUNCTION_EXISTS=pthread_create    CMakeFiles/cmTC_3cb57.dir/CheckFunctionExists.c.o  -o cmTC_3cb57  -lpthreads 
/usr/bin/ld: cannot find -lpthreads
collect2: error: ld returned 1 exit status
make[1]: *** [CMakeFiles/cmTC_3cb57.dir/build.make:87: cmTC_3cb57] Error 1
make[1]: Leaving directory '/home/momo/uav_ws/build/uav_control/CMakeFiles/CMakeTmp'
make: *** [Makefile:121: cmTC_3cb57/fast] Error 2



Performing C SOURCE FILE Test CMAKE_HAVE_LIBC_PTHREAD failed with the following output:
Change Dir: /home/momo/uav_ws/build/uav_control/CMakeFiles/CMakeTmp

Run Build Command(s):/usr/bin/make cmTC_ff420/fast && /usr/bin/make -f CMakeFiles/cmTC_ff420.dir/build.make CMakeFiles/cmTC_ff420.dir/build
make[1]: Entering directory '/home/momo/uav_ws/build/uav_control/CMakeFiles/CMakeTmp'
Building C object CMakeFiles/cmTC_ff420.dir/src.c.o
/usr/bin/cc   -DCMAKE_HAVE_LIBC_PTHREAD   -o CMakeFiles/cmTC_ff420.dir/src.c.o   -c /home/momo/uav_ws/build/uav_control/CMakeFiles/CMakeTmp/src.c
Linking C executable cmTC_ff420
/usr/bin/cmake -E cmake_link_script CMakeFiles/cmTC_ff420.dir/link.txt --verbose=1
/usr/bin/cc  -DCMAKE_HAVE_LIBC_PTHREAD    CMakeFiles/cmTC_ff420.dir/src.c.o  -o cmTC_ff420 
/usr/bin/ld: CMakeFiles/cmTC_ff420.dir/src.c.o: in function `main':
src.c:(.text+0x46): undefined reference to `pthread_create'
/usr/bin/ld: src.c:(.text+0x52): undefined reference to `pthread_detach'
/usr/bin/ld: src.c:(.text+0x63): undefined reference to `pthread_join'
collect2: error: ld returned 1 exit status
make[1]: *** [CMakeFiles/cmTC_ff420.dir/build.make:87: cmTC_ff420] Error 1
make[1]: Leaving directory '/home/momo/uav_ws/build/uav_control/CMakeFiles/CMakeTmp'
make: *** [Makefile:121: cmTC_ff420/fast] Error 2


Source file was:
#include <pthread.h>

void* test_func(void* data)
{
  return data;
}

int main(void)
{
  pthread_t thread;
  pthread_create(&thread, NULL, test_func, NULL);
  pthread_detach(thread);
  pthread_join(thread, NULL);
  pthread_atfork(NULL, NULL, NULL);
  pthread_exit(NULL);

  return 0;
}

Determining if the function pthread_create exists in the pthreads failed with the following output:
Change Dir: /home/momo/uav_ws/build/uav_control/CMakeFiles/CMakeTmp

Run Build Command(s):/usr/bin/make cmTC_5afd0/fast && /usr/bin/make -f CMakeFiles/cmTC_5afd0.dir/build.make CMakeFiles/cmTC_5afd0.dir/build
make[1]: Entering directory '/home/momo/uav_ws/build/uav_control/CMakeFiles/CMakeTmp'
Building C object CMakeFiles/cmTC_5afd0.dir/CheckFunctionExists.c.o
/usr/bin/cc   -DCHECK_FUNCTION_EXISTS=pthread_create   -o CMakeFiles/cmTC_5afd0.dir/CheckFunctionExists.c.o   -c /usr/share/cmake-3.16/Modules/CheckFunctionExists.c
Linking C executable cmTC_5afd0
/usr/bin/cmake -E cmake_link_script CMakeFiles/cmTC_5afd0.dir/link.txt --verbose=1
/usr/bin/cc  -DCHECK_FUNCTION_EXISTS=pthread_create    CMakeFiles/cmTC_5afd0.dir/CheckFunctionExists.c.o  -o cmTC_5afd0  -lpthreads 
/usr/bin/ld: cannot find -lpthreads
collect2: error: ld returned 1 exit status
make[1]: *** [CMakeFiles/cmTC_5afd0.dir/build.make:87: cmTC_5afd0] Error 1
make[1]: Leaving directory '/home/momo/uav_ws/build/uav_control/CMakeFiles/CMakeTmp'
make: *** [Makefile:121: cmTC_5afd0/fast] Error 2



Performing C SOURCE FILE Test CMAKE_HAVE_LIBC_PTHREAD failed with the following output:
Change Dir: /home/momo/uav_ws/build/uav_control/CMakeFiles/CMakeTmp

Run Build Command(s):/usr/bin/make cmTC_22b63/fast && /usr/bin/make -f CMakeFiles/cmTC_22b63.dir/build.make CMakeFiles/cmTC_22b63.dir/build
make[1]: Entering directory '/home/momo/uav_ws/build/uav_control/CMakeFiles/CMakeTmp'
Building C object CMakeFiles/cmTC_22b63.dir/src.c.o
/usr/bin/cc   -DCMAKE_HAVE_LIBC_PTHREAD   -o CMakeFiles/cmTC_22b63.dir/src.c.o   -c /home/momo/uav_ws/build/uav_control/CMakeFiles/CMakeTmp/src.c
Linking C executable cmTC_22b63
/usr/bin/cmake -E cmake_link_script CMakeFiles/cmTC_22b63.dir/link.txt --verbose=1
/usr/bin/cc  -DCMAKE_HAVE_LIBC_PTHREAD    CMakeFiles/cmTC_22b63.dir/src.c.o  -o cmTC_22b63 
/usr/bin/ld: CMakeFiles/cmTC_22b63.dir/src.c.o: in function `main':
src.c:(.text+0x46): undefined reference to `pthread_create'
/usr/bin/ld: src.c:(.text+0x52): undefined reference to `pthread_detach'
/usr/bin/ld: src.c:(.text+0x63): undefined reference to `pthread_join'
collect2: error: ld returned 1 exit status
make[1]: *** [CMakeFiles/cmTC_22b63.dir/build.make:87: cmTC_22b63] Error 1
make[1]: Leaving directory '/home/momo/uav_ws/build/uav_control/CMakeFiles/CMakeTmp'
make: *** [Makefile:121: cmTC_22b63/fast] Error 2


Source file was:
#include <pthread.h>

void* test_func(void* data)
{
  return data;
}

int main(void)
{
  pthread_t thread;
  pthread_create(&thread, NULL, test_func, NULL);
  pthread_detach(thread);
  pthread_join(thread, NULL);
  pthread_atfork(NULL, NULL, NULL);
  pthread_exit(NULL);

  return 0;
}

Determining if the function pthread_create exists in the pthreads failed with the following output:
Change Dir: /home/momo/uav_ws/build/uav_control/CMakeFiles/CMakeTmp

Run Build Command(s):/usr/bin/make cmTC_55374/fast && /usr/bin/make -f CMakeFiles/cmTC_55374.dir/build.make CMakeFiles/cmTC_55374.dir/build
make[1]: Entering directory '/home/momo/uav_ws/build/uav_control/CMakeFiles/CMakeTmp'
Building C object CMakeFiles/cmTC_55374.dir/CheckFunctionExists.c.o
/usr/bin/cc   -DCHECK_FUNCTION_EXISTS=pthread_create   -o CMakeFiles/cmTC_55374.dir/CheckFunctionExists.c.o   -c /usr/share/cmake-3.16/Modules/CheckFunctionExists.c
Linking C executable cmTC_55374
/usr/bin/cmake -E cmake_link_script CMakeFiles/cmTC_55374.dir/link.txt --verbose=1
/usr/bin/cc  -DCHECK_FUNCTION_EXISTS=pthread_create    CMakeFiles/cmTC_55374.dir/CheckFunctionExists.c.o  -o cmTC_55374  -lpthreads 
/usr/bin/ld: cannot find -lpthreads
collect2: error: ld returned 1 exit status
make[1]: *** [CMakeFiles/cmTC_55374.dir/build.make:87: cmTC_55374] Error 1
make[1]: Leaving directory '/home/momo/uav_ws/build/uav_control/CMakeFiles/CMakeTmp'
make: *** [Makefile:121: cmTC_55374/fast] Error 2



Performing C SOURCE FILE Test CMAKE_HAVE_LIBC_PTHREAD failed with the following output:
Change Dir: /home/momo/uav_ws/build/uav_control/CMakeFiles/CMakeTmp

Run Build Command(s):/usr/bin/make cmTC_da9cd/fast && /usr/bin/make -f CMakeFiles/cmTC_da9cd.dir/build.make CMakeFiles/cmTC_da9cd.dir/build
make[1]: Entering directory '/home/momo/uav_ws/build/uav_control/CMakeFiles/CMakeTmp'
Building C object CMakeFiles/cmTC_da9cd.dir/src.c.o
/usr/bin/cc   -DCMAKE_HAVE_LIBC_PTHREAD   -o CMakeFiles/cmTC_da9cd.dir/src.c.o   -c /home/momo/uav_ws/build/uav_control/CMakeFiles/CMakeTmp/src.c
Linking C executable cmTC_da9cd
/usr/bin/cmake -E cmake_link_script CMakeFiles/cmTC_da9cd.dir/link.txt --verbose=1
/usr/bin/cc  -DCMAKE_HAVE_LIBC_PTHREAD    CMakeFiles/cmTC_da9cd.dir/src.c.o  -o cmTC_da9cd 
/usr/bin/ld: CMakeFiles/cmTC_da9cd.dir/src.c.o: in function `main':
src.c:(.text+0x46): undefined reference to `pthread_create'
/usr/bin/ld: src.c:(.text+0x52): undefined reference to `pthread_detach'
/usr/bin/ld: src.c:(.text+0x63): undefined reference to `pthread_join'
collect2: error: ld returned 1 exit status
make[1]: *** [CMakeFiles/cmTC_da9cd.dir/build.make:87: cmTC_da9cd] Error 1
make[1]: Leaving directory '/home/momo/uav_ws/build/uav_control/CMakeFiles/CMakeTmp'
make: *** [Makefile:121: cmTC_da9cd/fast] Error 2


Source file was:
#include <pthread.h>

void* test_func(void* data)
{
  return data;
}

int main(void)
{
  pthread_t thread;
  pthread_create(&thread, NULL, test_func, NULL);
  pthread_detach(thread);
  pthread_join(thread, NULL);
  pthread_atfork(NULL, NULL, NULL);
  pthread_exit(NULL);

  return 0;
}

Determining if the function pthread_create exists in the pthreads failed with the following output:
Change Dir: /home/momo/uav_ws/build/uav_control/CMakeFiles/CMakeTmp

Run Build Command(s):/usr/bin/make cmTC_88e23/fast && /usr/bin/make -f CMakeFiles/cmTC_88e23.dir/build.make CMakeFiles/cmTC_88e23.dir/build
make[1]: Entering directory '/home/momo/uav_ws/build/uav_control/CMakeFiles/CMakeTmp'
Building C object CMakeFiles/cmTC_88e23.dir/CheckFunctionExists.c.o
/usr/bin/cc   -DCHECK_FUNCTION_EXISTS=pthread_create   -o CMakeFiles/cmTC_88e23.dir/CheckFunctionExists.c.o   -c /usr/share/cmake-3.16/Modules/CheckFunctionExists.c
Linking C executable cmTC_88e23
/usr/bin/cmake -E cmake_link_script CMakeFiles/cmTC_88e23.dir/link.txt --verbose=1
/usr/bin/cc  -DCHECK_FUNCTION_EXISTS=pthread_create    CMakeFiles/cmTC_88e23.dir/CheckFunctionExists.c.o  -o cmTC_88e23  -lpthreads 
/usr/bin/ld: cannot find -lpthreads
collect2: error: ld returned 1 exit status
make[1]: *** [CMakeFiles/cmTC_88e23.dir/build.make:87: cmTC_88e23] Error 1
make[1]: Leaving directory '/home/momo/uav_ws/build/uav_control/CMakeFiles/CMakeTmp'
make: *** [Makefile:121: cmTC_88e23/fast] Error 2



