[0.027s] Invoking command in '/home/momo/ugv_ws/build/ugv_control': CMAKE_PREFIX_PATH=/home/momo/ugv_ws/install/ugv_control:/home/momo/uav_ws/install/uav_control:/opt/ros/foxy:/home/momo/uav_interface_ws/install/uav_control_interfaces:/home/momo/uav_interface_ws/install:/home/momo/uav_interface_ws/install /usr/bin/cmake /home/momo/ugv_ws/src/ugv_control -DCMAKE_INSTALL_PREFIX=/home/momo/ugv_ws/install/ugv_control
[0.163s] -- The C compiler identification is GNU 9.4.0
[0.335s] -- The CXX compiler identification is GNU 9.4.0
[0.353s] -- Check for working C compiler: /usr/bin/cc
[0.543s] -- Check for working C compiler: /usr/bin/cc -- works
[0.548s] -- Detecting C compiler ABI info
[0.757s] -- Detecting C compiler ABI info - done
[0.821s] -- Detecting C compile features
[0.821s] -- Detecting C compile features - done
[0.826s] -- Check for working CXX compiler: /usr/bin/c++
[1.051s] -- Check for working CXX compiler: /usr/bin/c++ -- works
[1.054s] -- Detecting CXX compiler ABI info
[1.272s] -- Detecting CXX compiler ABI info - done
[1.317s] -- Detecting CXX compile features
[1.318s] -- Detecting CXX compile features - done
[1.322s] -- Found ament_cmake: 0.9.12 (/opt/ros/foxy/share/ament_cmake/cmake)
[1.392s] -- Found PythonInterp: /usr/bin/python3 (found suitable version "3.8.10", minimum required is "3") 
[1.392s] -- Using PYTHON_EXECUTABLE: /usr/bin/python3
[1.684s] -- Found rclcpp: 2.4.3 (/opt/ros/foxy/share/rclcpp/cmake)
[1.747s] -- Using all available rosidl_typesupport_c: rosidl_typesupport_fastrtps_c;rosidl_typesupport_introspection_c
[1.756s] -- Found rosidl_adapter: 1.3.1 (/opt/ros/foxy/share/rosidl_adapter/cmake)
[1.967s] -- Found OpenSSL: /usr/lib/x86_64-linux-gnu/libcrypto.so (found version "1.1.1f")  
[2.043s] -- Found FastRTPS: /opt/ros/foxy/include  
[2.165s] -- Using all available rosidl_typesupport_cpp: rosidl_typesupport_fastrtps_cpp;rosidl_typesupport_introspection_cpp
[2.281s] -- Found rmw_implementation_cmake: 1.0.4 (/opt/ros/foxy/share/rmw_implementation_cmake/cmake)
[2.283s] -- Using RMW implementation 'rmw_fastrtps_cpp' as default
[2.284s] -- Looking for pthread.h
[2.513s] -- Looking for pthread.h - found
[2.514s] -- Performing Test CMAKE_HAVE_LIBC_PTHREAD
[2.717s] -- Performing Test CMAKE_HAVE_LIBC_PTHREAD - Failed
[2.718s] -- Looking for pthread_create in pthreads
[2.863s] -- Looking for pthread_create in pthreads - not found
[2.864s] -- Looking for pthread_create in pthread
[3.102s] -- Looking for pthread_create in pthread - found
[3.109s] -- Found Threads: TRUE  
[3.475s] -- Found rclcpp_action: 2.4.3 (/opt/ros/foxy/share/rclcpp_action/cmake)
[3.602s] -- Found uav_control_interfaces: 0.1.0 (/home/momo/uav_interface_ws/install/uav_control_interfaces/share/uav_control_interfaces/cmake)
[3.815s] -- Configuring done
[3.837s] -- Generating done
[3.840s] -- Build files have been written to: /home/momo/ugv_ws/build/ugv_control
[3.869s] Invoked command in '/home/momo/ugv_ws/build/ugv_control' returned '0': CMAKE_PREFIX_PATH=/home/momo/ugv_ws/install/ugv_control:/home/momo/uav_ws/install/uav_control:/opt/ros/foxy:/home/momo/uav_interface_ws/install/uav_control_interfaces:/home/momo/uav_interface_ws/install:/home/momo/uav_interface_ws/install /usr/bin/cmake /home/momo/ugv_ws/src/ugv_control -DCMAKE_INSTALL_PREFIX=/home/momo/ugv_ws/install/ugv_control
[3.872s] Invoking command in '/home/momo/ugv_ws/build/ugv_control': CMAKE_PREFIX_PATH=/home/momo/ugv_ws/install/ugv_control:/home/momo/uav_ws/install/uav_control:/opt/ros/foxy:/home/momo/uav_interface_ws/install/uav_control_interfaces:/home/momo/uav_interface_ws/install:/home/momo/uav_interface_ws/install /usr/bin/cmake --build /home/momo/ugv_ws/build/ugv_control -- -j8 -l8
[3.984s] [35m[1mScanning dependencies of target flight_action_client[0m
[4.080s] [ 50%] [32mBuilding CXX object CMakeFiles/flight_action_client.dir/src/flight_action_client.cpp.o[0m
[7.991s] [100%] [32m[1mLinking CXX executable flight_action_client[0m
[8.240s] [100%] Built target flight_action_client
[8.275s] Invoked command in '/home/momo/ugv_ws/build/ugv_control' returned '0': CMAKE_PREFIX_PATH=/home/momo/ugv_ws/install/ugv_control:/home/momo/uav_ws/install/uav_control:/opt/ros/foxy:/home/momo/uav_interface_ws/install/uav_control_interfaces:/home/momo/uav_interface_ws/install:/home/momo/uav_interface_ws/install /usr/bin/cmake --build /home/momo/ugv_ws/build/ugv_control -- -j8 -l8
[8.418s] Invoking command in '/home/momo/ugv_ws/build/ugv_control': CMAKE_PREFIX_PATH=/home/momo/ugv_ws/install/ugv_control:/home/momo/uav_ws/install/uav_control:/opt/ros/foxy:/home/momo/uav_interface_ws/install/uav_control_interfaces:/home/momo/uav_interface_ws/install:/home/momo/uav_interface_ws/install /usr/bin/cmake --install /home/momo/ugv_ws/build/ugv_control
[8.428s] -- Install configuration: ""
[8.429s] -- Installing: /home/momo/ugv_ws/install/ugv_control/lib/ugv_control/flight_action_client
[8.430s] -- Set runtime path of "/home/momo/ugv_ws/install/ugv_control/lib/ugv_control/flight_action_client" to ""
[8.430s] -- Up-to-date: /home/momo/ugv_ws/install/ugv_control/share/ament_index/resource_index/package_run_dependencies/ugv_control
[8.430s] -- Up-to-date: /home/momo/ugv_ws/install/ugv_control/share/ament_index/resource_index/parent_prefix_path/ugv_control
[8.430s] -- Up-to-date: /home/momo/ugv_ws/install/ugv_control/share/ugv_control/environment/ament_prefix_path.sh
[8.431s] -- Installing: /home/momo/ugv_ws/install/ugv_control/share/ugv_control/environment/ament_prefix_path.dsv
[8.431s] -- Up-to-date: /home/momo/ugv_ws/install/ugv_control/share/ugv_control/environment/path.sh
[8.431s] -- Installing: /home/momo/ugv_ws/install/ugv_control/share/ugv_control/environment/path.dsv
[8.432s] -- Up-to-date: /home/momo/ugv_ws/install/ugv_control/share/ugv_control/local_setup.bash
[8.432s] -- Up-to-date: /home/momo/ugv_ws/install/ugv_control/share/ugv_control/local_setup.sh
[8.432s] -- Up-to-date: /home/momo/ugv_ws/install/ugv_control/share/ugv_control/local_setup.zsh
[8.433s] -- Installing: /home/momo/ugv_ws/install/ugv_control/share/ugv_control/local_setup.dsv
[8.433s] -- Installing: /home/momo/ugv_ws/install/ugv_control/share/ugv_control/package.dsv
[8.433s] -- Up-to-date: /home/momo/ugv_ws/install/ugv_control/share/ament_index/resource_index/packages/ugv_control
[8.433s] -- Up-to-date: /home/momo/ugv_ws/install/ugv_control/share/ugv_control/cmake/ugv_controlConfig.cmake
[8.433s] -- Up-to-date: /home/momo/ugv_ws/install/ugv_control/share/ugv_control/cmake/ugv_controlConfig-version.cmake
[8.434s] -- Up-to-date: /home/momo/ugv_ws/install/ugv_control/share/ugv_control/package.xml
[8.439s] Invoked command in '/home/momo/ugv_ws/build/ugv_control' returned '0': CMAKE_PREFIX_PATH=/home/momo/ugv_ws/install/ugv_control:/home/momo/uav_ws/install/uav_control:/opt/ros/foxy:/home/momo/uav_interface_ws/install/uav_control_interfaces:/home/momo/uav_interface_ws/install:/home/momo/uav_interface_ws/install /usr/bin/cmake --install /home/momo/ugv_ws/build/ugv_control
