[0.029s] Invoking command in '/home/momo/ugv_ws/build/ugv_control': CMAKE_PREFIX_PATH=/home/momo/ugv_ws/install/ugv_control:/home/momo/uav_ws/install/uav_control:/opt/ros/foxy:/home/momo/uav_interface_ws/install/uav_control_interfaces:/home/momo/uav_interface_ws/install:/home/momo/uav_interface_ws/install /usr/bin/cmake --build /home/momo/ugv_ws/build/ugv_control -- -j8 -l8
[0.141s] [35m[1mScanning dependencies of target flight_action_client[0m
[0.205s] [ 50%] [32mBuilding CXX object CMakeFiles/flight_action_client.dir/src/flight_action_client.cpp.o[0m
[2.308s] In file included from [01m[K/opt/ros/foxy/include/rclcpp/client.hpp:40[m[K,
[2.309s]                  from [01m[K/opt/ros/foxy/include/rclcpp/callback_group.hpp:23[m[K,
[2.309s]                  from [01m[K/opt/ros/foxy/include/rclcpp/any_executable.hpp:20[m[K,
[2.309s]                  from [01m[K/opt/ros/foxy/include/rclcpp/memory_strategy.hpp:24[m[K,
[2.309s]                  from [01m[K/opt/ros/foxy/include/rclcpp/memory_strategies.hpp:18[m[K,
[2.310s]                  from [01m[K/opt/ros/foxy/include/rclcpp/executor_options.hpp:20[m[K,
[2.310s]                  from [01m[K/opt/ros/foxy/include/rclcpp/executor.hpp:33[m[K,
[2.310s]                  from [01m[K/opt/ros/foxy/include/rclcpp/executors/multi_threaded_executor.hpp:26[m[K,
[2.310s]                  from [01m[K/opt/ros/foxy/include/rclcpp/executors.hpp:21[m[K,
[2.310s]                  from [01m[K/opt/ros/foxy/include/rclcpp/rclcpp.hpp:146[m[K,
[2.311s]                  from [01m[K/home/momo/ugv_ws/src/ugv_control/src/flight_action_client.cpp:1[m[K:
[2.311s] [01m[K/home/momo/ugv_ws/src/ugv_control/src/flight_action_client.cpp:[m[K In member function ‘[01m[Kvoid FlightActionClient::result_callback(const WrappedResult&)[m[K’:
[2.311s] [01m[K/home/momo/ugv_ws/src/ugv_control/src/flight_action_client.cpp:77:86:[m[K [01;31m[Kerror: [m[K‘[01m[Kusing element_type = struct uav_control_interfaces::action::Flight_Result_<std::allocator<void> >[m[K’ {aka ‘[01m[Kstruct uav_control_interfaces::action::Flight_Result_<std::allocator<void> >[m[K’} has no member named ‘[01m[Kstatus[m[K’
[2.311s]    77 |  RCLCPP_INFO(this->get_logger(), "Goal succeeded: %s", result.result->[01;31m[Kstatus[m[K.c_str());
[2.314s]       |                                                                       [01;31m[K^~~~~~[m[K
[2.315s] 
[3.557s] make[2]: *** [CMakeFiles/flight_action_client.dir/build.make:63: CMakeFiles/flight_action_client.dir/src/flight_action_client.cpp.o] Error 1
[3.557s] make[1]: *** [CMakeFiles/Makefile2:78: CMakeFiles/flight_action_client.dir/all] Error 2
[3.557s] make: *** [Makefile:141: all] Error 2
[3.566s] Invoked command in '/home/momo/ugv_ws/build/ugv_control' returned '2': CMAKE_PREFIX_PATH=/home/momo/ugv_ws/install/ugv_control:/home/momo/uav_ws/install/uav_control:/opt/ros/foxy:/home/momo/uav_interface_ws/install/uav_control_interfaces:/home/momo/uav_interface_ws/install:/home/momo/uav_interface_ws/install /usr/bin/cmake --build /home/momo/ugv_ws/build/ugv_control -- -j8 -l8
