[0.024s] Invoking command in '/home/momo/action_ws/UGV/build/ugv_control': CMAKE_PREFIX_PATH=/opt/ros/foxy:/home/momo/action_ws/UGV/install/uav_control_interfaces:${CMAKE_PREFIX_PATH} LD_LIBRARY_PATH=/home/momo/action_ws/UGV/install/uav_control_interfaces/lib:${LD_LIBRARY_PATH} PKG_CONFIG_PATH=/home/momo/action_ws/UGV/install/uav_control_interfaces/lib/x86_64-linux-gnu/pkgconfig:/home/momo/action_ws/UGV/install/uav_control_interfaces/lib/pkgconfig:${PKG_CONFIG_PATH} PYTHONPATH=/home/momo/action_ws/UGV/install/uav_control_interfaces/lib/python3.8/site-packages:${PYTHONPATH} ROS_PACKAGE_PATH=/home/momo/action_ws/UGV/install/uav_control_interfaces/share:${ROS_PACKAGE_PATH} /usr/bin/cmake /home/momo/action_ws/UGV/ugv_ws/src/ugv_control -DCMAKE_INSTALL_PREFIX=/home/momo/action_ws/UGV/install/ugv_control
[0.188s] -- The C compiler identification is GNU 9.4.0
[0.351s] -- The CXX compiler identification is GNU 9.4.0
[0.372s] -- Check for working C compiler: /usr/bin/cc
[0.569s] -- Check for working C compiler: /usr/bin/cc -- works
[0.574s] -- Detecting C compiler ABI info
[0.756s] -- Detecting C compiler ABI info - done
[0.802s] -- Detecting C compile features
[0.803s] -- Detecting C compile features - done
[0.807s] -- Check for working CXX compiler: /usr/bin/c++
[1.017s] -- Check for working CXX compiler: /usr/bin/c++ -- works
[1.018s] -- Detecting CXX compiler ABI info
[1.238s] -- Detecting CXX compiler ABI info - done
[1.301s] -- Detecting CXX compile features
[1.309s] -- Detecting CXX compile features - done
[1.315s] -- Found ament_cmake: 0.9.12 (/opt/ros/foxy/share/ament_cmake/cmake)
[1.359s] -- Found PythonInterp: /usr/bin/python3 (found suitable version "3.8.10", minimum required is "3") 
[1.359s] -- Using PYTHON_EXECUTABLE: /usr/bin/python3
[1.704s] -- Found rclcpp: 2.4.3 (/opt/ros/foxy/share/rclcpp/cmake)
[1.795s] -- Using all available rosidl_typesupport_c: rosidl_typesupport_fastrtps_c;rosidl_typesupport_introspection_c
[1.804s] -- Found rosidl_adapter: 1.3.1 (/opt/ros/foxy/share/rosidl_adapter/cmake)
[2.003s] -- Found OpenSSL: /usr/lib/x86_64-linux-gnu/libcrypto.so (found version "1.1.1f")  
[2.051s] -- Found FastRTPS: /opt/ros/foxy/include  
[2.169s] -- Using all available rosidl_typesupport_cpp: rosidl_typesupport_fastrtps_cpp;rosidl_typesupport_introspection_cpp
[2.261s] -- Found rmw_implementation_cmake: 1.0.4 (/opt/ros/foxy/share/rmw_implementation_cmake/cmake)
[2.263s] -- Using RMW implementation 'rmw_fastrtps_cpp' as default
[2.264s] -- Looking for pthread.h
[2.387s] -- Looking for pthread.h - found
[2.388s] -- Performing Test CMAKE_HAVE_LIBC_PTHREAD
[2.559s] -- Performing Test CMAKE_HAVE_LIBC_PTHREAD - Failed
[2.560s] -- Looking for pthread_create in pthreads
[2.716s] -- Looking for pthread_create in pthreads - not found
[2.717s] -- Looking for pthread_create in pthread
[2.936s] -- Looking for pthread_create in pthread - found
[2.941s] -- Found Threads: TRUE  
[3.214s] -- Found rclcpp_action: 2.4.3 (/opt/ros/foxy/share/rclcpp_action/cmake)
[3.345s] -- Found uav_control_interfaces: 0.1.0 (/home/momo/action_ws/UGV/install/uav_control_interfaces/share/uav_control_interfaces/cmake)
[3.562s] -- Configuring done
[3.582s] -- Generating done
[3.584s] -- Build files have been written to: /home/momo/action_ws/UGV/build/ugv_control
[3.599s] Invoked command in '/home/momo/action_ws/UGV/build/ugv_control' returned '0': CMAKE_PREFIX_PATH=/opt/ros/foxy:/home/momo/action_ws/UGV/install/uav_control_interfaces:${CMAKE_PREFIX_PATH} LD_LIBRARY_PATH=/home/momo/action_ws/UGV/install/uav_control_interfaces/lib:${LD_LIBRARY_PATH} PKG_CONFIG_PATH=/home/momo/action_ws/UGV/install/uav_control_interfaces/lib/x86_64-linux-gnu/pkgconfig:/home/momo/action_ws/UGV/install/uav_control_interfaces/lib/pkgconfig:${PKG_CONFIG_PATH} PYTHONPATH=/home/momo/action_ws/UGV/install/uav_control_interfaces/lib/python3.8/site-packages:${PYTHONPATH} ROS_PACKAGE_PATH=/home/momo/action_ws/UGV/install/uav_control_interfaces/share:${ROS_PACKAGE_PATH} /usr/bin/cmake /home/momo/action_ws/UGV/ugv_ws/src/ugv_control -DCMAKE_INSTALL_PREFIX=/home/momo/action_ws/UGV/install/ugv_control
[3.611s] Invoking command in '/home/momo/action_ws/UGV/build/ugv_control': CMAKE_PREFIX_PATH=/opt/ros/foxy:/home/momo/action_ws/UGV/install/uav_control_interfaces:${CMAKE_PREFIX_PATH} LD_LIBRARY_PATH=/home/momo/action_ws/UGV/install/uav_control_interfaces/lib:${LD_LIBRARY_PATH} PKG_CONFIG_PATH=/home/momo/action_ws/UGV/install/uav_control_interfaces/lib/x86_64-linux-gnu/pkgconfig:/home/momo/action_ws/UGV/install/uav_control_interfaces/lib/pkgconfig:${PKG_CONFIG_PATH} PYTHONPATH=/home/momo/action_ws/UGV/install/uav_control_interfaces/lib/python3.8/site-packages:${PYTHONPATH} ROS_PACKAGE_PATH=/home/momo/action_ws/UGV/install/uav_control_interfaces/share:${ROS_PACKAGE_PATH} /usr/bin/cmake --build /home/momo/action_ws/UGV/build/ugv_control -- -j8 -l8
[3.739s] [35m[1mScanning dependencies of target flight_action_client[0m
[3.826s] [ 50%] [32mBuilding CXX object CMakeFiles/flight_action_client.dir/src/flight_action_client.cpp.o[0m
[7.632s] [100%] [32m[1mLinking CXX executable flight_action_client[0m
[7.911s] [100%] Built target flight_action_client
[7.948s] Invoked command in '/home/momo/action_ws/UGV/build/ugv_control' returned '0': CMAKE_PREFIX_PATH=/opt/ros/foxy:/home/momo/action_ws/UGV/install/uav_control_interfaces:${CMAKE_PREFIX_PATH} LD_LIBRARY_PATH=/home/momo/action_ws/UGV/install/uav_control_interfaces/lib:${LD_LIBRARY_PATH} PKG_CONFIG_PATH=/home/momo/action_ws/UGV/install/uav_control_interfaces/lib/x86_64-linux-gnu/pkgconfig:/home/momo/action_ws/UGV/install/uav_control_interfaces/lib/pkgconfig:${PKG_CONFIG_PATH} PYTHONPATH=/home/momo/action_ws/UGV/install/uav_control_interfaces/lib/python3.8/site-packages:${PYTHONPATH} ROS_PACKAGE_PATH=/home/momo/action_ws/UGV/install/uav_control_interfaces/share:${ROS_PACKAGE_PATH} /usr/bin/cmake --build /home/momo/action_ws/UGV/build/ugv_control -- -j8 -l8
[8.035s] Invoking command in '/home/momo/action_ws/UGV/build/ugv_control': CMAKE_PREFIX_PATH=/opt/ros/foxy:/home/momo/action_ws/UGV/install/uav_control_interfaces:${CMAKE_PREFIX_PATH} LD_LIBRARY_PATH=/home/momo/action_ws/UGV/install/uav_control_interfaces/lib:${LD_LIBRARY_PATH} PKG_CONFIG_PATH=/home/momo/action_ws/UGV/install/uav_control_interfaces/lib/x86_64-linux-gnu/pkgconfig:/home/momo/action_ws/UGV/install/uav_control_interfaces/lib/pkgconfig:${PKG_CONFIG_PATH} PYTHONPATH=/home/momo/action_ws/UGV/install/uav_control_interfaces/lib/python3.8/site-packages:${PYTHONPATH} ROS_PACKAGE_PATH=/home/momo/action_ws/UGV/install/uav_control_interfaces/share:${ROS_PACKAGE_PATH} /usr/bin/cmake --install /home/momo/action_ws/UGV/build/ugv_control
[8.060s] -- Install configuration: ""
[8.061s] -- Installing: /home/momo/action_ws/UGV/install/ugv_control/lib/ugv_control/flight_action_client
[8.063s] -- Set runtime path of "/home/momo/action_ws/UGV/install/ugv_control/lib/ugv_control/flight_action_client" to ""
[8.063s] -- Installing: /home/momo/action_ws/UGV/install/ugv_control/share/ament_index/resource_index/package_run_dependencies/ugv_control
[8.064s] -- Installing: /home/momo/action_ws/UGV/install/ugv_control/share/ament_index/resource_index/parent_prefix_path/ugv_control
[8.065s] -- Installing: /home/momo/action_ws/UGV/install/ugv_control/share/ugv_control/environment/ament_prefix_path.sh
[8.065s] -- Installing: /home/momo/action_ws/UGV/install/ugv_control/share/ugv_control/environment/ament_prefix_path.dsv
[8.066s] -- Installing: /home/momo/action_ws/UGV/install/ugv_control/share/ugv_control/environment/path.sh
[8.067s] -- Installing: /home/momo/action_ws/UGV/install/ugv_control/share/ugv_control/environment/path.dsv
[8.067s] -- Installing: /home/momo/action_ws/UGV/install/ugv_control/share/ugv_control/local_setup.bash
[8.068s] -- Installing: /home/momo/action_ws/UGV/install/ugv_control/share/ugv_control/local_setup.sh
[8.068s] -- Installing: /home/momo/action_ws/UGV/install/ugv_control/share/ugv_control/local_setup.zsh
[8.069s] -- Installing: /home/momo/action_ws/UGV/install/ugv_control/share/ugv_control/local_setup.dsv
[8.069s] -- Installing: /home/momo/action_ws/UGV/install/ugv_control/share/ugv_control/package.dsv
[8.070s] -- Installing: /home/momo/action_ws/UGV/install/ugv_control/share/ament_index/resource_index/packages/ugv_control
[8.070s] -- Installing: /home/momo/action_ws/UGV/install/ugv_control/share/ugv_control/cmake/ugv_controlConfig.cmake
[8.071s] -- Installing: /home/momo/action_ws/UGV/install/ugv_control/share/ugv_control/cmake/ugv_controlConfig-version.cmake
[8.071s] -- Installing: /home/momo/action_ws/UGV/install/ugv_control/share/ugv_control/package.xml
[8.078s] Invoked command in '/home/momo/action_ws/UGV/build/ugv_control' returned '0': CMAKE_PREFIX_PATH=/opt/ros/foxy:/home/momo/action_ws/UGV/install/uav_control_interfaces:${CMAKE_PREFIX_PATH} LD_LIBRARY_PATH=/home/momo/action_ws/UGV/install/uav_control_interfaces/lib:${LD_LIBRARY_PATH} PKG_CONFIG_PATH=/home/momo/action_ws/UGV/install/uav_control_interfaces/lib/x86_64-linux-gnu/pkgconfig:/home/momo/action_ws/UGV/install/uav_control_interfaces/lib/pkgconfig:${PKG_CONFIG_PATH} PYTHONPATH=/home/momo/action_ws/UGV/install/uav_control_interfaces/lib/python3.8/site-packages:${PYTHONPATH} ROS_PACKAGE_PATH=/home/momo/action_ws/UGV/install/uav_control_interfaces/share:${ROS_PACKAGE_PATH} /usr/bin/cmake --install /home/momo/action_ws/UGV/build/ugv_control
