[0.019s] Invoking command in '/home/momo/uav_interface_ws/build/uav_control_interfaces': /usr/bin/cmake /home/momo/uav_interface_ws/src/uav_control_interfaces -DCATKIN_INSTALL_INTO_PREFIX_ROOT=0 -DCMAKE_INSTALL_PREFIX=/home/momo/uav_interface_ws/install/uav_control_interfaces
[0.136s] -- The C compiler identification is GNU 9.4.0
[0.321s] -- The CXX compiler identification is GNU 9.4.0
[0.340s] -- Check for working C compiler: /usr/bin/cc
[0.545s] -- Check for working C compiler: /usr/bin/cc -- works
[0.549s] -- Detecting C compiler ABI info
[0.724s] -- Detecting C compiler ABI info - done
[0.767s] -- Detecting C compile features
[0.767s] -- Detecting C compile features - done
[0.771s] -- Check for working CXX compiler: /usr/bin/c++
[0.980s] -- Check for working CXX compiler: /usr/bin/c++ -- works
[0.986s] -- Detecting CXX compiler ABI info
[1.223s] -- Detecting CXX compiler ABI info - done
[1.253s] -- Detecting CXX compile features
[1.254s] -- Detecting CXX compile features - done
[1.257s] -- Found ament_cmake: 0.9.12 (/opt/ros/foxy/share/ament_cmake/cmake)
[1.304s] -- Found PythonInterp: /usr/bin/python3 (found suitable version "3.8.10", minimum required is "3") 
[1.305s] -- Using PYTHON_EXECUTABLE: /usr/bin/python3
[1.636s] -- Found rosidl_default_generators: 1.0.1 (/opt/ros/foxy/share/rosidl_default_generators/cmake)
[1.640s] -- Using all available rosidl_typesupport_c: rosidl_typesupport_fastrtps_c;rosidl_typesupport_introspection_c
[1.649s] -- Found rosidl_adapter: 1.3.1 (/opt/ros/foxy/share/rosidl_adapter/cmake)
[1.925s] -- Found OpenSSL: /usr/lib/x86_64-linux-gnu/libcrypto.so (found version "1.1.1f")  
[1.973s] -- Found FastRTPS: /opt/ros/foxy/include  
[2.099s] -- Using all available rosidl_typesupport_cpp: rosidl_typesupport_fastrtps_cpp;rosidl_typesupport_introspection_cpp
[2.212s] -- Found PythonInterp: /usr/bin/python3 (found version "3.8.10") 
[2.592s] -- Found ament_cmake_ros: 0.9.2 (/opt/ros/foxy/share/ament_cmake_ros/cmake)
[2.780s] -- Using all available rosidl_typesupport_c: rosidl_typesupport_fastrtps_c;rosidl_typesupport_introspection_c
[2.817s] -- Using all available rosidl_typesupport_cpp: rosidl_typesupport_fastrtps_cpp;rosidl_typesupport_introspection_cpp
[2.876s] -- Found PythonInterp: /usr/bin/python3 (found suitable version "3.8.10", minimum required is "3.5") 
[2.879s] -- Found python_cmake_module: 0.8.1 (/opt/ros/foxy/share/python_cmake_module/cmake)
[2.931s] -- Found PythonLibs: /usr/lib/x86_64-linux-gnu/libpython3.8.so (found suitable version "3.8.10", minimum required is "3.5") 
[2.932s] -- Using PYTHON_EXECUTABLE: /usr/bin/python3
[2.932s] -- Using PYTHON_INCLUDE_DIRS: /usr/include/python3.8
[2.932s] -- Using PYTHON_LIBRARIES: /usr/lib/x86_64-linux-gnu/libpython3.8.so
[2.959s] -- Found PythonExtra: .so  
[3.040s] -- Configuring done
[3.114s] -- Generating done
[3.118s] CMake Warning:
[3.118s]   Manually-specified variables were not used by the project:
[3.118s] 
[3.118s]     CATKIN_INSTALL_INTO_PREFIX_ROOT
[3.118s] 
[3.118s] 
[3.120s] -- Build files have been written to: /home/momo/uav_interface_ws/build/uav_control_interfaces
[3.133s] Invoked command in '/home/momo/uav_interface_ws/build/uav_control_interfaces' returned '0': /usr/bin/cmake /home/momo/uav_interface_ws/src/uav_control_interfaces -DCATKIN_INSTALL_INTO_PREFIX_ROOT=0 -DCMAKE_INSTALL_PREFIX=/home/momo/uav_interface_ws/install/uav_control_interfaces
[3.138s] Invoking command in '/home/momo/uav_interface_ws/build/uav_control_interfaces': /usr/bin/cmake --build /home/momo/uav_interface_ws/build/uav_control_interfaces -- -j8 -l8
[3.276s] [  3%] [34m[1mGenerating C code for ROS interfaces[0m
[3.285s] [35m[1mScanning dependencies of target uav_control_interfaces__cpp[0m
[3.315s] [  6%] [34m[1mGenerating C++ code for ROS interfaces[0m
[4.167s] [35m[1mScanning dependencies of target uav_control_interfaces__rosidl_generator_c[0m
[4.187s] [  9%] [32mBuilding C object CMakeFiles/uav_control_interfaces__rosidl_generator_c.dir/rosidl_generator_c/uav_control_interfaces/action/detail/flight__functions.c.o[0m
[4.212s] [  9%] Built target uav_control_interfaces__cpp
[4.239s] [ 12%] [34m[1mGenerating C++ introspection for ROS interfaces[0m
[4.242s] [ 16%] [34m[1mGenerating C++ type support dispatch for ROS interfaces[0m
[4.244s] [ 19%] [34m[1mGenerating C++ type support for eProsima Fast-RTPS[0m
[4.377s] [ 22%] [32m[1mLinking C shared library libuav_control_interfaces__rosidl_generator_c.so[0m
[4.448s] [ 22%] Built target uav_control_interfaces__rosidl_generator_c
[4.467s] [ 25%] [34m[1mGenerating C introspection for ROS interfaces[0m
[4.471s] [ 29%] [34m[1mGenerating C type support dispatch for ROS interfaces[0m
[4.801s] [35m[1mScanning dependencies of target uav_control_interfaces__rosidl_typesupport_cpp[0m
[4.838s] [ 32%] [32mBuilding CXX object CMakeFiles/uav_control_interfaces__rosidl_typesupport_cpp.dir/rosidl_typesupport_cpp/uav_control_interfaces/action/flight__type_support.cpp.o[0m
[4.918s] [35m[1mScanning dependencies of target uav_control_interfaces__rosidl_typesupport_introspection_cpp[0m
[4.945s] [ 35%] [32mBuilding CXX object CMakeFiles/uav_control_interfaces__rosidl_typesupport_introspection_cpp.dir/rosidl_typesupport_introspection_cpp/uav_control_interfaces/action/detail/flight__type_support.cpp.o[0m
[4.969s] [35m[1mScanning dependencies of target uav_control_interfaces__rosidl_typesupport_fastrtps_cpp[0m
[5.002s] [ 38%] [32mBuilding CXX object CMakeFiles/uav_control_interfaces__rosidl_typesupport_fastrtps_cpp.dir/rosidl_typesupport_fastrtps_cpp/uav_control_interfaces/action/detail/dds_fastrtps/flight__type_support.cpp.o[0m
[5.005s] [35m[1mScanning dependencies of target uav_control_interfaces__rosidl_typesupport_c[0m
[5.027s] [ 41%] [32mBuilding CXX object CMakeFiles/uav_control_interfaces__rosidl_typesupport_c.dir/rosidl_typesupport_c/uav_control_interfaces/action/flight__type_support.cpp.o[0m
[5.092s] [ 45%] [32m[1mLinking CXX shared library libuav_control_interfaces__rosidl_typesupport_c.so[0m
[5.152s] [35m[1mScanning dependencies of target uav_control_interfaces__rosidl_typesupport_introspection_c[0m
[5.161s] [ 45%] Built target uav_control_interfaces__rosidl_typesupport_c
[5.179s] [ 48%] [32mBuilding C object CMakeFiles/uav_control_interfaces__rosidl_typesupport_introspection_c.dir/rosidl_typesupport_introspection_c/uav_control_interfaces/action/detail/flight__type_support.c.o[0m
[5.235s] [ 51%] [32m[1mLinking CXX shared library libuav_control_interfaces__rosidl_typesupport_cpp.so[0m
[5.254s] [ 54%] [32m[1mLinking C shared library libuav_control_interfaces__rosidl_typesupport_introspection_c.so[0m
[5.308s] [ 54%] Built target uav_control_interfaces__rosidl_typesupport_introspection_c
[5.317s] [ 54%] Built target uav_control_interfaces__rosidl_typesupport_cpp
[5.397s] [ 58%] [32m[1mLinking CXX shared library libuav_control_interfaces__rosidl_typesupport_introspection_cpp.so[0m
[5.537s] [ 58%] Built target uav_control_interfaces__rosidl_typesupport_introspection_cpp
[5.591s] [ 61%] [32m[1mLinking CXX shared library libuav_control_interfaces__rosidl_typesupport_fastrtps_cpp.so[0m
[5.752s] [ 61%] Built target uav_control_interfaces__rosidl_typesupport_fastrtps_cpp
[5.784s] [ 64%] [34m[1mGenerating C type support for eProsima Fast-RTPS[0m
[6.510s] [35m[1mScanning dependencies of target uav_control_interfaces__rosidl_typesupport_fastrtps_c[0m
[6.566s] [ 67%] [32mBuilding CXX object CMakeFiles/uav_control_interfaces__rosidl_typesupport_fastrtps_c.dir/rosidl_typesupport_fastrtps_c/uav_control_interfaces/action/detail/flight__type_support_c.cpp.o[0m
[7.105s] [ 70%] [32m[1mLinking CXX shared library libuav_control_interfaces__rosidl_typesupport_fastrtps_c.so[0m
[7.247s] [ 70%] Built target uav_control_interfaces__rosidl_typesupport_fastrtps_c
[7.262s] [35m[1mScanning dependencies of target uav_control_interfaces[0m
[7.278s] [ 70%] Built target uav_control_interfaces
[7.293s] [35m[1mScanning dependencies of target uav_control_interfaces__py[0m
[7.315s] [ 74%] [34m[1mGenerating Python code for ROS interfaces[0m
[8.983s] [ 74%] Built target uav_control_interfaces__py
[9.007s] [35m[1mScanning dependencies of target uav_control_interfaces__python[0m
[9.068s] [ 77%] [32mBuilding C object CMakeFiles/uav_control_interfaces__python.dir/rosidl_generator_py/uav_control_interfaces/action/_flight_s.c.o[0m
[9.273s] [ 80%] [32m[1mLinking C shared library rosidl_generator_py/uav_control_interfaces/libuav_control_interfaces__python.so[0m
[9.412s] [ 80%] Built target uav_control_interfaces__python
[9.433s] [35m[1mScanning dependencies of target uav_control_interfaces__rosidl_typesupport_introspection_c__pyext[0m
[9.438s] [35m[1mScanning dependencies of target uav_control_interfaces__rosidl_typesupport_c__pyext[0m
[9.446s] [35m[1mScanning dependencies of target uav_control_interfaces__rosidl_typesupport_fastrtps_c__pyext[0m
[9.474s] [ 83%] [32mBuilding C object CMakeFiles/uav_control_interfaces__rosidl_typesupport_introspection_c__pyext.dir/rosidl_generator_py/uav_control_interfaces/_uav_control_interfaces_s.ep.rosidl_typesupport_introspection_c.c.o[0m
[9.483s] [ 87%] [32mBuilding C object CMakeFiles/uav_control_interfaces__rosidl_typesupport_c__pyext.dir/rosidl_generator_py/uav_control_interfaces/_uav_control_interfaces_s.ep.rosidl_typesupport_c.c.o[0m
[9.486s] [ 90%] [32mBuilding C object CMakeFiles/uav_control_interfaces__rosidl_typesupport_fastrtps_c__pyext.dir/rosidl_generator_py/uav_control_interfaces/_uav_control_interfaces_s.ep.rosidl_typesupport_fastrtps_c.c.o[0m
[9.608s] [ 93%] [32m[1mLinking C shared library rosidl_generator_py/uav_control_interfaces/uav_control_interfaces_s__rosidl_typesupport_introspection_c.cpython-38-x86_64-linux-gnu.so[0m
[9.639s] [ 96%] [32m[1mLinking CXX shared library rosidl_generator_py/uav_control_interfaces/uav_control_interfaces_s__rosidl_typesupport_fastrtps_c.cpython-38-x86_64-linux-gnu.so[0m
[9.639s] [100%] [32m[1mLinking C shared library rosidl_generator_py/uav_control_interfaces/uav_control_interfaces_s__rosidl_typesupport_c.cpython-38-x86_64-linux-gnu.so[0m
[9.671s] [100%] Built target uav_control_interfaces__rosidl_typesupport_introspection_c__pyext
[9.715s] [100%] Built target uav_control_interfaces__rosidl_typesupport_c__pyext
[9.747s] [100%] Built target uav_control_interfaces__rosidl_typesupport_fastrtps_c__pyext
[9.774s] Invoked command in '/home/momo/uav_interface_ws/build/uav_control_interfaces' returned '0': /usr/bin/cmake --build /home/momo/uav_interface_ws/build/uav_control_interfaces -- -j8 -l8
[10.216s] Invoking command in '/home/momo/uav_interface_ws/build/uav_control_interfaces': /usr/bin/cmake --install /home/momo/uav_interface_ws/build/uav_control_interfaces
[10.245s] -- Install configuration: ""
[10.246s] -- Installing: /home/momo/uav_interface_ws/install/uav_control_interfaces/share/ament_index/resource_index/rosidl_interfaces/uav_control_interfaces
[10.246s] -- Installing: /home/momo/uav_interface_ws/install/uav_control_interfaces/include/uav_control_interfaces
[10.247s] -- Installing: /home/momo/uav_interface_ws/install/uav_control_interfaces/include/uav_control_interfaces/action
[10.248s] -- Installing: /home/momo/uav_interface_ws/install/uav_control_interfaces/include/uav_control_interfaces/action/flight.h
[10.248s] -- Installing: /home/momo/uav_interface_ws/install/uav_control_interfaces/include/uav_control_interfaces/action/detail
[10.249s] -- Installing: /home/momo/uav_interface_ws/install/uav_control_interfaces/include/uav_control_interfaces/action/detail/flight__functions.h
[10.250s] -- Installing: /home/momo/uav_interface_ws/install/uav_control_interfaces/include/uav_control_interfaces/action/detail/flight__functions.c
[10.250s] -- Installing: /home/momo/uav_interface_ws/install/uav_control_interfaces/include/uav_control_interfaces/action/detail/flight__type_support.h
[10.252s] -- Installing: /home/momo/uav_interface_ws/install/uav_control_interfaces/include/uav_control_interfaces/action/detail/flight__struct.h
[10.252s] -- Installing: /home/momo/uav_interface_ws/install/uav_control_interfaces/include/uav_control_interfaces/msg
[10.253s] -- Installing: /home/momo/uav_interface_ws/install/uav_control_interfaces/include/uav_control_interfaces/msg/rosidl_generator_c__visibility_control.h
[10.254s] -- Installing: /home/momo/uav_interface_ws/install/uav_control_interfaces/share/uav_control_interfaces/environment/library_path.sh
[10.255s] -- Installing: /home/momo/uav_interface_ws/install/uav_control_interfaces/share/uav_control_interfaces/environment/library_path.dsv
[10.255s] -- Installing: /home/momo/uav_interface_ws/install/uav_control_interfaces/lib/libuav_control_interfaces__rosidl_generator_c.so
[10.255s] -- Set runtime path of "/home/momo/uav_interface_ws/install/uav_control_interfaces/lib/libuav_control_interfaces__rosidl_generator_c.so" to ""
[10.256s] -- Up-to-date: /home/momo/uav_interface_ws/install/uav_control_interfaces/include/uav_control_interfaces
[10.256s] -- Up-to-date: /home/momo/uav_interface_ws/install/uav_control_interfaces/include/uav_control_interfaces/action
[10.257s] -- Up-to-date: /home/momo/uav_interface_ws/install/uav_control_interfaces/include/uav_control_interfaces/action/detail
[10.257s] -- Installing: /home/momo/uav_interface_ws/install/uav_control_interfaces/include/uav_control_interfaces/action/detail/flight__rosidl_typesupport_fastrtps_c.h
[10.257s] -- Up-to-date: /home/momo/uav_interface_ws/install/uav_control_interfaces/include/uav_control_interfaces/msg
[10.257s] -- Installing: /home/momo/uav_interface_ws/install/uav_control_interfaces/include/uav_control_interfaces/msg/rosidl_typesupport_fastrtps_c__visibility_control.h
[10.258s] -- Installing: /home/momo/uav_interface_ws/install/uav_control_interfaces/lib/libuav_control_interfaces__rosidl_typesupport_fastrtps_c.so
[10.258s] -- Set runtime path of "/home/momo/uav_interface_ws/install/uav_control_interfaces/lib/libuav_control_interfaces__rosidl_typesupport_fastrtps_c.so" to ""
[10.258s] -- Up-to-date: /home/momo/uav_interface_ws/install/uav_control_interfaces/include/uav_control_interfaces
[10.258s] -- Up-to-date: /home/momo/uav_interface_ws/install/uav_control_interfaces/include/uav_control_interfaces/action
[10.259s] -- Up-to-date: /home/momo/uav_interface_ws/install/uav_control_interfaces/include/uav_control_interfaces/action/detail
[10.259s] -- Installing: /home/momo/uav_interface_ws/install/uav_control_interfaces/include/uav_control_interfaces/action/detail/dds_fastrtps
[10.259s] -- Installing: /home/momo/uav_interface_ws/install/uav_control_interfaces/include/uav_control_interfaces/action/detail/flight__rosidl_typesupport_fastrtps_cpp.hpp
[10.259s] -- Up-to-date: /home/momo/uav_interface_ws/install/uav_control_interfaces/include/uav_control_interfaces/msg
[10.260s] -- Installing: /home/momo/uav_interface_ws/install/uav_control_interfaces/include/uav_control_interfaces/msg/rosidl_typesupport_fastrtps_cpp__visibility_control.h
[10.260s] -- Installing: /home/momo/uav_interface_ws/install/uav_control_interfaces/lib/libuav_control_interfaces__rosidl_typesupport_fastrtps_cpp.so
[10.260s] -- Set runtime path of "/home/momo/uav_interface_ws/install/uav_control_interfaces/lib/libuav_control_interfaces__rosidl_typesupport_fastrtps_cpp.so" to ""
[10.260s] -- Up-to-date: /home/momo/uav_interface_ws/install/uav_control_interfaces/include/uav_control_interfaces
[10.261s] -- Up-to-date: /home/momo/uav_interface_ws/install/uav_control_interfaces/include/uav_control_interfaces/action
[10.261s] -- Up-to-date: /home/momo/uav_interface_ws/install/uav_control_interfaces/include/uav_control_interfaces/action/detail
[10.262s] -- Installing: /home/momo/uav_interface_ws/install/uav_control_interfaces/include/uav_control_interfaces/action/detail/flight__type_support.c
[10.262s] -- Installing: /home/momo/uav_interface_ws/install/uav_control_interfaces/include/uav_control_interfaces/action/detail/flight__rosidl_typesupport_introspection_c.h
[10.263s] -- Up-to-date: /home/momo/uav_interface_ws/install/uav_control_interfaces/include/uav_control_interfaces/msg
[10.263s] -- Installing: /home/momo/uav_interface_ws/install/uav_control_interfaces/include/uav_control_interfaces/msg/rosidl_typesupport_introspection_c__visibility_control.h
[10.263s] -- Installing: /home/momo/uav_interface_ws/install/uav_control_interfaces/lib/libuav_control_interfaces__rosidl_typesupport_introspection_c.so
[10.263s] -- Set runtime path of "/home/momo/uav_interface_ws/install/uav_control_interfaces/lib/libuav_control_interfaces__rosidl_typesupport_introspection_c.so" to ""
[10.263s] -- Installing: /home/momo/uav_interface_ws/install/uav_control_interfaces/lib/libuav_control_interfaces__rosidl_typesupport_c.so
[10.263s] -- Set runtime path of "/home/momo/uav_interface_ws/install/uav_control_interfaces/lib/libuav_control_interfaces__rosidl_typesupport_c.so" to ""
[10.263s] -- Up-to-date: /home/momo/uav_interface_ws/install/uav_control_interfaces/include/uav_control_interfaces
[10.264s] -- Up-to-date: /home/momo/uav_interface_ws/install/uav_control_interfaces/include/uav_control_interfaces/action
[10.264s] -- Installing: /home/momo/uav_interface_ws/install/uav_control_interfaces/include/uav_control_interfaces/action/flight.hpp
[10.264s] -- Up-to-date: /home/momo/uav_interface_ws/install/uav_control_interfaces/include/uav_control_interfaces/action/detail
[10.264s] -- Installing: /home/momo/uav_interface_ws/install/uav_control_interfaces/include/uav_control_interfaces/action/detail/flight__struct.hpp
[10.264s] -- Installing: /home/momo/uav_interface_ws/install/uav_control_interfaces/include/uav_control_interfaces/action/detail/flight__builder.hpp
[10.264s] -- Installing: /home/momo/uav_interface_ws/install/uav_control_interfaces/include/uav_control_interfaces/action/detail/flight__traits.hpp
[10.265s] -- Installing: /home/momo/uav_interface_ws/install/uav_control_interfaces/include/uav_control_interfaces/action/detail/flight__type_support.hpp
[10.265s] -- Up-to-date: /home/momo/uav_interface_ws/install/uav_control_interfaces/include/uav_control_interfaces/msg
[10.265s] -- Installing: /home/momo/uav_interface_ws/install/uav_control_interfaces/include/uav_control_interfaces/msg/rosidl_generator_cpp__visibility_control.hpp
[10.265s] -- Up-to-date: /home/momo/uav_interface_ws/install/uav_control_interfaces/include/uav_control_interfaces
[10.265s] -- Up-to-date: /home/momo/uav_interface_ws/install/uav_control_interfaces/include/uav_control_interfaces/action
[10.265s] -- Up-to-date: /home/momo/uav_interface_ws/install/uav_control_interfaces/include/uav_control_interfaces/action/detail
[10.265s] -- Installing: /home/momo/uav_interface_ws/install/uav_control_interfaces/include/uav_control_interfaces/action/detail/flight__rosidl_typesupport_introspection_cpp.hpp
[10.266s] -- Installing: /home/momo/uav_interface_ws/install/uav_control_interfaces/include/uav_control_interfaces/action/detail/flight__type_support.cpp
[10.266s] -- Installing: /home/momo/uav_interface_ws/install/uav_control_interfaces/lib/libuav_control_interfaces__rosidl_typesupport_introspection_cpp.so
[10.266s] -- Set runtime path of "/home/momo/uav_interface_ws/install/uav_control_interfaces/lib/libuav_control_interfaces__rosidl_typesupport_introspection_cpp.so" to ""
[10.266s] -- Installing: /home/momo/uav_interface_ws/install/uav_control_interfaces/lib/libuav_control_interfaces__rosidl_typesupport_cpp.so
[10.266s] -- Set runtime path of "/home/momo/uav_interface_ws/install/uav_control_interfaces/lib/libuav_control_interfaces__rosidl_typesupport_cpp.so" to ""
[10.266s] -- Installing: /home/momo/uav_interface_ws/install/uav_control_interfaces/share/uav_control_interfaces/environment/pythonpath.sh
[10.267s] -- Installing: /home/momo/uav_interface_ws/install/uav_control_interfaces/share/uav_control_interfaces/environment/pythonpath.dsv
[10.267s] -- Installing: /home/momo/uav_interface_ws/install/uav_control_interfaces/lib/python3.8/site-packages/uav_control_interfaces/__init__.py
[10.309s] Compiling '/home/momo/uav_interface_ws/install/uav_control_interfaces/lib/python3.8/site-packages/uav_control_interfaces/__init__.py'...
[10.315s] -- Installing: /home/momo/uav_interface_ws/install/uav_control_interfaces/lib/python3.8/site-packages/uav_control_interfaces/action
[10.316s] -- Installing: /home/momo/uav_interface_ws/install/uav_control_interfaces/lib/python3.8/site-packages/uav_control_interfaces/action/_flight.py
[10.316s] -- Installing: /home/momo/uav_interface_ws/install/uav_control_interfaces/lib/python3.8/site-packages/uav_control_interfaces/action/__init__.py
[10.316s] -- Installing: /home/momo/uav_interface_ws/install/uav_control_interfaces/lib/python3.8/site-packages/uav_control_interfaces/action/_flight_s.c
[10.317s] -- Installing: /home/momo/uav_interface_ws/install/uav_control_interfaces/lib/python3.8/site-packages/uav_control_interfaces/uav_control_interfaces_s__rosidl_typesupport_fastrtps_c.cpython-38-x86_64-linux-gnu.so
[10.319s] -- Set runtime path of "/home/momo/uav_interface_ws/install/uav_control_interfaces/lib/python3.8/site-packages/uav_control_interfaces/uav_control_interfaces_s__rosidl_typesupport_fastrtps_c.cpython-38-x86_64-linux-gnu.so" to ""
[10.319s] -- Installing: /home/momo/uav_interface_ws/install/uav_control_interfaces/lib/python3.8/site-packages/uav_control_interfaces/uav_control_interfaces_s__rosidl_typesupport_introspection_c.cpython-38-x86_64-linux-gnu.so
[10.321s] -- Set runtime path of "/home/momo/uav_interface_ws/install/uav_control_interfaces/lib/python3.8/site-packages/uav_control_interfaces/uav_control_interfaces_s__rosidl_typesupport_introspection_c.cpython-38-x86_64-linux-gnu.so" to ""
[10.322s] -- Installing: /home/momo/uav_interface_ws/install/uav_control_interfaces/lib/python3.8/site-packages/uav_control_interfaces/uav_control_interfaces_s__rosidl_typesupport_c.cpython-38-x86_64-linux-gnu.so
[10.324s] -- Set runtime path of "/home/momo/uav_interface_ws/install/uav_control_interfaces/lib/python3.8/site-packages/uav_control_interfaces/uav_control_interfaces_s__rosidl_typesupport_c.cpython-38-x86_64-linux-gnu.so" to ""
[10.324s] -- Installing: /home/momo/uav_interface_ws/install/uav_control_interfaces/lib/libuav_control_interfaces__python.so
[10.326s] -- Set runtime path of "/home/momo/uav_interface_ws/install/uav_control_interfaces/lib/libuav_control_interfaces__python.so" to ""
[10.326s] -- Installing: /home/momo/uav_interface_ws/install/uav_control_interfaces/share/uav_control_interfaces/action/Flight.idl
[10.327s] -- Installing: /home/momo/uav_interface_ws/install/uav_control_interfaces/share/uav_control_interfaces/action/Flight.action
[10.327s] -- Installing: /home/momo/uav_interface_ws/install/uav_control_interfaces/share/ament_index/resource_index/package_run_dependencies/uav_control_interfaces
[10.328s] -- Installing: /home/momo/uav_interface_ws/install/uav_control_interfaces/share/ament_index/resource_index/parent_prefix_path/uav_control_interfaces
[10.328s] -- Installing: /home/momo/uav_interface_ws/install/uav_control_interfaces/share/uav_control_interfaces/environment/ament_prefix_path.sh
[10.329s] -- Installing: /home/momo/uav_interface_ws/install/uav_control_interfaces/share/uav_control_interfaces/environment/ament_prefix_path.dsv
[10.329s] -- Installing: /home/momo/uav_interface_ws/install/uav_control_interfaces/share/uav_control_interfaces/environment/path.sh
[10.330s] -- Installing: /home/momo/uav_interface_ws/install/uav_control_interfaces/share/uav_control_interfaces/environment/path.dsv
[10.330s] -- Installing: /home/momo/uav_interface_ws/install/uav_control_interfaces/share/uav_control_interfaces/local_setup.bash
[10.331s] -- Installing: /home/momo/uav_interface_ws/install/uav_control_interfaces/share/uav_control_interfaces/local_setup.sh
[10.331s] -- Installing: /home/momo/uav_interface_ws/install/uav_control_interfaces/share/uav_control_interfaces/local_setup.zsh
[10.332s] -- Installing: /home/momo/uav_interface_ws/install/uav_control_interfaces/share/uav_control_interfaces/local_setup.dsv
[10.332s] -- Installing: /home/momo/uav_interface_ws/install/uav_control_interfaces/share/uav_control_interfaces/package.dsv
[10.333s] -- Installing: /home/momo/uav_interface_ws/install/uav_control_interfaces/share/ament_index/resource_index/packages/uav_control_interfaces
[10.333s] -- Installing: /home/momo/uav_interface_ws/install/uav_control_interfaces/share/uav_control_interfaces/cmake/uav_control_interfaces__rosidl_generator_cExport.cmake
[10.334s] -- Installing: /home/momo/uav_interface_ws/install/uav_control_interfaces/share/uav_control_interfaces/cmake/uav_control_interfaces__rosidl_generator_cExport-noconfig.cmake
[10.334s] -- Installing: /home/momo/uav_interface_ws/install/uav_control_interfaces/share/uav_control_interfaces/cmake/uav_control_interfaces__rosidl_typesupport_introspection_cExport.cmake
[10.335s] -- Installing: /home/momo/uav_interface_ws/install/uav_control_interfaces/share/uav_control_interfaces/cmake/uav_control_interfaces__rosidl_typesupport_introspection_cExport-noconfig.cmake
[10.335s] -- Installing: /home/momo/uav_interface_ws/install/uav_control_interfaces/share/uav_control_interfaces/cmake/uav_control_interfaces__rosidl_typesupport_cExport.cmake
[10.336s] -- Installing: /home/momo/uav_interface_ws/install/uav_control_interfaces/share/uav_control_interfaces/cmake/uav_control_interfaces__rosidl_typesupport_cExport-noconfig.cmake
[10.336s] -- Installing: /home/momo/uav_interface_ws/install/uav_control_interfaces/share/uav_control_interfaces/cmake/uav_control_interfaces__rosidl_generator_cppExport.cmake
[10.337s] -- Installing: /home/momo/uav_interface_ws/install/uav_control_interfaces/share/uav_control_interfaces/cmake/uav_control_interfaces__rosidl_typesupport_introspection_cppExport.cmake
[10.337s] -- Installing: /home/momo/uav_interface_ws/install/uav_control_interfaces/share/uav_control_interfaces/cmake/uav_control_interfaces__rosidl_typesupport_introspection_cppExport-noconfig.cmake
[10.338s] -- Installing: /home/momo/uav_interface_ws/install/uav_control_interfaces/share/uav_control_interfaces/cmake/uav_control_interfaces__rosidl_typesupport_cppExport.cmake
[10.338s] -- Installing: /home/momo/uav_interface_ws/install/uav_control_interfaces/share/uav_control_interfaces/cmake/uav_control_interfaces__rosidl_typesupport_cppExport-noconfig.cmake
[10.339s] -- Installing: /home/momo/uav_interface_ws/install/uav_control_interfaces/share/uav_control_interfaces/cmake/rosidl_cmake-extras.cmake
[10.339s] -- Installing: /home/momo/uav_interface_ws/install/uav_control_interfaces/share/uav_control_interfaces/cmake/ament_cmake_export_dependencies-extras.cmake
[10.340s] -- Installing: /home/momo/uav_interface_ws/install/uav_control_interfaces/share/uav_control_interfaces/cmake/ament_cmake_export_libraries-extras.cmake
[10.340s] -- Installing: /home/momo/uav_interface_ws/install/uav_control_interfaces/share/uav_control_interfaces/cmake/ament_cmake_export_targets-extras.cmake
[10.341s] -- Installing: /home/momo/uav_interface_ws/install/uav_control_interfaces/share/uav_control_interfaces/cmake/ament_cmake_export_include_directories-extras.cmake
[10.341s] -- Installing: /home/momo/uav_interface_ws/install/uav_control_interfaces/share/uav_control_interfaces/cmake/rosidl_cmake_export_typesupport_libraries-extras.cmake
[10.341s] -- Installing: /home/momo/uav_interface_ws/install/uav_control_interfaces/share/uav_control_interfaces/cmake/rosidl_cmake_export_typesupport_targets-extras.cmake
[10.341s] -- Installing: /home/momo/uav_interface_ws/install/uav_control_interfaces/share/uav_control_interfaces/cmake/uav_control_interfacesConfig.cmake
[10.342s] -- Installing: /home/momo/uav_interface_ws/install/uav_control_interfaces/share/uav_control_interfaces/cmake/uav_control_interfacesConfig-version.cmake
[10.342s] -- Installing: /home/momo/uav_interface_ws/install/uav_control_interfaces/share/uav_control_interfaces/package.xml
[10.345s] Invoked command in '/home/momo/uav_interface_ws/build/uav_control_interfaces' returned '0': /usr/bin/cmake --install /home/momo/uav_interface_ws/build/uav_control_interfaces
