[0.028s] Invoking command in '/home/momo/uav_ws/build/uav_control': CMAKE_PREFIX_PATH=/opt/ros/foxy:${CMAKE_PREFIX_PATH} /usr/bin/cmake /home/momo/uav_ws/src/uav_control -DCMAKE_INSTALL_PREFIX=/home/momo/uav_ws/install/uav_control
[0.065s] -- Found ament_cmake: 0.9.12 (/opt/ros/foxy/share/ament_cmake/cmake)
[0.111s] -- Using PYTHON_EXECUTABLE: /usr/bin/python3
[0.387s] -- Found uav_control_interfaces: 0.1.0 (/home/momo/uav_interface_ws/install/uav_control_interfaces/share/uav_control_interfaces/cmake)
[0.431s] -- Using all available rosidl_typesupport_c: rosidl_typesupport_fastrtps_c;rosidl_typesupport_introspection_c
[0.439s] -- Found rosidl_adapter: 1.3.1 (/opt/ros/foxy/share/rosidl_adapter/cmake)
[0.651s] -- Found OpenSSL: /usr/lib/x86_64-linux-gnu/libcrypto.so (found version "1.1.1f")  
[0.701s] -- Found FastRTPS: /opt/ros/foxy/include  
[0.830s] -- Using all available rosidl_typesupport_cpp: rosidl_typesupport_fastrtps_cpp;rosidl_typesupport_introspection_cpp
[1.048s] -- Found rclcpp: 2.4.3 (/opt/ros/foxy/share/rclcpp/cmake)
[1.119s] -- Found rmw_implementation_cmake: 1.0.4 (/opt/ros/foxy/share/rmw_implementation_cmake/cmake)
[1.121s] -- Using RMW implementation 'rmw_fastrtps_cpp' as default
[1.122s] -- Looking for pthread.h
[1.322s] -- Looking for pthread.h - found
[1.323s] -- Performing Test CMAKE_HAVE_LIBC_PTHREAD
[1.551s] -- Performing Test CMAKE_HAVE_LIBC_PTHREAD - Failed
[1.551s] -- Looking for pthread_create in pthreads
[1.718s] -- Looking for pthread_create in pthreads - not found
[1.719s] -- Looking for pthread_create in pthread
[1.931s] -- Looking for pthread_create in pthread - found
[1.933s] -- Found Threads: TRUE  
[2.183s] -- Found rclcpp_action: 2.4.3 (/opt/ros/foxy/share/rclcpp_action/cmake)
[2.256s] -- Found rclcpp_components: 2.4.3 (/opt/ros/foxy/share/rclcpp_components/cmake)
[2.354s] -- Found ament_lint_auto: 0.9.8 (/opt/ros/foxy/share/ament_lint_auto/cmake)
[2.501s] -- Added test 'copyright' to check source files copyright and LICENSE
[2.503s] -- Added test 'cppcheck' to perform static code analysis on C / C++ code
[2.503s] -- Configured cppcheck include dirs: 
[2.503s] -- Configured cppcheck exclude dirs and/or files: 
[2.504s] -- Added test 'cpplint' to check C / C++ code against the Google style
[2.504s] -- Configured cpplint exclude dirs and/or files: 
[2.504s] -- Added test 'lint_cmake' to check CMake code style
[2.506s] -- Added test 'uncrustify' to check C / C++ code style
[2.506s] -- Configured uncrustify additional arguments: 
[2.506s] -- Added test 'xmllint' to check XML markup files
[2.510s] -- Configuring done
[2.523s] -- Generating done
[2.525s] -- Build files have been written to: /home/momo/uav_ws/build/uav_control
[2.537s] Invoked command in '/home/momo/uav_ws/build/uav_control' returned '0': CMAKE_PREFIX_PATH=/opt/ros/foxy:${CMAKE_PREFIX_PATH} /usr/bin/cmake /home/momo/uav_ws/src/uav_control -DCMAKE_INSTALL_PREFIX=/home/momo/uav_ws/install/uav_control
[2.552s] Invoking command in '/home/momo/uav_ws/build/uav_control': CMAKE_PREFIX_PATH=/opt/ros/foxy:${CMAKE_PREFIX_PATH} /usr/bin/cmake --build /home/momo/uav_ws/build/uav_control -- -j8 -l8
[2.644s] [35m[1mScanning dependencies of target flight_action_server[0m
[2.712s] [ 50%] [32mBuilding CXX object CMakeFiles/flight_action_server.dir/src/flight_action_server.cpp.o[0m
[4.373s] In file included from [01m[K/opt/ros/foxy/include/rclcpp/client.hpp:40[m[K,
[4.373s]                  from [01m[K/opt/ros/foxy/include/rclcpp/callback_group.hpp:23[m[K,
[4.373s]                  from [01m[K/opt/ros/foxy/include/rclcpp/any_executable.hpp:20[m[K,
[4.374s]                  from [01m[K/opt/ros/foxy/include/rclcpp/memory_strategy.hpp:24[m[K,
[4.374s]                  from [01m[K/opt/ros/foxy/include/rclcpp/memory_strategies.hpp:18[m[K,
[4.375s]                  from [01m[K/opt/ros/foxy/include/rclcpp/executor_options.hpp:20[m[K,
[4.375s]                  from [01m[K/opt/ros/foxy/include/rclcpp/executor.hpp:33[m[K,
[4.375s]                  from [01m[K/opt/ros/foxy/include/rclcpp/executors/multi_threaded_executor.hpp:26[m[K,
[4.375s]                  from [01m[K/opt/ros/foxy/include/rclcpp/executors.hpp:21[m[K,
[4.376s]                  from [01m[K/opt/ros/foxy/include/rclcpp/rclcpp.hpp:146[m[K,
[4.376s]                  from [01m[K/home/momo/uav_ws/src/uav_control/src/flight_action_server.cpp:2[m[K:
[4.376s] [01m[K/home/momo/uav_ws/src/uav_control/src/flight_action_server.cpp:[m[K In member function ‘[01m[Krclcpp_action::GoalResponse FlightActionServer::handle_goal(const GoalUUID&, std::shared_ptr<const uav_control_interfaces::action::Flight_Goal_<std::allocator<void> > >)[m[K’:
[4.377s] [01m[K/home/momo/uav_ws/src/uav_control/src/flight_action_server.cpp:25:89:[m[K [01;31m[Kerror: [m[K‘[01m[Kusing element_type = const struct uav_control_interfaces::action::Flight_Goal_<std::allocator<void> >[m[K’ {aka ‘[01m[Kconst struct uav_control_interfaces::action::Flight_Goal_<std::allocator<void> >[m[K’} has no member named ‘[01m[Ktarget_altitude[m[K’; did you mean ‘[01m[Kset__altitude[m[K’?
[4.377s]    25 | (this->get_logger(), "Received goal to fly to altitude: %.2f", goal->[01;31m[Ktarget_altitude[m[K);
[4.377s]       |                                                                      [01;31m[K^~~~~~~~~~~~~~~[m[K
[4.378s] 
[4.380s] [01m[K/home/momo/uav_ws/src/uav_control/src/flight_action_server.cpp:[m[K In lambda function:
[4.380s] [01m[K/home/momo/uav_ws/src/uav_control/src/flight_action_server.cpp:43:21:[m[K [01;31m[Kerror: [m[K‘[01m[Kusing element_type = struct uav_control_interfaces::action::Flight_Result_<std::allocator<void> >[m[K’ {aka ‘[01m[Kstruct uav_control_interfaces::action::Flight_Result_<std::allocator<void> >[m[K’} has no member named ‘[01m[Ksuccess[m[K’
[4.380s]    43 |             result->[01;31m[Ksuccess[m[K = true;
[4.381s]       |                     [01;31m[K^~~~~~~[m[K
[5.467s] make[2]: *** [CMakeFiles/flight_action_server.dir/build.make:63: CMakeFiles/flight_action_server.dir/src/flight_action_server.cpp.o] Error 1
[5.468s] make[1]: *** [CMakeFiles/Makefile2:78: CMakeFiles/flight_action_server.dir/all] Error 2
[5.468s] make: *** [Makefile:141: all] Error 2
[5.475s] Invoked command in '/home/momo/uav_ws/build/uav_control' returned '2': CMAKE_PREFIX_PATH=/opt/ros/foxy:${CMAKE_PREFIX_PATH} /usr/bin/cmake --build /home/momo/uav_ws/build/uav_control -- -j8 -l8
