[35m[1mScanning dependencies of target flight_action_server[0m
[ 50%] [32mBuilding CXX object CMakeFiles/flight_action_server.dir/src/flight_action_server.cpp.o[0m
[100%] [32m[1mLinking CXX executable flight_action_server[0m
[100%] Built target flight_action_server
-- Install configuration: ""
-- Installing: /home/momo/uav_ws/install/uav_control/lib/uav_control/flight_action_server
-- Set runtime path of "/home/momo/uav_ws/install/uav_control/lib/uav_control/flight_action_server" to ""
-- Up-to-date: /home/momo/uav_ws/install/uav_control/share/ament_index/resource_index/package_run_dependencies/uav_control
-- Installing: /home/momo/uav_ws/install/uav_control/share/ament_index/resource_index/parent_prefix_path/uav_control
-- Up-to-date: /home/momo/uav_ws/install/uav_control/share/uav_control/environment/ament_prefix_path.sh
-- Installing: /home/momo/uav_ws/install/uav_control/share/uav_control/environment/ament_prefix_path.dsv
-- Up-to-date: /home/momo/uav_ws/install/uav_control/share/uav_control/environment/path.sh
-- Installing: /home/momo/uav_ws/install/uav_control/share/uav_control/environment/path.dsv
-- Up-to-date: /home/momo/uav_ws/install/uav_control/share/uav_control/local_setup.bash
-- Up-to-date: /home/momo/uav_ws/install/uav_control/share/uav_control/local_setup.sh
-- Up-to-date: /home/momo/uav_ws/install/uav_control/share/uav_control/local_setup.zsh
-- Installing: /home/momo/uav_ws/install/uav_control/share/uav_control/local_setup.dsv
-- Installing: /home/momo/uav_ws/install/uav_control/share/uav_control/package.dsv
-- Up-to-date: /home/momo/uav_ws/install/uav_control/share/ament_index/resource_index/packages/uav_control
-- Up-to-date: /home/momo/uav_ws/install/uav_control/share/uav_control/cmake/uav_controlConfig.cmake
-- Up-to-date: /home/momo/uav_ws/install/uav_control/share/uav_control/cmake/uav_controlConfig-version.cmake
-- Up-to-date: /home/momo/uav_ws/install/uav_control/share/uav_control/package.xml
